[ 2016-12-26T02:14:37+08:00 ] 127.0.0.1 /aoshi/
INFO: [ app_init ] --START--
INFO: Run Behavior\BuildLiteBehavior [ RunTime:0.000023s ]
INFO: [ app_init ] --END-- [ RunTime:0.001346s ]
INFO: [ app_begin ] --START--
INFO: Run Behavior\ReadHtmlCacheBehavior [ RunTime:0.001265s ]
INFO: [ app_begin ] --END-- [ RunTime:0.001362s ]
INFO: [ view_parse ] --START--
INFO: [ template_filter ] --START--
INFO: Run Behavior\ContentReplaceBehavior [ RunTime:0.000171s ]
INFO: [ template_filter ] --END-- [ RunTime:0.000267s ]
NOTIC: [8] Use of undefined constant index - assumed 'index' E:\wamp\wamp\www\aoshi\Application\Runtime\Cache\Home\2a94b8bda04ff446dcedd42276fc99ee.php 第 41 行.
NOTIC: [8] Use of undefined constant findjob - assumed 'findjob' E:\wamp\wamp\www\aoshi\Application\Runtime\Cache\Home\2a94b8bda04ff446dcedd42276fc99ee.php 第 43 行.
INFO: Run Behavior\ParseTemplateBehavior [ RunTime:0.017834s ]
INFO: [ view_parse ] --END-- [ RunTime:0.017968s ]
INFO: [ view_filter ] --START--
INFO: Run Behavior\WriteHtmlCacheBehavior [ RunTime:0.000818s ]
INFO: [ view_filter ] --END-- [ RunTime:0.000894s ]
INFO: [ app_end ] --START--
INFO: Run Behavior\ShowPageTraceBehavior [ RunTime:0.001179s ]
INFO: [ app_end ] --END-- [ RunTime:0.001254s ]

[ 2016-12-26T02:54:09+08:00 ] 127.0.0.1 /aoshi/index.php/
INFO: [ app_init ] --START--
INFO: Run Behavior\BuildLiteBehavior [ RunTime:0.000024s ]
INFO: [ app_init ] --END-- [ RunTime:0.000772s ]
INFO: [ app_begin ] --START--
INFO: Run Behavior\ReadHtmlCacheBehavior [ RunTime:0.001052s ]
INFO: [ app_begin ] --END-- [ RunTime:0.001152s ]
INFO: [ view_parse ] --START--
INFO: [ template_filter ] --START--
INFO: Run Behavior\ContentReplaceBehavior [ RunTime:0.000182s ]
INFO: [ template_filter ] --END-- [ RunTime:0.000281s ]
NOTIC: [8] Use of undefined constant index - assumed 'index' E:\wamp\wamp\www\aoshi\Application\Runtime\Cache\Home\2a94b8bda04ff446dcedd42276fc99ee.php 第 41 行.
NOTIC: [8] Use of undefined constant findjob - assumed 'findjob' E:\wamp\wamp\www\aoshi\Application\Runtime\Cache\Home\2a94b8bda04ff446dcedd42276fc99ee.php 第 43 行.
INFO: Run Behavior\ParseTemplateBehavior [ RunTime:0.020052s ]
INFO: [ view_parse ] --END-- [ RunTime:0.020153s ]
INFO: [ view_filter ] --START--
INFO: Run Behavior\WriteHtmlCacheBehavior [ RunTime:0.000636s ]
INFO: [ view_filter ] --END-- [ RunTime:0.000713s ]
INFO: [ app_end ] --START--
INFO: Run Behavior\ShowPageTraceBehavior [ RunTime:0.000984s ]
INFO: [ app_end ] --END-- [ RunTime:0.001065s ]

[ 2016-12-26T02:56:18+08:00 ] 127.0.0.1 /aoshi/index.php/Home/Index/findjob.html
INFO: [ app_init ] --START--
INFO: Run Behavior\BuildLiteBehavior [ RunTime:0.000023s ]
INFO: [ app_init ] --END-- [ RunTime:0.000712s ]
INFO: [ app_begin ] --START--
INFO: Run Behavior\ReadHtmlCacheBehavior [ RunTime:0.001002s ]
INFO: [ app_begin ] --END-- [ RunTime:0.001101s ]
SQL: SHOW COLUMNS FROM `job` [ RunTime:0.0095s ]
SQL: SELECT job.id,`job_name`,`money`,`company_name` FROM `job` INNER JOIN company on job.enterprise_id=company.enterprise_id   [ RunTime:0.0007s ]
INFO: [ view_parse ] --START--
INFO: [ template_filter ] --START--
INFO: Run Behavior\ContentReplaceBehavior [ RunTime:0.000223s ]
INFO: [ template_filter ] --END-- [ RunTime:0.000469s ]
NOTIC: [8] Use of undefined constant index - assumed 'index' E:\wamp\wamp\www\aoshi\Application\Runtime\Cache\Home\9eb018846b02df4b2c1ee814555f95e0.php 第 41 行.
NOTIC: [8] Use of undefined constant findjob - assumed 'findjob' E:\wamp\wamp\www\aoshi\Application\Runtime\Cache\Home\9eb018846b02df4b2c1ee814555f95e0.php 第 43 行.
INFO: Run Behavior\ParseTemplateBehavior [ RunTime:0.125942s ]
INFO: [ view_parse ] --END-- [ RunTime:0.126055s ]
INFO: [ view_filter ] --START--
INFO: Run Behavior\WriteHtmlCacheBehavior [ RunTime:0.000942s ]
INFO: [ view_filter ] --END-- [ RunTime:0.001060s ]
INFO: [ app_end ] --START--
INFO: Run Behavior\ShowPageTraceBehavior [ RunTime:0.001670s ]
INFO: [ app_end ] --END-- [ RunTime:0.001810s ]

[ 2016-12-26T02:56:20+08:00 ] 127.0.0.1 /aoshi/index.php/Home/News/index.html
INFO: [ app_init ] --START--
INFO: Run Behavior\BuildLiteBehavior [ RunTime:0.000021s ]
INFO: [ app_init ] --END-- [ RunTime:0.000771s ]
INFO: [ app_begin ] --START--
INFO: Run Behavior\ReadHtmlCacheBehavior [ RunTime:0.000917s ]
INFO: [ app_begin ] --END-- [ RunTime:0.001003s ]
SQL: SHOW COLUMNS FROM `news` [ RunTime:0.0076s ]
SQL: SELECT `id`,`cata_id`,`news_title`,`news_picture` FROM `news`  [ RunTime:0.0006s ]
INFO: [ view_parse ] --START--
INFO: [ template_filter ] --START--
INFO: Run Behavior\ContentReplaceBehavior [ RunTime:0.000110s ]
INFO: [ template_filter ] --END-- [ RunTime:0.000221s ]
NOTIC: [8] Use of undefined constant index - assumed 'index' E:\wamp\wamp\www\aoshi\Application\Runtime\Cache\Home\3e24b471de08a8366f7660bb176a5e74.php 第 41 行.
NOTIC: [8] Use of undefined constant findjob - assumed 'findjob' E:\wamp\wamp\www\aoshi\Application\Runtime\Cache\Home\3e24b471de08a8366f7660bb176a5e74.php 第 43 行.
NOTIC: [8] Use of undefined constant news_content - assumed 'news_content' E:\wamp\wamp\www\aoshi\Application\Runtime\Cache\Home\3e24b471de08a8366f7660bb176a5e74.php 第 89 行.
NOTIC: [8] Undefined index: author E:\wamp\wamp\www\aoshi\Application\Runtime\Cache\Home\3e24b471de08a8366f7660bb176a5e74.php 第 90 行.
NOTIC: [8] Undefined variable: new E:\wamp\wamp\www\aoshi\Application\Runtime\Cache\Home\3e24b471de08a8366f7660bb176a5e74.php 第 90 行.
NOTIC: [8] Use of undefined constant news_content - assumed 'news_content' E:\wamp\wamp\www\aoshi\Application\Runtime\Cache\Home\3e24b471de08a8366f7660bb176a5e74.php 第 89 行.
NOTIC: [8] Undefined index: author E:\wamp\wamp\www\aoshi\Application\Runtime\Cache\Home\3e24b471de08a8366f7660bb176a5e74.php 第 90 行.
NOTIC: [8] Undefined variable: new E:\wamp\wamp\www\aoshi\Application\Runtime\Cache\Home\3e24b471de08a8366f7660bb176a5e74.php 第 90 行.
NOTIC: [8] Use of undefined constant news_content - assumed 'news_content' E:\wamp\wamp\www\aoshi\Application\Runtime\Cache\Home\3e24b471de08a8366f7660bb176a5e74.php 第 89 行.
NOTIC: [8] Undefined index: author E:\wamp\wamp\www\aoshi\Application\Runtime\Cache\Home\3e24b471de08a8366f7660bb176a5e74.php 第 90 行.
NOTIC: [8] Undefined variable: new E:\wamp\wamp\www\aoshi\Application\Runtime\Cache\Home\3e24b471de08a8366f7660bb176a5e74.php 第 90 行.
INFO: Run Behavior\ParseTemplateBehavior [ RunTime:0.099505s ]
INFO: [ view_parse ] --END-- [ RunTime:0.099787s ]
INFO: [ view_filter ] --START--
INFO: Run Behavior\WriteHtmlCacheBehavior [ RunTime:0.001234s ]
INFO: [ view_filter ] --END-- [ RunTime:0.001468s ]
INFO: [ app_end ] --START--
INFO: Run Behavior\ShowPageTraceBehavior [ RunTime:0.002617s ]
INFO: [ app_end ] --END-- [ RunTime:0.002802s ]

[ 2016-12-26T02:56:29+08:00 ] 127.0.0.1 /aoshi/index.php/Home/Index/findjob.html
INFO: [ app_init ] --START--
INFO: Run Behavior\BuildLiteBehavior [ RunTime:0.000022s ]
INFO: [ app_init ] --END-- [ RunTime:0.000833s ]
INFO: [ app_begin ] --START--
INFO: Run Behavior\ReadHtmlCacheBehavior [ RunTime:0.001105s ]
INFO: [ app_begin ] --END-- [ RunTime:0.001199s ]
SQL: SHOW COLUMNS FROM `job` [ RunTime:0.0088s ]
SQL: SELECT job.id,`job_name`,`money`,`company_name` FROM `job` INNER JOIN company on job.enterprise_id=company.enterprise_id   [ RunTime:0.0007s ]
INFO: [ view_parse ] --START--
INFO: [ template_filter ] --START--
INFO: Run Behavior\ContentReplaceBehavior [ RunTime:0.000108s ]
INFO: [ template_filter ] --END-- [ RunTime:0.000220s ]
NOTIC: [8] Use of undefined constant index - assumed 'index' E:\wamp\wamp\www\aoshi\Application\Runtime\Cache\Home\9eb018846b02df4b2c1ee814555f95e0.php 第 41 行.
NOTIC: [8] Use of undefined constant findjob - assumed 'findjob' E:\wamp\wamp\www\aoshi\Application\Runtime\Cache\Home\9eb018846b02df4b2c1ee814555f95e0.php 第 43 行.
INFO: Run Behavior\ParseTemplateBehavior [ RunTime:0.017325s ]
INFO: [ view_parse ] --END-- [ RunTime:0.017412s ]
INFO: [ view_filter ] --START--
INFO: Run Behavior\WriteHtmlCacheBehavior [ RunTime:0.000598s ]
INFO: [ view_filter ] --END-- [ RunTime:0.000683s ]
INFO: [ app_end ] --START--
INFO: Run Behavior\ShowPageTraceBehavior [ RunTime:0.001044s ]
INFO: [ app_end ] --END-- [ RunTime:0.001133s ]

[ 2016-12-26T02:56:31+08:00 ] 127.0.0.1 /aoshi/index.php/Home/Index/index.html
INFO: [ app_init ] --START--
INFO: Run Behavior\BuildLiteBehavior [ RunTime:0.000033s ]
INFO: [ app_init ] --END-- [ RunTime:0.001146s ]
INFO: [ app_begin ] --START--
INFO: Run Behavior\ReadHtmlCacheBehavior [ RunTime:0.001188s ]
INFO: [ app_begin ] --END-- [ RunTime:0.001324s ]
INFO: [ view_parse ] --START--
INFO: [ template_filter ] --START--
INFO: Run Behavior\ContentReplaceBehavior [ RunTime:0.000539s ]
INFO: [ template_filter ] --END-- [ RunTime:0.000783s ]
NOTIC: [8] Use of undefined constant index - assumed 'index' E:\wamp\wamp\www\aoshi\Application\Runtime\Cache\Home\2a94b8bda04ff446dcedd42276fc99ee.php 第 41 行.
NOTIC: [8] Use of undefined constant findjob - assumed 'findjob' E:\wamp\wamp\www\aoshi\Application\Runtime\Cache\Home\2a94b8bda04ff446dcedd42276fc99ee.php 第 43 行.
INFO: Run Behavior\ParseTemplateBehavior [ RunTime:0.025103s ]
INFO: [ view_parse ] --END-- [ RunTime:0.025218s ]
INFO: [ view_filter ] --START--
INFO: Run Behavior\WriteHtmlCacheBehavior [ RunTime:0.000608s ]
INFO: [ view_filter ] --END-- [ RunTime:0.000719s ]
INFO: [ app_end ] --START--
INFO: Run Behavior\ShowPageTraceBehavior [ RunTime:0.001274s ]
INFO: [ app_end ] --END-- [ RunTime:0.001399s ]

[ 2016-12-26T02:56:33+08:00 ] 127.0.0.1 /aoshi/index.php/Home/News/index.html
INFO: [ app_init ] --START--
INFO: Run Behavior\BuildLiteBehavior [ RunTime:0.000022s ]
INFO: [ app_init ] --END-- [ RunTime:0.000882s ]
INFO: [ app_begin ] --START--
INFO: Run Behavior\ReadHtmlCacheBehavior [ RunTime:0.001074s ]
INFO: [ app_begin ] --END-- [ RunTime:0.001186s ]
SQL: SHOW COLUMNS FROM `news` [ RunTime:0.0079s ]
SQL: SELECT `id`,`cata_id`,`news_title`,`news_picture` FROM `news`  [ RunTime:0.0005s ]
INFO: [ view_parse ] --START--
INFO: [ template_filter ] --START--
INFO: Run Behavior\ContentReplaceBehavior [ RunTime:0.000111s ]
INFO: [ template_filter ] --END-- [ RunTime:0.000228s ]
NOTIC: [8] Use of undefined constant index - assumed 'index' E:\wamp\wamp\www\aoshi\Application\Runtime\Cache\Home\3e24b471de08a8366f7660bb176a5e74.php 第 41 行.
NOTIC: [8] Use of undefined constant findjob - assumed 'findjob' E:\wamp\wamp\www\aoshi\Application\Runtime\Cache\Home\3e24b471de08a8366f7660bb176a5e74.php 第 43 行.
NOTIC: [8] Use of undefined constant news_content - assumed 'news_content' E:\wamp\wamp\www\aoshi\Application\Runtime\Cache\Home\3e24b471de08a8366f7660bb176a5e74.php 第 89 行.
NOTIC: [8] Undefined index: author E:\wamp\wamp\www\aoshi\Application\Runtime\Cache\Home\3e24b471de08a8366f7660bb176a5e74.php 第 90 行.
NOTIC: [8] Undefined variable: new E:\wamp\wamp\www\aoshi\Application\Runtime\Cache\Home\3e24b471de08a8366f7660bb176a5e74.php 第 90 行.
NOTIC: [8] Use of undefined constant news_content - assumed 'news_content' E:\wamp\wamp\www\aoshi\Application\Runtime\Cache\Home\3e24b471de08a8366f7660bb176a5e74.php 第 89 行.
NOTIC: [8] Undefined index: author E:\wamp\wamp\www\aoshi\Application\Runtime\Cache\Home\3e24b471de08a8366f7660bb176a5e74.php 第 90 行.
NOTIC: [8] Undefined variable: new E:\wamp\wamp\www\aoshi\Application\Runtime\Cache\Home\3e24b471de08a8366f7660bb176a5e74.php 第 90 行.
NOTIC: [8] Use of undefined constant news_content - assumed 'news_content' E:\wamp\wamp\www\aoshi\Application\Runtime\Cache\Home\3e24b471de08a8366f7660bb176a5e74.php 第 89 行.
NOTIC: [8] Undefined index: author E:\wamp\wamp\www\aoshi\Application\Runtime\Cache\Home\3e24b471de08a8366f7660bb176a5e74.php 第 90 行.
NOTIC: [8] Undefined variable: new E:\wamp\wamp\www\aoshi\Application\Runtime\Cache\Home\3e24b471de08a8366f7660bb176a5e74.php 第 90 行.
INFO: Run Behavior\ParseTemplateBehavior [ RunTime:0.016938s ]
INFO: [ view_parse ] --END-- [ RunTime:0.017031s ]
INFO: [ view_filter ] --START--
INFO: Run Behavior\WriteHtmlCacheBehavior [ RunTime:0.000512s ]
INFO: [ view_filter ] --END-- [ RunTime:0.000590s ]
INFO: [ app_end ] --START--
INFO: Run Behavior\ShowPageTraceBehavior [ RunTime:0.000995s ]
INFO: [ app_end ] --END-- [ RunTime:0.001076s ]

[ 2016-12-26T02:58:14+08:00 ] 127.0.0.1 /aoshi/index.php/Home/News/index.html
INFO: [ app_init ] --START--
INFO: Run Behavior\BuildLiteBehavior [ RunTime:0.000023s ]
INFO: [ app_init ] --END-- [ RunTime:0.001450s ]
INFO: [ app_begin ] --START--
INFO: Run Behavior\ReadHtmlCacheBehavior [ RunTime:0.001069s ]
INFO: [ app_begin ] --END-- [ RunTime:0.001166s ]
SQL: SHOW COLUMNS FROM `news` [ RunTime:0.0094s ]
SQL: SELECT `id`,`cata_id`,`news_title`,`news_picture` FROM `news`  [ RunTime:0.0006s ]
INFO: [ view_parse ] --START--
INFO: [ template_filter ] --START--
INFO: Run Behavior\ContentReplaceBehavior [ RunTime:0.000113s ]
INFO: [ template_filter ] --END-- [ RunTime:0.000219s ]
NOTIC: [8] Use of undefined constant index - assumed 'index' E:\wamp\wamp\www\aoshi\Application\Runtime\Cache\Home\3e24b471de08a8366f7660bb176a5e74.php 第 41 行.
NOTIC: [8] Use of undefined constant findjob - assumed 'findjob' E:\wamp\wamp\www\aoshi\Application\Runtime\Cache\Home\3e24b471de08a8366f7660bb176a5e74.php 第 43 行.
NOTIC: [8] Use of undefined constant news_content - assumed 'news_content' E:\wamp\wamp\www\aoshi\Application\Runtime\Cache\Home\3e24b471de08a8366f7660bb176a5e74.php 第 89 行.
NOTIC: [8] Undefined index: author E:\wamp\wamp\www\aoshi\Application\Runtime\Cache\Home\3e24b471de08a8366f7660bb176a5e74.php 第 90 行.
NOTIC: [8] Undefined variable: new E:\wamp\wamp\www\aoshi\Application\Runtime\Cache\Home\3e24b471de08a8366f7660bb176a5e74.php 第 90 行.
NOTIC: [8] Use of undefined constant news_content - assumed 'news_content' E:\wamp\wamp\www\aoshi\Application\Runtime\Cache\Home\3e24b471de08a8366f7660bb176a5e74.php 第 89 行.
NOTIC: [8] Undefined index: author E:\wamp\wamp\www\aoshi\Application\Runtime\Cache\Home\3e24b471de08a8366f7660bb176a5e74.php 第 90 行.
NOTIC: [8] Undefined variable: new E:\wamp\wamp\www\aoshi\Application\Runtime\Cache\Home\3e24b471de08a8366f7660bb176a5e74.php 第 90 行.
NOTIC: [8] Use of undefined constant news_content - assumed 'news_content' E:\wamp\wamp\www\aoshi\Application\Runtime\Cache\Home\3e24b471de08a8366f7660bb176a5e74.php 第 89 行.
NOTIC: [8] Undefined index: author E:\wamp\wamp\www\aoshi\Application\Runtime\Cache\Home\3e24b471de08a8366f7660bb176a5e74.php 第 90 行.
NOTIC: [8] Undefined variable: new E:\wamp\wamp\www\aoshi\Application\Runtime\Cache\Home\3e24b471de08a8366f7660bb176a5e74.php 第 90 行.
INFO: Run Behavior\ParseTemplateBehavior [ RunTime:0.019441s ]
INFO: [ view_parse ] --END-- [ RunTime:0.019553s ]
INFO: [ view_filter ] --START--
INFO: Run Behavior\WriteHtmlCacheBehavior [ RunTime:0.001348s ]
INFO: [ view_filter ] --END-- [ RunTime:0.001463s ]
INFO: [ app_end ] --START--
INFO: Run Behavior\ShowPageTraceBehavior [ RunTime:0.001322s ]
INFO: [ app_end ] --END-- [ RunTime:0.001402s ]

[ 2016-12-26T03:00:05+08:00 ] 127.0.0.1 /aoshi/index.php/Home/News/index.html
INFO: [ app_init ] --START--
INFO: Run Behavior\BuildLiteBehavior [ RunTime:0.000022s ]
INFO: [ app_init ] --END-- [ RunTime:0.000756s ]
INFO: [ app_begin ] --START--
INFO: Run Behavior\ReadHtmlCacheBehavior [ RunTime:0.001047s ]
INFO: [ app_begin ] --END-- [ RunTime:0.001137s ]
SQL: SHOW COLUMNS FROM `news` [ RunTime:0.0073s ]
SQL: SELECT `id`,`cata_id`,`news_title`,`news_picture` FROM `news`  [ RunTime:0.0007s ]
INFO: [ view_parse ] --START--
INFO: [ template_filter ] --START--
INFO: Run Behavior\ContentReplaceBehavior [ RunTime:0.000111s ]
INFO: [ template_filter ] --END-- [ RunTime:0.000204s ]
NOTIC: [8] Use of undefined constant index - assumed 'index' E:\wamp\wamp\www\aoshi\Application\Runtime\Cache\Home\3e24b471de08a8366f7660bb176a5e74.php 第 41 行.
NOTIC: [8] Use of undefined constant findjob - assumed 'findjob' E:\wamp\wamp\www\aoshi\Application\Runtime\Cache\Home\3e24b471de08a8366f7660bb176a5e74.php 第 43 行.
NOTIC: [8] Use of undefined constant news_content - assumed 'news_content' E:\wamp\wamp\www\aoshi\Application\Runtime\Cache\Home\3e24b471de08a8366f7660bb176a5e74.php 第 89 行.
NOTIC: [8] Undefined index: author E:\wamp\wamp\www\aoshi\Application\Runtime\Cache\Home\3e24b471de08a8366f7660bb176a5e74.php 第 90 行.
NOTIC: [8] Undefined variable: new E:\wamp\wamp\www\aoshi\Application\Runtime\Cache\Home\3e24b471de08a8366f7660bb176a5e74.php 第 90 行.
NOTIC: [8] Use of undefined constant news_content - assumed 'news_content' E:\wamp\wamp\www\aoshi\Application\Runtime\Cache\Home\3e24b471de08a8366f7660bb176a5e74.php 第 89 行.
NOTIC: [8] Undefined index: author E:\wamp\wamp\www\aoshi\Application\Runtime\Cache\Home\3e24b471de08a8366f7660bb176a5e74.php 第 90 行.
NOTIC: [8] Undefined variable: new E:\wamp\wamp\www\aoshi\Application\Runtime\Cache\Home\3e24b471de08a8366f7660bb176a5e74.php 第 90 行.
NOTIC: [8] Use of undefined constant news_content - assumed 'news_content' E:\wamp\wamp\www\aoshi\Application\Runtime\Cache\Home\3e24b471de08a8366f7660bb176a5e74.php 第 89 行.
NOTIC: [8] Undefined index: author E:\wamp\wamp\www\aoshi\Application\Runtime\Cache\Home\3e24b471de08a8366f7660bb176a5e74.php 第 90 行.
NOTIC: [8] Undefined variable: new E:\wamp\wamp\www\aoshi\Application\Runtime\Cache\Home\3e24b471de08a8366f7660bb176a5e74.php 第 90 行.
INFO: Run Behavior\ParseTemplateBehavior [ RunTime:0.017589s ]
INFO: [ view_parse ] --END-- [ RunTime:0.017677s ]
INFO: [ view_filter ] --START--
INFO: Run Behavior\WriteHtmlCacheBehavior [ RunTime:0.000565s ]
INFO: [ view_filter ] --END-- [ RunTime:0.000644s ]
INFO: [ app_end ] --START--
INFO: Run Behavior\ShowPageTraceBehavior [ RunTime:0.001038s ]
INFO: [ app_end ] --END-- [ RunTime:0.001115s ]

[ 2016-12-26T03:00:18+08:00 ] 127.0.0.1 /aoshi/index.php/Home/News/news_detail/id/52.html
INFO: [ app_init ] --START--
INFO: Run Behavior\BuildLiteBehavior [ RunTime:0.000021s ]
INFO: [ app_init ] --END-- [ RunTime:0.000750s ]
INFO: [ app_begin ] --START--
INFO: Run Behavior\ReadHtmlCacheBehavior [ RunTime:0.001040s ]
INFO: [ app_begin ] --END-- [ RunTime:0.001142s ]
SQL: SHOW COLUMNS FROM `news` [ RunTime:0.0076s ]
SQL: SELECT * FROM `news` WHERE ( id =52 )  [ RunTime:0.0008s ]
INFO: [ view_parse ] --START--
INFO: [ template_filter ] --START--
INFO: Run Behavior\ContentReplaceBehavior [ RunTime:0.000139s ]
INFO: [ template_filter ] --END-- [ RunTime:0.000241s ]
NOTIC: [8] Use of undefined constant index - assumed 'index' E:\wamp\wamp\www\aoshi\Application\Runtime\Cache\Home\1dc3206bbdd4c68e37cbcf3931d1c39b.php 第 41 行.
NOTIC: [8] Use of undefined constant findjob - assumed 'findjob' E:\wamp\wamp\www\aoshi\Application\Runtime\Cache\Home\1dc3206bbdd4c68e37cbcf3931d1c39b.php 第 43 行.
INFO: Run Behavior\ParseTemplateBehavior [ RunTime:0.062368s ]
INFO: [ view_parse ] --END-- [ RunTime:0.062463s ]
INFO: [ view_filter ] --START--
INFO: Run Behavior\WriteHtmlCacheBehavior [ RunTime:0.000636s ]
INFO: [ view_filter ] --END-- [ RunTime:0.000718s ]
INFO: [ app_end ] --START--
INFO: Run Behavior\ShowPageTraceBehavior [ RunTime:0.001178s ]
INFO: [ app_end ] --END-- [ RunTime:0.001291s ]

[ 2016-12-26T03:01:03+08:00 ] 127.0.0.1 /aoshi/index.php/Home/News/news_detail/id/52.html
INFO: [ app_init ] --START--
INFO: Run Behavior\BuildLiteBehavior [ RunTime:0.000022s ]
INFO: [ app_init ] --END-- [ RunTime:0.000712s ]
INFO: [ app_begin ] --START--
INFO: Run Behavior\ReadHtmlCacheBehavior [ RunTime:0.001126s ]
INFO: [ app_begin ] --END-- [ RunTime:0.001224s ]
SQL: SHOW COLUMNS FROM `news` [ RunTime:0.0079s ]
SQL: SELECT * FROM `news` WHERE ( id =52 )  [ RunTime:0.0006s ]
INFO: [ view_parse ] --START--
INFO: [ template_filter ] --START--
INFO: Run Behavior\ContentReplaceBehavior [ RunTime:0.000168s ]
INFO: [ template_filter ] --END-- [ RunTime:0.000322s ]
NOTIC: [8] Use of undefined constant index - assumed 'index' E:\wamp\wamp\www\aoshi\Application\Runtime\Cache\Home\1dc3206bbdd4c68e37cbcf3931d1c39b.php 第 41 行.
NOTIC: [8] Use of undefined constant findjob - assumed 'findjob' E:\wamp\wamp\www\aoshi\Application\Runtime\Cache\Home\1dc3206bbdd4c68e37cbcf3931d1c39b.php 第 43 行.
INFO: Run Behavior\ParseTemplateBehavior [ RunTime:0.016400s ]
INFO: [ view_parse ] --END-- [ RunTime:0.016493s ]
INFO: [ view_filter ] --START--
INFO: Run Behavior\WriteHtmlCacheBehavior [ RunTime:0.000655s ]
INFO: [ view_filter ] --END-- [ RunTime:0.000734s ]
INFO: [ app_end ] --START--
INFO: Run Behavior\ShowPageTraceBehavior [ RunTime:0.001088s ]
INFO: [ app_end ] --END-- [ RunTime:0.001176s ]

[ 2016-12-26T03:01:37+08:00 ] 127.0.0.1 /aoshi/index.php/Home/News/news_detail/id/52.html
INFO: [ app_init ] --START--
INFO: Run Behavior\BuildLiteBehavior [ RunTime:0.000022s ]
INFO: [ app_init ] --END-- [ RunTime:0.000751s ]
INFO: [ app_begin ] --START--
INFO: Run Behavior\ReadHtmlCacheBehavior [ RunTime:0.001146s ]
INFO: [ app_begin ] --END-- [ RunTime:0.001243s ]
SQL: SHOW COLUMNS FROM `news` [ RunTime:0.0074s ]
SQL: SELECT * FROM `news` WHERE ( id =52 )  [ RunTime:0.0006s ]
INFO: [ view_parse ] --START--
INFO: [ template_filter ] --START--
INFO: Run Behavior\ContentReplaceBehavior [ RunTime:0.000105s ]
INFO: [ template_filter ] --END-- [ RunTime:0.000199s ]
NOTIC: [8] Use of undefined constant index - assumed 'index' E:\wamp\wamp\www\aoshi\Application\Runtime\Cache\Home\1dc3206bbdd4c68e37cbcf3931d1c39b.php 第 41 行.
NOTIC: [8] Use of undefined constant findjob - assumed 'findjob' E:\wamp\wamp\www\aoshi\Application\Runtime\Cache\Home\1dc3206bbdd4c68e37cbcf3931d1c39b.php 第 43 行.
INFO: Run Behavior\ParseTemplateBehavior [ RunTime:0.016329s ]
INFO: [ view_parse ] --END-- [ RunTime:0.016422s ]
INFO: [ view_filter ] --START--
INFO: Run Behavior\WriteHtmlCacheBehavior [ RunTime:0.000604s ]
INFO: [ view_filter ] --END-- [ RunTime:0.000683s ]
INFO: [ app_end ] --START--
INFO: Run Behavior\ShowPageTraceBehavior [ RunTime:0.001632s ]
INFO: [ app_end ] --END-- [ RunTime:0.001798s ]

[ 2016-12-26T03:03:04+08:00 ] 127.0.0.1 /aoshi/index.php/Home/News/news_detail/id/52.html
INFO: [ app_init ] --START--
INFO: Run Behavior\BuildLiteBehavior [ RunTime:0.000023s ]
INFO: [ app_init ] --END-- [ RunTime:0.000737s ]
INFO: [ app_begin ] --START--
INFO: Run Behavior\ReadHtmlCacheBehavior [ RunTime:0.001253s ]
INFO: [ app_begin ] --END-- [ RunTime:0.001371s ]
SQL: SHOW COLUMNS FROM `news` [ RunTime:0.0070s ]
SQL: SELECT * FROM `news` WHERE ( id =52 )  [ RunTime:0.0006s ]
INFO: [ view_parse ] --START--
INFO: [ template_filter ] --START--
INFO: Run Behavior\ContentReplaceBehavior [ RunTime:0.000120s ]
INFO: [ template_filter ] --END-- [ RunTime:0.000225s ]
NOTIC: [8] Use of undefined constant index - assumed 'index' E:\wamp\wamp\www\aoshi\Application\Runtime\Cache\Home\1dc3206bbdd4c68e37cbcf3931d1c39b.php 第 41 行.
NOTIC: [8] Use of undefined constant findjob - assumed 'findjob' E:\wamp\wamp\www\aoshi\Application\Runtime\Cache\Home\1dc3206bbdd4c68e37cbcf3931d1c39b.php 第 43 行.
INFO: Run Behavior\ParseTemplateBehavior [ RunTime:0.016152s ]
INFO: [ view_parse ] --END-- [ RunTime:0.016243s ]
INFO: [ view_filter ] --START--
INFO: Run Behavior\WriteHtmlCacheBehavior [ RunTime:0.000649s ]
INFO: [ view_filter ] --END-- [ RunTime:0.000742s ]
INFO: [ app_end ] --START--
INFO: Run Behavior\ShowPageTraceBehavior [ RunTime:0.001072s ]
INFO: [ app_end ] --END-- [ RunTime:0.001160s ]

[ 2016-12-26T03:05:35+08:00 ] 127.0.0.1 /aoshi/index.php/Home/News/news_detail/id/52.html
INFO: [ app_init ] --START--
INFO: Run Behavior\BuildLiteBehavior [ RunTime:0.000022s ]
INFO: [ app_init ] --END-- [ RunTime:0.000794s ]
INFO: [ app_begin ] --START--
INFO: Run Behavior\ReadHtmlCacheBehavior [ RunTime:0.001120s ]
INFO: [ app_begin ] --END-- [ RunTime:0.001212s ]
SQL: SHOW COLUMNS FROM `news` [ RunTime:0.0073s ]
SQL: SELECT * FROM `news` WHERE ( id =52 )  [ RunTime:0.0009s ]
INFO: [ view_parse ] --START--
INFO: [ template_filter ] --START--
INFO: Run Behavior\ContentReplaceBehavior [ RunTime:0.000123s ]
INFO: [ template_filter ] --END-- [ RunTime:0.000218s ]
NOTIC: [8] Use of undefined constant index - assumed 'index' E:\wamp\wamp\www\aoshi\Application\Runtime\Cache\Home\1dc3206bbdd4c68e37cbcf3931d1c39b.php 第 41 行.
NOTIC: [8] Use of undefined constant findjob - assumed 'findjob' E:\wamp\wamp\www\aoshi\Application\Runtime\Cache\Home\1dc3206bbdd4c68e37cbcf3931d1c39b.php 第 43 行.
INFO: Run Behavior\ParseTemplateBehavior [ RunTime:0.015144s ]
INFO: [ view_parse ] --END-- [ RunTime:0.015248s ]
INFO: [ view_filter ] --START--
INFO: Run Behavior\WriteHtmlCacheBehavior [ RunTime:0.001075s ]
INFO: [ view_filter ] --END-- [ RunTime:0.001166s ]
INFO: [ app_end ] --START--
INFO: Run Behavior\ShowPageTraceBehavior [ RunTime:0.001098s ]
INFO: [ app_end ] --END-- [ RunTime:0.001178s ]

[ 2016-12-26T03:06:04+08:00 ] 127.0.0.1 /aoshi/index.php/Home/News/index.html
INFO: [ app_init ] --START--
INFO: Run Behavior\BuildLiteBehavior [ RunTime:0.000022s ]
INFO: [ app_init ] --END-- [ RunTime:0.000785s ]
INFO: [ app_begin ] --START--
INFO: Run Behavior\ReadHtmlCacheBehavior [ RunTime:0.001297s ]
INFO: [ app_begin ] --END-- [ RunTime:0.001405s ]
SQL: SHOW COLUMNS FROM `news` [ RunTime:0.0073s ]
SQL: SELECT `id`,`cata_id`,`news_title`,`news_picture` FROM `news`  [ RunTime:0.0006s ]
INFO: [ view_parse ] --START--
INFO: [ template_filter ] --START--
INFO: Run Behavior\ContentReplaceBehavior [ RunTime:0.000112s ]
INFO: [ template_filter ] --END-- [ RunTime:0.000224s ]
NOTIC: [8] Use of undefined constant index - assumed 'index' E:\wamp\wamp\www\aoshi\Application\Runtime\Cache\Home\3e24b471de08a8366f7660bb176a5e74.php 第 41 行.
NOTIC: [8] Use of undefined constant findjob - assumed 'findjob' E:\wamp\wamp\www\aoshi\Application\Runtime\Cache\Home\3e24b471de08a8366f7660bb176a5e74.php 第 43 行.
NOTIC: [8] Use of undefined constant news_content - assumed 'news_content' E:\wamp\wamp\www\aoshi\Application\Runtime\Cache\Home\3e24b471de08a8366f7660bb176a5e74.php 第 89 行.
NOTIC: [8] Undefined index: author E:\wamp\wamp\www\aoshi\Application\Runtime\Cache\Home\3e24b471de08a8366f7660bb176a5e74.php 第 90 行.
NOTIC: [8] Undefined variable: new E:\wamp\wamp\www\aoshi\Application\Runtime\Cache\Home\3e24b471de08a8366f7660bb176a5e74.php 第 90 行.
NOTIC: [8] Use of undefined constant news_content - assumed 'news_content' E:\wamp\wamp\www\aoshi\Application\Runtime\Cache\Home\3e24b471de08a8366f7660bb176a5e74.php 第 89 行.
NOTIC: [8] Undefined index: author E:\wamp\wamp\www\aoshi\Application\Runtime\Cache\Home\3e24b471de08a8366f7660bb176a5e74.php 第 90 行.
NOTIC: [8] Undefined variable: new E:\wamp\wamp\www\aoshi\Application\Runtime\Cache\Home\3e24b471de08a8366f7660bb176a5e74.php 第 90 行.
NOTIC: [8] Use of undefined constant news_content - assumed 'news_content' E:\wamp\wamp\www\aoshi\Application\Runtime\Cache\Home\3e24b471de08a8366f7660bb176a5e74.php 第 89 行.
NOTIC: [8] Undefined index: author E:\wamp\wamp\www\aoshi\Application\Runtime\Cache\Home\3e24b471de08a8366f7660bb176a5e74.php 第 90 行.
NOTIC: [8] Undefined variable: new E:\wamp\wamp\www\aoshi\Application\Runtime\Cache\Home\3e24b471de08a8366f7660bb176a5e74.php 第 90 行.
INFO: Run Behavior\ParseTemplateBehavior [ RunTime:0.018966s ]
INFO: [ view_parse ] --END-- [ RunTime:0.019071s ]
INFO: [ view_filter ] --START--
INFO: Run Behavior\WriteHtmlCacheBehavior [ RunTime:0.000752s ]
INFO: [ view_filter ] --END-- [ RunTime:0.000883s ]
INFO: [ app_end ] --START--
INFO: Run Behavior\ShowPageTraceBehavior [ RunTime:0.001274s ]
INFO: [ app_end ] --END-- [ RunTime:0.001363s ]

[ 2016-12-26T08:59:47+08:00 ] 127.0.0.1 /aoshi/
INFO: [ app_init ] --START--
INFO: Run Behavior\BuildLiteBehavior [ RunTime:0.000038s ]
INFO: [ app_init ] --END-- [ RunTime:0.025096s ]
INFO: [ app_begin ] --START--
INFO: Run Behavior\ReadHtmlCacheBehavior [ RunTime:0.002178s ]
INFO: [ app_begin ] --END-- [ RunTime:0.002349s ]
INFO: [ view_parse ] --START--
INFO: [ template_filter ] --START--
INFO: Run Behavior\ContentReplaceBehavior [ RunTime:0.000176s ]
INFO: [ template_filter ] --END-- [ RunTime:0.000291s ]
NOTIC: [8] Use of undefined constant index - assumed 'index' E:\wamp\wamp\www\aoshi\Application\Runtime\Cache\Home\2a94b8bda04ff446dcedd42276fc99ee.php 第 41 行.
NOTIC: [8] Use of undefined constant findjob - assumed 'findjob' E:\wamp\wamp\www\aoshi\Application\Runtime\Cache\Home\2a94b8bda04ff446dcedd42276fc99ee.php 第 43 行.
INFO: Run Behavior\ParseTemplateBehavior [ RunTime:0.124217s ]
INFO: [ view_parse ] --END-- [ RunTime:0.124345s ]
INFO: [ view_filter ] --START--
INFO: Run Behavior\WriteHtmlCacheBehavior [ RunTime:0.012256s ]
INFO: [ view_filter ] --END-- [ RunTime:0.012386s ]
INFO: [ app_end ] --START--
INFO: Run Behavior\ShowPageTraceBehavior [ RunTime:0.002215s ]
INFO: [ app_end ] --END-- [ RunTime:0.002306s ]

[ 2016-12-26T08:59:51+08:00 ] 127.0.0.1 /aoshi/index.php/Home/News/index.html
INFO: [ app_init ] --START--
INFO: Run Behavior\BuildLiteBehavior [ RunTime:0.000022s ]
INFO: [ app_init ] --END-- [ RunTime:0.000770s ]
INFO: [ app_begin ] --START--
INFO: Run Behavior\ReadHtmlCacheBehavior [ RunTime:0.001645s ]
INFO: [ app_begin ] --END-- [ RunTime:0.001787s ]
SQL: SHOW COLUMNS FROM `news` [ RunTime:0.0387s ]
SQL: SELECT `id`,`cata_id`,`news_title`,`news_picture` FROM `news`  [ RunTime:0.0202s ]
INFO: [ view_parse ] --START--
INFO: [ template_filter ] --START--
INFO: Run Behavior\ContentReplaceBehavior [ RunTime:0.000112s ]
INFO: [ template_filter ] --END-- [ RunTime:0.000210s ]
NOTIC: [8] Use of undefined constant index - assumed 'index' E:\wamp\wamp\www\aoshi\Application\Runtime\Cache\Home\3e24b471de08a8366f7660bb176a5e74.php 第 41 行.
NOTIC: [8] Use of undefined constant findjob - assumed 'findjob' E:\wamp\wamp\www\aoshi\Application\Runtime\Cache\Home\3e24b471de08a8366f7660bb176a5e74.php 第 43 行.
NOTIC: [8] Use of undefined constant news_content - assumed 'news_content' E:\wamp\wamp\www\aoshi\Application\Runtime\Cache\Home\3e24b471de08a8366f7660bb176a5e74.php 第 89 行.
NOTIC: [8] Undefined index: author E:\wamp\wamp\www\aoshi\Application\Runtime\Cache\Home\3e24b471de08a8366f7660bb176a5e74.php 第 90 行.
NOTIC: [8] Undefined variable: new E:\wamp\wamp\www\aoshi\Application\Runtime\Cache\Home\3e24b471de08a8366f7660bb176a5e74.php 第 90 行.
NOTIC: [8] Use of undefined constant news_content - assumed 'news_content' E:\wamp\wamp\www\aoshi\Application\Runtime\Cache\Home\3e24b471de08a8366f7660bb176a5e74.php 第 89 行.
NOTIC: [8] Undefined index: author E:\wamp\wamp\www\aoshi\Application\Runtime\Cache\Home\3e24b471de08a8366f7660bb176a5e74.php 第 90 行.
NOTIC: [8] Undefined variable: new E:\wamp\wamp\www\aoshi\Application\Runtime\Cache\Home\3e24b471de08a8366f7660bb176a5e74.php 第 90 行.
NOTIC: [8] Use of undefined constant news_content - assumed 'news_content' E:\wamp\wamp\www\aoshi\Application\Runtime\Cache\Home\3e24b471de08a8366f7660bb176a5e74.php 第 89 行.
NOTIC: [8] Undefined index: author E:\wamp\wamp\www\aoshi\Application\Runtime\Cache\Home\3e24b471de08a8366f7660bb176a5e74.php 第 90 行.
NOTIC: [8] Undefined variable: new E:\wamp\wamp\www\aoshi\Application\Runtime\Cache\Home\3e24b471de08a8366f7660bb176a5e74.php 第 90 行.
INFO: Run Behavior\ParseTemplateBehavior [ RunTime:0.034489s ]
INFO: [ view_parse ] --END-- [ RunTime:0.034673s ]
INFO: [ view_filter ] --START--
INFO: Run Behavior\WriteHtmlCacheBehavior [ RunTime:0.000431s ]
INFO: [ view_filter ] --END-- [ RunTime:0.000510s ]
INFO: [ app_end ] --START--
INFO: Run Behavior\ShowPageTraceBehavior [ RunTime:0.000864s ]
INFO: [ app_end ] --END-- [ RunTime:0.000943s ]

[ 2016-12-26T09:00:34+08:00 ] 127.0.0.1 /aoshi/index.php/Home/News/news_detail/id/52.html
INFO: [ app_init ] --START--
INFO: Run Behavior\BuildLiteBehavior [ RunTime:0.000023s ]
INFO: [ app_init ] --END-- [ RunTime:0.000717s ]
INFO: [ app_begin ] --START--
INFO: Run Behavior\ReadHtmlCacheBehavior [ RunTime:0.000932s ]
INFO: [ app_begin ] --END-- [ RunTime:0.001030s ]
SQL: SHOW COLUMNS FROM `news` [ RunTime:0.0074s ]
SQL: SELECT * FROM `news` WHERE ( id =52 )  [ RunTime:0.0018s ]
INFO: [ view_parse ] --START--
INFO: [ template_filter ] --START--
INFO: Run Behavior\ContentReplaceBehavior [ RunTime:0.000175s ]
INFO: [ template_filter ] --END-- [ RunTime:0.000334s ]
NOTIC: [8] Use of undefined constant index - assumed 'index' E:\wamp\wamp\www\aoshi\Application\Runtime\Cache\Home\1dc3206bbdd4c68e37cbcf3931d1c39b.php 第 41 行.
NOTIC: [8] Use of undefined constant findjob - assumed 'findjob' E:\wamp\wamp\www\aoshi\Application\Runtime\Cache\Home\1dc3206bbdd4c68e37cbcf3931d1c39b.php 第 43 行.
INFO: Run Behavior\ParseTemplateBehavior [ RunTime:0.086665s ]
INFO: [ view_parse ] --END-- [ RunTime:0.086802s ]
INFO: [ view_filter ] --START--
INFO: Run Behavior\WriteHtmlCacheBehavior [ RunTime:0.001048s ]
INFO: [ view_filter ] --END-- [ RunTime:0.001190s ]
INFO: [ app_end ] --START--
INFO: Run Behavior\ShowPageTraceBehavior [ RunTime:0.001666s ]
INFO: [ app_end ] --END-- [ RunTime:0.001807s ]

[ 2016-12-26T09:01:23+08:00 ] 127.0.0.1 /aoshi/index.php/Home/Index/index.html
INFO: [ app_init ] --START--
INFO: Run Behavior\BuildLiteBehavior [ RunTime:0.000023s ]
INFO: [ app_init ] --END-- [ RunTime:0.000650s ]
INFO: [ app_begin ] --START--
INFO: Run Behavior\ReadHtmlCacheBehavior [ RunTime:0.000931s ]
INFO: [ app_begin ] --END-- [ RunTime:0.001022s ]
INFO: [ view_parse ] --START--
INFO: [ template_filter ] --START--
INFO: Run Behavior\ContentReplaceBehavior [ RunTime:0.000174s ]
INFO: [ template_filter ] --END-- [ RunTime:0.000270s ]
NOTIC: [8] Use of undefined constant index - assumed 'index' E:\wamp\wamp\www\aoshi\Application\Runtime\Cache\Home\2a94b8bda04ff446dcedd42276fc99ee.php 第 41 行.
NOTIC: [8] Use of undefined constant findjob - assumed 'findjob' E:\wamp\wamp\www\aoshi\Application\Runtime\Cache\Home\2a94b8bda04ff446dcedd42276fc99ee.php 第 43 行.
INFO: Run Behavior\ParseTemplateBehavior [ RunTime:0.016762s ]
INFO: [ view_parse ] --END-- [ RunTime:0.016850s ]
INFO: [ view_filter ] --START--
INFO: Run Behavior\WriteHtmlCacheBehavior [ RunTime:0.000492s ]
INFO: [ view_filter ] --END-- [ RunTime:0.000568s ]
INFO: [ app_end ] --START--
INFO: Run Behavior\ShowPageTraceBehavior [ RunTime:0.000887s ]
INFO: [ app_end ] --END-- [ RunTime:0.000964s ]

[ 2016-12-26T09:09:15+08:00 ] 127.0.0.1 /aoshi/index.php
INFO: [ app_init ] --START--
INFO: Run Behavior\BuildLiteBehavior [ RunTime:0.000022s ]
INFO: [ app_init ] --END-- [ RunTime:0.000717s ]
INFO: [ app_begin ] --START--
INFO: Run Behavior\ReadHtmlCacheBehavior [ RunTime:0.001001s ]
INFO: [ app_begin ] --END-- [ RunTime:0.001091s ]
INFO: [ view_parse ] --START--
INFO: [ template_filter ] --START--
INFO: Run Behavior\ContentReplaceBehavior [ RunTime:0.000171s ]
INFO: [ template_filter ] --END-- [ RunTime:0.000272s ]
NOTIC: [8] Use of undefined constant index - assumed 'index' E:\wamp\wamp\www\aoshi\Application\Runtime\Cache\Home\2a94b8bda04ff446dcedd42276fc99ee.php 第 41 行.
NOTIC: [8] Use of undefined constant findjob - assumed 'findjob' E:\wamp\wamp\www\aoshi\Application\Runtime\Cache\Home\2a94b8bda04ff446dcedd42276fc99ee.php 第 43 行.
INFO: Run Behavior\ParseTemplateBehavior [ RunTime:0.017579s ]
INFO: [ view_parse ] --END-- [ RunTime:0.017669s ]
INFO: [ view_filter ] --START--
INFO: Run Behavior\WriteHtmlCacheBehavior [ RunTime:0.000597s ]
INFO: [ view_filter ] --END-- [ RunTime:0.000673s ]
INFO: [ app_end ] --START--
INFO: Run Behavior\ShowPageTraceBehavior [ RunTime:0.001000s ]
INFO: [ app_end ] --END-- [ RunTime:0.001078s ]

[ 2016-12-26T09:09:18+08:00 ] 127.0.0.1 /aoshi/index.php/Home/News/index.html
INFO: [ app_init ] --START--
INFO: Run Behavior\BuildLiteBehavior [ RunTime:0.000025s ]
INFO: [ app_init ] --END-- [ RunTime:0.000987s ]
INFO: [ app_begin ] --START--
INFO: Run Behavior\ReadHtmlCacheBehavior [ RunTime:0.001440s ]
INFO: [ app_begin ] --END-- [ RunTime:0.001575s ]
SQL: SHOW COLUMNS FROM `news` [ RunTime:0.0087s ]
SQL: SELECT `id`,`cata_id`,`news_title`,`news_picture` FROM `news`  [ RunTime:0.0007s ]
INFO: [ view_parse ] --START--
INFO: [ template_filter ] --START--
INFO: Run Behavior\ContentReplaceBehavior [ RunTime:0.000115s ]
INFO: [ template_filter ] --END-- [ RunTime:0.000222s ]
NOTIC: [8] Use of undefined constant index - assumed 'index' E:\wamp\wamp\www\aoshi\Application\Runtime\Cache\Home\3e24b471de08a8366f7660bb176a5e74.php 第 41 行.
NOTIC: [8] Use of undefined constant findjob - assumed 'findjob' E:\wamp\wamp\www\aoshi\Application\Runtime\Cache\Home\3e24b471de08a8366f7660bb176a5e74.php 第 43 行.
NOTIC: [8] Use of undefined constant news_content - assumed 'news_content' E:\wamp\wamp\www\aoshi\Application\Runtime\Cache\Home\3e24b471de08a8366f7660bb176a5e74.php 第 89 行.
NOTIC: [8] Undefined index: author E:\wamp\wamp\www\aoshi\Application\Runtime\Cache\Home\3e24b471de08a8366f7660bb176a5e74.php 第 90 行.
NOTIC: [8] Undefined variable: new E:\wamp\wamp\www\aoshi\Application\Runtime\Cache\Home\3e24b471de08a8366f7660bb176a5e74.php 第 90 行.
NOTIC: [8] Use of undefined constant news_content - assumed 'news_content' E:\wamp\wamp\www\aoshi\Application\Runtime\Cache\Home\3e24b471de08a8366f7660bb176a5e74.php 第 89 行.
NOTIC: [8] Undefined index: author E:\wamp\wamp\www\aoshi\Application\Runtime\Cache\Home\3e24b471de08a8366f7660bb176a5e74.php 第 90 行.
NOTIC: [8] Undefined variable: new E:\wamp\wamp\www\aoshi\Application\Runtime\Cache\Home\3e24b471de08a8366f7660bb176a5e74.php 第 90 行.
NOTIC: [8] Use of undefined constant news_content - assumed 'news_content' E:\wamp\wamp\www\aoshi\Application\Runtime\Cache\Home\3e24b471de08a8366f7660bb176a5e74.php 第 89 行.
NOTIC: [8] Undefined index: author E:\wamp\wamp\www\aoshi\Application\Runtime\Cache\Home\3e24b471de08a8366f7660bb176a5e74.php 第 90 行.
NOTIC: [8] Undefined variable: new E:\wamp\wamp\www\aoshi\Application\Runtime\Cache\Home\3e24b471de08a8366f7660bb176a5e74.php 第 90 行.
INFO: Run Behavior\ParseTemplateBehavior [ RunTime:0.017637s ]
INFO: [ view_parse ] --END-- [ RunTime:0.017732s ]
INFO: [ view_filter ] --START--
INFO: Run Behavior\WriteHtmlCacheBehavior [ RunTime:0.000487s ]
INFO: [ view_filter ] --END-- [ RunTime:0.000567s ]
INFO: [ app_end ] --START--
INFO: Run Behavior\ShowPageTraceBehavior [ RunTime:0.000916s ]
INFO: [ app_end ] --END-- [ RunTime:0.000993s ]

