[ 2017-01-09T10:09:47+08:00 ] ::1 /project/aoshi/
INFO: [ app_init ] --START--
INFO: Run Behavior\BuildLiteBehavior [ RunTime:0.000064s ]
INFO: [ app_init ] --END-- [ RunTime:0.001418s ]
INFO: [ app_begin ] --START--
INFO: Run Behavior\ReadHtmlCacheBehavior [ RunTime:0.002366s ]
INFO: [ app_begin ] --END-- [ RunTime:0.002986s ]
SQL: SHOW COLUMNS FROM `job` [ RunTime:0.0430s ]
NOTIC: [8] Undefined index: key D:\wamp\www\project\aoshi\Application\Home\Controller\IndexController.class.php 第 17 行.
SQL: SELECT job.id,`job_name`,`money`,`company_name` FROM `job` INNER JOIN company on job.enterprise_id=company.enterprise_id   [ RunTime:0.0817s ]
INFO: [ view_parse ] --START--
INFO: [ template_filter ] --START--
INFO: Run Behavior\ContentReplaceBehavior [ RunTime:0.000691s ]
INFO: [ template_filter ] --END-- [ RunTime:0.001296s ]
NOTIC: [8] Use of undefined constant Index - assumed 'Index' D:\wamp\www\project\aoshi\Application\Runtime\Cache\Home\2a94b8bda04ff446dcedd42276fc99ee.php 第 48 行.
NOTIC: [8] Use of undefined constant index - assumed 'index' D:\wamp\www\project\aoshi\Application\Runtime\Cache\Home\2a94b8bda04ff446dcedd42276fc99ee.php 第 48 行.
NOTIC: [8] Use of undefined constant findjob - assumed 'findjob' D:\wamp\www\project\aoshi\Application\Runtime\Cache\Home\2a94b8bda04ff446dcedd42276fc99ee.php 第 50 行.
NOTIC: [8] Use of undefined constant News - assumed 'News' D:\wamp\www\project\aoshi\Application\Runtime\Cache\Home\2a94b8bda04ff446dcedd42276fc99ee.php 第 52 行.
INFO: Run Behavior\ParseTemplateBehavior [ RunTime:0.073993s ]
INFO: [ view_parse ] --END-- [ RunTime:0.074610s ]
INFO: [ view_filter ] --START--
INFO: Run Behavior\WriteHtmlCacheBehavior [ RunTime:0.022983s ]
INFO: [ view_filter ] --END-- [ RunTime:0.023422s ]
INFO: [ app_end ] --START--
INFO: Run Behavior\ShowPageTraceBehavior [ RunTime:0.002799s ]
INFO: [ app_end ] --END-- [ RunTime:0.003445s ]

[ 2017-01-09T19:39:10+08:00 ] ::1 /project/aoshi/
INFO: [ app_init ] --START--
INFO: Run Behavior\BuildLiteBehavior [ RunTime:0.000121s ]
INFO: [ app_init ] --END-- [ RunTime:0.002072s ]
INFO: [ app_begin ] --START--
INFO: Run Behavior\ReadHtmlCacheBehavior [ RunTime:0.001877s ]
INFO: [ app_begin ] --END-- [ RunTime:0.002342s ]
SQL: SHOW COLUMNS FROM `job` [ RunTime:0.0129s ]
NOTIC: [8] Undefined index: key D:\wamp\www\project\aoshi\Application\Home\Controller\IndexController.class.php 第 17 行.
SQL: SELECT job.id,`job_name`,`money`,`company_name` FROM `job` INNER JOIN company on job.enterprise_id=company.enterprise_id   [ RunTime:0.0027s ]
INFO: [ view_parse ] --START--
INFO: [ template_filter ] --START--
INFO: Run Behavior\ContentReplaceBehavior [ RunTime:0.000809s ]
INFO: [ template_filter ] --END-- [ RunTime:0.001449s ]
NOTIC: [8] Use of undefined constant Index - assumed 'Index' D:\wamp\www\project\aoshi\Application\Runtime\Cache\Home\2a94b8bda04ff446dcedd42276fc99ee.php 第 48 行.
NOTIC: [8] Use of undefined constant index - assumed 'index' D:\wamp\www\project\aoshi\Application\Runtime\Cache\Home\2a94b8bda04ff446dcedd42276fc99ee.php 第 48 行.
NOTIC: [8] Use of undefined constant findjob - assumed 'findjob' D:\wamp\www\project\aoshi\Application\Runtime\Cache\Home\2a94b8bda04ff446dcedd42276fc99ee.php 第 50 行.
NOTIC: [8] Use of undefined constant News - assumed 'News' D:\wamp\www\project\aoshi\Application\Runtime\Cache\Home\2a94b8bda04ff446dcedd42276fc99ee.php 第 52 行.
INFO: Run Behavior\ParseTemplateBehavior [ RunTime:0.037638s ]
INFO: [ view_parse ] --END-- [ RunTime:0.037962s ]
INFO: [ view_filter ] --START--
INFO: Run Behavior\WriteHtmlCacheBehavior [ RunTime:0.000783s ]
INFO: [ view_filter ] --END-- [ RunTime:0.001083s ]
INFO: [ app_end ] --START--
INFO: Run Behavior\ShowPageTraceBehavior [ RunTime:0.001964s ]
INFO: [ app_end ] --END-- [ RunTime:0.002702s ]

