[ 2017-02-14T17:39:27+08:00 ] ::1 /aoshi/
INFO: [ app_init ] --START--
INFO: Run Behavior\BuildLiteBehavior [ RunTime:0.000029s ]
INFO: [ app_init ] --END-- [ RunTime:0.000608s ]
INFO: [ app_begin ] --START--
INFO: Run Behavior\ReadHtmlCacheBehavior [ RunTime:0.001161s ]
INFO: [ app_begin ] --END-- [ RunTime:0.001384s ]
NOTIC: [8] Undefined variable: name D:\Wampserver\www\aoshi\Application\Home\Controller\IndexController.class.php 第 20 行.
ERR: 1146:Table 'yuanku_job.job' doesn't exist
 [ SQL语句 ] : SHOW COLUMNS FROM `job`
ERR: 1146:Table 'yuanku_job.job' doesn't exist
 [ SQL语句 ] : SHOW COLUMNS FROM `job`

[ 2017-02-14T17:42:29+08:00 ] ::1 /aoshi/
INFO: [ app_init ] --START--
INFO: Run Behavior\BuildLiteBehavior [ RunTime:0.000026s ]
INFO: [ app_init ] --END-- [ RunTime:0.000596s ]
INFO: [ app_begin ] --START--
INFO: Run Behavior\ReadHtmlCacheBehavior [ RunTime:0.000992s ]
INFO: [ app_begin ] --END-- [ RunTime:0.001139s ]
NOTIC: [8] Undefined variable: name D:\Wampserver\www\aoshi\Application\Home\Controller\IndexController.class.php 第 20 行.
ERR: 1146:Table 'yuanku_job.job' doesn't exist
 [ SQL语句 ] : SHOW COLUMNS FROM `job`
ERR: 1146:Table 'yuanku_job.job' doesn't exist
 [ SQL语句 ] : SHOW COLUMNS FROM `job`

[ 2017-02-14T18:06:09+08:00 ] 127.0.0.1 /aoshi/index.php/Home/Index/index.html
INFO: [ app_init ] --START--
INFO: Run Behavior\BuildLiteBehavior [ RunTime:0.000025s ]
INFO: [ app_init ] --END-- [ RunTime:0.000458s ]
INFO: [ app_begin ] --START--
INFO: Run Behavior\ReadHtmlCacheBehavior [ RunTime:0.000536s ]
INFO: [ app_begin ] --END-- [ RunTime:0.000697s ]
NOTIC: [8] Undefined variable: name D:\Wampserver\www\aoshi\Application\Home\Controller\IndexController.class.php 第 20 行.
ERR: 1146:Table 'yuanku_job.job' doesn't exist
 [ SQL语句 ] : SHOW COLUMNS FROM `job`
ERR: 1146:Table 'yuanku_job.job' doesn't exist
 [ SQL语句 ] : SHOW COLUMNS FROM `job`

