[ 2017-01-03T09:45:22+08:00 ] ::1 /aoshi/aoshi/
INFO: [ app_init ] --START--
INFO: Run Behavior\BuildLiteBehavior [ RunTime:0.000069s ]
INFO: [ app_init ] --END-- [ RunTime:0.023201s ]
INFO: [ app_begin ] --START--
INFO: Run Behavior\ReadHtmlCacheBehavior [ RunTime:0.031726s ]
INFO: [ app_begin ] --END-- [ RunTime:0.032127s ]
INFO: [ view_parse ] --START--
INFO: [ template_filter ] --START--
INFO: Run Behavior\ContentReplaceBehavior [ RunTime:0.000361s ]
INFO: [ template_filter ] --END-- [ RunTime:0.000692s ]
NOTIC: [8] Use of undefined constant Index - assumed 'Index' D:\wamp\www\aoshi\aoshi\Application\Runtime\Cache\Home\2a94b8bda04ff446dcedd42276fc99ee.php 第 41 行.
NOTIC: [8] Use of undefined constant index - assumed 'index' D:\wamp\www\aoshi\aoshi\Application\Runtime\Cache\Home\2a94b8bda04ff446dcedd42276fc99ee.php 第 41 行.
NOTIC: [8] Use of undefined constant findjob - assumed 'findjob' D:\wamp\www\aoshi\aoshi\Application\Runtime\Cache\Home\2a94b8bda04ff446dcedd42276fc99ee.php 第 43 行.
NOTIC: [8] Use of undefined constant News - assumed 'News' D:\wamp\www\aoshi\aoshi\Application\Runtime\Cache\Home\2a94b8bda04ff446dcedd42276fc99ee.php 第 45 行.
INFO: Run Behavior\ParseTemplateBehavior [ RunTime:0.313349s ]
INFO: [ view_parse ] --END-- [ RunTime:0.313893s ]
INFO: [ view_filter ] --START--
INFO: Run Behavior\WriteHtmlCacheBehavior [ RunTime:0.023568s ]
INFO: [ view_filter ] --END-- [ RunTime:0.023899s ]
INFO: [ app_end ] --START--
INFO: Run Behavior\ShowPageTraceBehavior [ RunTime:0.017798s ]
INFO: [ app_end ] --END-- [ RunTime:0.018234s ]

[ 2017-01-03T09:45:22+08:00 ] ::1 /aoshi/aoshi/
INFO: [ app_init ] --START--
INFO: Run Behavior\BuildLiteBehavior [ RunTime:0.000072s ]
INFO: [ app_init ] --END-- [ RunTime:0.001331s ]
INFO: [ app_begin ] --START--
INFO: Run Behavior\ReadHtmlCacheBehavior [ RunTime:0.002121s ]
INFO: [ app_begin ] --END-- [ RunTime:0.002533s ]
INFO: [ view_parse ] --START--
INFO: [ template_filter ] --START--
INFO: Run Behavior\ContentReplaceBehavior [ RunTime:0.000355s ]
INFO: [ template_filter ] --END-- [ RunTime:0.000748s ]
NOTIC: [8] Use of undefined constant Index - assumed 'Index' D:\wamp\www\aoshi\aoshi\Application\Runtime\Cache\Home\2a94b8bda04ff446dcedd42276fc99ee.php 第 41 行.
NOTIC: [8] Use of undefined constant index - assumed 'index' D:\wamp\www\aoshi\aoshi\Application\Runtime\Cache\Home\2a94b8bda04ff446dcedd42276fc99ee.php 第 41 行.
NOTIC: [8] Use of undefined constant findjob - assumed 'findjob' D:\wamp\www\aoshi\aoshi\Application\Runtime\Cache\Home\2a94b8bda04ff446dcedd42276fc99ee.php 第 43 行.
NOTIC: [8] Use of undefined constant News - assumed 'News' D:\wamp\www\aoshi\aoshi\Application\Runtime\Cache\Home\2a94b8bda04ff446dcedd42276fc99ee.php 第 45 行.
INFO: Run Behavior\ParseTemplateBehavior [ RunTime:0.079783s ]
INFO: [ view_parse ] --END-- [ RunTime:0.080176s ]
INFO: [ view_filter ] --START--
INFO: Run Behavior\WriteHtmlCacheBehavior [ RunTime:0.001282s ]
INFO: [ view_filter ] --END-- [ RunTime:0.001608s ]
INFO: [ app_end ] --START--
INFO: Run Behavior\ShowPageTraceBehavior [ RunTime:0.001913s ]
INFO: [ app_end ] --END-- [ RunTime:0.002328s ]

[ 2017-01-03T11:45:55+08:00 ] ::1 /aoshi/aoshi/index.php
INFO: [ app_init ] --START--
INFO: Run Behavior\BuildLiteBehavior [ RunTime:0.000085s ]
INFO: [ app_init ] --END-- [ RunTime:0.001660s ]
INFO: [ app_begin ] --START--
INFO: Run Behavior\ReadHtmlCacheBehavior [ RunTime:0.002286s ]
INFO: [ app_begin ] --END-- [ RunTime:0.002690s ]
INFO: [ view_parse ] --START--
INFO: [ template_filter ] --START--
INFO: Run Behavior\ContentReplaceBehavior [ RunTime:0.000380s ]
INFO: [ template_filter ] --END-- [ RunTime:0.000760s ]
NOTIC: [8] Use of undefined constant Index - assumed 'Index' D:\wamp\www\aoshi\aoshi\Application\Runtime\Cache\Home\2a94b8bda04ff446dcedd42276fc99ee.php 第 41 行.
NOTIC: [8] Use of undefined constant index - assumed 'index' D:\wamp\www\aoshi\aoshi\Application\Runtime\Cache\Home\2a94b8bda04ff446dcedd42276fc99ee.php 第 41 行.
NOTIC: [8] Use of undefined constant findjob - assumed 'findjob' D:\wamp\www\aoshi\aoshi\Application\Runtime\Cache\Home\2a94b8bda04ff446dcedd42276fc99ee.php 第 43 行.
NOTIC: [8] Use of undefined constant News - assumed 'News' D:\wamp\www\aoshi\aoshi\Application\Runtime\Cache\Home\2a94b8bda04ff446dcedd42276fc99ee.php 第 45 行.
INFO: Run Behavior\ParseTemplateBehavior [ RunTime:0.152831s ]
INFO: [ view_parse ] --END-- [ RunTime:0.153169s ]
INFO: [ view_filter ] --START--
INFO: Run Behavior\WriteHtmlCacheBehavior [ RunTime:0.002208s ]
INFO: [ view_filter ] --END-- [ RunTime:0.002546s ]
INFO: [ app_end ] --START--
INFO: Run Behavior\ShowPageTraceBehavior [ RunTime:0.006295s ]
INFO: [ app_end ] --END-- [ RunTime:0.006690s ]

[ 2017-01-03T11:45:57+08:00 ] ::1 /aoshi/aoshi/index.php/Home/Index/findjob.html
INFO: [ app_init ] --START--
INFO: Run Behavior\BuildLiteBehavior [ RunTime:0.000083s ]
INFO: [ app_init ] --END-- [ RunTime:0.002842s ]
INFO: [ app_begin ] --START--
INFO: Run Behavior\ReadHtmlCacheBehavior [ RunTime:0.002146s ]
INFO: [ app_begin ] --END-- [ RunTime:0.002509s ]
SQL: SHOW COLUMNS FROM `job` [ RunTime:0.0206s ]
SQL: SELECT job.id,`job_name`,`money`,`company_name` FROM `job` INNER JOIN company on job.enterprise_id=company.enterprise_id   [ RunTime:0.0344s ]
INFO: [ view_parse ] --START--
INFO: [ template_filter ] --START--
INFO: Run Behavior\ContentReplaceBehavior [ RunTime:0.000246s ]
INFO: [ template_filter ] --END-- [ RunTime:0.000613s ]
NOTIC: [8] Use of undefined constant Index - assumed 'Index' D:\wamp\www\aoshi\aoshi\Application\Runtime\Cache\Home\9eb018846b02df4b2c1ee814555f95e0.php 第 41 行.
NOTIC: [8] Use of undefined constant index - assumed 'index' D:\wamp\www\aoshi\aoshi\Application\Runtime\Cache\Home\9eb018846b02df4b2c1ee814555f95e0.php 第 41 行.
NOTIC: [8] Use of undefined constant findjob - assumed 'findjob' D:\wamp\www\aoshi\aoshi\Application\Runtime\Cache\Home\9eb018846b02df4b2c1ee814555f95e0.php 第 43 行.
NOTIC: [8] Use of undefined constant News - assumed 'News' D:\wamp\www\aoshi\aoshi\Application\Runtime\Cache\Home\9eb018846b02df4b2c1ee814555f95e0.php 第 45 行.
INFO: Run Behavior\ParseTemplateBehavior [ RunTime:0.136390s ]
INFO: [ view_parse ] --END-- [ RunTime:0.136857s ]
INFO: [ view_filter ] --START--
INFO: Run Behavior\WriteHtmlCacheBehavior [ RunTime:0.002251s ]
INFO: [ view_filter ] --END-- [ RunTime:0.002592s ]
INFO: [ app_end ] --START--
INFO: Run Behavior\ShowPageTraceBehavior [ RunTime:0.005268s ]
INFO: [ app_end ] --END-- [ RunTime:0.005744s ]

[ 2017-01-03T16:22:37+08:00 ] ::1 /aoshi/aoshi/index.php
INFO: [ app_init ] --START--
INFO: Run Behavior\BuildLiteBehavior [ RunTime:0.000082s ]
INFO: [ app_init ] --END-- [ RunTime:0.025908s ]
INFO: [ app_begin ] --START--
INFO: Run Behavior\ReadHtmlCacheBehavior [ RunTime:0.033965s ]
INFO: [ app_begin ] --END-- [ RunTime:0.034348s ]
INFO: [ view_parse ] --START--
INFO: [ template_filter ] --START--
INFO: Run Behavior\ContentReplaceBehavior [ RunTime:0.000363s ]
INFO: [ template_filter ] --END-- [ RunTime:0.000745s ]
NOTIC: [8] Use of undefined constant Index - assumed 'Index' D:\wamp\www\aoshi\aoshi\Application\Runtime\Cache\Home\2a94b8bda04ff446dcedd42276fc99ee.php 第 41 行.
NOTIC: [8] Use of undefined constant index - assumed 'index' D:\wamp\www\aoshi\aoshi\Application\Runtime\Cache\Home\2a94b8bda04ff446dcedd42276fc99ee.php 第 41 行.
NOTIC: [8] Use of undefined constant findjob - assumed 'findjob' D:\wamp\www\aoshi\aoshi\Application\Runtime\Cache\Home\2a94b8bda04ff446dcedd42276fc99ee.php 第 43 行.
NOTIC: [8] Use of undefined constant News - assumed 'News' D:\wamp\www\aoshi\aoshi\Application\Runtime\Cache\Home\2a94b8bda04ff446dcedd42276fc99ee.php 第 45 行.
INFO: Run Behavior\ParseTemplateBehavior [ RunTime:0.373753s ]
INFO: [ view_parse ] --END-- [ RunTime:0.374047s ]
INFO: [ view_filter ] --START--
INFO: Run Behavior\WriteHtmlCacheBehavior [ RunTime:0.021810s ]
INFO: [ view_filter ] --END-- [ RunTime:0.022235s ]
INFO: [ app_end ] --START--
INFO: Run Behavior\ShowPageTraceBehavior [ RunTime:0.039409s ]
INFO: [ app_end ] --END-- [ RunTime:0.040045s ]

[ 2017-01-03T16:22:39+08:00 ] ::1 /aoshi/aoshi/index.php/Home/Index/findjob.html
INFO: [ app_init ] --START--
INFO: Run Behavior\BuildLiteBehavior [ RunTime:0.000154s ]
INFO: [ app_init ] --END-- [ RunTime:0.002476s ]
INFO: [ app_begin ] --START--
INFO: Run Behavior\ReadHtmlCacheBehavior [ RunTime:0.002377s ]
INFO: [ app_begin ] --END-- [ RunTime:0.002753s ]
SQL: SHOW COLUMNS FROM `job` [ RunTime:0.0521s ]
SQL: SELECT job.id,`job_name`,`money`,`company_name` FROM `job` INNER JOIN company on job.enterprise_id=company.enterprise_id   [ RunTime:0.0026s ]
INFO: [ view_parse ] --START--
INFO: [ template_filter ] --START--
INFO: Run Behavior\ContentReplaceBehavior [ RunTime:0.000250s ]
INFO: [ template_filter ] --END-- [ RunTime:0.001024s ]
NOTIC: [8] Use of undefined constant Index - assumed 'Index' D:\wamp\www\aoshi\aoshi\Application\Runtime\Cache\Home\9eb018846b02df4b2c1ee814555f95e0.php 第 41 行.
NOTIC: [8] Use of undefined constant index - assumed 'index' D:\wamp\www\aoshi\aoshi\Application\Runtime\Cache\Home\9eb018846b02df4b2c1ee814555f95e0.php 第 41 行.
NOTIC: [8] Use of undefined constant findjob - assumed 'findjob' D:\wamp\www\aoshi\aoshi\Application\Runtime\Cache\Home\9eb018846b02df4b2c1ee814555f95e0.php 第 43 行.
NOTIC: [8] Use of undefined constant News - assumed 'News' D:\wamp\www\aoshi\aoshi\Application\Runtime\Cache\Home\9eb018846b02df4b2c1ee814555f95e0.php 第 45 行.
INFO: Run Behavior\ParseTemplateBehavior [ RunTime:0.139272s ]
INFO: [ view_parse ] --END-- [ RunTime:0.139756s ]
INFO: [ view_filter ] --START--
INFO: Run Behavior\WriteHtmlCacheBehavior [ RunTime:0.002654s ]
INFO: [ view_filter ] --END-- [ RunTime:0.003101s ]
INFO: [ app_end ] --START--
INFO: Run Behavior\ShowPageTraceBehavior [ RunTime:0.002730s ]
INFO: [ app_end ] --END-- [ RunTime:0.003107s ]

[ 2017-01-03T18:44:16+08:00 ] ::1 /aoshi/aoshi/
INFO: [ app_init ] --START--
INFO: Run Behavior\BuildLiteBehavior [ RunTime:0.000063s ]
INFO: [ app_init ] --END-- [ RunTime:0.001219s ]
INFO: [ app_begin ] --START--
INFO: Run Behavior\ReadHtmlCacheBehavior [ RunTime:0.002034s ]
INFO: [ app_begin ] --END-- [ RunTime:0.002371s ]
INFO: [ view_parse ] --START--
INFO: [ template_filter ] --START--
INFO: Run Behavior\ContentReplaceBehavior [ RunTime:0.000249s ]
INFO: [ template_filter ] --END-- [ RunTime:0.000487s ]
NOTIC: [8] Use of undefined constant Index - assumed 'Index' D:\wamp\www\aoshi\aoshi\Application\Runtime\Cache\Home\2a94b8bda04ff446dcedd42276fc99ee.php 第 41 行.
NOTIC: [8] Use of undefined constant index - assumed 'index' D:\wamp\www\aoshi\aoshi\Application\Runtime\Cache\Home\2a94b8bda04ff446dcedd42276fc99ee.php 第 41 行.
NOTIC: [8] Use of undefined constant findjob - assumed 'findjob' D:\wamp\www\aoshi\aoshi\Application\Runtime\Cache\Home\2a94b8bda04ff446dcedd42276fc99ee.php 第 43 行.
NOTIC: [8] Use of undefined constant News - assumed 'News' D:\wamp\www\aoshi\aoshi\Application\Runtime\Cache\Home\2a94b8bda04ff446dcedd42276fc99ee.php 第 45 行.
INFO: Run Behavior\ParseTemplateBehavior [ RunTime:0.142349s ]
INFO: [ view_parse ] --END-- [ RunTime:0.142729s ]
INFO: [ view_filter ] --START--
INFO: Run Behavior\WriteHtmlCacheBehavior [ RunTime:0.001602s ]
INFO: [ view_filter ] --END-- [ RunTime:0.001942s ]
INFO: [ app_end ] --START--
INFO: Run Behavior\ShowPageTraceBehavior [ RunTime:0.002410s ]
INFO: [ app_end ] --END-- [ RunTime:0.002760s ]

