[ 2017-01-06T09:04:29+08:00 ] ::1 /project/aoshi/
INFO: [ app_init ] --START--
INFO: Run Behavior\BuildLiteBehavior [ RunTime:0.000125s ]
INFO: [ app_init ] --END-- [ RunTime:0.001891s ]
INFO: [ app_begin ] --START--
INFO: Run Behavior\ReadHtmlCacheBehavior [ RunTime:0.001903s ]
INFO: [ app_begin ] --END-- [ RunTime:0.002527s ]
SQL: SHOW COLUMNS FROM `job` [ RunTime:0.0320s ]
NOTIC: [8] Undefined index: key D:\wamp\www\project\aoshi\Application\Home\Controller\IndexController.class.php 第 17 行.
SQL: SELECT job.id,`job_name`,`money`,`company_name` FROM `job` INNER JOIN company on job.enterprise_id=company.enterprise_id   [ RunTime:0.0148s ]
INFO: [ view_parse ] --START--
INFO: [ template_filter ] --START--
INFO: Run Behavior\ContentReplaceBehavior [ RunTime:0.000695s ]
INFO: [ template_filter ] --END-- [ RunTime:0.001309s ]
NOTIC: [8] Use of undefined constant Index - assumed 'Index' D:\wamp\www\project\aoshi\Application\Runtime\Cache\Home\2a94b8bda04ff446dcedd42276fc99ee.php 第 48 行.
NOTIC: [8] Use of undefined constant index - assumed 'index' D:\wamp\www\project\aoshi\Application\Runtime\Cache\Home\2a94b8bda04ff446dcedd42276fc99ee.php 第 48 行.
NOTIC: [8] Use of undefined constant findjob - assumed 'findjob' D:\wamp\www\project\aoshi\Application\Runtime\Cache\Home\2a94b8bda04ff446dcedd42276fc99ee.php 第 50 行.
NOTIC: [8] Use of undefined constant News - assumed 'News' D:\wamp\www\project\aoshi\Application\Runtime\Cache\Home\2a94b8bda04ff446dcedd42276fc99ee.php 第 52 行.
INFO: Run Behavior\ParseTemplateBehavior [ RunTime:0.045420s ]
INFO: [ view_parse ] --END-- [ RunTime:0.046050s ]
INFO: [ view_filter ] --START--
INFO: Run Behavior\WriteHtmlCacheBehavior [ RunTime:0.001281s ]
INFO: [ view_filter ] --END-- [ RunTime:0.001903s ]
INFO: [ app_end ] --START--
INFO: Run Behavior\ShowPageTraceBehavior [ RunTime:0.002041s ]
INFO: [ app_end ] --END-- [ RunTime:0.002673s ]

[ 2017-01-06T09:04:33+08:00 ] ::1 /project/aoshi/index.php/Home/Index/findjob.html
INFO: [ app_init ] --START--
INFO: Run Behavior\BuildLiteBehavior [ RunTime:0.000124s ]
INFO: [ app_init ] --END-- [ RunTime:0.001607s ]
INFO: [ app_begin ] --START--
INFO: Run Behavior\ReadHtmlCacheBehavior [ RunTime:0.001624s ]
INFO: [ app_begin ] --END-- [ RunTime:0.002266s ]
SQL: SHOW COLUMNS FROM `job` [ RunTime:0.0087s ]
NOTIC: [8] Undefined index: key D:\wamp\www\project\aoshi\Application\Home\Controller\IndexController.class.php 第 55 行.
SQL: SELECT job.id,`job_name`,`money`,`company_name` FROM `job` INNER JOIN company on job.enterprise_id=company.enterprise_id   [ RunTime:0.0011s ]
INFO: [ view_parse ] --START--
INFO: [ template_filter ] --START--
INFO: Run Behavior\ContentReplaceBehavior [ RunTime:0.000478s ]
INFO: [ template_filter ] --END-- [ RunTime:0.001078s ]
NOTIC: [8] Use of undefined constant Index - assumed 'Index' D:\wamp\www\project\aoshi\Application\Runtime\Cache\Home\9eb018846b02df4b2c1ee814555f95e0.php 第 48 行.
NOTIC: [8] Use of undefined constant index - assumed 'index' D:\wamp\www\project\aoshi\Application\Runtime\Cache\Home\9eb018846b02df4b2c1ee814555f95e0.php 第 48 行.
NOTIC: [8] Use of undefined constant findjob - assumed 'findjob' D:\wamp\www\project\aoshi\Application\Runtime\Cache\Home\9eb018846b02df4b2c1ee814555f95e0.php 第 50 行.
NOTIC: [8] Use of undefined constant News - assumed 'News' D:\wamp\www\project\aoshi\Application\Runtime\Cache\Home\9eb018846b02df4b2c1ee814555f95e0.php 第 52 行.
NOTIC: [8] Undefined index: key D:\wamp\www\project\aoshi\Application\Runtime\Cache\Home\9eb018846b02df4b2c1ee814555f95e0.php 第 152 行.
NOTIC: [8] Undefined index: key D:\wamp\www\project\aoshi\Application\Runtime\Cache\Home\9eb018846b02df4b2c1ee814555f95e0.php 第 157 行.
INFO: Run Behavior\ParseTemplateBehavior [ RunTime:0.054755s ]
INFO: [ view_parse ] --END-- [ RunTime:0.055368s ]
INFO: [ view_filter ] --START--
INFO: Run Behavior\WriteHtmlCacheBehavior [ RunTime:0.000984s ]
INFO: [ view_filter ] --END-- [ RunTime:0.001523s ]
INFO: [ app_end ] --START--
INFO: Run Behavior\ShowPageTraceBehavior [ RunTime:0.001584s ]
INFO: [ app_end ] --END-- [ RunTime:0.002196s ]

[ 2017-01-06T09:04:36+08:00 ] ::1 /project/aoshi/index.php/Home/Index/jobdetail?value=JavaG%E7%A8%8B%E5%B8%88
INFO: [ app_init ] --START--
INFO: Run Behavior\BuildLiteBehavior [ RunTime:0.000113s ]
INFO: [ app_init ] --END-- [ RunTime:0.001507s ]
INFO: [ app_begin ] --START--
INFO: Run Behavior\ReadHtmlCacheBehavior [ RunTime:0.001585s ]
INFO: [ app_begin ] --END-- [ RunTime:0.002100s ]
SQL: SHOW COLUMNS FROM `job` [ RunTime:0.0276s ]
NOTIC: [8] Undefined index: key D:\wamp\www\project\aoshi\Application\Home\Controller\IndexController.class.php 第 92 行.
SQL: SELECT job.id,`job_name`,`money`,`job_require`,`job_describe`,job.add_time,`place`,`company_name` FROM `job` INNER JOIN company on job.enterprise_id=company.enterprise_id  WHERE ( job.id=14 )  [ RunTime:0.0011s ]
INFO: [ view_parse ] --START--
INFO: [ template_filter ] --START--
INFO: Run Behavior\ContentReplaceBehavior [ RunTime:0.000469s ]
INFO: [ template_filter ] --END-- [ RunTime:0.000963s ]

[ 2017-01-06T09:04:36+08:00 ] ::1 /project/aoshi/index.php/Home/Index/jobdetail
INFO: [ app_init ] --START--
INFO: Run Behavior\BuildLiteBehavior [ RunTime:0.000127s ]
INFO: [ app_init ] --END-- [ RunTime:0.001604s ]
INFO: [ app_begin ] --START--
INFO: Run Behavior\ReadHtmlCacheBehavior [ RunTime:0.001804s ]
INFO: [ app_begin ] --END-- [ RunTime:0.002373s ]
SQL: SHOW COLUMNS FROM `job` [ RunTime:0.0362s ]
NOTIC: [8] Undefined index: key D:\wamp\www\project\aoshi\Application\Home\Controller\IndexController.class.php 第 92 行.
NOTIC: [8] Undefined index: value D:\wamp\www\project\aoshi\Application\Home\Controller\IndexController.class.php 第 108 行.
SQL: SELECT job.id,`job_name`,`money`,`job_require`,`job_describe`,job.add_time,`place`,`company_name` FROM `job` INNER JOIN company on job.enterprise_id=company.enterprise_id  WHERE ( job.id=14 )  [ RunTime:0.0010s ]
INFO: [ view_parse ] --START--
INFO: [ template_filter ] --START--
INFO: Run Behavior\ContentReplaceBehavior [ RunTime:0.000442s ]
INFO: [ template_filter ] --END-- [ RunTime:0.001013s ]

[ 2017-01-06T09:05:14+08:00 ] ::1 /project/aoshi/index.php/Home/Index/jobdetail
INFO: [ app_init ] --START--
INFO: Run Behavior\BuildLiteBehavior [ RunTime:0.000130s ]
INFO: [ app_init ] --END-- [ RunTime:0.001753s ]
INFO: [ app_begin ] --START--
INFO: Run Behavior\ReadHtmlCacheBehavior [ RunTime:0.001602s ]
INFO: [ app_begin ] --END-- [ RunTime:0.002217s ]
SQL: SHOW COLUMNS FROM `job` [ RunTime:0.0077s ]
NOTIC: [8] Undefined index: key D:\wamp\www\project\aoshi\Application\Home\Controller\IndexController.class.php 第 92 行.
NOTIC: [8] Undefined index: value D:\wamp\www\project\aoshi\Application\Home\Controller\IndexController.class.php 第 108 行.
SQL: SELECT job.id,`job_name`,`money`,`job_require`,`job_describe`,job.add_time,`place`,`company_name` FROM `job` INNER JOIN company on job.enterprise_id=company.enterprise_id  WHERE ( job.id=14 )  [ RunTime:0.0010s ]
INFO: [ view_parse ] --START--
INFO: [ template_filter ] --START--
INFO: Run Behavior\ContentReplaceBehavior [ RunTime:0.000462s ]
INFO: [ template_filter ] --END-- [ RunTime:0.000963s ]
NOTIC: [8] Use of undefined constant Index - assumed 'Index' D:\wamp\www\project\aoshi\Application\Runtime\Cache\Home\007fb4cccff358ee5be1b1d01bb504b9.php 第 48 行.
NOTIC: [8] Use of undefined constant index - assumed 'index' D:\wamp\www\project\aoshi\Application\Runtime\Cache\Home\007fb4cccff358ee5be1b1d01bb504b9.php 第 48 行.
NOTIC: [8] Use of undefined constant findjob - assumed 'findjob' D:\wamp\www\project\aoshi\Application\Runtime\Cache\Home\007fb4cccff358ee5be1b1d01bb504b9.php 第 50 行.
NOTIC: [8] Use of undefined constant News - assumed 'News' D:\wamp\www\project\aoshi\Application\Runtime\Cache\Home\007fb4cccff358ee5be1b1d01bb504b9.php 第 52 行.
NOTIC: [8] Use of undefined constant job_name - assumed 'job_name' D:\wamp\www\project\aoshi\Application\Runtime\Cache\Home\007fb4cccff358ee5be1b1d01bb504b9.php 第 137 行.
NOTIC: [8] Use of undefined constant money - assumed 'money' D:\wamp\www\project\aoshi\Application\Runtime\Cache\Home\007fb4cccff358ee5be1b1d01bb504b9.php 第 138 行.
NOTIC: [8] Use of undefined constant add_time - assumed 'add_time' D:\wamp\www\project\aoshi\Application\Runtime\Cache\Home\007fb4cccff358ee5be1b1d01bb504b9.php 第 149 行.
NOTIC: [8] Use of undefined constant company_name - assumed 'company_name' D:\wamp\www\project\aoshi\Application\Runtime\Cache\Home\007fb4cccff358ee5be1b1d01bb504b9.php 第 158 行.
NOTIC: [8] Use of undefined constant job_describe - assumed 'job_describe' D:\wamp\www\project\aoshi\Application\Runtime\Cache\Home\007fb4cccff358ee5be1b1d01bb504b9.php 第 166 行.
NOTIC: [8] Use of undefined constant job_require - assumed 'job_require' D:\wamp\www\project\aoshi\Application\Runtime\Cache\Home\007fb4cccff358ee5be1b1d01bb504b9.php 第 168 行.
NOTIC: [8] Use of undefined constant place - assumed 'place' D:\wamp\www\project\aoshi\Application\Runtime\Cache\Home\007fb4cccff358ee5be1b1d01bb504b9.php 第 170 行.
INFO: Run Behavior\ParseTemplateBehavior [ RunTime:0.041785s ]
INFO: [ view_parse ] --END-- [ RunTime:0.042310s ]
INFO: [ view_filter ] --START--
INFO: Run Behavior\WriteHtmlCacheBehavior [ RunTime:0.000838s ]
INFO: [ view_filter ] --END-- [ RunTime:0.001368s ]
INFO: [ app_end ] --START--
INFO: Run Behavior\ShowPageTraceBehavior [ RunTime:0.001492s ]
INFO: [ app_end ] --END-- [ RunTime:0.002066s ]

[ 2017-01-06T09:05:31+08:00 ] ::1 /project/aoshi/index.php/Home/Index/findjob.html
INFO: [ app_init ] --START--
INFO: Run Behavior\BuildLiteBehavior [ RunTime:0.000069s ]
INFO: [ app_init ] --END-- [ RunTime:0.001076s ]
INFO: [ app_begin ] --START--
INFO: Run Behavior\ReadHtmlCacheBehavior [ RunTime:0.001536s ]
INFO: [ app_begin ] --END-- [ RunTime:0.002096s ]
SQL: SHOW COLUMNS FROM `job` [ RunTime:0.0124s ]
NOTIC: [8] Undefined index: key D:\wamp\www\project\aoshi\Application\Home\Controller\IndexController.class.php 第 55 行.
SQL: SELECT job.id,`job_name`,`money`,`company_name` FROM `job` INNER JOIN company on job.enterprise_id=company.enterprise_id   [ RunTime:0.0010s ]
INFO: [ view_parse ] --START--
INFO: [ template_filter ] --START--
INFO: Run Behavior\ContentReplaceBehavior [ RunTime:0.000352s ]
INFO: [ template_filter ] --END-- [ RunTime:0.000823s ]
NOTIC: [8] Use of undefined constant Index - assumed 'Index' D:\wamp\www\project\aoshi\Application\Runtime\Cache\Home\9eb018846b02df4b2c1ee814555f95e0.php 第 48 行.
NOTIC: [8] Use of undefined constant index - assumed 'index' D:\wamp\www\project\aoshi\Application\Runtime\Cache\Home\9eb018846b02df4b2c1ee814555f95e0.php 第 48 行.
NOTIC: [8] Use of undefined constant findjob - assumed 'findjob' D:\wamp\www\project\aoshi\Application\Runtime\Cache\Home\9eb018846b02df4b2c1ee814555f95e0.php 第 50 行.
NOTIC: [8] Use of undefined constant News - assumed 'News' D:\wamp\www\project\aoshi\Application\Runtime\Cache\Home\9eb018846b02df4b2c1ee814555f95e0.php 第 52 行.
NOTIC: [8] Undefined index: key D:\wamp\www\project\aoshi\Application\Runtime\Cache\Home\9eb018846b02df4b2c1ee814555f95e0.php 第 152 行.
NOTIC: [8] Undefined index: key D:\wamp\www\project\aoshi\Application\Runtime\Cache\Home\9eb018846b02df4b2c1ee814555f95e0.php 第 157 行.
INFO: Run Behavior\ParseTemplateBehavior [ RunTime:0.049544s ]
INFO: [ view_parse ] --END-- [ RunTime:0.050115s ]
INFO: [ view_filter ] --START--
INFO: Run Behavior\WriteHtmlCacheBehavior [ RunTime:0.000914s ]
INFO: [ view_filter ] --END-- [ RunTime:0.001488s ]
INFO: [ app_end ] --START--
INFO: Run Behavior\ShowPageTraceBehavior [ RunTime:0.001585s ]
INFO: [ app_end ] --END-- [ RunTime:0.002164s ]

[ 2017-01-06T09:07:33+08:00 ] ::1 /project/aoshi/index.php/Home/Index/findjob.html
INFO: [ app_init ] --START--
INFO: Run Behavior\BuildLiteBehavior [ RunTime:0.000129s ]
INFO: [ app_init ] --END-- [ RunTime:0.002063s ]
INFO: [ app_begin ] --START--
INFO: Run Behavior\ReadHtmlCacheBehavior [ RunTime:0.001381s ]
INFO: [ app_begin ] --END-- [ RunTime:0.001794s ]
SQL: SHOW COLUMNS FROM `job` [ RunTime:0.0093s ]
NOTIC: [8] Undefined index: key D:\wamp\www\project\aoshi\Application\Home\Controller\IndexController.class.php 第 55 行.
SQL: SELECT job.id,`job_name`,`money`,`company_name` FROM `job` INNER JOIN company on job.enterprise_id=company.enterprise_id   [ RunTime:0.0014s ]
INFO: [ view_parse ] --START--
INFO: [ template_filter ] --START--
INFO: Run Behavior\ContentReplaceBehavior [ RunTime:0.000300s ]
INFO: [ template_filter ] --END-- [ RunTime:0.000616s ]
NOTIC: [8] Use of undefined constant Index - assumed 'Index' D:\wamp\www\project\aoshi\Application\Runtime\Cache\Home\9eb018846b02df4b2c1ee814555f95e0.php 第 48 行.
NOTIC: [8] Use of undefined constant index - assumed 'index' D:\wamp\www\project\aoshi\Application\Runtime\Cache\Home\9eb018846b02df4b2c1ee814555f95e0.php 第 48 行.
NOTIC: [8] Use of undefined constant findjob - assumed 'findjob' D:\wamp\www\project\aoshi\Application\Runtime\Cache\Home\9eb018846b02df4b2c1ee814555f95e0.php 第 50 行.
NOTIC: [8] Use of undefined constant News - assumed 'News' D:\wamp\www\project\aoshi\Application\Runtime\Cache\Home\9eb018846b02df4b2c1ee814555f95e0.php 第 52 行.
NOTIC: [8] Undefined index: key D:\wamp\www\project\aoshi\Application\Runtime\Cache\Home\9eb018846b02df4b2c1ee814555f95e0.php 第 152 行.
NOTIC: [8] Undefined index: key D:\wamp\www\project\aoshi\Application\Runtime\Cache\Home\9eb018846b02df4b2c1ee814555f95e0.php 第 157 行.
INFO: Run Behavior\ParseTemplateBehavior [ RunTime:0.052814s ]
INFO: [ view_parse ] --END-- [ RunTime:0.053282s ]
INFO: [ view_filter ] --START--
INFO: Run Behavior\WriteHtmlCacheBehavior [ RunTime:0.000868s ]
INFO: [ view_filter ] --END-- [ RunTime:0.001163s ]
INFO: [ app_end ] --START--
INFO: Run Behavior\ShowPageTraceBehavior [ RunTime:0.001668s ]
INFO: [ app_end ] --END-- [ RunTime:0.002146s ]

[ 2017-01-06T09:07:39+08:00 ] ::1 /project/aoshi/index.php/Home/Index/jobdetail?value=%E9%98%BF%E9%87%8C%E5%B7%B4%E5%B7%B4%E6%95%B0%E6%8D%AE%E5%88%86%E6%9E%90%E5%B8%88
INFO: [ app_init ] --START--
INFO: Run Behavior\BuildLiteBehavior [ RunTime:0.000102s ]
INFO: [ app_init ] --END-- [ RunTime:0.001435s ]
INFO: [ app_begin ] --START--
INFO: Run Behavior\ReadHtmlCacheBehavior [ RunTime:0.001277s ]
INFO: [ app_begin ] --END-- [ RunTime:0.001643s ]
SQL: SHOW COLUMNS FROM `job` [ RunTime:0.0082s ]
NOTIC: [8] Undefined index: key D:\wamp\www\project\aoshi\Application\Home\Controller\IndexController.class.php 第 92 行.
SQL: SELECT job.id,`job_name`,`money`,`job_require`,`job_describe`,job.add_time,`place`,`company_name` FROM `job` INNER JOIN company on job.enterprise_id=company.enterprise_id  WHERE ( job.id=14 )  [ RunTime:0.0008s ]
INFO: [ view_parse ] --START--
INFO: [ template_filter ] --START--
INFO: Run Behavior\ContentReplaceBehavior [ RunTime:0.000308s ]
INFO: [ template_filter ] --END-- [ RunTime:0.000606s ]
NOTIC: [8] Use of undefined constant Index - assumed 'Index' D:\wamp\www\project\aoshi\Application\Runtime\Cache\Home\007fb4cccff358ee5be1b1d01bb504b9.php 第 48 行.
NOTIC: [8] Use of undefined constant index - assumed 'index' D:\wamp\www\project\aoshi\Application\Runtime\Cache\Home\007fb4cccff358ee5be1b1d01bb504b9.php 第 48 行.
NOTIC: [8] Use of undefined constant findjob - assumed 'findjob' D:\wamp\www\project\aoshi\Application\Runtime\Cache\Home\007fb4cccff358ee5be1b1d01bb504b9.php 第 50 行.
NOTIC: [8] Use of undefined constant News - assumed 'News' D:\wamp\www\project\aoshi\Application\Runtime\Cache\Home\007fb4cccff358ee5be1b1d01bb504b9.php 第 52 行.
NOTIC: [8] Use of undefined constant job_name - assumed 'job_name' D:\wamp\www\project\aoshi\Application\Runtime\Cache\Home\007fb4cccff358ee5be1b1d01bb504b9.php 第 137 行.
NOTIC: [8] Use of undefined constant money - assumed 'money' D:\wamp\www\project\aoshi\Application\Runtime\Cache\Home\007fb4cccff358ee5be1b1d01bb504b9.php 第 138 行.
NOTIC: [8] Use of undefined constant add_time - assumed 'add_time' D:\wamp\www\project\aoshi\Application\Runtime\Cache\Home\007fb4cccff358ee5be1b1d01bb504b9.php 第 149 行.
NOTIC: [8] Use of undefined constant company_name - assumed 'company_name' D:\wamp\www\project\aoshi\Application\Runtime\Cache\Home\007fb4cccff358ee5be1b1d01bb504b9.php 第 158 行.
NOTIC: [8] Use of undefined constant job_describe - assumed 'job_describe' D:\wamp\www\project\aoshi\Application\Runtime\Cache\Home\007fb4cccff358ee5be1b1d01bb504b9.php 第 166 行.
NOTIC: [8] Use of undefined constant job_require - assumed 'job_require' D:\wamp\www\project\aoshi\Application\Runtime\Cache\Home\007fb4cccff358ee5be1b1d01bb504b9.php 第 168 行.
NOTIC: [8] Use of undefined constant place - assumed 'place' D:\wamp\www\project\aoshi\Application\Runtime\Cache\Home\007fb4cccff358ee5be1b1d01bb504b9.php 第 170 行.
INFO: Run Behavior\ParseTemplateBehavior [ RunTime:0.038534s ]
INFO: [ view_parse ] --END-- [ RunTime:0.038971s ]
INFO: [ view_filter ] --START--
INFO: Run Behavior\WriteHtmlCacheBehavior [ RunTime:0.000911s ]
INFO: [ view_filter ] --END-- [ RunTime:0.001364s ]
INFO: [ app_end ] --START--
INFO: Run Behavior\ShowPageTraceBehavior [ RunTime:0.001035s ]
INFO: [ app_end ] --END-- [ RunTime:0.001373s ]

[ 2017-01-06T09:07:39+08:00 ] ::1 /project/aoshi/index.php/Home/Index/jobdetail
INFO: [ app_init ] --START--
INFO: Run Behavior\BuildLiteBehavior [ RunTime:0.000134s ]
INFO: [ app_init ] --END-- [ RunTime:0.001602s ]
INFO: [ app_begin ] --START--
INFO: Run Behavior\ReadHtmlCacheBehavior [ RunTime:0.001544s ]
INFO: [ app_begin ] --END-- [ RunTime:0.002154s ]
SQL: SHOW COLUMNS FROM `job` [ RunTime:0.0087s ]
NOTIC: [8] Undefined index: key D:\wamp\www\project\aoshi\Application\Home\Controller\IndexController.class.php 第 92 行.
NOTIC: [8] Undefined index: value D:\wamp\www\project\aoshi\Application\Home\Controller\IndexController.class.php 第 108 行.
SQL: SELECT job.id,`job_name`,`money`,`job_require`,`job_describe`,job.add_time,`place`,`company_name` FROM `job` INNER JOIN company on job.enterprise_id=company.enterprise_id  WHERE ( job.id=14 )  [ RunTime:0.0012s ]
INFO: [ view_parse ] --START--
INFO: [ template_filter ] --START--
INFO: Run Behavior\ContentReplaceBehavior [ RunTime:0.000347s ]
INFO: [ template_filter ] --END-- [ RunTime:0.000689s ]
NOTIC: [8] Use of undefined constant Index - assumed 'Index' D:\wamp\www\project\aoshi\Application\Runtime\Cache\Home\007fb4cccff358ee5be1b1d01bb504b9.php 第 48 行.
NOTIC: [8] Use of undefined constant index - assumed 'index' D:\wamp\www\project\aoshi\Application\Runtime\Cache\Home\007fb4cccff358ee5be1b1d01bb504b9.php 第 48 行.
NOTIC: [8] Use of undefined constant findjob - assumed 'findjob' D:\wamp\www\project\aoshi\Application\Runtime\Cache\Home\007fb4cccff358ee5be1b1d01bb504b9.php 第 50 行.
NOTIC: [8] Use of undefined constant News - assumed 'News' D:\wamp\www\project\aoshi\Application\Runtime\Cache\Home\007fb4cccff358ee5be1b1d01bb504b9.php 第 52 行.
NOTIC: [8] Use of undefined constant job_name - assumed 'job_name' D:\wamp\www\project\aoshi\Application\Runtime\Cache\Home\007fb4cccff358ee5be1b1d01bb504b9.php 第 137 行.
NOTIC: [8] Use of undefined constant money - assumed 'money' D:\wamp\www\project\aoshi\Application\Runtime\Cache\Home\007fb4cccff358ee5be1b1d01bb504b9.php 第 138 行.
NOTIC: [8] Use of undefined constant add_time - assumed 'add_time' D:\wamp\www\project\aoshi\Application\Runtime\Cache\Home\007fb4cccff358ee5be1b1d01bb504b9.php 第 149 行.
NOTIC: [8] Use of undefined constant company_name - assumed 'company_name' D:\wamp\www\project\aoshi\Application\Runtime\Cache\Home\007fb4cccff358ee5be1b1d01bb504b9.php 第 158 行.
NOTIC: [8] Use of undefined constant job_describe - assumed 'job_describe' D:\wamp\www\project\aoshi\Application\Runtime\Cache\Home\007fb4cccff358ee5be1b1d01bb504b9.php 第 166 行.
NOTIC: [8] Use of undefined constant job_require - assumed 'job_require' D:\wamp\www\project\aoshi\Application\Runtime\Cache\Home\007fb4cccff358ee5be1b1d01bb504b9.php 第 168 行.
NOTIC: [8] Use of undefined constant place - assumed 'place' D:\wamp\www\project\aoshi\Application\Runtime\Cache\Home\007fb4cccff358ee5be1b1d01bb504b9.php 第 170 行.
INFO: Run Behavior\ParseTemplateBehavior [ RunTime:0.046315s ]
INFO: [ view_parse ] --END-- [ RunTime:0.046969s ]
INFO: [ view_filter ] --START--
INFO: Run Behavior\WriteHtmlCacheBehavior [ RunTime:0.000898s ]
INFO: [ view_filter ] --END-- [ RunTime:0.001341s ]
INFO: [ app_end ] --START--
INFO: Run Behavior\ShowPageTraceBehavior [ RunTime:0.001461s ]
INFO: [ app_end ] --END-- [ RunTime:0.001981s ]

[ 2017-01-06T09:08:02+08:00 ] ::1 /project/aoshi/index.php/Home/Index/jobdetail
INFO: [ app_init ] --START--
INFO: Run Behavior\BuildLiteBehavior [ RunTime:0.000063s ]
INFO: [ app_init ] --END-- [ RunTime:0.000935s ]
INFO: [ app_begin ] --START--
INFO: Run Behavior\ReadHtmlCacheBehavior [ RunTime:0.001009s ]
INFO: [ app_begin ] --END-- [ RunTime:0.001339s ]
SQL: SHOW COLUMNS FROM `job` [ RunTime:0.0103s ]
NOTIC: [8] Undefined index: key D:\wamp\www\project\aoshi\Application\Home\Controller\IndexController.class.php 第 92 行.
NOTIC: [8] Undefined index: value D:\wamp\www\project\aoshi\Application\Home\Controller\IndexController.class.php 第 108 行.
SQL: SELECT job.id,`job_name`,`money`,`job_require`,`job_describe`,job.add_time,`place`,`company_name` FROM `job` INNER JOIN company on job.enterprise_id=company.enterprise_id  WHERE ( job.id=14 )  [ RunTime:0.0006s ]
INFO: [ view_parse ] --START--
INFO: [ template_filter ] --START--
INFO: Run Behavior\ContentReplaceBehavior [ RunTime:0.000285s ]
INFO: [ template_filter ] --END-- [ RunTime:0.000596s ]
NOTIC: [8] Use of undefined constant Index - assumed 'Index' D:\wamp\www\project\aoshi\Application\Runtime\Cache\Home\007fb4cccff358ee5be1b1d01bb504b9.php 第 48 行.
NOTIC: [8] Use of undefined constant index - assumed 'index' D:\wamp\www\project\aoshi\Application\Runtime\Cache\Home\007fb4cccff358ee5be1b1d01bb504b9.php 第 48 行.
NOTIC: [8] Use of undefined constant findjob - assumed 'findjob' D:\wamp\www\project\aoshi\Application\Runtime\Cache\Home\007fb4cccff358ee5be1b1d01bb504b9.php 第 50 行.
NOTIC: [8] Use of undefined constant News - assumed 'News' D:\wamp\www\project\aoshi\Application\Runtime\Cache\Home\007fb4cccff358ee5be1b1d01bb504b9.php 第 52 行.
NOTIC: [8] Use of undefined constant job_name - assumed 'job_name' D:\wamp\www\project\aoshi\Application\Runtime\Cache\Home\007fb4cccff358ee5be1b1d01bb504b9.php 第 137 行.
NOTIC: [8] Use of undefined constant money - assumed 'money' D:\wamp\www\project\aoshi\Application\Runtime\Cache\Home\007fb4cccff358ee5be1b1d01bb504b9.php 第 138 行.
NOTIC: [8] Use of undefined constant add_time - assumed 'add_time' D:\wamp\www\project\aoshi\Application\Runtime\Cache\Home\007fb4cccff358ee5be1b1d01bb504b9.php 第 149 行.
NOTIC: [2] date() expects parameter 2 to be long, string given D:\wamp\www\project\aoshi\Application\Runtime\Cache\Home\007fb4cccff358ee5be1b1d01bb504b9.php 第 149 行.
NOTIC: [8] Use of undefined constant company_name - assumed 'company_name' D:\wamp\www\project\aoshi\Application\Runtime\Cache\Home\007fb4cccff358ee5be1b1d01bb504b9.php 第 158 行.
NOTIC: [8] Use of undefined constant job_describe - assumed 'job_describe' D:\wamp\www\project\aoshi\Application\Runtime\Cache\Home\007fb4cccff358ee5be1b1d01bb504b9.php 第 166 行.
NOTIC: [8] Use of undefined constant job_require - assumed 'job_require' D:\wamp\www\project\aoshi\Application\Runtime\Cache\Home\007fb4cccff358ee5be1b1d01bb504b9.php 第 168 行.
NOTIC: [8] Use of undefined constant place - assumed 'place' D:\wamp\www\project\aoshi\Application\Runtime\Cache\Home\007fb4cccff358ee5be1b1d01bb504b9.php 第 170 行.
INFO: Run Behavior\ParseTemplateBehavior [ RunTime:0.102334s ]
INFO: [ view_parse ] --END-- [ RunTime:0.102877s ]
INFO: [ view_filter ] --START--
INFO: Run Behavior\WriteHtmlCacheBehavior [ RunTime:0.000945s ]
INFO: [ view_filter ] --END-- [ RunTime:0.001531s ]
INFO: [ app_end ] --START--
INFO: Run Behavior\ShowPageTraceBehavior [ RunTime:0.001053s ]
INFO: [ app_end ] --END-- [ RunTime:0.001457s ]

[ 2017-01-06T09:08:18+08:00 ] ::1 /project/aoshi/index.php/Home/Index/jobdetail
INFO: [ app_init ] --START--
INFO: Run Behavior\BuildLiteBehavior [ RunTime:0.000109s ]
INFO: [ app_init ] --END-- [ RunTime:0.001488s ]
INFO: [ app_begin ] --START--
INFO: Run Behavior\ReadHtmlCacheBehavior [ RunTime:0.001032s ]
INFO: [ app_begin ] --END-- [ RunTime:0.001348s ]
SQL: SHOW COLUMNS FROM `job` [ RunTime:0.0110s ]
NOTIC: [8] Undefined index: key D:\wamp\www\project\aoshi\Application\Home\Controller\IndexController.class.php 第 92 行.
NOTIC: [8] Undefined index: value D:\wamp\www\project\aoshi\Application\Home\Controller\IndexController.class.php 第 108 行.
SQL: SELECT job.id,`job_name`,`money`,`job_require`,`job_describe`,job.add_time,`place`,`company_name` FROM `job` INNER JOIN company on job.enterprise_id=company.enterprise_id  WHERE ( job.id=14 )  [ RunTime:0.0010s ]
INFO: [ view_parse ] --START--
INFO: [ template_filter ] --START--
INFO: Run Behavior\ContentReplaceBehavior [ RunTime:0.000302s ]
INFO: [ template_filter ] --END-- [ RunTime:0.000629s ]
NOTIC: [8] Use of undefined constant Index - assumed 'Index' D:\wamp\www\project\aoshi\Application\Runtime\Cache\Home\007fb4cccff358ee5be1b1d01bb504b9.php 第 48 行.
NOTIC: [8] Use of undefined constant index - assumed 'index' D:\wamp\www\project\aoshi\Application\Runtime\Cache\Home\007fb4cccff358ee5be1b1d01bb504b9.php 第 48 行.
NOTIC: [8] Use of undefined constant findjob - assumed 'findjob' D:\wamp\www\project\aoshi\Application\Runtime\Cache\Home\007fb4cccff358ee5be1b1d01bb504b9.php 第 50 行.
NOTIC: [8] Use of undefined constant News - assumed 'News' D:\wamp\www\project\aoshi\Application\Runtime\Cache\Home\007fb4cccff358ee5be1b1d01bb504b9.php 第 52 行.
NOTIC: [8] Use of undefined constant job_name - assumed 'job_name' D:\wamp\www\project\aoshi\Application\Runtime\Cache\Home\007fb4cccff358ee5be1b1d01bb504b9.php 第 137 行.
NOTIC: [8] Use of undefined constant money - assumed 'money' D:\wamp\www\project\aoshi\Application\Runtime\Cache\Home\007fb4cccff358ee5be1b1d01bb504b9.php 第 138 行.
NOTIC: [8] Use of undefined constant add_time - assumed 'add_time' D:\wamp\www\project\aoshi\Application\Runtime\Cache\Home\007fb4cccff358ee5be1b1d01bb504b9.php 第 149 行.
NOTIC: [8] Use of undefined constant company_name - assumed 'company_name' D:\wamp\www\project\aoshi\Application\Runtime\Cache\Home\007fb4cccff358ee5be1b1d01bb504b9.php 第 158 行.
NOTIC: [8] Use of undefined constant job_describe - assumed 'job_describe' D:\wamp\www\project\aoshi\Application\Runtime\Cache\Home\007fb4cccff358ee5be1b1d01bb504b9.php 第 166 行.
NOTIC: [8] Use of undefined constant job_require - assumed 'job_require' D:\wamp\www\project\aoshi\Application\Runtime\Cache\Home\007fb4cccff358ee5be1b1d01bb504b9.php 第 168 行.
NOTIC: [8] Use of undefined constant place - assumed 'place' D:\wamp\www\project\aoshi\Application\Runtime\Cache\Home\007fb4cccff358ee5be1b1d01bb504b9.php 第 170 行.
INFO: Run Behavior\ParseTemplateBehavior [ RunTime:0.033640s ]
INFO: [ view_parse ] --END-- [ RunTime:0.034137s ]
INFO: [ view_filter ] --START--
INFO: Run Behavior\WriteHtmlCacheBehavior [ RunTime:0.000960s ]
INFO: [ view_filter ] --END-- [ RunTime:0.001527s ]
INFO: [ app_end ] --START--
INFO: Run Behavior\ShowPageTraceBehavior [ RunTime:0.001084s ]
INFO: [ app_end ] --END-- [ RunTime:0.001397s ]

[ 2017-01-06T09:08:53+08:00 ] ::1 /project/aoshi/index.php/Home/Index/jobdetail
INFO: [ app_init ] --START--
INFO: Run Behavior\BuildLiteBehavior [ RunTime:0.000075s ]
INFO: [ app_init ] --END-- [ RunTime:0.000987s ]
INFO: [ app_begin ] --START--
INFO: Run Behavior\ReadHtmlCacheBehavior [ RunTime:0.001144s ]
INFO: [ app_begin ] --END-- [ RunTime:0.001568s ]
SQL: SHOW COLUMNS FROM `job` [ RunTime:0.0074s ]
NOTIC: [8] Undefined index: key D:\wamp\www\project\aoshi\Application\Home\Controller\IndexController.class.php 第 92 行.
NOTIC: [8] Undefined index: value D:\wamp\www\project\aoshi\Application\Home\Controller\IndexController.class.php 第 108 行.
SQL: SELECT job.id,`job_name`,`money`,`job_require`,`job_describe`,job.add_time,`place`,`company_name` FROM `job` INNER JOIN company on job.enterprise_id=company.enterprise_id  WHERE ( job.id=14 )  [ RunTime:0.0007s ]
INFO: [ view_parse ] --START--
INFO: [ template_filter ] --START--
INFO: Run Behavior\ContentReplaceBehavior [ RunTime:0.000290s ]
INFO: [ template_filter ] --END-- [ RunTime:0.000603s ]
NOTIC: [8] Use of undefined constant Index - assumed 'Index' D:\wamp\www\project\aoshi\Application\Runtime\Cache\Home\007fb4cccff358ee5be1b1d01bb504b9.php 第 48 行.
NOTIC: [8] Use of undefined constant index - assumed 'index' D:\wamp\www\project\aoshi\Application\Runtime\Cache\Home\007fb4cccff358ee5be1b1d01bb504b9.php 第 48 行.
NOTIC: [8] Use of undefined constant findjob - assumed 'findjob' D:\wamp\www\project\aoshi\Application\Runtime\Cache\Home\007fb4cccff358ee5be1b1d01bb504b9.php 第 50 行.
NOTIC: [8] Use of undefined constant News - assumed 'News' D:\wamp\www\project\aoshi\Application\Runtime\Cache\Home\007fb4cccff358ee5be1b1d01bb504b9.php 第 52 行.
NOTIC: [8] Use of undefined constant job_name - assumed 'job_name' D:\wamp\www\project\aoshi\Application\Runtime\Cache\Home\007fb4cccff358ee5be1b1d01bb504b9.php 第 137 行.
NOTIC: [8] Use of undefined constant money - assumed 'money' D:\wamp\www\project\aoshi\Application\Runtime\Cache\Home\007fb4cccff358ee5be1b1d01bb504b9.php 第 138 行.
NOTIC: [8] Use of undefined constant add_time - assumed 'add_time' D:\wamp\www\project\aoshi\Application\Runtime\Cache\Home\007fb4cccff358ee5be1b1d01bb504b9.php 第 149 行.
NOTIC: [8] Use of undefined constant company_name - assumed 'company_name' D:\wamp\www\project\aoshi\Application\Runtime\Cache\Home\007fb4cccff358ee5be1b1d01bb504b9.php 第 158 行.
NOTIC: [8] Use of undefined constant job_describe - assumed 'job_describe' D:\wamp\www\project\aoshi\Application\Runtime\Cache\Home\007fb4cccff358ee5be1b1d01bb504b9.php 第 166 行.
NOTIC: [8] Use of undefined constant job_require - assumed 'job_require' D:\wamp\www\project\aoshi\Application\Runtime\Cache\Home\007fb4cccff358ee5be1b1d01bb504b9.php 第 168 行.
NOTIC: [8] Use of undefined constant place - assumed 'place' D:\wamp\www\project\aoshi\Application\Runtime\Cache\Home\007fb4cccff358ee5be1b1d01bb504b9.php 第 170 行.
INFO: Run Behavior\ParseTemplateBehavior [ RunTime:0.036528s ]
INFO: [ view_parse ] --END-- [ RunTime:0.036984s ]
INFO: [ view_filter ] --START--
INFO: Run Behavior\WriteHtmlCacheBehavior [ RunTime:0.000932s ]
INFO: [ view_filter ] --END-- [ RunTime:0.001521s ]
INFO: [ app_end ] --START--
INFO: Run Behavior\ShowPageTraceBehavior [ RunTime:0.001557s ]
INFO: [ app_end ] --END-- [ RunTime:0.002157s ]

[ 2017-01-06T15:18:38+08:00 ] 127.0.0.1 /project/aoshi/
INFO: [ app_init ] --START--
INFO: Run Behavior\BuildLiteBehavior [ RunTime:0.000115s ]
INFO: [ app_init ] --END-- [ RunTime:0.001981s ]
INFO: [ app_begin ] --START--
INFO: Run Behavior\ReadHtmlCacheBehavior [ RunTime:0.001926s ]
INFO: [ app_begin ] --END-- [ RunTime:0.002592s ]
SQL: SHOW COLUMNS FROM `job` [ RunTime:0.0109s ]
NOTIC: [8] Undefined index: key D:\wamp\www\project\aoshi\Application\Home\Controller\IndexController.class.php 第 17 行.
SQL: SELECT job.id,`job_name`,`money`,`company_name` FROM `job` INNER JOIN company on job.enterprise_id=company.enterprise_id   [ RunTime:0.0017s ]
INFO: [ view_parse ] --START--
INFO: [ template_filter ] --START--
INFO: Run Behavior\ContentReplaceBehavior [ RunTime:0.000652s ]
INFO: [ template_filter ] --END-- [ RunTime:0.001253s ]
NOTIC: [8] Use of undefined constant Index - assumed 'Index' D:\wamp\www\project\aoshi\Application\Runtime\Cache\Home\2a94b8bda04ff446dcedd42276fc99ee.php 第 48 行.
NOTIC: [8] Use of undefined constant index - assumed 'index' D:\wamp\www\project\aoshi\Application\Runtime\Cache\Home\2a94b8bda04ff446dcedd42276fc99ee.php 第 48 行.
NOTIC: [8] Use of undefined constant findjob - assumed 'findjob' D:\wamp\www\project\aoshi\Application\Runtime\Cache\Home\2a94b8bda04ff446dcedd42276fc99ee.php 第 50 行.
NOTIC: [8] Use of undefined constant News - assumed 'News' D:\wamp\www\project\aoshi\Application\Runtime\Cache\Home\2a94b8bda04ff446dcedd42276fc99ee.php 第 52 行.
INFO: Run Behavior\ParseTemplateBehavior [ RunTime:0.040557s ]
INFO: [ view_parse ] --END-- [ RunTime:0.041178s ]
INFO: [ view_filter ] --START--
INFO: Run Behavior\WriteHtmlCacheBehavior [ RunTime:0.001201s ]
INFO: [ view_filter ] --END-- [ RunTime:0.001769s ]
INFO: [ app_end ] --START--
INFO: Run Behavior\ShowPageTraceBehavior [ RunTime:0.001878s ]
INFO: [ app_end ] --END-- [ RunTime:0.002533s ]

[ 2017-01-06T15:18:41+08:00 ] 127.0.0.1 /project/aoshi/index.php/Home/Index/findjob.html
INFO: [ app_init ] --START--
INFO: Run Behavior\BuildLiteBehavior [ RunTime:0.000125s ]
INFO: [ app_init ] --END-- [ RunTime:0.001614s ]
INFO: [ app_begin ] --START--
INFO: Run Behavior\ReadHtmlCacheBehavior [ RunTime:0.001850s ]
INFO: [ app_begin ] --END-- [ RunTime:0.002477s ]
SQL: SHOW COLUMNS FROM `job` [ RunTime:0.0125s ]
NOTIC: [8] Undefined index: key D:\wamp\www\project\aoshi\Application\Home\Controller\IndexController.class.php 第 55 行.
SQL: SELECT job.id,`job_name`,`money`,`company_name` FROM `job` INNER JOIN company on job.enterprise_id=company.enterprise_id   [ RunTime:0.0011s ]
INFO: [ view_parse ] --START--
INFO: [ template_filter ] --START--
INFO: Run Behavior\ContentReplaceBehavior [ RunTime:0.000461s ]
INFO: [ template_filter ] --END-- [ RunTime:0.001034s ]
NOTIC: [8] Use of undefined constant Index - assumed 'Index' D:\wamp\www\project\aoshi\Application\Runtime\Cache\Home\9eb018846b02df4b2c1ee814555f95e0.php 第 48 行.
NOTIC: [8] Use of undefined constant index - assumed 'index' D:\wamp\www\project\aoshi\Application\Runtime\Cache\Home\9eb018846b02df4b2c1ee814555f95e0.php 第 48 行.
NOTIC: [8] Use of undefined constant findjob - assumed 'findjob' D:\wamp\www\project\aoshi\Application\Runtime\Cache\Home\9eb018846b02df4b2c1ee814555f95e0.php 第 50 行.
NOTIC: [8] Use of undefined constant News - assumed 'News' D:\wamp\www\project\aoshi\Application\Runtime\Cache\Home\9eb018846b02df4b2c1ee814555f95e0.php 第 52 行.
NOTIC: [8] Undefined index: key D:\wamp\www\project\aoshi\Application\Runtime\Cache\Home\9eb018846b02df4b2c1ee814555f95e0.php 第 152 行.
NOTIC: [8] Undefined index: key D:\wamp\www\project\aoshi\Application\Runtime\Cache\Home\9eb018846b02df4b2c1ee814555f95e0.php 第 157 行.
INFO: Run Behavior\ParseTemplateBehavior [ RunTime:0.057502s ]
INFO: [ view_parse ] --END-- [ RunTime:0.058125s ]
INFO: [ view_filter ] --START--
INFO: Run Behavior\WriteHtmlCacheBehavior [ RunTime:0.000921s ]
INFO: [ view_filter ] --END-- [ RunTime:0.001475s ]
INFO: [ app_end ] --START--
INFO: Run Behavior\ShowPageTraceBehavior [ RunTime:0.001638s ]
INFO: [ app_end ] --END-- [ RunTime:0.002223s ]

[ 2017-01-06T15:18:44+08:00 ] 127.0.0.1 /project/aoshi/index.php/Home/Index/jobdetail?value=%E9%98%BF%E9%87%8C%E5%B7%B4%E5%B7%B4%E6%95%B0%E6%8D%AE%E5%88%86%E6%9E%90%E5%B8%88
INFO: [ app_init ] --START--
INFO: Run Behavior\BuildLiteBehavior [ RunTime:0.000105s ]
INFO: [ app_init ] --END-- [ RunTime:0.001532s ]
INFO: [ app_begin ] --START--
INFO: Run Behavior\ReadHtmlCacheBehavior [ RunTime:0.001573s ]
INFO: [ app_begin ] --END-- [ RunTime:0.002081s ]
SQL: SHOW COLUMNS FROM `job` [ RunTime:0.0125s ]
NOTIC: [8] Undefined index: key D:\wamp\www\project\aoshi\Application\Home\Controller\IndexController.class.php 第 92 行.
SQL: SELECT job.id,`job_name`,`money`,`job_require`,`job_describe`,job.add_time,`place`,`company_name` FROM `job` INNER JOIN company on job.enterprise_id=company.enterprise_id  WHERE ( job.id=14 )  [ RunTime:0.0012s ]
INFO: [ view_parse ] --START--
INFO: [ template_filter ] --START--
INFO: Run Behavior\ContentReplaceBehavior [ RunTime:0.000486s ]
INFO: [ template_filter ] --END-- [ RunTime:0.001007s ]
NOTIC: [8] Use of undefined constant Index - assumed 'Index' D:\wamp\www\project\aoshi\Application\Runtime\Cache\Home\007fb4cccff358ee5be1b1d01bb504b9.php 第 48 行.
NOTIC: [8] Use of undefined constant index - assumed 'index' D:\wamp\www\project\aoshi\Application\Runtime\Cache\Home\007fb4cccff358ee5be1b1d01bb504b9.php 第 48 行.
NOTIC: [8] Use of undefined constant findjob - assumed 'findjob' D:\wamp\www\project\aoshi\Application\Runtime\Cache\Home\007fb4cccff358ee5be1b1d01bb504b9.php 第 50 行.
NOTIC: [8] Use of undefined constant News - assumed 'News' D:\wamp\www\project\aoshi\Application\Runtime\Cache\Home\007fb4cccff358ee5be1b1d01bb504b9.php 第 52 行.
NOTIC: [8] Use of undefined constant job_name - assumed 'job_name' D:\wamp\www\project\aoshi\Application\Runtime\Cache\Home\007fb4cccff358ee5be1b1d01bb504b9.php 第 137 行.
NOTIC: [8] Use of undefined constant money - assumed 'money' D:\wamp\www\project\aoshi\Application\Runtime\Cache\Home\007fb4cccff358ee5be1b1d01bb504b9.php 第 138 行.
NOTIC: [8] Use of undefined constant add_time - assumed 'add_time' D:\wamp\www\project\aoshi\Application\Runtime\Cache\Home\007fb4cccff358ee5be1b1d01bb504b9.php 第 149 行.
NOTIC: [8] Use of undefined constant company_name - assumed 'company_name' D:\wamp\www\project\aoshi\Application\Runtime\Cache\Home\007fb4cccff358ee5be1b1d01bb504b9.php 第 158 行.
NOTIC: [8] Use of undefined constant job_describe - assumed 'job_describe' D:\wamp\www\project\aoshi\Application\Runtime\Cache\Home\007fb4cccff358ee5be1b1d01bb504b9.php 第 166 行.
NOTIC: [8] Use of undefined constant job_require - assumed 'job_require' D:\wamp\www\project\aoshi\Application\Runtime\Cache\Home\007fb4cccff358ee5be1b1d01bb504b9.php 第 168 行.
NOTIC: [8] Use of undefined constant place - assumed 'place' D:\wamp\www\project\aoshi\Application\Runtime\Cache\Home\007fb4cccff358ee5be1b1d01bb504b9.php 第 170 行.
INFO: Run Behavior\ParseTemplateBehavior [ RunTime:0.048727s ]
INFO: [ view_parse ] --END-- [ RunTime:0.049246s ]
INFO: [ view_filter ] --START--
INFO: Run Behavior\WriteHtmlCacheBehavior [ RunTime:0.000974s ]
INFO: [ view_filter ] --END-- [ RunTime:0.001546s ]
INFO: [ app_end ] --START--
INFO: Run Behavior\ShowPageTraceBehavior [ RunTime:0.001618s ]
INFO: [ app_end ] --END-- [ RunTime:0.002132s ]

[ 2017-01-06T15:18:44+08:00 ] 127.0.0.1 /project/aoshi/index.php/Home/Index/jobdetail
INFO: [ app_init ] --START--
INFO: Run Behavior\BuildLiteBehavior [ RunTime:0.000117s ]
INFO: [ app_init ] --END-- [ RunTime:0.001580s ]
INFO: [ app_begin ] --START--
INFO: Run Behavior\ReadHtmlCacheBehavior [ RunTime:0.001594s ]
INFO: [ app_begin ] --END-- [ RunTime:0.002359s ]
SQL: SHOW COLUMNS FROM `job` [ RunTime:0.0087s ]
NOTIC: [8] Undefined index: key D:\wamp\www\project\aoshi\Application\Home\Controller\IndexController.class.php 第 92 行.
NOTIC: [8] Undefined index: value D:\wamp\www\project\aoshi\Application\Home\Controller\IndexController.class.php 第 108 行.
SQL: SELECT job.id,`job_name`,`money`,`job_require`,`job_describe`,job.add_time,`place`,`company_name` FROM `job` INNER JOIN company on job.enterprise_id=company.enterprise_id  WHERE ( job.id=14 )  [ RunTime:0.0011s ]
INFO: [ view_parse ] --START--
INFO: [ template_filter ] --START--
INFO: Run Behavior\ContentReplaceBehavior [ RunTime:0.000468s ]
INFO: [ template_filter ] --END-- [ RunTime:0.001073s ]
NOTIC: [8] Use of undefined constant Index - assumed 'Index' D:\wamp\www\project\aoshi\Application\Runtime\Cache\Home\007fb4cccff358ee5be1b1d01bb504b9.php 第 48 行.
NOTIC: [8] Use of undefined constant index - assumed 'index' D:\wamp\www\project\aoshi\Application\Runtime\Cache\Home\007fb4cccff358ee5be1b1d01bb504b9.php 第 48 行.
NOTIC: [8] Use of undefined constant findjob - assumed 'findjob' D:\wamp\www\project\aoshi\Application\Runtime\Cache\Home\007fb4cccff358ee5be1b1d01bb504b9.php 第 50 行.
NOTIC: [8] Use of undefined constant News - assumed 'News' D:\wamp\www\project\aoshi\Application\Runtime\Cache\Home\007fb4cccff358ee5be1b1d01bb504b9.php 第 52 行.
NOTIC: [8] Use of undefined constant job_name - assumed 'job_name' D:\wamp\www\project\aoshi\Application\Runtime\Cache\Home\007fb4cccff358ee5be1b1d01bb504b9.php 第 137 行.
NOTIC: [8] Use of undefined constant money - assumed 'money' D:\wamp\www\project\aoshi\Application\Runtime\Cache\Home\007fb4cccff358ee5be1b1d01bb504b9.php 第 138 行.
NOTIC: [8] Use of undefined constant add_time - assumed 'add_time' D:\wamp\www\project\aoshi\Application\Runtime\Cache\Home\007fb4cccff358ee5be1b1d01bb504b9.php 第 149 行.
NOTIC: [8] Use of undefined constant company_name - assumed 'company_name' D:\wamp\www\project\aoshi\Application\Runtime\Cache\Home\007fb4cccff358ee5be1b1d01bb504b9.php 第 158 行.
NOTIC: [8] Use of undefined constant job_describe - assumed 'job_describe' D:\wamp\www\project\aoshi\Application\Runtime\Cache\Home\007fb4cccff358ee5be1b1d01bb504b9.php 第 166 行.
NOTIC: [8] Use of undefined constant job_require - assumed 'job_require' D:\wamp\www\project\aoshi\Application\Runtime\Cache\Home\007fb4cccff358ee5be1b1d01bb504b9.php 第 168 行.
NOTIC: [8] Use of undefined constant place - assumed 'place' D:\wamp\www\project\aoshi\Application\Runtime\Cache\Home\007fb4cccff358ee5be1b1d01bb504b9.php 第 170 行.
INFO: Run Behavior\ParseTemplateBehavior [ RunTime:0.052128s ]
INFO: [ view_parse ] --END-- [ RunTime:0.052695s ]
INFO: [ view_filter ] --START--
INFO: Run Behavior\WriteHtmlCacheBehavior [ RunTime:0.000819s ]
INFO: [ view_filter ] --END-- [ RunTime:0.001408s ]
INFO: [ app_end ] --START--
INFO: Run Behavior\ShowPageTraceBehavior [ RunTime:0.001552s ]
INFO: [ app_end ] --END-- [ RunTime:0.002143s ]

[ 2017-01-06T15:33:06+08:00 ] ::1 /project/aoshi/index.php/Home/Index/jobdetail
INFO: [ app_init ] --START--
INFO: Run Behavior\BuildLiteBehavior [ RunTime:0.000082s ]
INFO: [ app_init ] --END-- [ RunTime:0.001283s ]
INFO: [ app_begin ] --START--
INFO: Run Behavior\ReadHtmlCacheBehavior [ RunTime:0.001893s ]
INFO: [ app_begin ] --END-- [ RunTime:0.002511s ]
SQL: SHOW COLUMNS FROM `job` [ RunTime:0.0453s ]
NOTIC: [8] Undefined index: key D:\wamp\www\project\aoshi\Application\Home\Controller\IndexController.class.php 第 92 行.
NOTIC: [8] Undefined index: value D:\wamp\www\project\aoshi\Application\Home\Controller\IndexController.class.php 第 108 行.
SQL: SELECT job.id,`job_name`,`money`,`job_require`,`job_describe`,job.add_time,`place`,`company_name` FROM `job` INNER JOIN company on job.enterprise_id=company.enterprise_id  WHERE ( job.id=14 )  [ RunTime:0.0009s ]
INFO: [ view_parse ] --START--
INFO: [ template_filter ] --START--
INFO: Run Behavior\ContentReplaceBehavior [ RunTime:0.000317s ]
INFO: [ template_filter ] --END-- [ RunTime:0.000632s ]
NOTIC: [8] Use of undefined constant Index - assumed 'Index' D:\wamp\www\project\aoshi\Application\Runtime\Cache\Home\007fb4cccff358ee5be1b1d01bb504b9.php 第 48 行.
NOTIC: [8] Use of undefined constant index - assumed 'index' D:\wamp\www\project\aoshi\Application\Runtime\Cache\Home\007fb4cccff358ee5be1b1d01bb504b9.php 第 48 行.
NOTIC: [8] Use of undefined constant findjob - assumed 'findjob' D:\wamp\www\project\aoshi\Application\Runtime\Cache\Home\007fb4cccff358ee5be1b1d01bb504b9.php 第 50 行.
NOTIC: [8] Use of undefined constant News - assumed 'News' D:\wamp\www\project\aoshi\Application\Runtime\Cache\Home\007fb4cccff358ee5be1b1d01bb504b9.php 第 52 行.
NOTIC: [8] Use of undefined constant job_name - assumed 'job_name' D:\wamp\www\project\aoshi\Application\Runtime\Cache\Home\007fb4cccff358ee5be1b1d01bb504b9.php 第 137 行.
NOTIC: [8] Use of undefined constant money - assumed 'money' D:\wamp\www\project\aoshi\Application\Runtime\Cache\Home\007fb4cccff358ee5be1b1d01bb504b9.php 第 138 行.
NOTIC: [8] Use of undefined constant add_time - assumed 'add_time' D:\wamp\www\project\aoshi\Application\Runtime\Cache\Home\007fb4cccff358ee5be1b1d01bb504b9.php 第 149 行.
NOTIC: [8] Use of undefined constant company_name - assumed 'company_name' D:\wamp\www\project\aoshi\Application\Runtime\Cache\Home\007fb4cccff358ee5be1b1d01bb504b9.php 第 158 行.
NOTIC: [8] Use of undefined constant job_describe - assumed 'job_describe' D:\wamp\www\project\aoshi\Application\Runtime\Cache\Home\007fb4cccff358ee5be1b1d01bb504b9.php 第 167 行.
NOTIC: [8] Use of undefined constant job_require - assumed 'job_require' D:\wamp\www\project\aoshi\Application\Runtime\Cache\Home\007fb4cccff358ee5be1b1d01bb504b9.php 第 169 行.
NOTIC: [8] Use of undefined constant place - assumed 'place' D:\wamp\www\project\aoshi\Application\Runtime\Cache\Home\007fb4cccff358ee5be1b1d01bb504b9.php 第 171 行.
INFO: Run Behavior\ParseTemplateBehavior [ RunTime:0.044406s ]
INFO: [ view_parse ] --END-- [ RunTime:0.044922s ]
INFO: [ view_filter ] --START--
INFO: Run Behavior\WriteHtmlCacheBehavior [ RunTime:0.000925s ]
INFO: [ view_filter ] --END-- [ RunTime:0.001368s ]
INFO: [ app_end ] --START--
INFO: Run Behavior\ShowPageTraceBehavior [ RunTime:0.001821s ]
INFO: [ app_end ] --END-- [ RunTime:0.002427s ]

[ 2017-01-06T15:34:23+08:00 ] 127.0.0.1 /project/aoshi/index.php/Home/Index/jobdetail
INFO: [ app_init ] --START--
INFO: Run Behavior\BuildLiteBehavior [ RunTime:0.000122s ]
INFO: [ app_init ] --END-- [ RunTime:0.001651s ]
INFO: [ app_begin ] --START--
INFO: Run Behavior\ReadHtmlCacheBehavior [ RunTime:0.001472s ]
INFO: [ app_begin ] --END-- [ RunTime:0.001914s ]
SQL: SHOW COLUMNS FROM `job` [ RunTime:0.0088s ]
NOTIC: [8] Undefined index: key D:\wamp\www\project\aoshi\Application\Home\Controller\IndexController.class.php 第 92 行.
NOTIC: [8] Undefined index: value D:\wamp\www\project\aoshi\Application\Home\Controller\IndexController.class.php 第 108 行.
SQL: SELECT job.id,`job_name`,`money`,`job_require`,`job_describe`,job.add_time,`place`,`company_name` FROM `job` INNER JOIN company on job.enterprise_id=company.enterprise_id  WHERE ( job.id=14 )  [ RunTime:0.0011s ]
INFO: [ view_parse ] --START--
INFO: [ template_filter ] --START--
INFO: Run Behavior\ContentReplaceBehavior [ RunTime:0.000309s ]
INFO: [ template_filter ] --END-- [ RunTime:0.000625s ]
NOTIC: [8] Use of undefined constant Index - assumed 'Index' D:\wamp\www\project\aoshi\Application\Runtime\Cache\Home\007fb4cccff358ee5be1b1d01bb504b9.php 第 48 行.
NOTIC: [8] Use of undefined constant index - assumed 'index' D:\wamp\www\project\aoshi\Application\Runtime\Cache\Home\007fb4cccff358ee5be1b1d01bb504b9.php 第 48 行.
NOTIC: [8] Use of undefined constant findjob - assumed 'findjob' D:\wamp\www\project\aoshi\Application\Runtime\Cache\Home\007fb4cccff358ee5be1b1d01bb504b9.php 第 50 行.
NOTIC: [8] Use of undefined constant News - assumed 'News' D:\wamp\www\project\aoshi\Application\Runtime\Cache\Home\007fb4cccff358ee5be1b1d01bb504b9.php 第 52 行.
NOTIC: [8] Use of undefined constant job_name - assumed 'job_name' D:\wamp\www\project\aoshi\Application\Runtime\Cache\Home\007fb4cccff358ee5be1b1d01bb504b9.php 第 137 行.
NOTIC: [8] Use of undefined constant money - assumed 'money' D:\wamp\www\project\aoshi\Application\Runtime\Cache\Home\007fb4cccff358ee5be1b1d01bb504b9.php 第 138 行.
NOTIC: [8] Use of undefined constant add_time - assumed 'add_time' D:\wamp\www\project\aoshi\Application\Runtime\Cache\Home\007fb4cccff358ee5be1b1d01bb504b9.php 第 149 行.
NOTIC: [8] Use of undefined constant company_name - assumed 'company_name' D:\wamp\www\project\aoshi\Application\Runtime\Cache\Home\007fb4cccff358ee5be1b1d01bb504b9.php 第 158 行.
NOTIC: [8] Use of undefined constant job_describe - assumed 'job_describe' D:\wamp\www\project\aoshi\Application\Runtime\Cache\Home\007fb4cccff358ee5be1b1d01bb504b9.php 第 167 行.
NOTIC: [8] Use of undefined constant job_require - assumed 'job_require' D:\wamp\www\project\aoshi\Application\Runtime\Cache\Home\007fb4cccff358ee5be1b1d01bb504b9.php 第 169 行.
NOTIC: [8] Use of undefined constant place - assumed 'place' D:\wamp\www\project\aoshi\Application\Runtime\Cache\Home\007fb4cccff358ee5be1b1d01bb504b9.php 第 171 行.
INFO: Run Behavior\ParseTemplateBehavior [ RunTime:0.048400s ]
INFO: [ view_parse ] --END-- [ RunTime:0.049023s ]
INFO: [ view_filter ] --START--
INFO: Run Behavior\WriteHtmlCacheBehavior [ RunTime:0.000846s ]
INFO: [ view_filter ] --END-- [ RunTime:0.001154s ]
INFO: [ app_end ] --START--
INFO: Run Behavior\ShowPageTraceBehavior [ RunTime:0.001388s ]
INFO: [ app_end ] --END-- [ RunTime:0.001801s ]

[ 2017-01-06T15:35:06+08:00 ] 127.0.0.1 /project/aoshi/index.php/Home/Index/jobdetail
INFO: [ app_init ] --START--
INFO: Run Behavior\BuildLiteBehavior [ RunTime:0.000065s ]
INFO: [ app_init ] --END-- [ RunTime:0.001131s ]
INFO: [ app_begin ] --START--
INFO: Run Behavior\ReadHtmlCacheBehavior [ RunTime:0.001984s ]
INFO: [ app_begin ] --END-- [ RunTime:0.002583s ]
SQL: SHOW COLUMNS FROM `job` [ RunTime:0.0125s ]
NOTIC: [8] Undefined index: key D:\wamp\www\project\aoshi\Application\Home\Controller\IndexController.class.php 第 92 行.
NOTIC: [8] Undefined index: value D:\wamp\www\project\aoshi\Application\Home\Controller\IndexController.class.php 第 108 行.
SQL: SELECT job.id,`job_name`,`money`,`job_require`,`job_describe`,job.add_time,`place`,`company_name` FROM `job` INNER JOIN company on job.enterprise_id=company.enterprise_id  WHERE ( job.id=14 )  [ RunTime:0.0011s ]
INFO: [ view_parse ] --START--
INFO: [ template_filter ] --START--
INFO: Run Behavior\ContentReplaceBehavior [ RunTime:0.000592s ]
INFO: [ template_filter ] --END-- [ RunTime:0.001200s ]
NOTIC: [8] Use of undefined constant Index - assumed 'Index' D:\wamp\www\project\aoshi\Application\Runtime\Cache\Home\007fb4cccff358ee5be1b1d01bb504b9.php 第 48 行.
NOTIC: [8] Use of undefined constant index - assumed 'index' D:\wamp\www\project\aoshi\Application\Runtime\Cache\Home\007fb4cccff358ee5be1b1d01bb504b9.php 第 48 行.
NOTIC: [8] Use of undefined constant findjob - assumed 'findjob' D:\wamp\www\project\aoshi\Application\Runtime\Cache\Home\007fb4cccff358ee5be1b1d01bb504b9.php 第 50 行.
NOTIC: [8] Use of undefined constant News - assumed 'News' D:\wamp\www\project\aoshi\Application\Runtime\Cache\Home\007fb4cccff358ee5be1b1d01bb504b9.php 第 52 行.
NOTIC: [8] Use of undefined constant job_name - assumed 'job_name' D:\wamp\www\project\aoshi\Application\Runtime\Cache\Home\007fb4cccff358ee5be1b1d01bb504b9.php 第 137 行.
NOTIC: [8] Use of undefined constant money - assumed 'money' D:\wamp\www\project\aoshi\Application\Runtime\Cache\Home\007fb4cccff358ee5be1b1d01bb504b9.php 第 138 行.
NOTIC: [8] Use of undefined constant add_time - assumed 'add_time' D:\wamp\www\project\aoshi\Application\Runtime\Cache\Home\007fb4cccff358ee5be1b1d01bb504b9.php 第 149 行.
NOTIC: [8] Use of undefined constant company_name - assumed 'company_name' D:\wamp\www\project\aoshi\Application\Runtime\Cache\Home\007fb4cccff358ee5be1b1d01bb504b9.php 第 158 行.
NOTIC: [8] Use of undefined constant job_describe - assumed 'job_describe' D:\wamp\www\project\aoshi\Application\Runtime\Cache\Home\007fb4cccff358ee5be1b1d01bb504b9.php 第 167 行.
NOTIC: [8] Use of undefined constant job_require - assumed 'job_require' D:\wamp\www\project\aoshi\Application\Runtime\Cache\Home\007fb4cccff358ee5be1b1d01bb504b9.php 第 169 行.
NOTIC: [8] Use of undefined constant place - assumed 'place' D:\wamp\www\project\aoshi\Application\Runtime\Cache\Home\007fb4cccff358ee5be1b1d01bb504b9.php 第 171 行.
INFO: Run Behavior\ParseTemplateBehavior [ RunTime:0.044002s ]
INFO: [ view_parse ] --END-- [ RunTime:0.044559s ]
INFO: [ view_filter ] --START--
INFO: Run Behavior\WriteHtmlCacheBehavior [ RunTime:0.001084s ]
INFO: [ view_filter ] --END-- [ RunTime:0.001476s ]
INFO: [ app_end ] --START--
INFO: Run Behavior\ShowPageTraceBehavior [ RunTime:0.001735s ]
INFO: [ app_end ] --END-- [ RunTime:0.002336s ]

[ 2017-01-06T16:12:03+08:00 ] 127.0.0.1 /project/aoshi/index.php/Home/Index/jobdetail
INFO: [ app_init ] --START--
INFO: Run Behavior\BuildLiteBehavior [ RunTime:0.000112s ]
INFO: [ app_init ] --END-- [ RunTime:0.001540s ]
INFO: [ app_begin ] --START--
INFO: Run Behavior\ReadHtmlCacheBehavior [ RunTime:0.002198s ]
INFO: [ app_begin ] --END-- [ RunTime:0.002688s ]
SQL: SHOW COLUMNS FROM `job` [ RunTime:0.0615s ]
NOTIC: [8] Undefined index: key D:\wamp\www\project\aoshi\Application\Home\Controller\IndexController.class.php 第 92 行.
NOTIC: [8] Undefined index: value D:\wamp\www\project\aoshi\Application\Home\Controller\IndexController.class.php 第 108 行.
SQL: SELECT job.id,`job_name`,`money`,`job_require`,`job_describe`,job.add_time,`place`,`company_name` FROM `job` INNER JOIN company on job.enterprise_id=company.enterprise_id  WHERE ( job.id=14 )  [ RunTime:0.0012s ]
INFO: [ view_parse ] --START--
INFO: [ template_filter ] --START--
INFO: Run Behavior\ContentReplaceBehavior [ RunTime:0.000467s ]
INFO: [ template_filter ] --END-- [ RunTime:0.001088s ]
NOTIC: [8] Use of undefined constant Index - assumed 'Index' D:\wamp\www\project\aoshi\Application\Runtime\Cache\Home\007fb4cccff358ee5be1b1d01bb504b9.php 第 48 行.
NOTIC: [8] Use of undefined constant index - assumed 'index' D:\wamp\www\project\aoshi\Application\Runtime\Cache\Home\007fb4cccff358ee5be1b1d01bb504b9.php 第 48 行.
NOTIC: [8] Use of undefined constant findjob - assumed 'findjob' D:\wamp\www\project\aoshi\Application\Runtime\Cache\Home\007fb4cccff358ee5be1b1d01bb504b9.php 第 50 行.
NOTIC: [8] Use of undefined constant News - assumed 'News' D:\wamp\www\project\aoshi\Application\Runtime\Cache\Home\007fb4cccff358ee5be1b1d01bb504b9.php 第 52 行.
NOTIC: [8] Use of undefined constant job_name - assumed 'job_name' D:\wamp\www\project\aoshi\Application\Runtime\Cache\Home\007fb4cccff358ee5be1b1d01bb504b9.php 第 137 行.
NOTIC: [8] Use of undefined constant money - assumed 'money' D:\wamp\www\project\aoshi\Application\Runtime\Cache\Home\007fb4cccff358ee5be1b1d01bb504b9.php 第 138 行.
NOTIC: [8] Use of undefined constant add_time - assumed 'add_time' D:\wamp\www\project\aoshi\Application\Runtime\Cache\Home\007fb4cccff358ee5be1b1d01bb504b9.php 第 149 行.
NOTIC: [8] Use of undefined constant company_name - assumed 'company_name' D:\wamp\www\project\aoshi\Application\Runtime\Cache\Home\007fb4cccff358ee5be1b1d01bb504b9.php 第 158 行.
NOTIC: [8] Use of undefined constant job_describe - assumed 'job_describe' D:\wamp\www\project\aoshi\Application\Runtime\Cache\Home\007fb4cccff358ee5be1b1d01bb504b9.php 第 167 行.
NOTIC: [8] Use of undefined constant job_require - assumed 'job_require' D:\wamp\www\project\aoshi\Application\Runtime\Cache\Home\007fb4cccff358ee5be1b1d01bb504b9.php 第 169 行.
NOTIC: [8] Use of undefined constant place - assumed 'place' D:\wamp\www\project\aoshi\Application\Runtime\Cache\Home\007fb4cccff358ee5be1b1d01bb504b9.php 第 171 行.
INFO: Run Behavior\ParseTemplateBehavior [ RunTime:0.052942s ]
INFO: [ view_parse ] --END-- [ RunTime:0.053561s ]
INFO: [ view_filter ] --START--
INFO: Run Behavior\WriteHtmlCacheBehavior [ RunTime:0.001701s ]
INFO: [ view_filter ] --END-- [ RunTime:0.002296s ]
NOTIC: [8] A session had already been started - ignoring session_start() D:\wamp\www\project\aoshi\Application\Home\Controller\IndexController.class.php 第 127 行.
NOTIC: [2] Cannot modify header information - headers already sent by (output started at D:\wamp\www\project\aoshi\ThinkPHP\Library\Think\View.class.php:95) D:\wamp\www\project\aoshi\Application\Home\Controller\IndexController.class.php 第 131 行.

[ 2017-01-06T16:12:27+08:00 ] 127.0.0.1 /project/aoshi/index.php/Home/Index/jobdetail
INFO: [ app_init ] --START--
INFO: Run Behavior\BuildLiteBehavior [ RunTime:0.000126s ]
INFO: [ app_init ] --END-- [ RunTime:0.001804s ]
INFO: [ app_begin ] --START--
INFO: Run Behavior\ReadHtmlCacheBehavior [ RunTime:0.002497s ]
INFO: [ app_begin ] --END-- [ RunTime:0.003132s ]
SQL: SHOW COLUMNS FROM `job` [ RunTime:0.0117s ]
NOTIC: [8] Undefined index: key D:\wamp\www\project\aoshi\Application\Home\Controller\IndexController.class.php 第 92 行.
NOTIC: [8] Undefined index: value D:\wamp\www\project\aoshi\Application\Home\Controller\IndexController.class.php 第 108 行.
SQL: SELECT job.id,`job_name`,`money`,`job_require`,`job_describe`,job.add_time,`place`,`company_name` FROM `job` INNER JOIN company on job.enterprise_id=company.enterprise_id  WHERE ( job.id=14 )  [ RunTime:0.0010s ]
INFO: [ view_parse ] --START--
INFO: [ template_filter ] --START--
INFO: Run Behavior\ContentReplaceBehavior [ RunTime:0.000332s ]
INFO: [ template_filter ] --END-- [ RunTime:0.000692s ]
NOTIC: [8] Use of undefined constant Index - assumed 'Index' D:\wamp\www\project\aoshi\Application\Runtime\Cache\Home\007fb4cccff358ee5be1b1d01bb504b9.php 第 48 行.
NOTIC: [8] Use of undefined constant index - assumed 'index' D:\wamp\www\project\aoshi\Application\Runtime\Cache\Home\007fb4cccff358ee5be1b1d01bb504b9.php 第 48 行.
NOTIC: [8] Use of undefined constant findjob - assumed 'findjob' D:\wamp\www\project\aoshi\Application\Runtime\Cache\Home\007fb4cccff358ee5be1b1d01bb504b9.php 第 50 行.
NOTIC: [8] Use of undefined constant News - assumed 'News' D:\wamp\www\project\aoshi\Application\Runtime\Cache\Home\007fb4cccff358ee5be1b1d01bb504b9.php 第 52 行.
NOTIC: [8] Use of undefined constant job_name - assumed 'job_name' D:\wamp\www\project\aoshi\Application\Runtime\Cache\Home\007fb4cccff358ee5be1b1d01bb504b9.php 第 137 行.
NOTIC: [8] Use of undefined constant money - assumed 'money' D:\wamp\www\project\aoshi\Application\Runtime\Cache\Home\007fb4cccff358ee5be1b1d01bb504b9.php 第 138 行.
NOTIC: [8] Use of undefined constant add_time - assumed 'add_time' D:\wamp\www\project\aoshi\Application\Runtime\Cache\Home\007fb4cccff358ee5be1b1d01bb504b9.php 第 149 行.
NOTIC: [8] Use of undefined constant company_name - assumed 'company_name' D:\wamp\www\project\aoshi\Application\Runtime\Cache\Home\007fb4cccff358ee5be1b1d01bb504b9.php 第 158 行.
NOTIC: [8] Use of undefined constant job_describe - assumed 'job_describe' D:\wamp\www\project\aoshi\Application\Runtime\Cache\Home\007fb4cccff358ee5be1b1d01bb504b9.php 第 167 行.
NOTIC: [8] Use of undefined constant job_require - assumed 'job_require' D:\wamp\www\project\aoshi\Application\Runtime\Cache\Home\007fb4cccff358ee5be1b1d01bb504b9.php 第 169 行.
NOTIC: [8] Use of undefined constant place - assumed 'place' D:\wamp\www\project\aoshi\Application\Runtime\Cache\Home\007fb4cccff358ee5be1b1d01bb504b9.php 第 171 行.
INFO: Run Behavior\ParseTemplateBehavior [ RunTime:0.050460s ]
INFO: [ view_parse ] --END-- [ RunTime:0.050920s ]
INFO: [ view_filter ] --START--
INFO: Run Behavior\WriteHtmlCacheBehavior [ RunTime:0.002163s ]
INFO: [ view_filter ] --END-- [ RunTime:0.002814s ]
NOTIC: [8] A session had already been started - ignoring session_start() D:\wamp\www\project\aoshi\Application\Home\Controller\IndexController.class.php 第 127 行.
NOTIC: [2] Cannot modify header information - headers already sent by (output started at D:\wamp\www\project\aoshi\ThinkPHP\Library\Think\View.class.php:95) D:\wamp\www\project\aoshi\Application\Home\Controller\IndexController.class.php 第 131 行.

[ 2017-01-06T16:12:30+08:00 ] 127.0.0.1 /project/aoshi/index.php/Home/Index/index.html
INFO: [ app_init ] --START--
INFO: Run Behavior\BuildLiteBehavior [ RunTime:0.000116s ]
INFO: [ app_init ] --END-- [ RunTime:0.001711s ]
INFO: [ app_begin ] --START--
INFO: Run Behavior\ReadHtmlCacheBehavior [ RunTime:0.002463s ]
INFO: [ app_begin ] --END-- [ RunTime:0.003105s ]
SQL: SHOW COLUMNS FROM `job` [ RunTime:0.0088s ]
NOTIC: [8] Undefined index: key D:\wamp\www\project\aoshi\Application\Home\Controller\IndexController.class.php 第 17 行.
SQL: SELECT job.id,`job_name`,`money`,`company_name` FROM `job` INNER JOIN company on job.enterprise_id=company.enterprise_id   [ RunTime:0.0013s ]
INFO: [ view_parse ] --START--
INFO: [ template_filter ] --START--
INFO: Run Behavior\ContentReplaceBehavior [ RunTime:0.000686s ]
INFO: [ template_filter ] --END-- [ RunTime:0.001502s ]
NOTIC: [8] Use of undefined constant Index - assumed 'Index' D:\wamp\www\project\aoshi\Application\Runtime\Cache\Home\2a94b8bda04ff446dcedd42276fc99ee.php 第 48 行.
NOTIC: [8] Use of undefined constant index - assumed 'index' D:\wamp\www\project\aoshi\Application\Runtime\Cache\Home\2a94b8bda04ff446dcedd42276fc99ee.php 第 48 行.
NOTIC: [8] Use of undefined constant findjob - assumed 'findjob' D:\wamp\www\project\aoshi\Application\Runtime\Cache\Home\2a94b8bda04ff446dcedd42276fc99ee.php 第 50 行.
NOTIC: [8] Use of undefined constant News - assumed 'News' D:\wamp\www\project\aoshi\Application\Runtime\Cache\Home\2a94b8bda04ff446dcedd42276fc99ee.php 第 52 行.
INFO: Run Behavior\ParseTemplateBehavior [ RunTime:0.045366s ]
INFO: [ view_parse ] --END-- [ RunTime:0.046043s ]
INFO: [ view_filter ] --START--
INFO: Run Behavior\WriteHtmlCacheBehavior [ RunTime:0.001792s ]
INFO: [ view_filter ] --END-- [ RunTime:0.002419s ]
INFO: [ app_end ] --START--
INFO: Run Behavior\ShowPageTraceBehavior [ RunTime:0.002619s ]
INFO: [ app_end ] --END-- [ RunTime:0.003315s ]

[ 2017-01-06T16:12:34+08:00 ] 127.0.0.1 /project/aoshi/index.php/Home/Index/findjob.html
INFO: [ app_init ] --START--
INFO: Run Behavior\BuildLiteBehavior [ RunTime:0.000123s ]
INFO: [ app_init ] --END-- [ RunTime:0.001692s ]
INFO: [ app_begin ] --START--
INFO: Run Behavior\ReadHtmlCacheBehavior [ RunTime:0.002369s ]
INFO: [ app_begin ] --END-- [ RunTime:0.002995s ]
SQL: SHOW COLUMNS FROM `job` [ RunTime:0.0127s ]
NOTIC: [8] Undefined index: key D:\wamp\www\project\aoshi\Application\Home\Controller\IndexController.class.php 第 55 行.
SQL: SELECT job.id,`job_name`,`money`,`company_name` FROM `job` INNER JOIN company on job.enterprise_id=company.enterprise_id   [ RunTime:0.0011s ]
INFO: [ view_parse ] --START--
INFO: [ template_filter ] --START--
INFO: Run Behavior\ContentReplaceBehavior [ RunTime:0.000468s ]
INFO: [ template_filter ] --END-- [ RunTime:0.001106s ]
NOTIC: [8] Use of undefined constant Index - assumed 'Index' D:\wamp\www\project\aoshi\Application\Runtime\Cache\Home\9eb018846b02df4b2c1ee814555f95e0.php 第 48 行.
NOTIC: [8] Use of undefined constant index - assumed 'index' D:\wamp\www\project\aoshi\Application\Runtime\Cache\Home\9eb018846b02df4b2c1ee814555f95e0.php 第 48 行.
NOTIC: [8] Use of undefined constant findjob - assumed 'findjob' D:\wamp\www\project\aoshi\Application\Runtime\Cache\Home\9eb018846b02df4b2c1ee814555f95e0.php 第 50 行.
NOTIC: [8] Use of undefined constant News - assumed 'News' D:\wamp\www\project\aoshi\Application\Runtime\Cache\Home\9eb018846b02df4b2c1ee814555f95e0.php 第 52 行.
NOTIC: [8] Undefined index: key D:\wamp\www\project\aoshi\Application\Runtime\Cache\Home\9eb018846b02df4b2c1ee814555f95e0.php 第 152 行.
NOTIC: [8] Undefined index: key D:\wamp\www\project\aoshi\Application\Runtime\Cache\Home\9eb018846b02df4b2c1ee814555f95e0.php 第 157 行.
INFO: Run Behavior\ParseTemplateBehavior [ RunTime:0.061581s ]
INFO: [ view_parse ] --END-- [ RunTime:0.062205s ]
INFO: [ view_filter ] --START--
INFO: Run Behavior\WriteHtmlCacheBehavior [ RunTime:0.001834s ]
INFO: [ view_filter ] --END-- [ RunTime:0.002414s ]
INFO: [ app_end ] --START--
INFO: Run Behavior\ShowPageTraceBehavior [ RunTime:0.002674s ]
INFO: [ app_end ] --END-- [ RunTime:0.003351s ]

[ 2017-01-06T16:12:37+08:00 ] 127.0.0.1 /project/aoshi/index.php/Home/Index/jobdetail?value=PHP%E9%AB%98%E7%BA%A7%E5%B7%A5%E7%A8%8B%E5%B8%88
INFO: [ app_init ] --START--
INFO: Run Behavior\BuildLiteBehavior [ RunTime:0.000133s ]
INFO: [ app_init ] --END-- [ RunTime:0.001759s ]
INFO: [ app_begin ] --START--
INFO: Run Behavior\ReadHtmlCacheBehavior [ RunTime:0.002492s ]
INFO: [ app_begin ] --END-- [ RunTime:0.003204s ]
SQL: SHOW COLUMNS FROM `job` [ RunTime:0.0120s ]
NOTIC: [8] Undefined index: key D:\wamp\www\project\aoshi\Application\Home\Controller\IndexController.class.php 第 92 行.
SQL: SELECT job.id,`job_name`,`money`,`job_require`,`job_describe`,job.add_time,`place`,`company_name` FROM `job` INNER JOIN company on job.enterprise_id=company.enterprise_id  WHERE ( job.id=14 )  [ RunTime:0.0010s ]
INFO: [ view_parse ] --START--
INFO: [ template_filter ] --START--
INFO: Run Behavior\ContentReplaceBehavior [ RunTime:0.000474s ]
INFO: [ template_filter ] --END-- [ RunTime:0.000961s ]
NOTIC: [8] Use of undefined constant Index - assumed 'Index' D:\wamp\www\project\aoshi\Application\Runtime\Cache\Home\007fb4cccff358ee5be1b1d01bb504b9.php 第 48 行.
NOTIC: [8] Use of undefined constant index - assumed 'index' D:\wamp\www\project\aoshi\Application\Runtime\Cache\Home\007fb4cccff358ee5be1b1d01bb504b9.php 第 48 行.
NOTIC: [8] Use of undefined constant findjob - assumed 'findjob' D:\wamp\www\project\aoshi\Application\Runtime\Cache\Home\007fb4cccff358ee5be1b1d01bb504b9.php 第 50 行.
NOTIC: [8] Use of undefined constant News - assumed 'News' D:\wamp\www\project\aoshi\Application\Runtime\Cache\Home\007fb4cccff358ee5be1b1d01bb504b9.php 第 52 行.
NOTIC: [8] Use of undefined constant job_name - assumed 'job_name' D:\wamp\www\project\aoshi\Application\Runtime\Cache\Home\007fb4cccff358ee5be1b1d01bb504b9.php 第 137 行.
NOTIC: [8] Use of undefined constant money - assumed 'money' D:\wamp\www\project\aoshi\Application\Runtime\Cache\Home\007fb4cccff358ee5be1b1d01bb504b9.php 第 138 行.
NOTIC: [8] Use of undefined constant add_time - assumed 'add_time' D:\wamp\www\project\aoshi\Application\Runtime\Cache\Home\007fb4cccff358ee5be1b1d01bb504b9.php 第 149 行.
NOTIC: [8] Use of undefined constant company_name - assumed 'company_name' D:\wamp\www\project\aoshi\Application\Runtime\Cache\Home\007fb4cccff358ee5be1b1d01bb504b9.php 第 158 行.
NOTIC: [8] Use of undefined constant job_describe - assumed 'job_describe' D:\wamp\www\project\aoshi\Application\Runtime\Cache\Home\007fb4cccff358ee5be1b1d01bb504b9.php 第 167 行.
NOTIC: [8] Use of undefined constant job_require - assumed 'job_require' D:\wamp\www\project\aoshi\Application\Runtime\Cache\Home\007fb4cccff358ee5be1b1d01bb504b9.php 第 169 行.
NOTIC: [8] Use of undefined constant place - assumed 'place' D:\wamp\www\project\aoshi\Application\Runtime\Cache\Home\007fb4cccff358ee5be1b1d01bb504b9.php 第 171 行.
INFO: Run Behavior\ParseTemplateBehavior [ RunTime:0.052867s ]
INFO: [ view_parse ] --END-- [ RunTime:0.053363s ]
INFO: [ view_filter ] --START--
INFO: Run Behavior\WriteHtmlCacheBehavior [ RunTime:0.001769s ]
INFO: [ view_filter ] --END-- [ RunTime:0.002240s ]
NOTIC: [8] A session had already been started - ignoring session_start() D:\wamp\www\project\aoshi\Application\Home\Controller\IndexController.class.php 第 127 行.
NOTIC: [2] Cannot modify header information - headers already sent by (output started at D:\wamp\www\project\aoshi\ThinkPHP\Library\Think\View.class.php:95) D:\wamp\www\project\aoshi\Application\Home\Controller\IndexController.class.php 第 131 行.

[ 2017-01-06T16:12:37+08:00 ] 127.0.0.1 /project/aoshi/index.php/Home/Index/jobdetail
INFO: [ app_init ] --START--
INFO: Run Behavior\BuildLiteBehavior [ RunTime:0.000110s ]
INFO: [ app_init ] --END-- [ RunTime:0.001643s ]
INFO: [ app_begin ] --START--
INFO: Run Behavior\ReadHtmlCacheBehavior [ RunTime:0.002376s ]
INFO: [ app_begin ] --END-- [ RunTime:0.003047s ]
SQL: SHOW COLUMNS FROM `job` [ RunTime:0.0090s ]
NOTIC: [8] Undefined index: key D:\wamp\www\project\aoshi\Application\Home\Controller\IndexController.class.php 第 92 行.
NOTIC: [8] Undefined index: value D:\wamp\www\project\aoshi\Application\Home\Controller\IndexController.class.php 第 108 行.
SQL: SELECT job.id,`job_name`,`money`,`job_require`,`job_describe`,job.add_time,`place`,`company_name` FROM `job` INNER JOIN company on job.enterprise_id=company.enterprise_id  WHERE ( job.id=14 )  [ RunTime:0.0011s ]
INFO: [ view_parse ] --START--
INFO: [ template_filter ] --START--
INFO: Run Behavior\ContentReplaceBehavior [ RunTime:0.000475s ]
INFO: [ template_filter ] --END-- [ RunTime:0.001074s ]
NOTIC: [8] Use of undefined constant Index - assumed 'Index' D:\wamp\www\project\aoshi\Application\Runtime\Cache\Home\007fb4cccff358ee5be1b1d01bb504b9.php 第 48 行.
NOTIC: [8] Use of undefined constant index - assumed 'index' D:\wamp\www\project\aoshi\Application\Runtime\Cache\Home\007fb4cccff358ee5be1b1d01bb504b9.php 第 48 行.
NOTIC: [8] Use of undefined constant findjob - assumed 'findjob' D:\wamp\www\project\aoshi\Application\Runtime\Cache\Home\007fb4cccff358ee5be1b1d01bb504b9.php 第 50 行.
NOTIC: [8] Use of undefined constant News - assumed 'News' D:\wamp\www\project\aoshi\Application\Runtime\Cache\Home\007fb4cccff358ee5be1b1d01bb504b9.php 第 52 行.
NOTIC: [8] Use of undefined constant job_name - assumed 'job_name' D:\wamp\www\project\aoshi\Application\Runtime\Cache\Home\007fb4cccff358ee5be1b1d01bb504b9.php 第 137 行.
NOTIC: [8] Use of undefined constant money - assumed 'money' D:\wamp\www\project\aoshi\Application\Runtime\Cache\Home\007fb4cccff358ee5be1b1d01bb504b9.php 第 138 行.
NOTIC: [8] Use of undefined constant add_time - assumed 'add_time' D:\wamp\www\project\aoshi\Application\Runtime\Cache\Home\007fb4cccff358ee5be1b1d01bb504b9.php 第 149 行.
NOTIC: [8] Use of undefined constant company_name - assumed 'company_name' D:\wamp\www\project\aoshi\Application\Runtime\Cache\Home\007fb4cccff358ee5be1b1d01bb504b9.php 第 158 行.
NOTIC: [8] Use of undefined constant job_describe - assumed 'job_describe' D:\wamp\www\project\aoshi\Application\Runtime\Cache\Home\007fb4cccff358ee5be1b1d01bb504b9.php 第 167 行.
NOTIC: [8] Use of undefined constant job_require - assumed 'job_require' D:\wamp\www\project\aoshi\Application\Runtime\Cache\Home\007fb4cccff358ee5be1b1d01bb504b9.php 第 169 行.
NOTIC: [8] Use of undefined constant place - assumed 'place' D:\wamp\www\project\aoshi\Application\Runtime\Cache\Home\007fb4cccff358ee5be1b1d01bb504b9.php 第 171 行.
INFO: Run Behavior\ParseTemplateBehavior [ RunTime:0.057852s ]
INFO: [ view_parse ] --END-- [ RunTime:0.058468s ]
INFO: [ view_filter ] --START--
INFO: Run Behavior\WriteHtmlCacheBehavior [ RunTime:0.001759s ]
INFO: [ view_filter ] --END-- [ RunTime:0.002310s ]
NOTIC: [8] A session had already been started - ignoring session_start() D:\wamp\www\project\aoshi\Application\Home\Controller\IndexController.class.php 第 127 行.
NOTIC: [2] Cannot modify header information - headers already sent by (output started at D:\wamp\www\project\aoshi\ThinkPHP\Library\Think\View.class.php:95) D:\wamp\www\project\aoshi\Application\Home\Controller\IndexController.class.php 第 131 行.

[ 2017-01-06T16:13:02+08:00 ] 127.0.0.1 /project/aoshi/index.php/Home/Index/jobdetail
INFO: [ app_init ] --START--
INFO: Run Behavior\BuildLiteBehavior [ RunTime:0.000118s ]
INFO: [ app_init ] --END-- [ RunTime:0.001764s ]
INFO: [ app_begin ] --START--
INFO: Run Behavior\ReadHtmlCacheBehavior [ RunTime:0.002451s ]
INFO: [ app_begin ] --END-- [ RunTime:0.003007s ]
SQL: SHOW COLUMNS FROM `job` [ RunTime:0.0121s ]
NOTIC: [8] Undefined index: key D:\wamp\www\project\aoshi\Application\Home\Controller\IndexController.class.php 第 92 行.
NOTIC: [8] Undefined index: value D:\wamp\www\project\aoshi\Application\Home\Controller\IndexController.class.php 第 108 行.
SQL: SELECT job.id,`job_name`,`money`,`job_require`,`job_describe`,job.add_time,`place`,`company_name` FROM `job` INNER JOIN company on job.enterprise_id=company.enterprise_id  WHERE ( job.id=14 )  [ RunTime:0.0010s ]
INFO: [ view_parse ] --START--
INFO: [ template_filter ] --START--
INFO: Run Behavior\ContentReplaceBehavior [ RunTime:0.000329s ]
INFO: [ template_filter ] --END-- [ RunTime:0.000757s ]
NOTIC: [8] Use of undefined constant Index - assumed 'Index' D:\wamp\www\project\aoshi\Application\Runtime\Cache\Home\007fb4cccff358ee5be1b1d01bb504b9.php 第 48 行.
NOTIC: [8] Use of undefined constant index - assumed 'index' D:\wamp\www\project\aoshi\Application\Runtime\Cache\Home\007fb4cccff358ee5be1b1d01bb504b9.php 第 48 行.
NOTIC: [8] Use of undefined constant findjob - assumed 'findjob' D:\wamp\www\project\aoshi\Application\Runtime\Cache\Home\007fb4cccff358ee5be1b1d01bb504b9.php 第 50 行.
NOTIC: [8] Use of undefined constant News - assumed 'News' D:\wamp\www\project\aoshi\Application\Runtime\Cache\Home\007fb4cccff358ee5be1b1d01bb504b9.php 第 52 行.
NOTIC: [8] Use of undefined constant job_name - assumed 'job_name' D:\wamp\www\project\aoshi\Application\Runtime\Cache\Home\007fb4cccff358ee5be1b1d01bb504b9.php 第 137 行.
NOTIC: [8] Use of undefined constant money - assumed 'money' D:\wamp\www\project\aoshi\Application\Runtime\Cache\Home\007fb4cccff358ee5be1b1d01bb504b9.php 第 138 行.
NOTIC: [8] Use of undefined constant add_time - assumed 'add_time' D:\wamp\www\project\aoshi\Application\Runtime\Cache\Home\007fb4cccff358ee5be1b1d01bb504b9.php 第 149 行.
NOTIC: [8] Use of undefined constant company_name - assumed 'company_name' D:\wamp\www\project\aoshi\Application\Runtime\Cache\Home\007fb4cccff358ee5be1b1d01bb504b9.php 第 158 行.
NOTIC: [8] Use of undefined constant job_describe - assumed 'job_describe' D:\wamp\www\project\aoshi\Application\Runtime\Cache\Home\007fb4cccff358ee5be1b1d01bb504b9.php 第 167 行.
NOTIC: [8] Use of undefined constant job_require - assumed 'job_require' D:\wamp\www\project\aoshi\Application\Runtime\Cache\Home\007fb4cccff358ee5be1b1d01bb504b9.php 第 169 行.
NOTIC: [8] Use of undefined constant place - assumed 'place' D:\wamp\www\project\aoshi\Application\Runtime\Cache\Home\007fb4cccff358ee5be1b1d01bb504b9.php 第 171 行.
INFO: Run Behavior\ParseTemplateBehavior [ RunTime:0.046303s ]
INFO: [ view_parse ] --END-- [ RunTime:0.046707s ]
INFO: [ view_filter ] --START--
INFO: Run Behavior\WriteHtmlCacheBehavior [ RunTime:0.001905s ]
INFO: [ view_filter ] --END-- [ RunTime:0.002637s ]
NOTIC: [8] A session had already been started - ignoring session_start() D:\wamp\www\project\aoshi\Application\Home\Controller\IndexController.class.php 第 127 行.
NOTIC: [2] Cannot modify header information - headers already sent by (output started at D:\wamp\www\project\aoshi\ThinkPHP\Library\Think\View.class.php:95) D:\wamp\www\project\aoshi\Application\Home\Controller\IndexController.class.php 第 131 行.

[ 2017-01-06T16:13:05+08:00 ] 127.0.0.1 /project/aoshi/index.php/Home/Index/findjob.html
INFO: [ app_init ] --START--
INFO: Run Behavior\BuildLiteBehavior [ RunTime:0.000120s ]
INFO: [ app_init ] --END-- [ RunTime:0.001905s ]
INFO: [ app_begin ] --START--
INFO: Run Behavior\ReadHtmlCacheBehavior [ RunTime:0.002357s ]
INFO: [ app_begin ] --END-- [ RunTime:0.002988s ]
SQL: SHOW COLUMNS FROM `job` [ RunTime:0.0653s ]
NOTIC: [8] Undefined index: key D:\wamp\www\project\aoshi\Application\Home\Controller\IndexController.class.php 第 55 行.
SQL: SELECT job.id,`job_name`,`money`,`company_name` FROM `job` INNER JOIN company on job.enterprise_id=company.enterprise_id   [ RunTime:0.0010s ]
INFO: [ view_parse ] --START--
INFO: [ template_filter ] --START--
INFO: Run Behavior\ContentReplaceBehavior [ RunTime:0.000488s ]
INFO: [ template_filter ] --END-- [ RunTime:0.001135s ]
NOTIC: [8] Use of undefined constant Index - assumed 'Index' D:\wamp\www\project\aoshi\Application\Runtime\Cache\Home\9eb018846b02df4b2c1ee814555f95e0.php 第 48 行.
NOTIC: [8] Use of undefined constant index - assumed 'index' D:\wamp\www\project\aoshi\Application\Runtime\Cache\Home\9eb018846b02df4b2c1ee814555f95e0.php 第 48 行.
NOTIC: [8] Use of undefined constant findjob - assumed 'findjob' D:\wamp\www\project\aoshi\Application\Runtime\Cache\Home\9eb018846b02df4b2c1ee814555f95e0.php 第 50 行.
NOTIC: [8] Use of undefined constant News - assumed 'News' D:\wamp\www\project\aoshi\Application\Runtime\Cache\Home\9eb018846b02df4b2c1ee814555f95e0.php 第 52 行.
NOTIC: [8] Undefined index: key D:\wamp\www\project\aoshi\Application\Runtime\Cache\Home\9eb018846b02df4b2c1ee814555f95e0.php 第 152 行.
NOTIC: [8] Undefined index: key D:\wamp\www\project\aoshi\Application\Runtime\Cache\Home\9eb018846b02df4b2c1ee814555f95e0.php 第 157 行.
INFO: Run Behavior\ParseTemplateBehavior [ RunTime:0.059174s ]
INFO: [ view_parse ] --END-- [ RunTime:0.059804s ]
INFO: [ view_filter ] --START--
INFO: Run Behavior\WriteHtmlCacheBehavior [ RunTime:0.001798s ]
INFO: [ view_filter ] --END-- [ RunTime:0.002365s ]
INFO: [ app_end ] --START--
INFO: Run Behavior\ShowPageTraceBehavior [ RunTime:0.002469s ]
INFO: [ app_end ] --END-- [ RunTime:0.003216s ]

[ 2017-01-06T16:13:09+08:00 ] 127.0.0.1 /project/aoshi/index.php/Home/Index/jobdetail?value=JavaG%E7%A8%8B%E5%B8%88
INFO: [ app_init ] --START--
INFO: Run Behavior\BuildLiteBehavior [ RunTime:0.000120s ]
INFO: [ app_init ] --END-- [ RunTime:0.001756s ]
INFO: [ app_begin ] --START--
INFO: Run Behavior\ReadHtmlCacheBehavior [ RunTime:0.002520s ]
INFO: [ app_begin ] --END-- [ RunTime:0.003105s ]
SQL: SHOW COLUMNS FROM `job` [ RunTime:0.0127s ]
NOTIC: [8] Undefined index: key D:\wamp\www\project\aoshi\Application\Home\Controller\IndexController.class.php 第 92 行.
SQL: SELECT job.id,`job_name`,`money`,`job_require`,`job_describe`,job.add_time,`place`,`company_name` FROM `job` INNER JOIN company on job.enterprise_id=company.enterprise_id  WHERE ( job.id=14 )  [ RunTime:0.0010s ]
INFO: [ view_parse ] --START--
INFO: [ template_filter ] --START--
INFO: Run Behavior\ContentReplaceBehavior [ RunTime:0.000476s ]
INFO: [ template_filter ] --END-- [ RunTime:0.000967s ]
NOTIC: [8] Use of undefined constant Index - assumed 'Index' D:\wamp\www\project\aoshi\Application\Runtime\Cache\Home\007fb4cccff358ee5be1b1d01bb504b9.php 第 48 行.
NOTIC: [8] Use of undefined constant index - assumed 'index' D:\wamp\www\project\aoshi\Application\Runtime\Cache\Home\007fb4cccff358ee5be1b1d01bb504b9.php 第 48 行.
NOTIC: [8] Use of undefined constant findjob - assumed 'findjob' D:\wamp\www\project\aoshi\Application\Runtime\Cache\Home\007fb4cccff358ee5be1b1d01bb504b9.php 第 50 行.
NOTIC: [8] Use of undefined constant News - assumed 'News' D:\wamp\www\project\aoshi\Application\Runtime\Cache\Home\007fb4cccff358ee5be1b1d01bb504b9.php 第 52 行.
NOTIC: [8] Use of undefined constant job_name - assumed 'job_name' D:\wamp\www\project\aoshi\Application\Runtime\Cache\Home\007fb4cccff358ee5be1b1d01bb504b9.php 第 137 行.
NOTIC: [8] Use of undefined constant money - assumed 'money' D:\wamp\www\project\aoshi\Application\Runtime\Cache\Home\007fb4cccff358ee5be1b1d01bb504b9.php 第 138 行.
NOTIC: [8] Use of undefined constant add_time - assumed 'add_time' D:\wamp\www\project\aoshi\Application\Runtime\Cache\Home\007fb4cccff358ee5be1b1d01bb504b9.php 第 149 行.
NOTIC: [8] Use of undefined constant company_name - assumed 'company_name' D:\wamp\www\project\aoshi\Application\Runtime\Cache\Home\007fb4cccff358ee5be1b1d01bb504b9.php 第 158 行.
NOTIC: [8] Use of undefined constant job_describe - assumed 'job_describe' D:\wamp\www\project\aoshi\Application\Runtime\Cache\Home\007fb4cccff358ee5be1b1d01bb504b9.php 第 167 行.
NOTIC: [8] Use of undefined constant job_require - assumed 'job_require' D:\wamp\www\project\aoshi\Application\Runtime\Cache\Home\007fb4cccff358ee5be1b1d01bb504b9.php 第 169 行.
NOTIC: [8] Use of undefined constant place - assumed 'place' D:\wamp\www\project\aoshi\Application\Runtime\Cache\Home\007fb4cccff358ee5be1b1d01bb504b9.php 第 171 行.
INFO: Run Behavior\ParseTemplateBehavior [ RunTime:0.052852s ]
INFO: [ view_parse ] --END-- [ RunTime:0.053316s ]
INFO: [ view_filter ] --START--
INFO: Run Behavior\WriteHtmlCacheBehavior [ RunTime:0.001738s ]
INFO: [ view_filter ] --END-- [ RunTime:0.002211s ]
NOTIC: [8] A session had already been started - ignoring session_start() D:\wamp\www\project\aoshi\Application\Home\Controller\IndexController.class.php 第 127 行.
NOTIC: [2] Cannot modify header information - headers already sent by (output started at D:\wamp\www\project\aoshi\ThinkPHP\Library\Think\View.class.php:95) D:\wamp\www\project\aoshi\Application\Home\Controller\IndexController.class.php 第 131 行.

[ 2017-01-06T16:13:09+08:00 ] 127.0.0.1 /project/aoshi/index.php/Home/Index/jobdetail
INFO: [ app_init ] --START--
INFO: Run Behavior\BuildLiteBehavior [ RunTime:0.000125s ]
INFO: [ app_init ] --END-- [ RunTime:0.001821s ]
INFO: [ app_begin ] --START--
INFO: Run Behavior\ReadHtmlCacheBehavior [ RunTime:0.002525s ]
INFO: [ app_begin ] --END-- [ RunTime:0.003176s ]
SQL: SHOW COLUMNS FROM `job` [ RunTime:0.0885s ]
NOTIC: [8] Undefined index: key D:\wamp\www\project\aoshi\Application\Home\Controller\IndexController.class.php 第 92 行.
NOTIC: [8] Undefined index: value D:\wamp\www\project\aoshi\Application\Home\Controller\IndexController.class.php 第 108 行.
SQL: SELECT job.id,`job_name`,`money`,`job_require`,`job_describe`,job.add_time,`place`,`company_name` FROM `job` INNER JOIN company on job.enterprise_id=company.enterprise_id  WHERE ( job.id=14 )  [ RunTime:0.0010s ]
INFO: [ view_parse ] --START--
INFO: [ template_filter ] --START--
INFO: Run Behavior\ContentReplaceBehavior [ RunTime:0.000483s ]
INFO: [ template_filter ] --END-- [ RunTime:0.001064s ]
NOTIC: [8] Use of undefined constant Index - assumed 'Index' D:\wamp\www\project\aoshi\Application\Runtime\Cache\Home\007fb4cccff358ee5be1b1d01bb504b9.php 第 48 行.
NOTIC: [8] Use of undefined constant index - assumed 'index' D:\wamp\www\project\aoshi\Application\Runtime\Cache\Home\007fb4cccff358ee5be1b1d01bb504b9.php 第 48 行.
NOTIC: [8] Use of undefined constant findjob - assumed 'findjob' D:\wamp\www\project\aoshi\Application\Runtime\Cache\Home\007fb4cccff358ee5be1b1d01bb504b9.php 第 50 行.
NOTIC: [8] Use of undefined constant News - assumed 'News' D:\wamp\www\project\aoshi\Application\Runtime\Cache\Home\007fb4cccff358ee5be1b1d01bb504b9.php 第 52 行.
NOTIC: [8] Use of undefined constant job_name - assumed 'job_name' D:\wamp\www\project\aoshi\Application\Runtime\Cache\Home\007fb4cccff358ee5be1b1d01bb504b9.php 第 137 行.
NOTIC: [8] Use of undefined constant money - assumed 'money' D:\wamp\www\project\aoshi\Application\Runtime\Cache\Home\007fb4cccff358ee5be1b1d01bb504b9.php 第 138 行.
NOTIC: [8] Use of undefined constant add_time - assumed 'add_time' D:\wamp\www\project\aoshi\Application\Runtime\Cache\Home\007fb4cccff358ee5be1b1d01bb504b9.php 第 149 行.
NOTIC: [8] Use of undefined constant company_name - assumed 'company_name' D:\wamp\www\project\aoshi\Application\Runtime\Cache\Home\007fb4cccff358ee5be1b1d01bb504b9.php 第 158 行.
NOTIC: [8] Use of undefined constant job_describe - assumed 'job_describe' D:\wamp\www\project\aoshi\Application\Runtime\Cache\Home\007fb4cccff358ee5be1b1d01bb504b9.php 第 167 行.
NOTIC: [8] Use of undefined constant job_require - assumed 'job_require' D:\wamp\www\project\aoshi\Application\Runtime\Cache\Home\007fb4cccff358ee5be1b1d01bb504b9.php 第 169 行.
NOTIC: [8] Use of undefined constant place - assumed 'place' D:\wamp\www\project\aoshi\Application\Runtime\Cache\Home\007fb4cccff358ee5be1b1d01bb504b9.php 第 171 行.
INFO: Run Behavior\ParseTemplateBehavior [ RunTime:0.052285s ]
INFO: [ view_parse ] --END-- [ RunTime:0.052768s ]
INFO: [ view_filter ] --START--
INFO: Run Behavior\WriteHtmlCacheBehavior [ RunTime:0.001684s ]
INFO: [ view_filter ] --END-- [ RunTime:0.002275s ]
NOTIC: [8] A session had already been started - ignoring session_start() D:\wamp\www\project\aoshi\Application\Home\Controller\IndexController.class.php 第 127 行.
NOTIC: [2] Cannot modify header information - headers already sent by (output started at D:\wamp\www\project\aoshi\ThinkPHP\Library\Think\View.class.php:95) D:\wamp\www\project\aoshi\Application\Home\Controller\IndexController.class.php 第 131 行.

