[ 2017-01-12T00:13:12+08:00 ] ::1 /aoshi/
INFO: [ app_init ] --START--
INFO: Run Behavior\BuildLiteBehavior [ RunTime:0.000000s ]
INFO: [ app_init ] --END-- [ RunTime:0.003000s ]
INFO: [ app_begin ] --START--
INFO: Run Behavior\ReadHtmlCacheBehavior [ RunTime:0.015001s ]
INFO: [ app_begin ] --END-- [ RunTime:0.016001s ]
SQL: SHOW COLUMNS FROM `job` [ RunTime:0.0110s ]
NOTIC: [8] Undefined index: key D:\PHP\wamp\www\aoshi\Application\Home\Controller\IndexController.class.php 第 17 行.
SQL: SELECT job.id,`job_name`,`money`,`company_name` FROM `job` INNER JOIN company on job.enterprise_id=company.enterprise_id   [ RunTime:0.0010s ]
INFO: [ view_parse ] --START--
INFO: [ template_filter ] --START--
INFO: Run Behavior\ContentReplaceBehavior [ RunTime:0.000000s ]
INFO: [ template_filter ] --END-- [ RunTime:0.000000s ]
NOTIC: [8] Use of undefined constant Index - assumed 'Index' D:\PHP\wamp\www\aoshi\Application\Runtime\Cache\Home\2a94b8bda04ff446dcedd42276fc99ee.php 第 48 行.
NOTIC: [8] Use of undefined constant index - assumed 'index' D:\PHP\wamp\www\aoshi\Application\Runtime\Cache\Home\2a94b8bda04ff446dcedd42276fc99ee.php 第 48 行.
NOTIC: [8] Use of undefined constant findjob - assumed 'findjob' D:\PHP\wamp\www\aoshi\Application\Runtime\Cache\Home\2a94b8bda04ff446dcedd42276fc99ee.php 第 50 行.
NOTIC: [8] Use of undefined constant News - assumed 'News' D:\PHP\wamp\www\aoshi\Application\Runtime\Cache\Home\2a94b8bda04ff446dcedd42276fc99ee.php 第 52 行.
INFO: Run Behavior\ParseTemplateBehavior [ RunTime:0.073004s ]
INFO: [ view_parse ] --END-- [ RunTime:0.073004s ]
INFO: [ view_filter ] --START--
INFO: Run Behavior\WriteHtmlCacheBehavior [ RunTime:0.005001s ]
INFO: [ view_filter ] --END-- [ RunTime:0.005001s ]
INFO: [ app_end ] --START--
INFO: Run Behavior\ShowPageTraceBehavior [ RunTime:0.006000s ]
INFO: [ app_end ] --END-- [ RunTime:0.006000s ]

[ 2017-01-12T00:13:14+08:00 ] ::1 /aoshi/index.php/Home/Index/findjob.html
INFO: [ app_init ] --START--
INFO: Run Behavior\BuildLiteBehavior [ RunTime:0.000000s ]
INFO: [ app_init ] --END-- [ RunTime:0.002000s ]
INFO: [ app_begin ] --START--
INFO: Run Behavior\ReadHtmlCacheBehavior [ RunTime:0.007001s ]
INFO: [ app_begin ] --END-- [ RunTime:0.007001s ]
SQL: SHOW COLUMNS FROM `job` [ RunTime:0.0130s ]
NOTIC: [8] Undefined index: key D:\PHP\wamp\www\aoshi\Application\Home\Controller\IndexController.class.php 第 55 行.
SQL: SELECT job.id,`job_name`,`money`,`company_name` FROM `job` INNER JOIN company on job.enterprise_id=company.enterprise_id   [ RunTime:0.0010s ]
INFO: [ view_parse ] --START--
INFO: [ template_filter ] --START--
INFO: Run Behavior\ContentReplaceBehavior [ RunTime:0.000000s ]
INFO: [ template_filter ] --END-- [ RunTime:0.001000s ]
NOTIC: [8] Use of undefined constant Index - assumed 'Index' D:\PHP\wamp\www\aoshi\Application\Runtime\Cache\Home\9eb018846b02df4b2c1ee814555f95e0.php 第 48 行.
NOTIC: [8] Use of undefined constant index - assumed 'index' D:\PHP\wamp\www\aoshi\Application\Runtime\Cache\Home\9eb018846b02df4b2c1ee814555f95e0.php 第 48 行.
NOTIC: [8] Use of undefined constant findjob - assumed 'findjob' D:\PHP\wamp\www\aoshi\Application\Runtime\Cache\Home\9eb018846b02df4b2c1ee814555f95e0.php 第 50 行.
NOTIC: [8] Use of undefined constant News - assumed 'News' D:\PHP\wamp\www\aoshi\Application\Runtime\Cache\Home\9eb018846b02df4b2c1ee814555f95e0.php 第 52 行.
NOTIC: [8] Undefined index: key D:\PHP\wamp\www\aoshi\Application\Runtime\Cache\Home\9eb018846b02df4b2c1ee814555f95e0.php 第 152 行.
NOTIC: [8] Undefined index: key D:\PHP\wamp\www\aoshi\Application\Runtime\Cache\Home\9eb018846b02df4b2c1ee814555f95e0.php 第 157 行.
INFO: Run Behavior\ParseTemplateBehavior [ RunTime:0.081005s ]
INFO: [ view_parse ] --END-- [ RunTime:0.081005s ]
INFO: [ view_filter ] --START--
INFO: Run Behavior\WriteHtmlCacheBehavior [ RunTime:0.004000s ]
INFO: [ view_filter ] --END-- [ RunTime:0.004000s ]
INFO: [ app_end ] --START--
INFO: Run Behavior\ShowPageTraceBehavior [ RunTime:0.014001s ]
INFO: [ app_end ] --END-- [ RunTime:0.015001s ]

[ 2017-01-12T00:13:16+08:00 ] ::1 /aoshi/index.php/Home/Index/jobdetail?value=%E9%98%BF%E9%87%8C%E5%B7%B4%E5%B7%B4%E6%95%B0%E6%8D%AE%E5%88%86%E6%9E%90%E5%B8%88
INFO: [ app_init ] --START--
INFO: Run Behavior\BuildLiteBehavior [ RunTime:0.000000s ]
INFO: [ app_init ] --END-- [ RunTime:0.002000s ]
INFO: [ app_begin ] --START--
INFO: Run Behavior\ReadHtmlCacheBehavior [ RunTime:0.004000s ]
INFO: [ app_begin ] --END-- [ RunTime:0.004000s ]
SQL: SHOW COLUMNS FROM `job` [ RunTime:0.0120s ]
NOTIC: [8] Undefined index: key D:\PHP\wamp\www\aoshi\Application\Home\Controller\IndexController.class.php 第 92 行.
SQL: SELECT job.id,`job_name`,`money`,`job_require`,`job_describe`,job.add_time,`place`,`company_name` FROM `job` INNER JOIN company on job.enterprise_id=company.enterprise_id  WHERE ( job.id=14 )  [ RunTime:0.2330s ]
INFO: [ view_parse ] --START--
INFO: [ template_filter ] --START--
INFO: Run Behavior\ContentReplaceBehavior [ RunTime:0.001000s ]
INFO: [ template_filter ] --END-- [ RunTime:0.001000s ]
NOTIC: [8] Use of undefined constant Index - assumed 'Index' D:\PHP\wamp\www\aoshi\Application\Runtime\Cache\Home\007fb4cccff358ee5be1b1d01bb504b9.php 第 48 行.
NOTIC: [8] Use of undefined constant index - assumed 'index' D:\PHP\wamp\www\aoshi\Application\Runtime\Cache\Home\007fb4cccff358ee5be1b1d01bb504b9.php 第 48 行.
NOTIC: [8] Use of undefined constant findjob - assumed 'findjob' D:\PHP\wamp\www\aoshi\Application\Runtime\Cache\Home\007fb4cccff358ee5be1b1d01bb504b9.php 第 50 行.
NOTIC: [8] Use of undefined constant News - assumed 'News' D:\PHP\wamp\www\aoshi\Application\Runtime\Cache\Home\007fb4cccff358ee5be1b1d01bb504b9.php 第 52 行.
NOTIC: [8] Use of undefined constant job_name - assumed 'job_name' D:\PHP\wamp\www\aoshi\Application\Runtime\Cache\Home\007fb4cccff358ee5be1b1d01bb504b9.php 第 137 行.
NOTIC: [8] Use of undefined constant money - assumed 'money' D:\PHP\wamp\www\aoshi\Application\Runtime\Cache\Home\007fb4cccff358ee5be1b1d01bb504b9.php 第 138 行.
NOTIC: [8] Use of undefined constant add_time - assumed 'add_time' D:\PHP\wamp\www\aoshi\Application\Runtime\Cache\Home\007fb4cccff358ee5be1b1d01bb504b9.php 第 149 行.
NOTIC: [8] Use of undefined constant company_name - assumed 'company_name' D:\PHP\wamp\www\aoshi\Application\Runtime\Cache\Home\007fb4cccff358ee5be1b1d01bb504b9.php 第 158 行.
NOTIC: [8] Use of undefined constant job_describe - assumed 'job_describe' D:\PHP\wamp\www\aoshi\Application\Runtime\Cache\Home\007fb4cccff358ee5be1b1d01bb504b9.php 第 166 行.
NOTIC: [8] Use of undefined constant job_require - assumed 'job_require' D:\PHP\wamp\www\aoshi\Application\Runtime\Cache\Home\007fb4cccff358ee5be1b1d01bb504b9.php 第 168 行.
NOTIC: [8] Use of undefined constant place - assumed 'place' D:\PHP\wamp\www\aoshi\Application\Runtime\Cache\Home\007fb4cccff358ee5be1b1d01bb504b9.php 第 170 行.
INFO: Run Behavior\ParseTemplateBehavior [ RunTime:0.059004s ]
INFO: [ view_parse ] --END-- [ RunTime:0.060004s ]
INFO: [ view_filter ] --START--
INFO: Run Behavior\WriteHtmlCacheBehavior [ RunTime:0.003000s ]
INFO: [ view_filter ] --END-- [ RunTime:0.003000s ]
INFO: [ app_end ] --START--
INFO: Run Behavior\ShowPageTraceBehavior [ RunTime:0.003000s ]
INFO: [ app_end ] --END-- [ RunTime:0.004000s ]

[ 2017-01-12T00:13:16+08:00 ] ::1 /aoshi/index.php/Home/Index/jobdetail
INFO: [ app_init ] --START--
INFO: Run Behavior\BuildLiteBehavior [ RunTime:0.000000s ]
INFO: [ app_init ] --END-- [ RunTime:0.001000s ]
INFO: [ app_begin ] --START--
INFO: Run Behavior\ReadHtmlCacheBehavior [ RunTime:0.004001s ]
INFO: [ app_begin ] --END-- [ RunTime:0.004001s ]
SQL: SHOW COLUMNS FROM `job` [ RunTime:0.0110s ]
NOTIC: [8] Undefined index: key D:\PHP\wamp\www\aoshi\Application\Home\Controller\IndexController.class.php 第 92 行.
NOTIC: [8] Undefined index: value D:\PHP\wamp\www\aoshi\Application\Home\Controller\IndexController.class.php 第 108 行.
SQL: SELECT job.id,`job_name`,`money`,`job_require`,`job_describe`,job.add_time,`place`,`company_name` FROM `job` INNER JOIN company on job.enterprise_id=company.enterprise_id  WHERE ( job.id=14 )  [ RunTime:0.0010s ]
INFO: [ view_parse ] --START--
INFO: [ template_filter ] --START--
INFO: Run Behavior\ContentReplaceBehavior [ RunTime:0.000000s ]
INFO: [ template_filter ] --END-- [ RunTime:0.000000s ]
NOTIC: [8] Use of undefined constant Index - assumed 'Index' D:\PHP\wamp\www\aoshi\Application\Runtime\Cache\Home\007fb4cccff358ee5be1b1d01bb504b9.php 第 48 行.
NOTIC: [8] Use of undefined constant index - assumed 'index' D:\PHP\wamp\www\aoshi\Application\Runtime\Cache\Home\007fb4cccff358ee5be1b1d01bb504b9.php 第 48 行.
NOTIC: [8] Use of undefined constant findjob - assumed 'findjob' D:\PHP\wamp\www\aoshi\Application\Runtime\Cache\Home\007fb4cccff358ee5be1b1d01bb504b9.php 第 50 行.
NOTIC: [8] Use of undefined constant News - assumed 'News' D:\PHP\wamp\www\aoshi\Application\Runtime\Cache\Home\007fb4cccff358ee5be1b1d01bb504b9.php 第 52 行.
NOTIC: [8] Use of undefined constant job_name - assumed 'job_name' D:\PHP\wamp\www\aoshi\Application\Runtime\Cache\Home\007fb4cccff358ee5be1b1d01bb504b9.php 第 137 行.
NOTIC: [8] Use of undefined constant money - assumed 'money' D:\PHP\wamp\www\aoshi\Application\Runtime\Cache\Home\007fb4cccff358ee5be1b1d01bb504b9.php 第 138 行.
NOTIC: [8] Use of undefined constant add_time - assumed 'add_time' D:\PHP\wamp\www\aoshi\Application\Runtime\Cache\Home\007fb4cccff358ee5be1b1d01bb504b9.php 第 149 行.
NOTIC: [8] Use of undefined constant company_name - assumed 'company_name' D:\PHP\wamp\www\aoshi\Application\Runtime\Cache\Home\007fb4cccff358ee5be1b1d01bb504b9.php 第 158 行.
NOTIC: [8] Use of undefined constant job_describe - assumed 'job_describe' D:\PHP\wamp\www\aoshi\Application\Runtime\Cache\Home\007fb4cccff358ee5be1b1d01bb504b9.php 第 166 行.
NOTIC: [8] Use of undefined constant job_require - assumed 'job_require' D:\PHP\wamp\www\aoshi\Application\Runtime\Cache\Home\007fb4cccff358ee5be1b1d01bb504b9.php 第 168 行.
NOTIC: [8] Use of undefined constant place - assumed 'place' D:\PHP\wamp\www\aoshi\Application\Runtime\Cache\Home\007fb4cccff358ee5be1b1d01bb504b9.php 第 170 行.
INFO: Run Behavior\ParseTemplateBehavior [ RunTime:0.036002s ]
INFO: [ view_parse ] --END-- [ RunTime:0.036002s ]
INFO: [ view_filter ] --START--
INFO: Run Behavior\WriteHtmlCacheBehavior [ RunTime:0.003000s ]
INFO: [ view_filter ] --END-- [ RunTime:0.003000s ]
INFO: [ app_end ] --START--
INFO: Run Behavior\ShowPageTraceBehavior [ RunTime:0.004001s ]
INFO: [ app_end ] --END-- [ RunTime:0.004001s ]

[ 2017-01-12T00:13:20+08:00 ] ::1 /aoshi/index.php/Home/Index/findjob.html
INFO: [ app_init ] --START--
INFO: Run Behavior\BuildLiteBehavior [ RunTime:0.000000s ]
INFO: [ app_init ] --END-- [ RunTime:0.002000s ]
INFO: [ app_begin ] --START--
INFO: Run Behavior\ReadHtmlCacheBehavior [ RunTime:0.005000s ]
INFO: [ app_begin ] --END-- [ RunTime:0.005000s ]
SQL: SHOW COLUMNS FROM `job` [ RunTime:0.0140s ]
NOTIC: [8] Undefined index: key D:\PHP\wamp\www\aoshi\Application\Home\Controller\IndexController.class.php 第 55 行.
SQL: SELECT job.id,`job_name`,`money`,`company_name` FROM `job` INNER JOIN company on job.enterprise_id=company.enterprise_id   [ RunTime:0.0010s ]
INFO: [ view_parse ] --START--
INFO: [ template_filter ] --START--
INFO: Run Behavior\ContentReplaceBehavior [ RunTime:0.000000s ]
INFO: [ template_filter ] --END-- [ RunTime:0.001000s ]
NOTIC: [8] Use of undefined constant Index - assumed 'Index' D:\PHP\wamp\www\aoshi\Application\Runtime\Cache\Home\9eb018846b02df4b2c1ee814555f95e0.php 第 48 行.
NOTIC: [8] Use of undefined constant index - assumed 'index' D:\PHP\wamp\www\aoshi\Application\Runtime\Cache\Home\9eb018846b02df4b2c1ee814555f95e0.php 第 48 行.
NOTIC: [8] Use of undefined constant findjob - assumed 'findjob' D:\PHP\wamp\www\aoshi\Application\Runtime\Cache\Home\9eb018846b02df4b2c1ee814555f95e0.php 第 50 行.
NOTIC: [8] Use of undefined constant News - assumed 'News' D:\PHP\wamp\www\aoshi\Application\Runtime\Cache\Home\9eb018846b02df4b2c1ee814555f95e0.php 第 52 行.
NOTIC: [8] Undefined index: key D:\PHP\wamp\www\aoshi\Application\Runtime\Cache\Home\9eb018846b02df4b2c1ee814555f95e0.php 第 152 行.
NOTIC: [8] Undefined index: key D:\PHP\wamp\www\aoshi\Application\Runtime\Cache\Home\9eb018846b02df4b2c1ee814555f95e0.php 第 157 行.
INFO: Run Behavior\ParseTemplateBehavior [ RunTime:0.045002s ]
INFO: [ view_parse ] --END-- [ RunTime:0.045002s ]
INFO: [ view_filter ] --START--
INFO: Run Behavior\WriteHtmlCacheBehavior [ RunTime:0.004000s ]
INFO: [ view_filter ] --END-- [ RunTime:0.004000s ]
INFO: [ app_end ] --START--
INFO: Run Behavior\ShowPageTraceBehavior [ RunTime:0.005001s ]
INFO: [ app_end ] --END-- [ RunTime:0.006001s ]

[ 2017-01-12T00:13:22+08:00 ] ::1 /aoshi/index.php/Home/Index/jobdetail?value=JS%E6%94%BB%E5%9F%8E
INFO: [ app_init ] --START--
INFO: Run Behavior\BuildLiteBehavior [ RunTime:0.000000s ]
INFO: [ app_init ] --END-- [ RunTime:0.002000s ]
INFO: [ app_begin ] --START--
INFO: Run Behavior\ReadHtmlCacheBehavior [ RunTime:0.003000s ]
INFO: [ app_begin ] --END-- [ RunTime:0.003000s ]
SQL: SHOW COLUMNS FROM `job` [ RunTime:0.0120s ]
NOTIC: [8] Undefined index: key D:\PHP\wamp\www\aoshi\Application\Home\Controller\IndexController.class.php 第 92 行.
SQL: SELECT job.id,`job_name`,`money`,`job_require`,`job_describe`,job.add_time,`place`,`company_name` FROM `job` INNER JOIN company on job.enterprise_id=company.enterprise_id  WHERE ( job.id=14 )  [ RunTime:0.0000s ]
INFO: [ view_parse ] --START--
INFO: [ template_filter ] --START--
INFO: Run Behavior\ContentReplaceBehavior [ RunTime:0.000000s ]
INFO: [ template_filter ] --END-- [ RunTime:0.000000s ]
NOTIC: [8] Use of undefined constant Index - assumed 'Index' D:\PHP\wamp\www\aoshi\Application\Runtime\Cache\Home\007fb4cccff358ee5be1b1d01bb504b9.php 第 48 行.
NOTIC: [8] Use of undefined constant index - assumed 'index' D:\PHP\wamp\www\aoshi\Application\Runtime\Cache\Home\007fb4cccff358ee5be1b1d01bb504b9.php 第 48 行.
NOTIC: [8] Use of undefined constant findjob - assumed 'findjob' D:\PHP\wamp\www\aoshi\Application\Runtime\Cache\Home\007fb4cccff358ee5be1b1d01bb504b9.php 第 50 行.
NOTIC: [8] Use of undefined constant News - assumed 'News' D:\PHP\wamp\www\aoshi\Application\Runtime\Cache\Home\007fb4cccff358ee5be1b1d01bb504b9.php 第 52 行.
NOTIC: [8] Use of undefined constant job_name - assumed 'job_name' D:\PHP\wamp\www\aoshi\Application\Runtime\Cache\Home\007fb4cccff358ee5be1b1d01bb504b9.php 第 137 行.
NOTIC: [8] Use of undefined constant money - assumed 'money' D:\PHP\wamp\www\aoshi\Application\Runtime\Cache\Home\007fb4cccff358ee5be1b1d01bb504b9.php 第 138 行.
NOTIC: [8] Use of undefined constant add_time - assumed 'add_time' D:\PHP\wamp\www\aoshi\Application\Runtime\Cache\Home\007fb4cccff358ee5be1b1d01bb504b9.php 第 149 行.
NOTIC: [8] Use of undefined constant company_name - assumed 'company_name' D:\PHP\wamp\www\aoshi\Application\Runtime\Cache\Home\007fb4cccff358ee5be1b1d01bb504b9.php 第 158 行.
NOTIC: [8] Use of undefined constant job_describe - assumed 'job_describe' D:\PHP\wamp\www\aoshi\Application\Runtime\Cache\Home\007fb4cccff358ee5be1b1d01bb504b9.php 第 166 行.
NOTIC: [8] Use of undefined constant job_require - assumed 'job_require' D:\PHP\wamp\www\aoshi\Application\Runtime\Cache\Home\007fb4cccff358ee5be1b1d01bb504b9.php 第 168 行.
NOTIC: [8] Use of undefined constant place - assumed 'place' D:\PHP\wamp\www\aoshi\Application\Runtime\Cache\Home\007fb4cccff358ee5be1b1d01bb504b9.php 第 170 行.
INFO: Run Behavior\ParseTemplateBehavior [ RunTime:0.035002s ]
INFO: [ view_parse ] --END-- [ RunTime:0.035002s ]
INFO: [ view_filter ] --START--
INFO: Run Behavior\WriteHtmlCacheBehavior [ RunTime:0.003000s ]
INFO: [ view_filter ] --END-- [ RunTime:0.003000s ]
INFO: [ app_end ] --START--
INFO: Run Behavior\ShowPageTraceBehavior [ RunTime:0.004001s ]
INFO: [ app_end ] --END-- [ RunTime:0.004001s ]

[ 2017-01-12T00:13:22+08:00 ] ::1 /aoshi/index.php/Home/Index/jobdetail
INFO: [ app_init ] --START--
INFO: Run Behavior\BuildLiteBehavior [ RunTime:0.000000s ]
INFO: [ app_init ] --END-- [ RunTime:0.001000s ]
INFO: [ app_begin ] --START--
INFO: Run Behavior\ReadHtmlCacheBehavior [ RunTime:0.004000s ]
INFO: [ app_begin ] --END-- [ RunTime:0.004000s ]
SQL: SHOW COLUMNS FROM `job` [ RunTime:0.0120s ]
NOTIC: [8] Undefined index: key D:\PHP\wamp\www\aoshi\Application\Home\Controller\IndexController.class.php 第 92 行.
NOTIC: [8] Undefined index: value D:\PHP\wamp\www\aoshi\Application\Home\Controller\IndexController.class.php 第 108 行.
SQL: SELECT job.id,`job_name`,`money`,`job_require`,`job_describe`,job.add_time,`place`,`company_name` FROM `job` INNER JOIN company on job.enterprise_id=company.enterprise_id  WHERE ( job.id=14 )  [ RunTime:0.0010s ]
INFO: [ view_parse ] --START--
INFO: [ template_filter ] --START--
INFO: Run Behavior\ContentReplaceBehavior [ RunTime:0.000000s ]
INFO: [ template_filter ] --END-- [ RunTime:0.001000s ]
NOTIC: [8] Use of undefined constant Index - assumed 'Index' D:\PHP\wamp\www\aoshi\Application\Runtime\Cache\Home\007fb4cccff358ee5be1b1d01bb504b9.php 第 48 行.
NOTIC: [8] Use of undefined constant index - assumed 'index' D:\PHP\wamp\www\aoshi\Application\Runtime\Cache\Home\007fb4cccff358ee5be1b1d01bb504b9.php 第 48 行.
NOTIC: [8] Use of undefined constant findjob - assumed 'findjob' D:\PHP\wamp\www\aoshi\Application\Runtime\Cache\Home\007fb4cccff358ee5be1b1d01bb504b9.php 第 50 行.
NOTIC: [8] Use of undefined constant News - assumed 'News' D:\PHP\wamp\www\aoshi\Application\Runtime\Cache\Home\007fb4cccff358ee5be1b1d01bb504b9.php 第 52 行.
NOTIC: [8] Use of undefined constant job_name - assumed 'job_name' D:\PHP\wamp\www\aoshi\Application\Runtime\Cache\Home\007fb4cccff358ee5be1b1d01bb504b9.php 第 137 行.
NOTIC: [8] Use of undefined constant money - assumed 'money' D:\PHP\wamp\www\aoshi\Application\Runtime\Cache\Home\007fb4cccff358ee5be1b1d01bb504b9.php 第 138 行.
NOTIC: [8] Use of undefined constant add_time - assumed 'add_time' D:\PHP\wamp\www\aoshi\Application\Runtime\Cache\Home\007fb4cccff358ee5be1b1d01bb504b9.php 第 149 行.
NOTIC: [8] Use of undefined constant company_name - assumed 'company_name' D:\PHP\wamp\www\aoshi\Application\Runtime\Cache\Home\007fb4cccff358ee5be1b1d01bb504b9.php 第 158 行.
NOTIC: [8] Use of undefined constant job_describe - assumed 'job_describe' D:\PHP\wamp\www\aoshi\Application\Runtime\Cache\Home\007fb4cccff358ee5be1b1d01bb504b9.php 第 166 行.
NOTIC: [8] Use of undefined constant job_require - assumed 'job_require' D:\PHP\wamp\www\aoshi\Application\Runtime\Cache\Home\007fb4cccff358ee5be1b1d01bb504b9.php 第 168 行.
NOTIC: [8] Use of undefined constant place - assumed 'place' D:\PHP\wamp\www\aoshi\Application\Runtime\Cache\Home\007fb4cccff358ee5be1b1d01bb504b9.php 第 170 行.
INFO: Run Behavior\ParseTemplateBehavior [ RunTime:0.072004s ]
INFO: [ view_parse ] --END-- [ RunTime:0.072004s ]
INFO: [ view_filter ] --START--
INFO: Run Behavior\WriteHtmlCacheBehavior [ RunTime:0.003000s ]
INFO: [ view_filter ] --END-- [ RunTime:0.003000s ]
INFO: [ app_end ] --START--
INFO: Run Behavior\ShowPageTraceBehavior [ RunTime:0.003000s ]
INFO: [ app_end ] --END-- [ RunTime:0.004000s ]

[ 2017-01-12T00:13:29+08:00 ] ::1 /aoshi/index.php/Home/Index/findjob.html
INFO: [ app_init ] --START--
INFO: Run Behavior\BuildLiteBehavior [ RunTime:0.000000s ]
INFO: [ app_init ] --END-- [ RunTime:0.001000s ]
INFO: [ app_begin ] --START--
INFO: Run Behavior\ReadHtmlCacheBehavior [ RunTime:0.004000s ]
INFO: [ app_begin ] --END-- [ RunTime:0.004000s ]
SQL: SHOW COLUMNS FROM `job` [ RunTime:0.0120s ]
NOTIC: [8] Undefined index: key D:\PHP\wamp\www\aoshi\Application\Home\Controller\IndexController.class.php 第 55 行.
SQL: SELECT job.id,`job_name`,`money`,`company_name` FROM `job` INNER JOIN company on job.enterprise_id=company.enterprise_id   [ RunTime:0.0010s ]
INFO: [ view_parse ] --START--
INFO: [ template_filter ] --START--
INFO: Run Behavior\ContentReplaceBehavior [ RunTime:0.000000s ]
INFO: [ template_filter ] --END-- [ RunTime:0.000000s ]
NOTIC: [8] Use of undefined constant Index - assumed 'Index' D:\PHP\wamp\www\aoshi\Application\Runtime\Cache\Home\9eb018846b02df4b2c1ee814555f95e0.php 第 48 行.
NOTIC: [8] Use of undefined constant index - assumed 'index' D:\PHP\wamp\www\aoshi\Application\Runtime\Cache\Home\9eb018846b02df4b2c1ee814555f95e0.php 第 48 行.
NOTIC: [8] Use of undefined constant findjob - assumed 'findjob' D:\PHP\wamp\www\aoshi\Application\Runtime\Cache\Home\9eb018846b02df4b2c1ee814555f95e0.php 第 50 行.
NOTIC: [8] Use of undefined constant News - assumed 'News' D:\PHP\wamp\www\aoshi\Application\Runtime\Cache\Home\9eb018846b02df4b2c1ee814555f95e0.php 第 52 行.
NOTIC: [8] Undefined index: key D:\PHP\wamp\www\aoshi\Application\Runtime\Cache\Home\9eb018846b02df4b2c1ee814555f95e0.php 第 152 行.
NOTIC: [8] Undefined index: key D:\PHP\wamp\www\aoshi\Application\Runtime\Cache\Home\9eb018846b02df4b2c1ee814555f95e0.php 第 157 行.
INFO: Run Behavior\ParseTemplateBehavior [ RunTime:0.043003s ]
INFO: [ view_parse ] --END-- [ RunTime:0.043003s ]
INFO: [ view_filter ] --START--
INFO: Run Behavior\WriteHtmlCacheBehavior [ RunTime:0.004000s ]
INFO: [ view_filter ] --END-- [ RunTime:0.004000s ]
INFO: [ app_end ] --START--
INFO: Run Behavior\ShowPageTraceBehavior [ RunTime:0.009001s ]
INFO: [ app_end ] --END-- [ RunTime:0.009001s ]

[ 2017-01-12T00:13:31+08:00 ] ::1 /aoshi/index.php/Home/Index/jobdetail?value=PHP%E9%AB%98%E7%BA%A7%E5%B7%A5%E7%A8%8B%E5%B8%88
INFO: [ app_init ] --START--
INFO: Run Behavior\BuildLiteBehavior [ RunTime:0.000000s ]
INFO: [ app_init ] --END-- [ RunTime:0.002000s ]
INFO: [ app_begin ] --START--
INFO: Run Behavior\ReadHtmlCacheBehavior [ RunTime:0.004000s ]
INFO: [ app_begin ] --END-- [ RunTime:0.004000s ]
SQL: SHOW COLUMNS FROM `job` [ RunTime:0.0120s ]
NOTIC: [8] Undefined index: key D:\PHP\wamp\www\aoshi\Application\Home\Controller\IndexController.class.php 第 92 行.
SQL: SELECT job.id,`job_name`,`money`,`job_require`,`job_describe`,job.add_time,`place`,`company_name` FROM `job` INNER JOIN company on job.enterprise_id=company.enterprise_id  WHERE ( job.id=14 )  [ RunTime:0.0010s ]
INFO: [ view_parse ] --START--
INFO: [ template_filter ] --START--
INFO: Run Behavior\ContentReplaceBehavior [ RunTime:0.001000s ]
INFO: [ template_filter ] --END-- [ RunTime:0.001000s ]
NOTIC: [8] Use of undefined constant Index - assumed 'Index' D:\PHP\wamp\www\aoshi\Application\Runtime\Cache\Home\007fb4cccff358ee5be1b1d01bb504b9.php 第 48 行.
NOTIC: [8] Use of undefined constant index - assumed 'index' D:\PHP\wamp\www\aoshi\Application\Runtime\Cache\Home\007fb4cccff358ee5be1b1d01bb504b9.php 第 48 行.
NOTIC: [8] Use of undefined constant findjob - assumed 'findjob' D:\PHP\wamp\www\aoshi\Application\Runtime\Cache\Home\007fb4cccff358ee5be1b1d01bb504b9.php 第 50 行.
NOTIC: [8] Use of undefined constant News - assumed 'News' D:\PHP\wamp\www\aoshi\Application\Runtime\Cache\Home\007fb4cccff358ee5be1b1d01bb504b9.php 第 52 行.
NOTIC: [8] Use of undefined constant job_name - assumed 'job_name' D:\PHP\wamp\www\aoshi\Application\Runtime\Cache\Home\007fb4cccff358ee5be1b1d01bb504b9.php 第 137 行.
NOTIC: [8] Use of undefined constant money - assumed 'money' D:\PHP\wamp\www\aoshi\Application\Runtime\Cache\Home\007fb4cccff358ee5be1b1d01bb504b9.php 第 138 行.
NOTIC: [8] Use of undefined constant add_time - assumed 'add_time' D:\PHP\wamp\www\aoshi\Application\Runtime\Cache\Home\007fb4cccff358ee5be1b1d01bb504b9.php 第 149 行.
NOTIC: [8] Use of undefined constant company_name - assumed 'company_name' D:\PHP\wamp\www\aoshi\Application\Runtime\Cache\Home\007fb4cccff358ee5be1b1d01bb504b9.php 第 158 行.
NOTIC: [8] Use of undefined constant job_describe - assumed 'job_describe' D:\PHP\wamp\www\aoshi\Application\Runtime\Cache\Home\007fb4cccff358ee5be1b1d01bb504b9.php 第 166 行.
NOTIC: [8] Use of undefined constant job_require - assumed 'job_require' D:\PHP\wamp\www\aoshi\Application\Runtime\Cache\Home\007fb4cccff358ee5be1b1d01bb504b9.php 第 168 行.
NOTIC: [8] Use of undefined constant place - assumed 'place' D:\PHP\wamp\www\aoshi\Application\Runtime\Cache\Home\007fb4cccff358ee5be1b1d01bb504b9.php 第 170 行.
INFO: Run Behavior\ParseTemplateBehavior [ RunTime:0.035002s ]
INFO: [ view_parse ] --END-- [ RunTime:0.035002s ]
INFO: [ view_filter ] --START--
INFO: Run Behavior\WriteHtmlCacheBehavior [ RunTime:0.003000s ]
INFO: [ view_filter ] --END-- [ RunTime:0.003000s ]
INFO: [ app_end ] --START--
INFO: Run Behavior\ShowPageTraceBehavior [ RunTime:0.003000s ]
INFO: [ app_end ] --END-- [ RunTime:0.003000s ]

[ 2017-01-12T00:13:32+08:00 ] ::1 /aoshi/index.php/Home/Index/jobdetail
INFO: [ app_init ] --START--
INFO: Run Behavior\BuildLiteBehavior [ RunTime:0.000000s ]
INFO: [ app_init ] --END-- [ RunTime:0.002000s ]
INFO: [ app_begin ] --START--
INFO: Run Behavior\ReadHtmlCacheBehavior [ RunTime:0.003000s ]
INFO: [ app_begin ] --END-- [ RunTime:0.004000s ]
SQL: SHOW COLUMNS FROM `job` [ RunTime:0.0360s ]
NOTIC: [8] Undefined index: key D:\PHP\wamp\www\aoshi\Application\Home\Controller\IndexController.class.php 第 92 行.
NOTIC: [8] Undefined index: value D:\PHP\wamp\www\aoshi\Application\Home\Controller\IndexController.class.php 第 108 行.
SQL: SELECT job.id,`job_name`,`money`,`job_require`,`job_describe`,job.add_time,`place`,`company_name` FROM `job` INNER JOIN company on job.enterprise_id=company.enterprise_id  WHERE ( job.id=14 )  [ RunTime:0.0010s ]
INFO: [ view_parse ] --START--
INFO: [ template_filter ] --START--
INFO: Run Behavior\ContentReplaceBehavior [ RunTime:0.000000s ]
INFO: [ template_filter ] --END-- [ RunTime:0.001000s ]
NOTIC: [8] Use of undefined constant Index - assumed 'Index' D:\PHP\wamp\www\aoshi\Application\Runtime\Cache\Home\007fb4cccff358ee5be1b1d01bb504b9.php 第 48 行.
NOTIC: [8] Use of undefined constant index - assumed 'index' D:\PHP\wamp\www\aoshi\Application\Runtime\Cache\Home\007fb4cccff358ee5be1b1d01bb504b9.php 第 48 行.
NOTIC: [8] Use of undefined constant findjob - assumed 'findjob' D:\PHP\wamp\www\aoshi\Application\Runtime\Cache\Home\007fb4cccff358ee5be1b1d01bb504b9.php 第 50 行.
NOTIC: [8] Use of undefined constant News - assumed 'News' D:\PHP\wamp\www\aoshi\Application\Runtime\Cache\Home\007fb4cccff358ee5be1b1d01bb504b9.php 第 52 行.
NOTIC: [8] Use of undefined constant job_name - assumed 'job_name' D:\PHP\wamp\www\aoshi\Application\Runtime\Cache\Home\007fb4cccff358ee5be1b1d01bb504b9.php 第 137 行.
NOTIC: [8] Use of undefined constant money - assumed 'money' D:\PHP\wamp\www\aoshi\Application\Runtime\Cache\Home\007fb4cccff358ee5be1b1d01bb504b9.php 第 138 行.
NOTIC: [8] Use of undefined constant add_time - assumed 'add_time' D:\PHP\wamp\www\aoshi\Application\Runtime\Cache\Home\007fb4cccff358ee5be1b1d01bb504b9.php 第 149 行.
NOTIC: [8] Use of undefined constant company_name - assumed 'company_name' D:\PHP\wamp\www\aoshi\Application\Runtime\Cache\Home\007fb4cccff358ee5be1b1d01bb504b9.php 第 158 行.
NOTIC: [8] Use of undefined constant job_describe - assumed 'job_describe' D:\PHP\wamp\www\aoshi\Application\Runtime\Cache\Home\007fb4cccff358ee5be1b1d01bb504b9.php 第 166 行.
NOTIC: [8] Use of undefined constant job_require - assumed 'job_require' D:\PHP\wamp\www\aoshi\Application\Runtime\Cache\Home\007fb4cccff358ee5be1b1d01bb504b9.php 第 168 行.
NOTIC: [8] Use of undefined constant place - assumed 'place' D:\PHP\wamp\www\aoshi\Application\Runtime\Cache\Home\007fb4cccff358ee5be1b1d01bb504b9.php 第 170 行.
INFO: Run Behavior\ParseTemplateBehavior [ RunTime:0.036002s ]
INFO: [ view_parse ] --END-- [ RunTime:0.036002s ]
INFO: [ view_filter ] --START--
INFO: Run Behavior\WriteHtmlCacheBehavior [ RunTime:0.003000s ]
INFO: [ view_filter ] --END-- [ RunTime:0.003000s ]
INFO: [ app_end ] --START--
INFO: Run Behavior\ShowPageTraceBehavior [ RunTime:0.004001s ]
INFO: [ app_end ] --END-- [ RunTime:0.005001s ]

[ 2017-01-12T00:14:18+08:00 ] ::1 /aoshi/index.php/Home/Index/findjob.html
INFO: [ app_init ] --START--
INFO: Run Behavior\BuildLiteBehavior [ RunTime:0.000000s ]
INFO: [ app_init ] --END-- [ RunTime:0.001000s ]
INFO: [ app_begin ] --START--
INFO: Run Behavior\ReadHtmlCacheBehavior [ RunTime:0.003000s ]
INFO: [ app_begin ] --END-- [ RunTime:0.003000s ]
SQL: SHOW COLUMNS FROM `job` [ RunTime:0.0140s ]
NOTIC: [8] Undefined index: key D:\PHP\wamp\www\aoshi\Application\Home\Controller\IndexController.class.php 第 55 行.
SQL: SELECT job.id,`job_name`,`money`,`company_name` FROM `job` INNER JOIN company on job.enterprise_id=company.enterprise_id   [ RunTime:0.0020s ]
INFO: [ view_parse ] --START--
INFO: [ template_filter ] --START--
INFO: Run Behavior\ContentReplaceBehavior [ RunTime:0.001000s ]
INFO: [ template_filter ] --END-- [ RunTime:0.001000s ]
NOTIC: [8] Use of undefined constant Index - assumed 'Index' D:\PHP\wamp\www\aoshi\Application\Runtime\Cache\Home\9eb018846b02df4b2c1ee814555f95e0.php 第 48 行.
NOTIC: [8] Use of undefined constant index - assumed 'index' D:\PHP\wamp\www\aoshi\Application\Runtime\Cache\Home\9eb018846b02df4b2c1ee814555f95e0.php 第 48 行.
NOTIC: [8] Use of undefined constant findjob - assumed 'findjob' D:\PHP\wamp\www\aoshi\Application\Runtime\Cache\Home\9eb018846b02df4b2c1ee814555f95e0.php 第 50 行.
NOTIC: [8] Use of undefined constant News - assumed 'News' D:\PHP\wamp\www\aoshi\Application\Runtime\Cache\Home\9eb018846b02df4b2c1ee814555f95e0.php 第 52 行.
NOTIC: [8] Undefined index: key D:\PHP\wamp\www\aoshi\Application\Runtime\Cache\Home\9eb018846b02df4b2c1ee814555f95e0.php 第 152 行.
NOTIC: [8] Undefined index: key D:\PHP\wamp\www\aoshi\Application\Runtime\Cache\Home\9eb018846b02df4b2c1ee814555f95e0.php 第 157 行.
INFO: Run Behavior\ParseTemplateBehavior [ RunTime:0.041002s ]
INFO: [ view_parse ] --END-- [ RunTime:0.041002s ]
INFO: [ view_filter ] --START--
INFO: Run Behavior\WriteHtmlCacheBehavior [ RunTime:0.004001s ]
INFO: [ view_filter ] --END-- [ RunTime:0.004001s ]
INFO: [ app_end ] --START--
INFO: Run Behavior\ShowPageTraceBehavior [ RunTime:0.003000s ]
INFO: [ app_end ] --END-- [ RunTime:0.005000s ]

[ 2017-01-12T00:14:22+08:00 ] ::1 /aoshi/index.php/Home/Index/jobdetail?value=JavaG%E7%A8%8B%E5%B8%88
INFO: [ app_init ] --START--
INFO: Run Behavior\BuildLiteBehavior [ RunTime:0.000000s ]
INFO: [ app_init ] --END-- [ RunTime:0.001000s ]
INFO: [ app_begin ] --START--
INFO: Run Behavior\ReadHtmlCacheBehavior [ RunTime:0.003000s ]
INFO: [ app_begin ] --END-- [ RunTime:0.004000s ]
SQL: SHOW COLUMNS FROM `job` [ RunTime:0.0110s ]
NOTIC: [8] Undefined index: key D:\PHP\wamp\www\aoshi\Application\Home\Controller\IndexController.class.php 第 92 行.
SQL: SELECT job.id,`job_name`,`money`,`job_require`,`job_describe`,job.add_time,`place`,`company_name` FROM `job` INNER JOIN company on job.enterprise_id=company.enterprise_id  WHERE ( job.id=14 )  [ RunTime:0.0010s ]
INFO: [ view_parse ] --START--
INFO: [ template_filter ] --START--
INFO: Run Behavior\ContentReplaceBehavior [ RunTime:0.000000s ]
INFO: [ template_filter ] --END-- [ RunTime:0.001000s ]
NOTIC: [8] Use of undefined constant Index - assumed 'Index' D:\PHP\wamp\www\aoshi\Application\Runtime\Cache\Home\007fb4cccff358ee5be1b1d01bb504b9.php 第 48 行.
NOTIC: [8] Use of undefined constant index - assumed 'index' D:\PHP\wamp\www\aoshi\Application\Runtime\Cache\Home\007fb4cccff358ee5be1b1d01bb504b9.php 第 48 行.
NOTIC: [8] Use of undefined constant findjob - assumed 'findjob' D:\PHP\wamp\www\aoshi\Application\Runtime\Cache\Home\007fb4cccff358ee5be1b1d01bb504b9.php 第 50 行.
NOTIC: [8] Use of undefined constant News - assumed 'News' D:\PHP\wamp\www\aoshi\Application\Runtime\Cache\Home\007fb4cccff358ee5be1b1d01bb504b9.php 第 52 行.
NOTIC: [8] Use of undefined constant job_name - assumed 'job_name' D:\PHP\wamp\www\aoshi\Application\Runtime\Cache\Home\007fb4cccff358ee5be1b1d01bb504b9.php 第 137 行.
NOTIC: [8] Use of undefined constant money - assumed 'money' D:\PHP\wamp\www\aoshi\Application\Runtime\Cache\Home\007fb4cccff358ee5be1b1d01bb504b9.php 第 138 行.
NOTIC: [8] Use of undefined constant add_time - assumed 'add_time' D:\PHP\wamp\www\aoshi\Application\Runtime\Cache\Home\007fb4cccff358ee5be1b1d01bb504b9.php 第 149 行.
NOTIC: [8] Use of undefined constant company_name - assumed 'company_name' D:\PHP\wamp\www\aoshi\Application\Runtime\Cache\Home\007fb4cccff358ee5be1b1d01bb504b9.php 第 158 行.
NOTIC: [8] Use of undefined constant job_describe - assumed 'job_describe' D:\PHP\wamp\www\aoshi\Application\Runtime\Cache\Home\007fb4cccff358ee5be1b1d01bb504b9.php 第 166 行.
NOTIC: [8] Use of undefined constant job_require - assumed 'job_require' D:\PHP\wamp\www\aoshi\Application\Runtime\Cache\Home\007fb4cccff358ee5be1b1d01bb504b9.php 第 168 行.
NOTIC: [8] Use of undefined constant place - assumed 'place' D:\PHP\wamp\www\aoshi\Application\Runtime\Cache\Home\007fb4cccff358ee5be1b1d01bb504b9.php 第 170 行.
INFO: Run Behavior\ParseTemplateBehavior [ RunTime:0.035002s ]
INFO: [ view_parse ] --END-- [ RunTime:0.035002s ]
INFO: [ view_filter ] --START--
INFO: Run Behavior\WriteHtmlCacheBehavior [ RunTime:0.003000s ]
INFO: [ view_filter ] --END-- [ RunTime:0.003000s ]
INFO: [ app_end ] --START--
INFO: Run Behavior\ShowPageTraceBehavior [ RunTime:0.003000s ]
INFO: [ app_end ] --END-- [ RunTime:0.003000s ]

[ 2017-01-12T00:14:23+08:00 ] ::1 /aoshi/index.php/Home/Index/jobdetail
INFO: [ app_init ] --START--
INFO: Run Behavior\BuildLiteBehavior [ RunTime:0.000000s ]
INFO: [ app_init ] --END-- [ RunTime:0.001000s ]
INFO: [ app_begin ] --START--
INFO: Run Behavior\ReadHtmlCacheBehavior [ RunTime:0.004000s ]
INFO: [ app_begin ] --END-- [ RunTime:0.005001s ]
SQL: SHOW COLUMNS FROM `job` [ RunTime:0.0130s ]
NOTIC: [8] Undefined index: key D:\PHP\wamp\www\aoshi\Application\Home\Controller\IndexController.class.php 第 92 行.
NOTIC: [8] Undefined index: value D:\PHP\wamp\www\aoshi\Application\Home\Controller\IndexController.class.php 第 108 行.
SQL: SELECT job.id,`job_name`,`money`,`job_require`,`job_describe`,job.add_time,`place`,`company_name` FROM `job` INNER JOIN company on job.enterprise_id=company.enterprise_id  WHERE ( job.id=14 )  [ RunTime:0.0010s ]
INFO: [ view_parse ] --START--
INFO: [ template_filter ] --START--
INFO: Run Behavior\ContentReplaceBehavior [ RunTime:0.000000s ]
INFO: [ template_filter ] --END-- [ RunTime:0.000000s ]
NOTIC: [8] Use of undefined constant Index - assumed 'Index' D:\PHP\wamp\www\aoshi\Application\Runtime\Cache\Home\007fb4cccff358ee5be1b1d01bb504b9.php 第 48 行.
NOTIC: [8] Use of undefined constant index - assumed 'index' D:\PHP\wamp\www\aoshi\Application\Runtime\Cache\Home\007fb4cccff358ee5be1b1d01bb504b9.php 第 48 行.
NOTIC: [8] Use of undefined constant findjob - assumed 'findjob' D:\PHP\wamp\www\aoshi\Application\Runtime\Cache\Home\007fb4cccff358ee5be1b1d01bb504b9.php 第 50 行.
NOTIC: [8] Use of undefined constant News - assumed 'News' D:\PHP\wamp\www\aoshi\Application\Runtime\Cache\Home\007fb4cccff358ee5be1b1d01bb504b9.php 第 52 行.
NOTIC: [8] Use of undefined constant job_name - assumed 'job_name' D:\PHP\wamp\www\aoshi\Application\Runtime\Cache\Home\007fb4cccff358ee5be1b1d01bb504b9.php 第 137 行.
NOTIC: [8] Use of undefined constant money - assumed 'money' D:\PHP\wamp\www\aoshi\Application\Runtime\Cache\Home\007fb4cccff358ee5be1b1d01bb504b9.php 第 138 行.
NOTIC: [8] Use of undefined constant add_time - assumed 'add_time' D:\PHP\wamp\www\aoshi\Application\Runtime\Cache\Home\007fb4cccff358ee5be1b1d01bb504b9.php 第 149 行.
NOTIC: [8] Use of undefined constant company_name - assumed 'company_name' D:\PHP\wamp\www\aoshi\Application\Runtime\Cache\Home\007fb4cccff358ee5be1b1d01bb504b9.php 第 158 行.
NOTIC: [8] Use of undefined constant job_describe - assumed 'job_describe' D:\PHP\wamp\www\aoshi\Application\Runtime\Cache\Home\007fb4cccff358ee5be1b1d01bb504b9.php 第 166 行.
NOTIC: [8] Use of undefined constant job_require - assumed 'job_require' D:\PHP\wamp\www\aoshi\Application\Runtime\Cache\Home\007fb4cccff358ee5be1b1d01bb504b9.php 第 168 行.
NOTIC: [8] Use of undefined constant place - assumed 'place' D:\PHP\wamp\www\aoshi\Application\Runtime\Cache\Home\007fb4cccff358ee5be1b1d01bb504b9.php 第 170 行.
INFO: Run Behavior\ParseTemplateBehavior [ RunTime:0.037002s ]
INFO: [ view_parse ] --END-- [ RunTime:0.037002s ]
INFO: [ view_filter ] --START--
INFO: Run Behavior\WriteHtmlCacheBehavior [ RunTime:0.003000s ]
INFO: [ view_filter ] --END-- [ RunTime:0.003000s ]
INFO: [ app_end ] --START--
INFO: Run Behavior\ShowPageTraceBehavior [ RunTime:0.003001s ]
INFO: [ app_end ] --END-- [ RunTime:0.003001s ]

[ 2017-01-12T00:18:22+08:00 ] ::1 /aoshi/
INFO: [ app_init ] --START--
INFO: Run Behavior\BuildLiteBehavior [ RunTime:0.000000s ]
INFO: [ app_init ] --END-- [ RunTime:0.002000s ]
INFO: [ app_begin ] --START--
INFO: Run Behavior\ReadHtmlCacheBehavior [ RunTime:0.004000s ]
INFO: [ app_begin ] --END-- [ RunTime:0.004000s ]
SQL: SHOW COLUMNS FROM `job` [ RunTime:0.0480s ]
NOTIC: [8] Undefined index: key D:\PHP\wamp\www\aoshi\Application\Home\Controller\IndexController.class.php 第 17 行.
SQL: SELECT job.id,`job_name`,`money`,`company_name` FROM `job` INNER JOIN company on job.enterprise_id=company.enterprise_id   [ RunTime:0.0010s ]
INFO: [ view_parse ] --START--
INFO: [ template_filter ] --START--
INFO: Run Behavior\ContentReplaceBehavior [ RunTime:0.000000s ]
INFO: [ template_filter ] --END-- [ RunTime:0.000000s ]
NOTIC: [8] Use of undefined constant Index - assumed 'Index' D:\PHP\wamp\www\aoshi\Application\Runtime\Cache\Home\2a94b8bda04ff446dcedd42276fc99ee.php 第 48 行.
NOTIC: [8] Use of undefined constant index - assumed 'index' D:\PHP\wamp\www\aoshi\Application\Runtime\Cache\Home\2a94b8bda04ff446dcedd42276fc99ee.php 第 48 行.
NOTIC: [8] Use of undefined constant findjob - assumed 'findjob' D:\PHP\wamp\www\aoshi\Application\Runtime\Cache\Home\2a94b8bda04ff446dcedd42276fc99ee.php 第 50 行.
NOTIC: [8] Use of undefined constant News - assumed 'News' D:\PHP\wamp\www\aoshi\Application\Runtime\Cache\Home\2a94b8bda04ff446dcedd42276fc99ee.php 第 52 行.
INFO: Run Behavior\ParseTemplateBehavior [ RunTime:0.035002s ]
INFO: [ view_parse ] --END-- [ RunTime:0.036002s ]
INFO: [ view_filter ] --START--
INFO: Run Behavior\WriteHtmlCacheBehavior [ RunTime:0.004000s ]
INFO: [ view_filter ] --END-- [ RunTime:0.004000s ]
INFO: [ app_end ] --START--
INFO: Run Behavior\ShowPageTraceBehavior [ RunTime:0.003001s ]
INFO: [ app_end ] --END-- [ RunTime:0.005001s ]

[ 2017-01-12T00:18:24+08:00 ] ::1 /aoshi/index.php/Home/Index/findjob.html
INFO: [ app_init ] --START--
INFO: Run Behavior\BuildLiteBehavior [ RunTime:0.000000s ]
INFO: [ app_init ] --END-- [ RunTime:0.003000s ]
INFO: [ app_begin ] --START--
INFO: Run Behavior\ReadHtmlCacheBehavior [ RunTime:0.004000s ]
INFO: [ app_begin ] --END-- [ RunTime:0.004000s ]
SQL: SHOW COLUMNS FROM `job` [ RunTime:0.0230s ]
NOTIC: [8] Undefined index: key D:\PHP\wamp\www\aoshi\Application\Home\Controller\IndexController.class.php 第 55 行.
SQL: SELECT job.id,`job_name`,`money`,`company_name` FROM `job` INNER JOIN company on job.enterprise_id=company.enterprise_id   [ RunTime:0.0010s ]
INFO: [ view_parse ] --START--
INFO: [ template_filter ] --START--
INFO: Run Behavior\ContentReplaceBehavior [ RunTime:0.000000s ]
INFO: [ template_filter ] --END-- [ RunTime:0.001000s ]
NOTIC: [8] Use of undefined constant Index - assumed 'Index' D:\PHP\wamp\www\aoshi\Application\Runtime\Cache\Home\9eb018846b02df4b2c1ee814555f95e0.php 第 48 行.
NOTIC: [8] Use of undefined constant index - assumed 'index' D:\PHP\wamp\www\aoshi\Application\Runtime\Cache\Home\9eb018846b02df4b2c1ee814555f95e0.php 第 48 行.
NOTIC: [8] Use of undefined constant findjob - assumed 'findjob' D:\PHP\wamp\www\aoshi\Application\Runtime\Cache\Home\9eb018846b02df4b2c1ee814555f95e0.php 第 50 行.
NOTIC: [8] Use of undefined constant News - assumed 'News' D:\PHP\wamp\www\aoshi\Application\Runtime\Cache\Home\9eb018846b02df4b2c1ee814555f95e0.php 第 52 行.
NOTIC: [8] Undefined index: key D:\PHP\wamp\www\aoshi\Application\Runtime\Cache\Home\9eb018846b02df4b2c1ee814555f95e0.php 第 152 行.
NOTIC: [8] Undefined index: key D:\PHP\wamp\www\aoshi\Application\Runtime\Cache\Home\9eb018846b02df4b2c1ee814555f95e0.php 第 157 行.
INFO: Run Behavior\ParseTemplateBehavior [ RunTime:0.048003s ]
INFO: [ view_parse ] --END-- [ RunTime:0.048003s ]
INFO: [ view_filter ] --START--
INFO: Run Behavior\WriteHtmlCacheBehavior [ RunTime:0.003000s ]
INFO: [ view_filter ] --END-- [ RunTime:0.004000s ]
INFO: [ app_end ] --START--
INFO: Run Behavior\ShowPageTraceBehavior [ RunTime:0.005001s ]
INFO: [ app_end ] --END-- [ RunTime:0.007001s ]

[ 2017-01-12T00:18:26+08:00 ] ::1 /aoshi/index.php/Home/Index/jobdetail?value=%E9%98%BF%E9%87%8C%E5%B7%B4%E5%B7%B4%E6%95%B0%E6%8D%AE%E5%88%86%E6%9E%90%E5%B8%88
INFO: [ app_init ] --START--
INFO: Run Behavior\BuildLiteBehavior [ RunTime:0.000000s ]
INFO: [ app_init ] --END-- [ RunTime:0.002000s ]
INFO: [ app_begin ] --START--
INFO: Run Behavior\ReadHtmlCacheBehavior [ RunTime:0.004000s ]
INFO: [ app_begin ] --END-- [ RunTime:0.004000s ]
SQL: SHOW COLUMNS FROM `job` [ RunTime:0.0120s ]
NOTIC: [8] Undefined index: key D:\PHP\wamp\www\aoshi\Application\Home\Controller\IndexController.class.php 第 92 行.
SQL: SELECT job.id,`job_name`,`money`,`job_require`,`job_describe`,job.add_time,`place`,`company_name` FROM `job` INNER JOIN company on job.enterprise_id=company.enterprise_id  WHERE ( job.id=14 )  [ RunTime:0.0010s ]
INFO: [ view_parse ] --START--
INFO: [ template_filter ] --START--
INFO: Run Behavior\ContentReplaceBehavior [ RunTime:0.000000s ]
INFO: [ template_filter ] --END-- [ RunTime:0.000000s ]
NOTIC: [8] Use of undefined constant Index - assumed 'Index' D:\PHP\wamp\www\aoshi\Application\Runtime\Cache\Home\007fb4cccff358ee5be1b1d01bb504b9.php 第 48 行.
NOTIC: [8] Use of undefined constant index - assumed 'index' D:\PHP\wamp\www\aoshi\Application\Runtime\Cache\Home\007fb4cccff358ee5be1b1d01bb504b9.php 第 48 行.
NOTIC: [8] Use of undefined constant findjob - assumed 'findjob' D:\PHP\wamp\www\aoshi\Application\Runtime\Cache\Home\007fb4cccff358ee5be1b1d01bb504b9.php 第 50 行.
NOTIC: [8] Use of undefined constant News - assumed 'News' D:\PHP\wamp\www\aoshi\Application\Runtime\Cache\Home\007fb4cccff358ee5be1b1d01bb504b9.php 第 52 行.
NOTIC: [8] Use of undefined constant job_name - assumed 'job_name' D:\PHP\wamp\www\aoshi\Application\Runtime\Cache\Home\007fb4cccff358ee5be1b1d01bb504b9.php 第 137 行.
NOTIC: [8] Use of undefined constant money - assumed 'money' D:\PHP\wamp\www\aoshi\Application\Runtime\Cache\Home\007fb4cccff358ee5be1b1d01bb504b9.php 第 138 行.
NOTIC: [8] Use of undefined constant add_time - assumed 'add_time' D:\PHP\wamp\www\aoshi\Application\Runtime\Cache\Home\007fb4cccff358ee5be1b1d01bb504b9.php 第 149 行.
NOTIC: [8] Use of undefined constant company_name - assumed 'company_name' D:\PHP\wamp\www\aoshi\Application\Runtime\Cache\Home\007fb4cccff358ee5be1b1d01bb504b9.php 第 158 行.
NOTIC: [8] Use of undefined constant job_describe - assumed 'job_describe' D:\PHP\wamp\www\aoshi\Application\Runtime\Cache\Home\007fb4cccff358ee5be1b1d01bb504b9.php 第 166 行.
NOTIC: [8] Use of undefined constant job_require - assumed 'job_require' D:\PHP\wamp\www\aoshi\Application\Runtime\Cache\Home\007fb4cccff358ee5be1b1d01bb504b9.php 第 168 行.
NOTIC: [8] Use of undefined constant place - assumed 'place' D:\PHP\wamp\www\aoshi\Application\Runtime\Cache\Home\007fb4cccff358ee5be1b1d01bb504b9.php 第 170 行.
INFO: Run Behavior\ParseTemplateBehavior [ RunTime:0.036002s ]
INFO: [ view_parse ] --END-- [ RunTime:0.036002s ]
INFO: [ view_filter ] --START--
INFO: Run Behavior\WriteHtmlCacheBehavior [ RunTime:0.004000s ]
INFO: [ view_filter ] --END-- [ RunTime:0.004000s ]
INFO: [ app_end ] --START--
INFO: Run Behavior\ShowPageTraceBehavior [ RunTime:0.004000s ]
INFO: [ app_end ] --END-- [ RunTime:0.004000s ]

[ 2017-01-12T00:18:26+08:00 ] ::1 /aoshi/index.php/Home/Index/jobdetail
INFO: [ app_init ] --START--
INFO: Run Behavior\BuildLiteBehavior [ RunTime:0.000000s ]
INFO: [ app_init ] --END-- [ RunTime:0.002000s ]
INFO: [ app_begin ] --START--
INFO: Run Behavior\ReadHtmlCacheBehavior [ RunTime:0.004000s ]
INFO: [ app_begin ] --END-- [ RunTime:0.004000s ]
SQL: SHOW COLUMNS FROM `job` [ RunTime:0.0130s ]
NOTIC: [8] Undefined index: key D:\PHP\wamp\www\aoshi\Application\Home\Controller\IndexController.class.php 第 92 行.
NOTIC: [8] Undefined index: value D:\PHP\wamp\www\aoshi\Application\Home\Controller\IndexController.class.php 第 108 行.
SQL: SELECT job.id,`job_name`,`money`,`job_require`,`job_describe`,job.add_time,`place`,`company_name` FROM `job` INNER JOIN company on job.enterprise_id=company.enterprise_id  WHERE ( job.id=14 )  [ RunTime:0.0010s ]
INFO: [ view_parse ] --START--
INFO: [ template_filter ] --START--
INFO: Run Behavior\ContentReplaceBehavior [ RunTime:0.000000s ]
INFO: [ template_filter ] --END-- [ RunTime:0.000000s ]
NOTIC: [8] Use of undefined constant Index - assumed 'Index' D:\PHP\wamp\www\aoshi\Application\Runtime\Cache\Home\007fb4cccff358ee5be1b1d01bb504b9.php 第 48 行.
NOTIC: [8] Use of undefined constant index - assumed 'index' D:\PHP\wamp\www\aoshi\Application\Runtime\Cache\Home\007fb4cccff358ee5be1b1d01bb504b9.php 第 48 行.
NOTIC: [8] Use of undefined constant findjob - assumed 'findjob' D:\PHP\wamp\www\aoshi\Application\Runtime\Cache\Home\007fb4cccff358ee5be1b1d01bb504b9.php 第 50 行.
NOTIC: [8] Use of undefined constant News - assumed 'News' D:\PHP\wamp\www\aoshi\Application\Runtime\Cache\Home\007fb4cccff358ee5be1b1d01bb504b9.php 第 52 行.
NOTIC: [8] Use of undefined constant job_name - assumed 'job_name' D:\PHP\wamp\www\aoshi\Application\Runtime\Cache\Home\007fb4cccff358ee5be1b1d01bb504b9.php 第 137 行.
NOTIC: [8] Use of undefined constant money - assumed 'money' D:\PHP\wamp\www\aoshi\Application\Runtime\Cache\Home\007fb4cccff358ee5be1b1d01bb504b9.php 第 138 行.
NOTIC: [8] Use of undefined constant add_time - assumed 'add_time' D:\PHP\wamp\www\aoshi\Application\Runtime\Cache\Home\007fb4cccff358ee5be1b1d01bb504b9.php 第 149 行.
NOTIC: [8] Use of undefined constant company_name - assumed 'company_name' D:\PHP\wamp\www\aoshi\Application\Runtime\Cache\Home\007fb4cccff358ee5be1b1d01bb504b9.php 第 158 行.
NOTIC: [8] Use of undefined constant job_describe - assumed 'job_describe' D:\PHP\wamp\www\aoshi\Application\Runtime\Cache\Home\007fb4cccff358ee5be1b1d01bb504b9.php 第 166 行.
NOTIC: [8] Use of undefined constant job_require - assumed 'job_require' D:\PHP\wamp\www\aoshi\Application\Runtime\Cache\Home\007fb4cccff358ee5be1b1d01bb504b9.php 第 168 行.
NOTIC: [8] Use of undefined constant place - assumed 'place' D:\PHP\wamp\www\aoshi\Application\Runtime\Cache\Home\007fb4cccff358ee5be1b1d01bb504b9.php 第 170 行.
INFO: Run Behavior\ParseTemplateBehavior [ RunTime:0.036002s ]
INFO: [ view_parse ] --END-- [ RunTime:0.037002s ]
INFO: [ view_filter ] --START--
INFO: Run Behavior\WriteHtmlCacheBehavior [ RunTime:0.003001s ]
INFO: [ view_filter ] --END-- [ RunTime:0.003001s ]
INFO: [ app_end ] --START--
INFO: Run Behavior\ShowPageTraceBehavior [ RunTime:0.004000s ]
INFO: [ app_end ] --END-- [ RunTime:0.004000s ]

[ 2017-01-12T09:34:37+08:00 ] ::1 /aoshi/
INFO: [ app_init ] --START--
INFO: Run Behavior\BuildLiteBehavior [ RunTime:0.000000s ]
INFO: [ app_init ] --END-- [ RunTime:0.002001s ]
INFO: [ app_begin ] --START--
INFO: Run Behavior\ReadHtmlCacheBehavior [ RunTime:0.004001s ]
INFO: [ app_begin ] --END-- [ RunTime:0.005001s ]
SQL: SHOW COLUMNS FROM `job` [ RunTime:0.0130s ]
NOTIC: [8] Undefined index: key D:\PHP\wamp\www\aoshi\Application\Home\Controller\IndexController.class.php 第 17 行.
SQL: SELECT job.id,`job_name`,`money`,`company_name` FROM `job` INNER JOIN company on job.enterprise_id=company.enterprise_id   [ RunTime:0.0020s ]
INFO: [ view_parse ] --START--
INFO: [ template_filter ] --START--
INFO: Run Behavior\ContentReplaceBehavior [ RunTime:0.000000s ]
INFO: [ template_filter ] --END-- [ RunTime:0.000000s ]
NOTIC: [8] Use of undefined constant Index - assumed 'Index' D:\PHP\wamp\www\aoshi\Application\Runtime\Cache\Home\2a94b8bda04ff446dcedd42276fc99ee.php 第 48 行.
NOTIC: [8] Use of undefined constant index - assumed 'index' D:\PHP\wamp\www\aoshi\Application\Runtime\Cache\Home\2a94b8bda04ff446dcedd42276fc99ee.php 第 48 行.
NOTIC: [8] Use of undefined constant findjob - assumed 'findjob' D:\PHP\wamp\www\aoshi\Application\Runtime\Cache\Home\2a94b8bda04ff446dcedd42276fc99ee.php 第 50 行.
NOTIC: [8] Use of undefined constant News - assumed 'News' D:\PHP\wamp\www\aoshi\Application\Runtime\Cache\Home\2a94b8bda04ff446dcedd42276fc99ee.php 第 52 行.
INFO: Run Behavior\ParseTemplateBehavior [ RunTime:0.076004s ]
INFO: [ view_parse ] --END-- [ RunTime:0.076004s ]
INFO: [ view_filter ] --START--
INFO: Run Behavior\WriteHtmlCacheBehavior [ RunTime:0.004000s ]
INFO: [ view_filter ] --END-- [ RunTime:0.004000s ]
INFO: [ app_end ] --START--
INFO: Run Behavior\ShowPageTraceBehavior [ RunTime:0.015001s ]
INFO: [ app_end ] --END-- [ RunTime:0.016001s ]

[ 2017-01-12T09:34:42+08:00 ] ::1 /aoshi/index.php/Home/Index/findjob.html
INFO: [ app_init ] --START--
INFO: Run Behavior\BuildLiteBehavior [ RunTime:0.000000s ]
INFO: [ app_init ] --END-- [ RunTime:0.003000s ]
INFO: [ app_begin ] --START--
INFO: Run Behavior\ReadHtmlCacheBehavior [ RunTime:0.005000s ]
INFO: [ app_begin ] --END-- [ RunTime:0.006000s ]
SQL: SHOW COLUMNS FROM `job` [ RunTime:0.0160s ]
NOTIC: [8] Undefined index: key D:\PHP\wamp\www\aoshi\Application\Home\Controller\IndexController.class.php 第 55 行.
SQL: SELECT job.id,`job_name`,`money`,`company_name` FROM `job` INNER JOIN company on job.enterprise_id=company.enterprise_id   [ RunTime:0.0010s ]
INFO: [ view_parse ] --START--
INFO: [ template_filter ] --START--
INFO: Run Behavior\ContentReplaceBehavior [ RunTime:0.000000s ]
INFO: [ template_filter ] --END-- [ RunTime:0.001000s ]
NOTIC: [8] Use of undefined constant Index - assumed 'Index' D:\PHP\wamp\www\aoshi\Application\Runtime\Cache\Home\9eb018846b02df4b2c1ee814555f95e0.php 第 48 行.
NOTIC: [8] Use of undefined constant index - assumed 'index' D:\PHP\wamp\www\aoshi\Application\Runtime\Cache\Home\9eb018846b02df4b2c1ee814555f95e0.php 第 48 行.
NOTIC: [8] Use of undefined constant findjob - assumed 'findjob' D:\PHP\wamp\www\aoshi\Application\Runtime\Cache\Home\9eb018846b02df4b2c1ee814555f95e0.php 第 50 行.
NOTIC: [8] Use of undefined constant News - assumed 'News' D:\PHP\wamp\www\aoshi\Application\Runtime\Cache\Home\9eb018846b02df4b2c1ee814555f95e0.php 第 52 行.
NOTIC: [8] Undefined index: key D:\PHP\wamp\www\aoshi\Application\Runtime\Cache\Home\9eb018846b02df4b2c1ee814555f95e0.php 第 152 行.
NOTIC: [8] Undefined index: key D:\PHP\wamp\www\aoshi\Application\Runtime\Cache\Home\9eb018846b02df4b2c1ee814555f95e0.php 第 157 行.
NOTIC: [8] Use of undefined constant id - assumed 'id' D:\PHP\wamp\www\aoshi\Application\Runtime\Cache\Home\9eb018846b02df4b2c1ee814555f95e0.php 第 165 行.
NOTIC: [8] Undefined variable: id D:\PHP\wamp\www\aoshi\Application\Runtime\Cache\Home\9eb018846b02df4b2c1ee814555f95e0.php 第 165 行.
NOTIC: [8] Use of undefined constant id - assumed 'id' D:\PHP\wamp\www\aoshi\Application\Runtime\Cache\Home\9eb018846b02df4b2c1ee814555f95e0.php 第 165 行.
NOTIC: [8] Undefined variable: id D:\PHP\wamp\www\aoshi\Application\Runtime\Cache\Home\9eb018846b02df4b2c1ee814555f95e0.php 第 165 行.
NOTIC: [8] Use of undefined constant id - assumed 'id' D:\PHP\wamp\www\aoshi\Application\Runtime\Cache\Home\9eb018846b02df4b2c1ee814555f95e0.php 第 165 行.
NOTIC: [8] Undefined variable: id D:\PHP\wamp\www\aoshi\Application\Runtime\Cache\Home\9eb018846b02df4b2c1ee814555f95e0.php 第 165 行.
NOTIC: [8] Use of undefined constant id - assumed 'id' D:\PHP\wamp\www\aoshi\Application\Runtime\Cache\Home\9eb018846b02df4b2c1ee814555f95e0.php 第 165 行.
NOTIC: [8] Undefined variable: id D:\PHP\wamp\www\aoshi\Application\Runtime\Cache\Home\9eb018846b02df4b2c1ee814555f95e0.php 第 165 行.
NOTIC: [8] Use of undefined constant id - assumed 'id' D:\PHP\wamp\www\aoshi\Application\Runtime\Cache\Home\9eb018846b02df4b2c1ee814555f95e0.php 第 165 行.
NOTIC: [8] Undefined variable: id D:\PHP\wamp\www\aoshi\Application\Runtime\Cache\Home\9eb018846b02df4b2c1ee814555f95e0.php 第 165 行.
NOTIC: [8] Use of undefined constant id - assumed 'id' D:\PHP\wamp\www\aoshi\Application\Runtime\Cache\Home\9eb018846b02df4b2c1ee814555f95e0.php 第 165 行.
NOTIC: [8] Undefined variable: id D:\PHP\wamp\www\aoshi\Application\Runtime\Cache\Home\9eb018846b02df4b2c1ee814555f95e0.php 第 165 行.
NOTIC: [8] Use of undefined constant id - assumed 'id' D:\PHP\wamp\www\aoshi\Application\Runtime\Cache\Home\9eb018846b02df4b2c1ee814555f95e0.php 第 165 行.
NOTIC: [8] Undefined variable: id D:\PHP\wamp\www\aoshi\Application\Runtime\Cache\Home\9eb018846b02df4b2c1ee814555f95e0.php 第 165 行.
NOTIC: [8] Use of undefined constant id - assumed 'id' D:\PHP\wamp\www\aoshi\Application\Runtime\Cache\Home\9eb018846b02df4b2c1ee814555f95e0.php 第 165 行.
NOTIC: [8] Undefined variable: id D:\PHP\wamp\www\aoshi\Application\Runtime\Cache\Home\9eb018846b02df4b2c1ee814555f95e0.php 第 165 行.
NOTIC: [8] Use of undefined constant id - assumed 'id' D:\PHP\wamp\www\aoshi\Application\Runtime\Cache\Home\9eb018846b02df4b2c1ee814555f95e0.php 第 165 行.
NOTIC: [8] Undefined variable: id D:\PHP\wamp\www\aoshi\Application\Runtime\Cache\Home\9eb018846b02df4b2c1ee814555f95e0.php 第 165 行.
NOTIC: [8] Use of undefined constant id - assumed 'id' D:\PHP\wamp\www\aoshi\Application\Runtime\Cache\Home\9eb018846b02df4b2c1ee814555f95e0.php 第 165 行.
NOTIC: [8] Undefined variable: id D:\PHP\wamp\www\aoshi\Application\Runtime\Cache\Home\9eb018846b02df4b2c1ee814555f95e0.php 第 165 行.
NOTIC: [8] Use of undefined constant id - assumed 'id' D:\PHP\wamp\www\aoshi\Application\Runtime\Cache\Home\9eb018846b02df4b2c1ee814555f95e0.php 第 165 行.
NOTIC: [8] Undefined variable: id D:\PHP\wamp\www\aoshi\Application\Runtime\Cache\Home\9eb018846b02df4b2c1ee814555f95e0.php 第 165 行.
NOTIC: [8] Use of undefined constant id - assumed 'id' D:\PHP\wamp\www\aoshi\Application\Runtime\Cache\Home\9eb018846b02df4b2c1ee814555f95e0.php 第 165 行.
NOTIC: [8] Undefined variable: id D:\PHP\wamp\www\aoshi\Application\Runtime\Cache\Home\9eb018846b02df4b2c1ee814555f95e0.php 第 165 行.
NOTIC: [8] Use of undefined constant id - assumed 'id' D:\PHP\wamp\www\aoshi\Application\Runtime\Cache\Home\9eb018846b02df4b2c1ee814555f95e0.php 第 165 行.
NOTIC: [8] Undefined variable: id D:\PHP\wamp\www\aoshi\Application\Runtime\Cache\Home\9eb018846b02df4b2c1ee814555f95e0.php 第 165 行.
NOTIC: [8] Use of undefined constant id - assumed 'id' D:\PHP\wamp\www\aoshi\Application\Runtime\Cache\Home\9eb018846b02df4b2c1ee814555f95e0.php 第 165 行.
NOTIC: [8] Undefined variable: id D:\PHP\wamp\www\aoshi\Application\Runtime\Cache\Home\9eb018846b02df4b2c1ee814555f95e0.php 第 165 行.
NOTIC: [8] Use of undefined constant id - assumed 'id' D:\PHP\wamp\www\aoshi\Application\Runtime\Cache\Home\9eb018846b02df4b2c1ee814555f95e0.php 第 165 行.
NOTIC: [8] Undefined variable: id D:\PHP\wamp\www\aoshi\Application\Runtime\Cache\Home\9eb018846b02df4b2c1ee814555f95e0.php 第 165 行.
INFO: Run Behavior\ParseTemplateBehavior [ RunTime:0.089005s ]
INFO: [ view_parse ] --END-- [ RunTime:0.089005s ]
INFO: [ view_filter ] --START--
INFO: Run Behavior\WriteHtmlCacheBehavior [ RunTime:0.004000s ]
INFO: [ view_filter ] --END-- [ RunTime:0.004000s ]
INFO: [ app_end ] --START--
INFO: Run Behavior\ShowPageTraceBehavior [ RunTime:0.005000s ]
INFO: [ app_end ] --END-- [ RunTime:0.005000s ]

[ 2017-01-12T09:34:43+08:00 ] ::1 /aoshi/index.php/Home/Index/jobdetail/id/13.html
INFO: [ app_init ] --START--
INFO: Run Behavior\BuildLiteBehavior [ RunTime:0.000000s ]
INFO: [ app_init ] --END-- [ RunTime:0.002000s ]
INFO: [ app_begin ] --START--
INFO: Run Behavior\ReadHtmlCacheBehavior [ RunTime:0.004000s ]
INFO: [ app_begin ] --END-- [ RunTime:0.004000s ]
SQL: SHOW COLUMNS FROM `job` [ RunTime:0.0210s ]
NOTIC: [8] Undefined index: key D:\PHP\wamp\www\aoshi\Application\Home\Controller\IndexController.class.php 第 91 行.
SQL: SELECT job.id,`job_name`,`money`,`job_require`,`job_describe`,job.add_time,`place`,`company_name` FROM `job` INNER JOIN company on job.enterprise_id=company.enterprise_id  WHERE job.id = '13'  [ RunTime:0.0030s ]
INFO: [ view_parse ] --START--
INFO: [ template_filter ] --START--
INFO: Run Behavior\ContentReplaceBehavior [ RunTime:0.000000s ]
INFO: [ template_filter ] --END-- [ RunTime:0.000000s ]
NOTIC: [8] Use of undefined constant Index - assumed 'Index' D:\PHP\wamp\www\aoshi\Application\Runtime\Cache\Home\007fb4cccff358ee5be1b1d01bb504b9.php 第 48 行.
NOTIC: [8] Use of undefined constant index - assumed 'index' D:\PHP\wamp\www\aoshi\Application\Runtime\Cache\Home\007fb4cccff358ee5be1b1d01bb504b9.php 第 48 行.
NOTIC: [8] Use of undefined constant findjob - assumed 'findjob' D:\PHP\wamp\www\aoshi\Application\Runtime\Cache\Home\007fb4cccff358ee5be1b1d01bb504b9.php 第 50 行.
NOTIC: [8] Use of undefined constant News - assumed 'News' D:\PHP\wamp\www\aoshi\Application\Runtime\Cache\Home\007fb4cccff358ee5be1b1d01bb504b9.php 第 52 行.
NOTIC: [8] Use of undefined constant job_name - assumed 'job_name' D:\PHP\wamp\www\aoshi\Application\Runtime\Cache\Home\007fb4cccff358ee5be1b1d01bb504b9.php 第 137 行.
NOTIC: [8] Use of undefined constant money - assumed 'money' D:\PHP\wamp\www\aoshi\Application\Runtime\Cache\Home\007fb4cccff358ee5be1b1d01bb504b9.php 第 138 行.
NOTIC: [8] Use of undefined constant add_time - assumed 'add_time' D:\PHP\wamp\www\aoshi\Application\Runtime\Cache\Home\007fb4cccff358ee5be1b1d01bb504b9.php 第 149 行.
NOTIC: [8] Use of undefined constant company_name - assumed 'company_name' D:\PHP\wamp\www\aoshi\Application\Runtime\Cache\Home\007fb4cccff358ee5be1b1d01bb504b9.php 第 158 行.
NOTIC: [8] Use of undefined constant job_describe - assumed 'job_describe' D:\PHP\wamp\www\aoshi\Application\Runtime\Cache\Home\007fb4cccff358ee5be1b1d01bb504b9.php 第 167 行.
NOTIC: [8] Use of undefined constant job_require - assumed 'job_require' D:\PHP\wamp\www\aoshi\Application\Runtime\Cache\Home\007fb4cccff358ee5be1b1d01bb504b9.php 第 169 行.
NOTIC: [8] Use of undefined constant place - assumed 'place' D:\PHP\wamp\www\aoshi\Application\Runtime\Cache\Home\007fb4cccff358ee5be1b1d01bb504b9.php 第 171 行.
INFO: Run Behavior\ParseTemplateBehavior [ RunTime:0.048003s ]
INFO: [ view_parse ] --END-- [ RunTime:0.048003s ]
INFO: [ view_filter ] --START--
INFO: Run Behavior\WriteHtmlCacheBehavior [ RunTime:0.004000s ]
INFO: [ view_filter ] --END-- [ RunTime:0.004000s ]
INFO: [ app_end ] --START--
INFO: Run Behavior\ShowPageTraceBehavior [ RunTime:0.004000s ]
INFO: [ app_end ] --END-- [ RunTime:0.004000s ]

