[ 2017-02-23T15:16:15+08:00 ] 127.0.0.1 /aoshi/
INFO: [ app_init ] --START--
INFO: Run Behavior\BuildLiteBehavior [ RunTime:0.000029s ]
INFO: [ app_init ] --END-- [ RunTime:0.029783s ]
INFO: [ app_begin ] --START--
INFO: Run Behavior\ReadHtmlCacheBehavior [ RunTime:0.007441s ]
INFO: [ app_begin ] --END-- [ RunTime:0.007590s ]
NOTIC: [8] Undefined variable: name D:\Wampserver\www\aoshi\Application\Home\Controller\IndexController.class.php 第 20 行.
ERR: 1146:Table 'yuanku_job.job' doesn't exist
 [ SQL语句 ] : SHOW COLUMNS FROM `job`
ERR: 1146:Table 'yuanku_job.job' doesn't exist
 [ SQL语句 ] : SHOW COLUMNS FROM `job`

[ 2017-02-23T15:24:11+08:00 ] 127.0.0.1 /aoshi/
INFO: [ app_init ] --START--
INFO: Run Behavior\BuildLiteBehavior [ RunTime:0.000028s ]
INFO: [ app_init ] --END-- [ RunTime:0.001316s ]
INFO: [ app_begin ] --START--
INFO: Run Behavior\ReadHtmlCacheBehavior [ RunTime:0.001464s ]
INFO: [ app_begin ] --END-- [ RunTime:0.001602s ]
NOTIC: [8] Undefined variable: name D:\Wampserver\www\aoshi\Application\Home\Controller\IndexController.class.php 第 20 行.
SQL: SHOW COLUMNS FROM `job` [ RunTime:0.0008s ]
NOTIC: [8] Undefined index: key D:\Wampserver\www\aoshi\Application\Home\Controller\IndexController.class.php 第 26 行.
NOTIC: [8] Undefined variable: job_info D:\Wampserver\www\aoshi\Application\Home\Controller\IndexController.class.php 第 31 行.
INFO: [ view_parse ] --START--
INFO: [ template_filter ] --START--
INFO: Run Behavior\ContentReplaceBehavior [ RunTime:0.000149s ]
INFO: [ template_filter ] --END-- [ RunTime:0.000275s ]
NOTIC: [8] Use of undefined constant Index - assumed 'Index' D:\Wampserver\www\aoshi\Application\Runtime\Cache\Home\2a94b8bda04ff446dcedd42276fc99ee.php 第 48 行.
NOTIC: [8] Use of undefined constant index - assumed 'index' D:\Wampserver\www\aoshi\Application\Runtime\Cache\Home\2a94b8bda04ff446dcedd42276fc99ee.php 第 48 行.
NOTIC: [8] Use of undefined constant findjob - assumed 'findjob' D:\Wampserver\www\aoshi\Application\Runtime\Cache\Home\2a94b8bda04ff446dcedd42276fc99ee.php 第 50 行.
NOTIC: [8] Use of undefined constant News - assumed 'News' D:\Wampserver\www\aoshi\Application\Runtime\Cache\Home\2a94b8bda04ff446dcedd42276fc99ee.php 第 52 行.
INFO: Run Behavior\ParseTemplateBehavior [ RunTime:0.091677s ]
INFO: [ view_parse ] --END-- [ RunTime:0.091801s ]
INFO: [ view_filter ] --START--
INFO: Run Behavior\WriteHtmlCacheBehavior [ RunTime:0.013194s ]
INFO: [ view_filter ] --END-- [ RunTime:0.013320s ]
INFO: [ app_end ] --START--
INFO: Run Behavior\ShowPageTraceBehavior [ RunTime:0.024397s ]
INFO: [ app_end ] --END-- [ RunTime:0.024747s ]

[ 2017-02-23T15:25:45+08:00 ] 127.0.0.1 /aoshi/index.php/Home/Index/findjob.html
INFO: [ app_init ] --START--
INFO: Run Behavior\BuildLiteBehavior [ RunTime:0.000044s ]
INFO: [ app_init ] --END-- [ RunTime:0.001128s ]
INFO: [ app_begin ] --START--
INFO: Run Behavior\ReadHtmlCacheBehavior [ RunTime:0.001186s ]
INFO: [ app_begin ] --END-- [ RunTime:0.001415s ]
NOTIC: [8] Undefined variable: name D:\Wampserver\www\aoshi\Application\Home\Controller\IndexController.class.php 第 46 行.
SQL: SHOW COLUMNS FROM `job` [ RunTime:0.0012s ]
NOTIC: [8] Undefined index: key D:\Wampserver\www\aoshi\Application\Home\Controller\IndexController.class.php 第 57 行.
SQL: SELECT COUNT(*) AS tp_count FROM `job` LIMIT 1   [ RunTime:0.0004s ]
ERR: 1146:Table 'yuanku_job.enterprise_info' doesn't exist
 [ SQL语句 ] : SELECT job.id,`job_name`,job.company_name,`salary_low`,`salary_hig`,job.city,`work_time`,`education`,`photo`,`name`,`job` FROM `job` INNER JOIN enterprise_info on enterprise_id=enterprise_info.id  WHERE ( `job_name` LIKE '%%' OR job.company_name LIKE '%%' ) AND `status` = 0 LIMIT 0,8  
ERR: 1146:Table 'yuanku_job.enterprise_info' doesn't exist
 [ SQL语句 ] : SELECT job.id,`job_name`,job.company_name,`salary_low`,`salary_hig`,job.city,`work_time`,`education`,`photo`,`name`,`job` FROM `job` INNER JOIN enterprise_info on enterprise_id=enterprise_info.id  WHERE ( `job_name` LIKE '%%' OR job.company_name LIKE '%%' ) AND `status` = 0 LIMIT 0,8  

[ 2017-02-23T15:26:06+08:00 ] 127.0.0.1 /aoshi/index.php/Home/Index/findjob.html
INFO: [ app_init ] --START--
INFO: Run Behavior\BuildLiteBehavior [ RunTime:0.000026s ]
INFO: [ app_init ] --END-- [ RunTime:0.000576s ]
INFO: [ app_begin ] --START--
INFO: Run Behavior\ReadHtmlCacheBehavior [ RunTime:0.000995s ]
INFO: [ app_begin ] --END-- [ RunTime:0.001211s ]
NOTIC: [8] Undefined variable: name D:\Wampserver\www\aoshi\Application\Home\Controller\IndexController.class.php 第 46 行.
SQL: SHOW COLUMNS FROM `job` [ RunTime:0.0011s ]
NOTIC: [8] Undefined index: key D:\Wampserver\www\aoshi\Application\Home\Controller\IndexController.class.php 第 57 行.
SQL: SELECT COUNT(*) AS tp_count FROM `job` LIMIT 1   [ RunTime:0.0002s ]
SQL: SELECT job.id,`job_name`,job.company_name,`salary_low`,`salary_hig`,job.city,`work_time`,`education`,`photo`,`name`,`job` FROM `job` INNER JOIN enterprise_info on enterprise_id=enterprise_info.id  WHERE ( `job_name` LIKE '%%' OR job.company_name LIKE '%%' ) AND `status` = 0 LIMIT 0,8   [ RunTime:0.0018s ]
INFO: [ view_parse ] --START--
INFO: [ template_filter ] --START--
INFO: Run Behavior\ContentReplaceBehavior [ RunTime:0.000130s ]
INFO: [ template_filter ] --END-- [ RunTime:0.000256s ]
NOTIC: [8] Use of undefined constant Index - assumed 'Index' D:\Wampserver\www\aoshi\Application\Runtime\Cache\Home\9eb018846b02df4b2c1ee814555f95e0.php 第 48 行.
NOTIC: [8] Use of undefined constant index - assumed 'index' D:\Wampserver\www\aoshi\Application\Runtime\Cache\Home\9eb018846b02df4b2c1ee814555f95e0.php 第 48 行.
NOTIC: [8] Use of undefined constant findjob - assumed 'findjob' D:\Wampserver\www\aoshi\Application\Runtime\Cache\Home\9eb018846b02df4b2c1ee814555f95e0.php 第 50 行.
NOTIC: [8] Use of undefined constant News - assumed 'News' D:\Wampserver\www\aoshi\Application\Runtime\Cache\Home\9eb018846b02df4b2c1ee814555f95e0.php 第 52 行.
NOTIC: [8] Undefined index: key D:\Wampserver\www\aoshi\Application\Runtime\Cache\Home\9eb018846b02df4b2c1ee814555f95e0.php 第 158 行.
NOTIC: [8] Undefined index: key D:\Wampserver\www\aoshi\Application\Runtime\Cache\Home\9eb018846b02df4b2c1ee814555f95e0.php 第 163 行.
INFO: Run Behavior\ParseTemplateBehavior [ RunTime:0.047531s ]
INFO: [ view_parse ] --END-- [ RunTime:0.047657s ]
INFO: [ view_filter ] --START--
INFO: Run Behavior\WriteHtmlCacheBehavior [ RunTime:0.000663s ]
INFO: [ view_filter ] --END-- [ RunTime:0.000775s ]
INFO: [ app_end ] --START--
INFO: Run Behavior\ShowPageTraceBehavior [ RunTime:0.001733s ]
INFO: [ app_end ] --END-- [ RunTime:0.002100s ]

[ 2017-02-23T15:26:09+08:00 ] 127.0.0.1 /aoshi/index.php/Home/Index/findjob.html
INFO: [ app_init ] --START--
INFO: Run Behavior\BuildLiteBehavior [ RunTime:0.000026s ]
INFO: [ app_init ] --END-- [ RunTime:0.000576s ]
INFO: [ app_begin ] --START--
INFO: Run Behavior\ReadHtmlCacheBehavior [ RunTime:0.000952s ]
INFO: [ app_begin ] --END-- [ RunTime:0.001085s ]
NOTIC: [8] Undefined variable: name D:\Wampserver\www\aoshi\Application\Home\Controller\IndexController.class.php 第 46 行.
SQL: SHOW COLUMNS FROM `job` [ RunTime:0.0007s ]
NOTIC: [8] Undefined index: key D:\Wampserver\www\aoshi\Application\Home\Controller\IndexController.class.php 第 57 行.
SQL: SELECT COUNT(*) AS tp_count FROM `job` LIMIT 1   [ RunTime:0.0002s ]
SQL: SELECT job.id,`job_name`,job.company_name,`salary_low`,`salary_hig`,job.city,`work_time`,`education`,`photo`,`name`,`job` FROM `job` INNER JOIN enterprise_info on enterprise_id=enterprise_info.id  WHERE ( `job_name` LIKE '%%' OR job.company_name LIKE '%%' ) AND `status` = 0 LIMIT 0,8   [ RunTime:0.0018s ]
INFO: [ view_parse ] --START--
INFO: [ template_filter ] --START--
INFO: Run Behavior\ContentReplaceBehavior [ RunTime:0.000160s ]
INFO: [ template_filter ] --END-- [ RunTime:0.000333s ]
NOTIC: [8] Use of undefined constant Index - assumed 'Index' D:\Wampserver\www\aoshi\Application\Runtime\Cache\Home\9eb018846b02df4b2c1ee814555f95e0.php 第 48 行.
NOTIC: [8] Use of undefined constant index - assumed 'index' D:\Wampserver\www\aoshi\Application\Runtime\Cache\Home\9eb018846b02df4b2c1ee814555f95e0.php 第 48 行.
NOTIC: [8] Use of undefined constant findjob - assumed 'findjob' D:\Wampserver\www\aoshi\Application\Runtime\Cache\Home\9eb018846b02df4b2c1ee814555f95e0.php 第 50 行.
NOTIC: [8] Use of undefined constant News - assumed 'News' D:\Wampserver\www\aoshi\Application\Runtime\Cache\Home\9eb018846b02df4b2c1ee814555f95e0.php 第 52 行.
NOTIC: [8] Undefined index: key D:\Wampserver\www\aoshi\Application\Runtime\Cache\Home\9eb018846b02df4b2c1ee814555f95e0.php 第 158 行.
NOTIC: [8] Undefined index: key D:\Wampserver\www\aoshi\Application\Runtime\Cache\Home\9eb018846b02df4b2c1ee814555f95e0.php 第 163 行.
INFO: Run Behavior\ParseTemplateBehavior [ RunTime:0.018393s ]
INFO: [ view_parse ] --END-- [ RunTime:0.018824s ]
INFO: [ view_filter ] --START--
INFO: Run Behavior\WriteHtmlCacheBehavior [ RunTime:0.000752s ]
INFO: [ view_filter ] --END-- [ RunTime:0.000899s ]
INFO: [ app_end ] --START--
INFO: Run Behavior\ShowPageTraceBehavior [ RunTime:0.001725s ]
INFO: [ app_end ] --END-- [ RunTime:0.001972s ]

[ 2017-02-23T15:26:10+08:00 ] 127.0.0.1 /aoshi/index.php/Home/Index/findjob
INFO: [ app_init ] --START--
INFO: Run Behavior\BuildLiteBehavior [ RunTime:0.000026s ]
INFO: [ app_init ] --END-- [ RunTime:0.000594s ]
INFO: [ app_begin ] --START--
INFO: Run Behavior\ReadHtmlCacheBehavior [ RunTime:0.001101s ]
INFO: [ app_begin ] --END-- [ RunTime:0.001212s ]
NOTIC: [8] Undefined variable: name D:\Wampserver\www\aoshi\Application\Home\Controller\IndexController.class.php 第 46 行.
SQL: SHOW COLUMNS FROM `job` [ RunTime:0.0012s ]
NOTIC: [8] Undefined index: key D:\Wampserver\www\aoshi\Application\Home\Controller\IndexController.class.php 第 57 行.
SQL: SELECT job.id,`job_name`,job.company_name,`salary_low`,`salary_hig`,job.city,`work_time`,`education`,`photo`,`name`,`job` FROM `job` INNER JOIN enterprise_info on enterprise_id=enterprise_info.id  WHERE ( `job_name` LIKE '%%' OR job.company_name LIKE '%%' ) AND `status` = 0 LIMIT 8,8   [ RunTime:0.0017s ]

[ 2017-02-23T15:26:31+08:00 ] 127.0.0.1 /aoshi/index.php/Home/Index/findjob.html
INFO: [ app_init ] --START--
INFO: Run Behavior\BuildLiteBehavior [ RunTime:0.000029s ]
INFO: [ app_init ] --END-- [ RunTime:0.000617s ]
INFO: [ app_begin ] --START--
INFO: Run Behavior\ReadHtmlCacheBehavior [ RunTime:0.001106s ]
INFO: [ app_begin ] --END-- [ RunTime:0.001232s ]
NOTIC: [8] Undefined variable: name D:\Wampserver\www\aoshi\Application\Home\Controller\IndexController.class.php 第 46 行.
SQL: SHOW COLUMNS FROM `job` [ RunTime:0.0008s ]
NOTIC: [8] Undefined index: key D:\Wampserver\www\aoshi\Application\Home\Controller\IndexController.class.php 第 57 行.
SQL: SELECT COUNT(*) AS tp_count FROM `job` LIMIT 1   [ RunTime:0.0002s ]
SQL: SELECT job.id,`job_name`,job.company_name,`salary_low`,`salary_hig`,job.city,`work_time`,`education`,`photo`,`name`,`job` FROM `job` INNER JOIN enterprise_info on enterprise_id=enterprise_info.id  WHERE ( `job_name` LIKE '%%' OR job.company_name LIKE '%%' ) AND `status` = 0 LIMIT 0,8   [ RunTime:0.0017s ]
INFO: [ view_parse ] --START--
INFO: [ template_filter ] --START--
INFO: Run Behavior\ContentReplaceBehavior [ RunTime:0.000130s ]
INFO: [ template_filter ] --END-- [ RunTime:0.000257s ]
NOTIC: [8] Use of undefined constant Index - assumed 'Index' D:\Wampserver\www\aoshi\Application\Runtime\Cache\Home\9eb018846b02df4b2c1ee814555f95e0.php 第 48 行.
NOTIC: [8] Use of undefined constant index - assumed 'index' D:\Wampserver\www\aoshi\Application\Runtime\Cache\Home\9eb018846b02df4b2c1ee814555f95e0.php 第 48 行.
NOTIC: [8] Use of undefined constant findjob - assumed 'findjob' D:\Wampserver\www\aoshi\Application\Runtime\Cache\Home\9eb018846b02df4b2c1ee814555f95e0.php 第 50 行.
NOTIC: [8] Use of undefined constant News - assumed 'News' D:\Wampserver\www\aoshi\Application\Runtime\Cache\Home\9eb018846b02df4b2c1ee814555f95e0.php 第 52 行.
NOTIC: [8] Undefined index: key D:\Wampserver\www\aoshi\Application\Runtime\Cache\Home\9eb018846b02df4b2c1ee814555f95e0.php 第 158 行.
NOTIC: [8] Undefined index: key D:\Wampserver\www\aoshi\Application\Runtime\Cache\Home\9eb018846b02df4b2c1ee814555f95e0.php 第 163 行.
INFO: Run Behavior\ParseTemplateBehavior [ RunTime:0.041808s ]
INFO: [ view_parse ] --END-- [ RunTime:0.041941s ]
INFO: [ view_filter ] --START--
INFO: Run Behavior\WriteHtmlCacheBehavior [ RunTime:0.000809s ]
INFO: [ view_filter ] --END-- [ RunTime:0.001183s ]
INFO: [ app_end ] --START--
INFO: Run Behavior\ShowPageTraceBehavior [ RunTime:0.002400s ]
INFO: [ app_end ] --END-- [ RunTime:0.002627s ]

[ 2017-02-23T15:26:32+08:00 ] 127.0.0.1 /aoshi/index.php/Home/Index/findjob.html
INFO: [ app_init ] --START--
INFO: Run Behavior\BuildLiteBehavior [ RunTime:0.000045s ]
INFO: [ app_init ] --END-- [ RunTime:0.000829s ]
INFO: [ app_begin ] --START--
INFO: Run Behavior\ReadHtmlCacheBehavior [ RunTime:0.001003s ]
INFO: [ app_begin ] --END-- [ RunTime:0.001170s ]
NOTIC: [8] Undefined variable: name D:\Wampserver\www\aoshi\Application\Home\Controller\IndexController.class.php 第 46 行.
SQL: SHOW COLUMNS FROM `job` [ RunTime:0.0009s ]
NOTIC: [8] Undefined index: key D:\Wampserver\www\aoshi\Application\Home\Controller\IndexController.class.php 第 57 行.
SQL: SELECT COUNT(*) AS tp_count FROM `job` LIMIT 1   [ RunTime:0.0003s ]
SQL: SELECT job.id,`job_name`,job.company_name,`salary_low`,`salary_hig`,job.city,`work_time`,`education`,`photo`,`name`,`job` FROM `job` INNER JOIN enterprise_info on enterprise_id=enterprise_info.id  WHERE ( `job_name` LIKE '%%' OR job.company_name LIKE '%%' ) AND `status` = 0 LIMIT 0,8   [ RunTime:0.0027s ]
INFO: [ view_parse ] --START--
INFO: [ template_filter ] --START--
INFO: Run Behavior\ContentReplaceBehavior [ RunTime:0.000134s ]
INFO: [ template_filter ] --END-- [ RunTime:0.000264s ]
NOTIC: [8] Use of undefined constant Index - assumed 'Index' D:\Wampserver\www\aoshi\Application\Runtime\Cache\Home\9eb018846b02df4b2c1ee814555f95e0.php 第 48 行.
NOTIC: [8] Use of undefined constant index - assumed 'index' D:\Wampserver\www\aoshi\Application\Runtime\Cache\Home\9eb018846b02df4b2c1ee814555f95e0.php 第 48 行.
NOTIC: [8] Use of undefined constant findjob - assumed 'findjob' D:\Wampserver\www\aoshi\Application\Runtime\Cache\Home\9eb018846b02df4b2c1ee814555f95e0.php 第 50 行.
NOTIC: [8] Use of undefined constant News - assumed 'News' D:\Wampserver\www\aoshi\Application\Runtime\Cache\Home\9eb018846b02df4b2c1ee814555f95e0.php 第 52 行.
NOTIC: [8] Undefined index: key D:\Wampserver\www\aoshi\Application\Runtime\Cache\Home\9eb018846b02df4b2c1ee814555f95e0.php 第 158 行.
NOTIC: [8] Undefined index: key D:\Wampserver\www\aoshi\Application\Runtime\Cache\Home\9eb018846b02df4b2c1ee814555f95e0.php 第 163 行.
INFO: Run Behavior\ParseTemplateBehavior [ RunTime:0.030216s ]
INFO: [ view_parse ] --END-- [ RunTime:0.030392s ]
INFO: [ view_filter ] --START--
INFO: Run Behavior\WriteHtmlCacheBehavior [ RunTime:0.000642s ]
INFO: [ view_filter ] --END-- [ RunTime:0.000760s ]
INFO: [ app_end ] --START--
INFO: Run Behavior\ShowPageTraceBehavior [ RunTime:0.006894s ]
INFO: [ app_end ] --END-- [ RunTime:0.007161s ]

[ 2017-02-23T15:26:43+08:00 ] 127.0.0.1 /aoshi/index.php/Home/Index/findjob.html
INFO: [ app_init ] --START--
INFO: Run Behavior\BuildLiteBehavior [ RunTime:0.000026s ]
INFO: [ app_init ] --END-- [ RunTime:0.000492s ]
INFO: [ app_begin ] --START--
INFO: Run Behavior\ReadHtmlCacheBehavior [ RunTime:0.001400s ]
INFO: [ app_begin ] --END-- [ RunTime:0.001632s ]
NOTIC: [8] Undefined variable: name D:\Wampserver\www\aoshi\Application\Home\Controller\IndexController.class.php 第 46 行.
SQL: SHOW COLUMNS FROM `job` [ RunTime:0.0010s ]
SQL: SELECT COUNT(*) AS tp_count FROM `job` LIMIT 1   [ RunTime:0.0002s ]
SQL: SELECT job.id,`job_name`,job.company_name,`salary_low`,`salary_hig`,job.city,`work_time`,`education`,`photo`,`name`,`job` FROM `job` INNER JOIN enterprise_info on enterprise_id=enterprise_info.id  WHERE ( `job_name` LIKE '%Web前端%' OR job.company_name LIKE '%Web前端%' ) AND `status` = 0 LIMIT 0,8   [ RunTime:0.0017s ]
INFO: [ view_parse ] --START--
INFO: [ template_filter ] --START--
INFO: Run Behavior\ContentReplaceBehavior [ RunTime:0.000226s ]
INFO: [ template_filter ] --END-- [ RunTime:0.000453s ]
NOTIC: [8] Use of undefined constant Index - assumed 'Index' D:\Wampserver\www\aoshi\Application\Runtime\Cache\Home\9eb018846b02df4b2c1ee814555f95e0.php 第 48 行.
NOTIC: [8] Use of undefined constant index - assumed 'index' D:\Wampserver\www\aoshi\Application\Runtime\Cache\Home\9eb018846b02df4b2c1ee814555f95e0.php 第 48 行.
NOTIC: [8] Use of undefined constant findjob - assumed 'findjob' D:\Wampserver\www\aoshi\Application\Runtime\Cache\Home\9eb018846b02df4b2c1ee814555f95e0.php 第 50 行.
NOTIC: [8] Use of undefined constant News - assumed 'News' D:\Wampserver\www\aoshi\Application\Runtime\Cache\Home\9eb018846b02df4b2c1ee814555f95e0.php 第 52 行.
INFO: Run Behavior\ParseTemplateBehavior [ RunTime:0.095776s ]
INFO: [ view_parse ] --END-- [ RunTime:0.095968s ]
INFO: [ view_filter ] --START--
INFO: Run Behavior\WriteHtmlCacheBehavior [ RunTime:0.000908s ]
INFO: [ view_filter ] --END-- [ RunTime:0.001075s ]
INFO: [ app_end ] --START--
INFO: Run Behavior\ShowPageTraceBehavior [ RunTime:0.001978s ]
INFO: [ app_end ] --END-- [ RunTime:0.002201s ]

[ 2017-02-23T15:26:44+08:00 ] 127.0.0.1 /aoshi/index.php/Home/Index/findjob
INFO: [ app_init ] --START--
INFO: Run Behavior\BuildLiteBehavior [ RunTime:0.000026s ]
INFO: [ app_init ] --END-- [ RunTime:0.000477s ]
INFO: [ app_begin ] --START--
INFO: Run Behavior\ReadHtmlCacheBehavior [ RunTime:0.000843s ]
INFO: [ app_begin ] --END-- [ RunTime:0.000952s ]
NOTIC: [8] Undefined variable: name D:\Wampserver\www\aoshi\Application\Home\Controller\IndexController.class.php 第 46 行.
SQL: SHOW COLUMNS FROM `job` [ RunTime:0.0008s ]
NOTIC: [8] Undefined index: key D:\Wampserver\www\aoshi\Application\Home\Controller\IndexController.class.php 第 57 行.
SQL: SELECT job.id,`job_name`,job.company_name,`salary_low`,`salary_hig`,job.city,`work_time`,`education`,`photo`,`name`,`job` FROM `job` INNER JOIN enterprise_info on enterprise_id=enterprise_info.id  WHERE ( `job_name` LIKE '%%' OR job.company_name LIKE '%%' ) AND `status` = 0 LIMIT 8,8   [ RunTime:0.0019s ]

[ 2017-02-23T15:27:34+08:00 ] 127.0.0.1 /aoshi/index.php/Home/Index/findjob.html
INFO: [ app_init ] --START--
INFO: Run Behavior\BuildLiteBehavior [ RunTime:0.000026s ]
INFO: [ app_init ] --END-- [ RunTime:0.000481s ]
INFO: [ app_begin ] --START--
INFO: Run Behavior\ReadHtmlCacheBehavior [ RunTime:0.000901s ]
INFO: [ app_begin ] --END-- [ RunTime:0.001040s ]
NOTIC: [8] Undefined variable: name D:\Wampserver\www\aoshi\Application\Home\Controller\IndexController.class.php 第 46 行.
SQL: SHOW COLUMNS FROM `job` [ RunTime:0.0010s ]
SQL: SELECT COUNT(*) AS tp_count FROM `job` LIMIT 1   [ RunTime:0.0004s ]
ERR: 1054:Unknown column 'job.company_name' in 'field list'
 [ SQL语句 ] : SELECT job.id,`job_name`,job.company_name,`salary_low`,`salary_hig`,job.city,`work_time`,`education`,`photo`,`name`,`job` FROM `job` INNER JOIN enterprise_info on enterprise_id=enterprise_info.id  WHERE ( `job_name` LIKE '%Web前端%' OR job.company_name LIKE '%Web前端%' ) AND `status` = 0 LIMIT 0,8  
ERR: 1054:Unknown column 'job.company_name' in 'field list'
 [ SQL语句 ] : SELECT job.id,`job_name`,job.company_name,`salary_low`,`salary_hig`,job.city,`work_time`,`education`,`photo`,`name`,`job` FROM `job` INNER JOIN enterprise_info on enterprise_id=enterprise_info.id  WHERE ( `job_name` LIKE '%Web前端%' OR job.company_name LIKE '%Web前端%' ) AND `status` = 0 LIMIT 0,8  

[ 2017-02-23T15:27:44+08:00 ] 127.0.0.1 /aoshi/
INFO: [ app_init ] --START--
INFO: Run Behavior\BuildLiteBehavior [ RunTime:0.000028s ]
INFO: [ app_init ] --END-- [ RunTime:0.000691s ]
INFO: [ app_begin ] --START--
INFO: Run Behavior\ReadHtmlCacheBehavior [ RunTime:0.001125s ]
INFO: [ app_begin ] --END-- [ RunTime:0.001277s ]
NOTIC: [8] Undefined variable: name D:\Wampserver\www\aoshi\Application\Home\Controller\IndexController.class.php 第 20 行.
SQL: SHOW COLUMNS FROM `job` [ RunTime:0.0008s ]
NOTIC: [8] Undefined index: key D:\Wampserver\www\aoshi\Application\Home\Controller\IndexController.class.php 第 26 行.
NOTIC: [8] Undefined variable: job_info D:\Wampserver\www\aoshi\Application\Home\Controller\IndexController.class.php 第 31 行.
INFO: [ view_parse ] --START--
INFO: [ template_filter ] --START--
INFO: Run Behavior\ContentReplaceBehavior [ RunTime:0.000261s ]
INFO: [ template_filter ] --END-- [ RunTime:0.000454s ]
NOTIC: [8] Use of undefined constant Index - assumed 'Index' D:\Wampserver\www\aoshi\Application\Runtime\Cache\Home\2a94b8bda04ff446dcedd42276fc99ee.php 第 48 行.
NOTIC: [8] Use of undefined constant index - assumed 'index' D:\Wampserver\www\aoshi\Application\Runtime\Cache\Home\2a94b8bda04ff446dcedd42276fc99ee.php 第 48 行.
NOTIC: [8] Use of undefined constant findjob - assumed 'findjob' D:\Wampserver\www\aoshi\Application\Runtime\Cache\Home\2a94b8bda04ff446dcedd42276fc99ee.php 第 50 行.
NOTIC: [8] Use of undefined constant News - assumed 'News' D:\Wampserver\www\aoshi\Application\Runtime\Cache\Home\2a94b8bda04ff446dcedd42276fc99ee.php 第 52 行.
INFO: Run Behavior\ParseTemplateBehavior [ RunTime:0.057475s ]
INFO: [ view_parse ] --END-- [ RunTime:0.057601s ]
INFO: [ view_filter ] --START--
INFO: Run Behavior\WriteHtmlCacheBehavior [ RunTime:0.000826s ]
INFO: [ view_filter ] --END-- [ RunTime:0.001429s ]
INFO: [ app_end ] --START--
INFO: Run Behavior\ShowPageTraceBehavior [ RunTime:0.002201s ]
INFO: [ app_end ] --END-- [ RunTime:0.002522s ]

[ 2017-02-23T15:27:46+08:00 ] 127.0.0.1 /aoshi/index.php/Home/Index/findjob.html
INFO: [ app_init ] --START--
INFO: Run Behavior\BuildLiteBehavior [ RunTime:0.000027s ]
INFO: [ app_init ] --END-- [ RunTime:0.000590s ]
INFO: [ app_begin ] --START--
INFO: Run Behavior\ReadHtmlCacheBehavior [ RunTime:0.001041s ]
INFO: [ app_begin ] --END-- [ RunTime:0.001177s ]
NOTIC: [8] Undefined variable: name D:\Wampserver\www\aoshi\Application\Home\Controller\IndexController.class.php 第 46 行.
SQL: SHOW COLUMNS FROM `job` [ RunTime:0.0019s ]
NOTIC: [8] Undefined index: key D:\Wampserver\www\aoshi\Application\Home\Controller\IndexController.class.php 第 57 行.
SQL: SELECT COUNT(*) AS tp_count FROM `job` LIMIT 1   [ RunTime:0.0003s ]
ERR: 1054:Unknown column 'job.company_name' in 'field list'
 [ SQL语句 ] : SELECT job.id,`job_name`,job.company_name,`salary_low`,`salary_hig`,job.city,`work_time`,`education`,`photo`,`name`,`job` FROM `job` INNER JOIN enterprise_info on enterprise_id=enterprise_info.id  WHERE ( `job_name` LIKE '%%' OR job.company_name LIKE '%%' ) AND `status` = 0 LIMIT 0,8  
ERR: 1054:Unknown column 'job.company_name' in 'field list'
 [ SQL语句 ] : SELECT job.id,`job_name`,job.company_name,`salary_low`,`salary_hig`,job.city,`work_time`,`education`,`photo`,`name`,`job` FROM `job` INNER JOIN enterprise_info on enterprise_id=enterprise_info.id  WHERE ( `job_name` LIKE '%%' OR job.company_name LIKE '%%' ) AND `status` = 0 LIMIT 0,8  

[ 2017-02-23T15:28:44+08:00 ] 127.0.0.1 /aoshi/index.php/Home/News/index.html
INFO: [ app_init ] --START--
INFO: Run Behavior\BuildLiteBehavior [ RunTime:0.000053s ]
INFO: [ app_init ] --END-- [ RunTime:0.001468s ]
INFO: [ app_begin ] --START--
INFO: Run Behavior\ReadHtmlCacheBehavior [ RunTime:0.002791s ]
INFO: [ app_begin ] --END-- [ RunTime:0.002949s ]
SQL: SHOW COLUMNS FROM `news` [ RunTime:0.0008s ]
SQL: SELECT * FROM `news` WHERE ( status=1 and cata_id="数据报告" ) ORDER BY add_time desc LIMIT 1   [ RunTime:0.0008s ]
SQL: SELECT * FROM `news` WHERE ( status=1 and cata_id="干货文章" ) ORDER BY add_time desc LIMIT 1   [ RunTime:0.0003s ]
SQL: SELECT * FROM `news` WHERE ( status=1 and cata_id="公司动态" ) ORDER BY add_time desc LIMIT 1   [ RunTime:0.0002s ]
SQL: SELECT * FROM `news` WHERE ( status=1 ) ORDER BY add_time desc LIMIT 4   [ RunTime:0.0003s ]
INFO: [ view_parse ] --START--
INFO: [ template_filter ] --START--
INFO: Run Behavior\ContentReplaceBehavior [ RunTime:0.000120s ]
INFO: [ template_filter ] --END-- [ RunTime:0.000263s ]
NOTIC: [8] Use of undefined constant Index - assumed 'Index' D:\Wampserver\www\aoshi\Application\Runtime\Cache\Home\3e24b471de08a8366f7660bb176a5e74.php 第 48 行.
NOTIC: [8] Use of undefined constant findjob - assumed 'findjob' D:\Wampserver\www\aoshi\Application\Runtime\Cache\Home\3e24b471de08a8366f7660bb176a5e74.php 第 50 行.
NOTIC: [8] Use of undefined constant News - assumed 'News' D:\Wampserver\www\aoshi\Application\Runtime\Cache\Home\3e24b471de08a8366f7660bb176a5e74.php 第 52 行.
NOTIC: [8] Undefined variable: name D:\Wampserver\www\aoshi\Application\Runtime\Cache\Home\3e24b471de08a8366f7660bb176a5e74.php 第 59 行.
NOTIC: [8] Use of undefined constant ture - assumed 'ture' D:\Wampserver\www\aoshi\Application\Runtime\Cache\Home\3e24b471de08a8366f7660bb176a5e74.php 第 95 行.
NOTIC: [8] Use of undefined constant ture - assumed 'ture' D:\Wampserver\www\aoshi\Application\Runtime\Cache\Home\3e24b471de08a8366f7660bb176a5e74.php 第 95 行.
NOTIC: [8] Use of undefined constant ture - assumed 'ture' D:\Wampserver\www\aoshi\Application\Runtime\Cache\Home\3e24b471de08a8366f7660bb176a5e74.php 第 95 行.
INFO: Run Behavior\ParseTemplateBehavior [ RunTime:0.039976s ]
INFO: [ view_parse ] --END-- [ RunTime:0.040147s ]
INFO: [ view_filter ] --START--
INFO: Run Behavior\WriteHtmlCacheBehavior [ RunTime:0.000999s ]
INFO: [ view_filter ] --END-- [ RunTime:0.001116s ]
INFO: [ app_end ] --START--
INFO: Run Behavior\ShowPageTraceBehavior [ RunTime:0.002000s ]
INFO: [ app_end ] --END-- [ RunTime:0.002406s ]

[ 2017-02-23T15:28:54+08:00 ] 127.0.0.1 /aoshi/index.php/Home/News/index.html
INFO: [ app_init ] --START--
INFO: Run Behavior\BuildLiteBehavior [ RunTime:0.000082s ]
INFO: [ app_init ] --END-- [ RunTime:0.000958s ]
INFO: [ app_begin ] --START--
INFO: Run Behavior\ReadHtmlCacheBehavior [ RunTime:0.001349s ]
INFO: [ app_begin ] --END-- [ RunTime:0.001587s ]
SQL: SHOW COLUMNS FROM `news` [ RunTime:0.0008s ]
SQL: SELECT * FROM `news` WHERE ( status=1 and cata_id="数据报告" ) ORDER BY add_time desc LIMIT 1   [ RunTime:0.0004s ]
SQL: SELECT * FROM `news` WHERE ( status=1 and cata_id="干货文章" ) ORDER BY add_time desc LIMIT 1   [ RunTime:0.0003s ]
SQL: SELECT * FROM `news` WHERE ( status=1 and cata_id="公司动态" ) ORDER BY add_time desc LIMIT 1   [ RunTime:0.0003s ]
SQL: SELECT * FROM `news` WHERE ( status=1 ) ORDER BY add_time desc LIMIT 4   [ RunTime:0.0003s ]
INFO: [ view_parse ] --START--
INFO: [ template_filter ] --START--
INFO: Run Behavior\ContentReplaceBehavior [ RunTime:0.000207s ]
INFO: [ template_filter ] --END-- [ RunTime:0.000437s ]
NOTIC: [8] Use of undefined constant Index - assumed 'Index' D:\Wampserver\www\aoshi\Application\Runtime\Cache\Home\3e24b471de08a8366f7660bb176a5e74.php 第 48 行.
NOTIC: [8] Use of undefined constant findjob - assumed 'findjob' D:\Wampserver\www\aoshi\Application\Runtime\Cache\Home\3e24b471de08a8366f7660bb176a5e74.php 第 50 行.
NOTIC: [8] Use of undefined constant News - assumed 'News' D:\Wampserver\www\aoshi\Application\Runtime\Cache\Home\3e24b471de08a8366f7660bb176a5e74.php 第 52 行.
NOTIC: [8] Undefined variable: name D:\Wampserver\www\aoshi\Application\Runtime\Cache\Home\3e24b471de08a8366f7660bb176a5e74.php 第 59 行.
NOTIC: [8] Use of undefined constant ture - assumed 'ture' D:\Wampserver\www\aoshi\Application\Runtime\Cache\Home\3e24b471de08a8366f7660bb176a5e74.php 第 95 行.
NOTIC: [8] Use of undefined constant ture - assumed 'ture' D:\Wampserver\www\aoshi\Application\Runtime\Cache\Home\3e24b471de08a8366f7660bb176a5e74.php 第 95 行.
NOTIC: [8] Use of undefined constant ture - assumed 'ture' D:\Wampserver\www\aoshi\Application\Runtime\Cache\Home\3e24b471de08a8366f7660bb176a5e74.php 第 95 行.
INFO: Run Behavior\ParseTemplateBehavior [ RunTime:0.034191s ]
INFO: [ view_parse ] --END-- [ RunTime:0.034392s ]
INFO: [ view_filter ] --START--
INFO: Run Behavior\WriteHtmlCacheBehavior [ RunTime:0.001416s ]
INFO: [ view_filter ] --END-- [ RunTime:0.001647s ]
INFO: [ app_end ] --START--
INFO: Run Behavior\ShowPageTraceBehavior [ RunTime:0.001726s ]
INFO: [ app_end ] --END-- [ RunTime:0.002001s ]

[ 2017-02-23T15:28:55+08:00 ] 127.0.0.1 /aoshi/index.php/Home/Index/index.html
INFO: [ app_init ] --START--
INFO: Run Behavior\BuildLiteBehavior [ RunTime:0.000028s ]
INFO: [ app_init ] --END-- [ RunTime:0.000659s ]
INFO: [ app_begin ] --START--
INFO: Run Behavior\ReadHtmlCacheBehavior [ RunTime:0.000935s ]
INFO: [ app_begin ] --END-- [ RunTime:0.001178s ]
NOTIC: [8] Undefined variable: name D:\Wampserver\www\aoshi\Application\Home\Controller\IndexController.class.php 第 20 行.
SQL: SHOW COLUMNS FROM `job` [ RunTime:0.0011s ]
NOTIC: [8] Undefined index: key D:\Wampserver\www\aoshi\Application\Home\Controller\IndexController.class.php 第 26 行.
NOTIC: [8] Undefined variable: job_info D:\Wampserver\www\aoshi\Application\Home\Controller\IndexController.class.php 第 31 行.
INFO: [ view_parse ] --START--
INFO: [ template_filter ] --START--
INFO: Run Behavior\ContentReplaceBehavior [ RunTime:0.000248s ]
INFO: [ template_filter ] --END-- [ RunTime:0.000427s ]
NOTIC: [8] Use of undefined constant Index - assumed 'Index' D:\Wampserver\www\aoshi\Application\Runtime\Cache\Home\2a94b8bda04ff446dcedd42276fc99ee.php 第 48 行.
NOTIC: [8] Use of undefined constant index - assumed 'index' D:\Wampserver\www\aoshi\Application\Runtime\Cache\Home\2a94b8bda04ff446dcedd42276fc99ee.php 第 48 行.
NOTIC: [8] Use of undefined constant findjob - assumed 'findjob' D:\Wampserver\www\aoshi\Application\Runtime\Cache\Home\2a94b8bda04ff446dcedd42276fc99ee.php 第 50 行.
NOTIC: [8] Use of undefined constant News - assumed 'News' D:\Wampserver\www\aoshi\Application\Runtime\Cache\Home\2a94b8bda04ff446dcedd42276fc99ee.php 第 52 行.
INFO: Run Behavior\ParseTemplateBehavior [ RunTime:0.019997s ]
INFO: [ view_parse ] --END-- [ RunTime:0.020121s ]
INFO: [ view_filter ] --START--
INFO: Run Behavior\WriteHtmlCacheBehavior [ RunTime:0.000780s ]
INFO: [ view_filter ] --END-- [ RunTime:0.000894s ]
INFO: [ app_end ] --START--
INFO: Run Behavior\ShowPageTraceBehavior [ RunTime:0.001546s ]
INFO: [ app_end ] --END-- [ RunTime:0.001949s ]

[ 2017-02-23T15:32:45+08:00 ] 127.0.0.1 /aoshi/index.php/Home/Index/index.html
INFO: [ app_init ] --START--
INFO: Run Behavior\BuildLiteBehavior [ RunTime:0.000027s ]
INFO: [ app_init ] --END-- [ RunTime:0.000591s ]
INFO: [ app_begin ] --START--
INFO: Run Behavior\ReadHtmlCacheBehavior [ RunTime:0.000589s ]
INFO: [ app_begin ] --END-- [ RunTime:0.000712s ]
SQL: SHOW COLUMNS FROM `jobseekers` [ RunTime:0.0008s ]
SQL: SELECT `username` FROM `jobseekers` WHERE ( uid=1 )  [ RunTime:0.0002s ]
SQL: SHOW COLUMNS FROM `job` [ RunTime:0.0007s ]
NOTIC: [8] Undefined index: key D:\Wampserver\www\aoshi\Application\Home\Controller\IndexController.class.php 第 26 行.
NOTIC: [8] Undefined variable: job_info D:\Wampserver\www\aoshi\Application\Home\Controller\IndexController.class.php 第 31 行.
INFO: [ view_parse ] --START--
INFO: [ template_filter ] --START--
INFO: Run Behavior\ContentReplaceBehavior [ RunTime:0.000160s ]
INFO: [ template_filter ] --END-- [ RunTime:0.000295s ]
NOTIC: [8] Use of undefined constant Index - assumed 'Index' D:\Wampserver\www\aoshi\Application\Runtime\Cache\Home\2a94b8bda04ff446dcedd42276fc99ee.php 第 48 行.
NOTIC: [8] Use of undefined constant index - assumed 'index' D:\Wampserver\www\aoshi\Application\Runtime\Cache\Home\2a94b8bda04ff446dcedd42276fc99ee.php 第 48 行.
NOTIC: [8] Use of undefined constant findjob - assumed 'findjob' D:\Wampserver\www\aoshi\Application\Runtime\Cache\Home\2a94b8bda04ff446dcedd42276fc99ee.php 第 50 行.
NOTIC: [8] Use of undefined constant News - assumed 'News' D:\Wampserver\www\aoshi\Application\Runtime\Cache\Home\2a94b8bda04ff446dcedd42276fc99ee.php 第 52 行.
INFO: Run Behavior\ParseTemplateBehavior [ RunTime:0.036257s ]
INFO: [ view_parse ] --END-- [ RunTime:0.036381s ]
INFO: [ view_filter ] --START--
INFO: Run Behavior\WriteHtmlCacheBehavior [ RunTime:0.000381s ]
INFO: [ view_filter ] --END-- [ RunTime:0.000493s ]
INFO: [ app_end ] --START--
INFO: Run Behavior\ShowPageTraceBehavior [ RunTime:0.001364s ]
INFO: [ app_end ] --END-- [ RunTime:0.001644s ]

[ 2017-02-23T15:32:48+08:00 ] 127.0.0.1 /aoshi/index.php/Home/Index/findjob.html
INFO: [ app_init ] --START--
INFO: Run Behavior\BuildLiteBehavior [ RunTime:0.000051s ]
INFO: [ app_init ] --END-- [ RunTime:0.000465s ]
INFO: [ app_begin ] --START--
INFO: Run Behavior\ReadHtmlCacheBehavior [ RunTime:0.001634s ]
INFO: [ app_begin ] --END-- [ RunTime:0.001769s ]
SQL: SHOW COLUMNS FROM `jobseekers` [ RunTime:0.0006s ]
SQL: SELECT `username` FROM `jobseekers` WHERE ( uid=1 )  [ RunTime:0.0003s ]
SQL: SHOW COLUMNS FROM `job` [ RunTime:0.0009s ]
NOTIC: [8] Undefined index: key D:\Wampserver\www\aoshi\Application\Home\Controller\IndexController.class.php 第 57 行.
SQL: SELECT COUNT(*) AS tp_count FROM `job` LIMIT 1   [ RunTime:0.0002s ]
ERR: 1054:Unknown column 'job.company_name' in 'field list'
 [ SQL语句 ] : SELECT job.id,`job_name`,job.company_name,`salary_low`,`salary_hig`,job.city,`work_time`,`education`,`photo`,`name`,`job` FROM `job` INNER JOIN enterprise_info on enterprise_id=enterprise_info.id  WHERE ( `job_name` LIKE '%%' OR job.company_name LIKE '%%' ) AND `status` = 0 LIMIT 0,8  
ERR: 1054:Unknown column 'job.company_name' in 'field list'
 [ SQL语句 ] : SELECT job.id,`job_name`,job.company_name,`salary_low`,`salary_hig`,job.city,`work_time`,`education`,`photo`,`name`,`job` FROM `job` INNER JOIN enterprise_info on enterprise_id=enterprise_info.id  WHERE ( `job_name` LIKE '%%' OR job.company_name LIKE '%%' ) AND `status` = 0 LIMIT 0,8  

[ 2017-02-23T15:35:58+08:00 ] 127.0.0.1 /aoshi/index.php/Home/Index/findjob.html
INFO: [ app_init ] --START--
INFO: Run Behavior\BuildLiteBehavior [ RunTime:0.000027s ]
INFO: [ app_init ] --END-- [ RunTime:0.000494s ]
INFO: [ app_begin ] --START--
INFO: Run Behavior\ReadHtmlCacheBehavior [ RunTime:0.000590s ]
INFO: [ app_begin ] --END-- [ RunTime:0.000711s ]
SQL: SHOW COLUMNS FROM `jobseekers` [ RunTime:0.0011s ]
SQL: SELECT `username` FROM `jobseekers` WHERE ( uid=1 )  [ RunTime:0.0004s ]
SQL: SHOW COLUMNS FROM `job` [ RunTime:0.0007s ]
NOTIC: [8] Undefined index: key D:\Wampserver\www\aoshi\Application\Home\Controller\IndexController.class.php 第 57 行.
SQL: SELECT COUNT(*) AS tp_count FROM `job` LIMIT 1   [ RunTime:0.0002s ]
ERR: 1054:Unknown column 'job.company_name' in 'field list'
 [ SQL语句 ] : SELECT job.id,`job_name`,job.company_name,`salary_low`,`salary_hig`,job.city,`work_time`,`education`,`photo`,`name`,`job` FROM `job` INNER JOIN enterprise_info on enterprise_id=enterprise_info.id  WHERE ( `job_name` LIKE '%%' OR job.company_name LIKE '%%' ) AND `status` = 0 LIMIT 0,8  
ERR: 1054:Unknown column 'job.company_name' in 'field list'
 [ SQL语句 ] : SELECT job.id,`job_name`,job.company_name,`salary_low`,`salary_hig`,job.city,`work_time`,`education`,`photo`,`name`,`job` FROM `job` INNER JOIN enterprise_info on enterprise_id=enterprise_info.id  WHERE ( `job_name` LIKE '%%' OR job.company_name LIKE '%%' ) AND `status` = 0 LIMIT 0,8  

[ 2017-02-23T15:35:59+08:00 ] 127.0.0.1 /aoshi/index.php/Home/Index/index.html
INFO: [ app_init ] --START--
INFO: Run Behavior\BuildLiteBehavior [ RunTime:0.000057s ]
INFO: [ app_init ] --END-- [ RunTime:0.001016s ]
INFO: [ app_begin ] --START--
INFO: Run Behavior\ReadHtmlCacheBehavior [ RunTime:0.001216s ]
INFO: [ app_begin ] --END-- [ RunTime:0.001510s ]
SQL: SHOW COLUMNS FROM `jobseekers` [ RunTime:0.0007s ]
SQL: SELECT `username` FROM `jobseekers` WHERE ( uid=1 )  [ RunTime:0.0004s ]
SQL: SHOW COLUMNS FROM `job` [ RunTime:0.0010s ]
NOTIC: [8] Undefined index: key D:\Wampserver\www\aoshi\Application\Home\Controller\IndexController.class.php 第 26 行.
NOTIC: [8] Undefined variable: job_info D:\Wampserver\www\aoshi\Application\Home\Controller\IndexController.class.php 第 31 行.
INFO: [ view_parse ] --START--
INFO: [ template_filter ] --START--
INFO: Run Behavior\ContentReplaceBehavior [ RunTime:0.000571s ]
INFO: [ template_filter ] --END-- [ RunTime:0.000963s ]
NOTIC: [8] Use of undefined constant Index - assumed 'Index' D:\Wampserver\www\aoshi\Application\Runtime\Cache\Home\2a94b8bda04ff446dcedd42276fc99ee.php 第 48 行.
NOTIC: [8] Use of undefined constant index - assumed 'index' D:\Wampserver\www\aoshi\Application\Runtime\Cache\Home\2a94b8bda04ff446dcedd42276fc99ee.php 第 48 行.
NOTIC: [8] Use of undefined constant findjob - assumed 'findjob' D:\Wampserver\www\aoshi\Application\Runtime\Cache\Home\2a94b8bda04ff446dcedd42276fc99ee.php 第 50 行.
NOTIC: [8] Use of undefined constant News - assumed 'News' D:\Wampserver\www\aoshi\Application\Runtime\Cache\Home\2a94b8bda04ff446dcedd42276fc99ee.php 第 52 行.
INFO: Run Behavior\ParseTemplateBehavior [ RunTime:0.028068s ]
INFO: [ view_parse ] --END-- [ RunTime:0.028479s ]
INFO: [ view_filter ] --START--
INFO: Run Behavior\WriteHtmlCacheBehavior [ RunTime:0.000893s ]
INFO: [ view_filter ] --END-- [ RunTime:0.001106s ]
INFO: [ app_end ] --START--
INFO: Run Behavior\ShowPageTraceBehavior [ RunTime:0.001030s ]
INFO: [ app_end ] --END-- [ RunTime:0.001282s ]

[ 2017-02-23T15:36:11+08:00 ] 127.0.0.1 /aoshi/index.php/Home/Index/index.html
INFO: [ app_init ] --START--
INFO: Run Behavior\BuildLiteBehavior [ RunTime:0.000027s ]
INFO: [ app_init ] --END-- [ RunTime:0.000669s ]
INFO: [ app_begin ] --START--
INFO: Run Behavior\ReadHtmlCacheBehavior [ RunTime:0.000558s ]
INFO: [ app_begin ] --END-- [ RunTime:0.000725s ]
NOTIC: [8] Undefined variable: name D:\Wampserver\www\aoshi\Application\Home\Controller\IndexController.class.php 第 20 行.
SQL: SHOW COLUMNS FROM `job` [ RunTime:0.0006s ]
NOTIC: [8] Undefined index: key D:\Wampserver\www\aoshi\Application\Home\Controller\IndexController.class.php 第 26 行.
NOTIC: [8] Undefined variable: job_info D:\Wampserver\www\aoshi\Application\Home\Controller\IndexController.class.php 第 31 行.
INFO: [ view_parse ] --START--
INFO: [ template_filter ] --START--
INFO: Run Behavior\ContentReplaceBehavior [ RunTime:0.000154s ]
INFO: [ template_filter ] --END-- [ RunTime:0.000285s ]
NOTIC: [8] Use of undefined constant Index - assumed 'Index' D:\Wampserver\www\aoshi\Application\Runtime\Cache\Home\2a94b8bda04ff446dcedd42276fc99ee.php 第 48 行.
NOTIC: [8] Use of undefined constant index - assumed 'index' D:\Wampserver\www\aoshi\Application\Runtime\Cache\Home\2a94b8bda04ff446dcedd42276fc99ee.php 第 48 行.
NOTIC: [8] Use of undefined constant findjob - assumed 'findjob' D:\Wampserver\www\aoshi\Application\Runtime\Cache\Home\2a94b8bda04ff446dcedd42276fc99ee.php 第 50 行.
NOTIC: [8] Use of undefined constant News - assumed 'News' D:\Wampserver\www\aoshi\Application\Runtime\Cache\Home\2a94b8bda04ff446dcedd42276fc99ee.php 第 52 行.
INFO: Run Behavior\ParseTemplateBehavior [ RunTime:0.017592s ]
INFO: [ view_parse ] --END-- [ RunTime:0.017715s ]
INFO: [ view_filter ] --START--
INFO: Run Behavior\WriteHtmlCacheBehavior [ RunTime:0.000483s ]
INFO: [ view_filter ] --END-- [ RunTime:0.000595s ]
INFO: [ app_end ] --START--
INFO: Run Behavior\ShowPageTraceBehavior [ RunTime:0.005014s ]
INFO: [ app_end ] --END-- [ RunTime:0.005313s ]

[ 2017-02-23T16:11:34+08:00 ] 127.0.0.1 /aoshi/index.php/Home/Index/index.html
INFO: [ app_init ] --START--
INFO: Run Behavior\BuildLiteBehavior [ RunTime:0.000027s ]
INFO: [ app_init ] --END-- [ RunTime:0.000547s ]
INFO: [ app_begin ] --START--
INFO: Run Behavior\ReadHtmlCacheBehavior [ RunTime:0.000902s ]
INFO: [ app_begin ] --END-- [ RunTime:0.001222s ]
SQL: SHOW COLUMNS FROM `jobseekers` [ RunTime:0.0006s ]
SQL: SELECT `username` FROM `jobseekers` WHERE ( uid=2 )  [ RunTime:0.0002s ]
SQL: SHOW COLUMNS FROM `job` [ RunTime:0.0006s ]
NOTIC: [8] Undefined index: key D:\Wampserver\www\aoshi\Application\Home\Controller\IndexController.class.php 第 26 行.
NOTIC: [8] Undefined variable: job_info D:\Wampserver\www\aoshi\Application\Home\Controller\IndexController.class.php 第 31 行.
INFO: [ view_parse ] --START--
INFO: [ template_filter ] --START--
INFO: Run Behavior\ContentReplaceBehavior [ RunTime:0.000159s ]
INFO: [ template_filter ] --END-- [ RunTime:0.000290s ]
NOTIC: [8] Use of undefined constant Index - assumed 'Index' D:\Wampserver\www\aoshi\Application\Runtime\Cache\Home\2a94b8bda04ff446dcedd42276fc99ee.php 第 48 行.
NOTIC: [8] Use of undefined constant index - assumed 'index' D:\Wampserver\www\aoshi\Application\Runtime\Cache\Home\2a94b8bda04ff446dcedd42276fc99ee.php 第 48 行.
NOTIC: [8] Use of undefined constant findjob - assumed 'findjob' D:\Wampserver\www\aoshi\Application\Runtime\Cache\Home\2a94b8bda04ff446dcedd42276fc99ee.php 第 50 行.
NOTIC: [8] Use of undefined constant News - assumed 'News' D:\Wampserver\www\aoshi\Application\Runtime\Cache\Home\2a94b8bda04ff446dcedd42276fc99ee.php 第 52 行.
INFO: Run Behavior\ParseTemplateBehavior [ RunTime:0.016511s ]
INFO: [ view_parse ] --END-- [ RunTime:0.016631s ]
INFO: [ view_filter ] --START--
INFO: Run Behavior\WriteHtmlCacheBehavior [ RunTime:0.000829s ]
INFO: [ view_filter ] --END-- [ RunTime:0.000942s ]
INFO: [ app_end ] --START--
INFO: Run Behavior\ShowPageTraceBehavior [ RunTime:0.001906s ]
INFO: [ app_end ] --END-- [ RunTime:0.003197s ]

[ 2017-02-23T16:11:39+08:00 ] 127.0.0.1 /aoshi/index.php/Home/Index/findjob.html
INFO: [ app_init ] --START--
INFO: Run Behavior\BuildLiteBehavior [ RunTime:0.000042s ]
INFO: [ app_init ] --END-- [ RunTime:0.000796s ]
INFO: [ app_begin ] --START--
INFO: Run Behavior\ReadHtmlCacheBehavior [ RunTime:0.001548s ]
INFO: [ app_begin ] --END-- [ RunTime:0.001807s ]
SQL: SHOW COLUMNS FROM `jobseekers` [ RunTime:0.0008s ]
SQL: SELECT `username` FROM `jobseekers` WHERE ( uid=2 )  [ RunTime:0.0006s ]
SQL: SHOW COLUMNS FROM `job` [ RunTime:0.0007s ]
NOTIC: [8] Undefined index: key D:\Wampserver\www\aoshi\Application\Home\Controller\IndexController.class.php 第 57 行.
SQL: SELECT COUNT(*) AS tp_count FROM `job` LIMIT 1   [ RunTime:0.0002s ]
ERR: 1054:Unknown column 'job.company_name' in 'field list'
 [ SQL语句 ] : SELECT job.id,`job_name`,job.company_name,`salary_low`,`salary_hig`,job.city,`work_time`,`education`,`photo`,`name`,`job` FROM `job` INNER JOIN enterprise_info on enterprise_id=enterprise_info.id  WHERE ( `job_name` LIKE '%%' OR job.company_name LIKE '%%' ) AND `status` = 0 LIMIT 0,8  
ERR: 1054:Unknown column 'job.company_name' in 'field list'
 [ SQL语句 ] : SELECT job.id,`job_name`,job.company_name,`salary_low`,`salary_hig`,job.city,`work_time`,`education`,`photo`,`name`,`job` FROM `job` INNER JOIN enterprise_info on enterprise_id=enterprise_info.id  WHERE ( `job_name` LIKE '%%' OR job.company_name LIKE '%%' ) AND `status` = 0 LIMIT 0,8  

[ 2017-02-23T16:11:58+08:00 ] 127.0.0.1 /aoshi/index.php/Home/Index
INFO: [ app_init ] --START--
INFO: Run Behavior\BuildLiteBehavior [ RunTime:0.000026s ]
INFO: [ app_init ] --END-- [ RunTime:0.000493s ]
INFO: [ app_begin ] --START--
INFO: Run Behavior\ReadHtmlCacheBehavior [ RunTime:0.000911s ]
INFO: [ app_begin ] --END-- [ RunTime:0.001058s ]
SQL: SHOW COLUMNS FROM `jobseekers` [ RunTime:0.0006s ]
SQL: SELECT `username` FROM `jobseekers` WHERE ( uid=2 )  [ RunTime:0.0002s ]
SQL: SHOW COLUMNS FROM `job` [ RunTime:0.0012s ]
NOTIC: [8] Undefined index: key D:\Wampserver\www\aoshi\Application\Home\Controller\IndexController.class.php 第 26 行.
NOTIC: [8] Undefined variable: job_info D:\Wampserver\www\aoshi\Application\Home\Controller\IndexController.class.php 第 31 行.
INFO: [ view_parse ] --START--
INFO: [ template_filter ] --START--
INFO: Run Behavior\ContentReplaceBehavior [ RunTime:0.000165s ]
INFO: [ template_filter ] --END-- [ RunTime:0.000297s ]
NOTIC: [8] Use of undefined constant Index - assumed 'Index' D:\Wampserver\www\aoshi\Application\Runtime\Cache\Home\2a94b8bda04ff446dcedd42276fc99ee.php 第 48 行.
NOTIC: [8] Use of undefined constant index - assumed 'index' D:\Wampserver\www\aoshi\Application\Runtime\Cache\Home\2a94b8bda04ff446dcedd42276fc99ee.php 第 48 行.
NOTIC: [8] Use of undefined constant findjob - assumed 'findjob' D:\Wampserver\www\aoshi\Application\Runtime\Cache\Home\2a94b8bda04ff446dcedd42276fc99ee.php 第 50 行.
NOTIC: [8] Use of undefined constant News - assumed 'News' D:\Wampserver\www\aoshi\Application\Runtime\Cache\Home\2a94b8bda04ff446dcedd42276fc99ee.php 第 52 行.
INFO: Run Behavior\ParseTemplateBehavior [ RunTime:0.016924s ]
INFO: [ view_parse ] --END-- [ RunTime:0.017051s ]
INFO: [ view_filter ] --START--
INFO: Run Behavior\WriteHtmlCacheBehavior [ RunTime:0.000682s ]
INFO: [ view_filter ] --END-- [ RunTime:0.000796s ]
INFO: [ app_end ] --START--
INFO: Run Behavior\ShowPageTraceBehavior [ RunTime:0.001607s ]
INFO: [ app_end ] --END-- [ RunTime:0.001833s ]

[ 2017-02-23T16:12:03+08:00 ] 127.0.0.1 /aoshi/index.php/Home/Index/findjob.html
INFO: [ app_init ] --START--
INFO: Run Behavior\BuildLiteBehavior [ RunTime:0.000046s ]
INFO: [ app_init ] --END-- [ RunTime:0.001207s ]
INFO: [ app_begin ] --START--
INFO: Run Behavior\ReadHtmlCacheBehavior [ RunTime:0.001219s ]
INFO: [ app_begin ] --END-- [ RunTime:0.001476s ]
SQL: SHOW COLUMNS FROM `jobseekers` [ RunTime:0.0008s ]
SQL: SELECT `username` FROM `jobseekers` WHERE ( uid=2 )  [ RunTime:0.0005s ]
SQL: SHOW COLUMNS FROM `job` [ RunTime:0.0010s ]
NOTIC: [8] Undefined index: key D:\Wampserver\www\aoshi\Application\Home\Controller\IndexController.class.php 第 57 行.
SQL: SELECT COUNT(*) AS tp_count FROM `job` LIMIT 1   [ RunTime:0.0003s ]
ERR: 1054:Unknown column 'job.company_name' in 'field list'
 [ SQL语句 ] : SELECT job.id,`job_name`,job.company_name,`salary_low`,`salary_hig`,job.city,`work_time`,`education`,`photo`,`name`,`job` FROM `job` INNER JOIN enterprise_info on enterprise_id=enterprise_info.id  WHERE ( `job_name` LIKE '%%' OR job.company_name LIKE '%%' ) AND `status` = 0 LIMIT 0,8  
ERR: 1054:Unknown column 'job.company_name' in 'field list'
 [ SQL语句 ] : SELECT job.id,`job_name`,job.company_name,`salary_low`,`salary_hig`,job.city,`work_time`,`education`,`photo`,`name`,`job` FROM `job` INNER JOIN enterprise_info on enterprise_id=enterprise_info.id  WHERE ( `job_name` LIKE '%%' OR job.company_name LIKE '%%' ) AND `status` = 0 LIMIT 0,8  

[ 2017-02-23T16:12:08+08:00 ] 127.0.0.1 /aoshi/index.php/Home/Index/findjob
INFO: [ app_init ] --START--
INFO: Run Behavior\BuildLiteBehavior [ RunTime:0.000027s ]
INFO: [ app_init ] --END-- [ RunTime:0.000563s ]
INFO: [ app_begin ] --START--
INFO: Run Behavior\ReadHtmlCacheBehavior [ RunTime:0.000803s ]
INFO: [ app_begin ] --END-- [ RunTime:0.000937s ]
SQL: SHOW COLUMNS FROM `jobseekers` [ RunTime:0.0005s ]
SQL: SELECT `username` FROM `jobseekers` WHERE ( uid=2 )  [ RunTime:0.0002s ]
SQL: SHOW COLUMNS FROM `job` [ RunTime:0.0005s ]
NOTIC: [8] Undefined index: key D:\Wampserver\www\aoshi\Application\Home\Controller\IndexController.class.php 第 57 行.
SQL: SELECT COUNT(*) AS tp_count FROM `job` LIMIT 1   [ RunTime:0.0002s ]
ERR: 1054:Unknown column 'job.company_name' in 'field list'
 [ SQL语句 ] : SELECT job.id,`job_name`,job.company_name,`salary_low`,`salary_hig`,job.city,`work_time`,`education`,`photo`,`name`,`job` FROM `job` INNER JOIN enterprise_info on enterprise_id=enterprise_info.id  WHERE ( `job_name` LIKE '%%' OR job.company_name LIKE '%%' ) AND `status` = 0 LIMIT 0,8  
ERR: 1054:Unknown column 'job.company_name' in 'field list'
 [ SQL语句 ] : SELECT job.id,`job_name`,job.company_name,`salary_low`,`salary_hig`,job.city,`work_time`,`education`,`photo`,`name`,`job` FROM `job` INNER JOIN enterprise_info on enterprise_id=enterprise_info.id  WHERE ( `job_name` LIKE '%%' OR job.company_name LIKE '%%' ) AND `status` = 0 LIMIT 0,8  

[ 2017-02-23T16:12:32+08:00 ] 127.0.0.1 /aoshi/index.php/Home/Index/findjob.html
INFO: [ app_init ] --START--
INFO: Run Behavior\BuildLiteBehavior [ RunTime:0.000027s ]
INFO: [ app_init ] --END-- [ RunTime:0.000594s ]
INFO: [ app_begin ] --START--
INFO: Run Behavior\ReadHtmlCacheBehavior [ RunTime:0.000704s ]
INFO: [ app_begin ] --END-- [ RunTime:0.000827s ]
SQL: SHOW COLUMNS FROM `jobseekers` [ RunTime:0.0009s ]
SQL: SELECT `username` FROM `jobseekers` WHERE ( uid=2 )  [ RunTime:0.0003s ]
SQL: SHOW COLUMNS FROM `job` [ RunTime:0.0005s ]
NOTIC: [8] Undefined index: key D:\Wampserver\www\aoshi\Application\Home\Controller\IndexController.class.php 第 57 行.
SQL: SELECT COUNT(*) AS tp_count FROM `job` LIMIT 1   [ RunTime:0.0002s ]
ERR: 1054:Unknown column 'job.company_name' in 'field list'
 [ SQL语句 ] : SELECT job.id,`job_name`,job.company_name,`salary_low`,`salary_hig`,job.city,`work_time`,`education`,`photo`,`name`,`job` FROM `job` INNER JOIN enterprise_info on enterprise_id=enterprise_info.id  WHERE ( `job_name` LIKE '%%' OR job.company_name LIKE '%%' ) AND `status` = 0 LIMIT 0,8  
ERR: 1054:Unknown column 'job.company_name' in 'field list'
 [ SQL语句 ] : SELECT job.id,`job_name`,job.company_name,`salary_low`,`salary_hig`,job.city,`work_time`,`education`,`photo`,`name`,`job` FROM `job` INNER JOIN enterprise_info on enterprise_id=enterprise_info.id  WHERE ( `job_name` LIKE '%%' OR job.company_name LIKE '%%' ) AND `status` = 0 LIMIT 0,8  

[ 2017-02-23T16:12:32+08:00 ] 127.0.0.1 /aoshi/index.php/Home/Index/findjob.html
INFO: [ app_init ] --START--
INFO: Run Behavior\BuildLiteBehavior [ RunTime:0.000026s ]
INFO: [ app_init ] --END-- [ RunTime:0.000522s ]
INFO: [ app_begin ] --START--
INFO: Run Behavior\ReadHtmlCacheBehavior [ RunTime:0.000638s ]
INFO: [ app_begin ] --END-- [ RunTime:0.000818s ]
SQL: SHOW COLUMNS FROM `jobseekers` [ RunTime:0.0006s ]
SQL: SELECT `username` FROM `jobseekers` WHERE ( uid=2 )  [ RunTime:0.0002s ]
SQL: SHOW COLUMNS FROM `job` [ RunTime:0.0009s ]
NOTIC: [8] Undefined index: key D:\Wampserver\www\aoshi\Application\Home\Controller\IndexController.class.php 第 57 行.
SQL: SELECT COUNT(*) AS tp_count FROM `job` LIMIT 1   [ RunTime:0.0002s ]
ERR: 1054:Unknown column 'job.company_name' in 'field list'
 [ SQL语句 ] : SELECT job.id,`job_name`,job.company_name,`salary_low`,`salary_hig`,job.city,`work_time`,`education`,`photo`,`name`,`job` FROM `job` INNER JOIN enterprise_info on enterprise_id=enterprise_info.id  WHERE ( `job_name` LIKE '%%' OR job.company_name LIKE '%%' ) AND `status` = 0 LIMIT 0,8  
ERR: 1054:Unknown column 'job.company_name' in 'field list'
 [ SQL语句 ] : SELECT job.id,`job_name`,job.company_name,`salary_low`,`salary_hig`,job.city,`work_time`,`education`,`photo`,`name`,`job` FROM `job` INNER JOIN enterprise_info on enterprise_id=enterprise_info.id  WHERE ( `job_name` LIKE '%%' OR job.company_name LIKE '%%' ) AND `status` = 0 LIMIT 0,8  

[ 2017-02-23T16:12:34+08:00 ] 127.0.0.1 /aoshi/index.php/Home/Index
INFO: [ app_init ] --START--
INFO: Run Behavior\BuildLiteBehavior [ RunTime:0.000117s ]
INFO: [ app_init ] --END-- [ RunTime:0.001209s ]
INFO: [ app_begin ] --START--
INFO: Run Behavior\ReadHtmlCacheBehavior [ RunTime:0.000752s ]
INFO: [ app_begin ] --END-- [ RunTime:0.000880s ]
SQL: SHOW COLUMNS FROM `jobseekers` [ RunTime:0.0008s ]
SQL: SELECT `username` FROM `jobseekers` WHERE ( uid=2 )  [ RunTime:0.0002s ]
SQL: SHOW COLUMNS FROM `job` [ RunTime:0.0009s ]
NOTIC: [8] Undefined index: key D:\Wampserver\www\aoshi\Application\Home\Controller\IndexController.class.php 第 26 行.
NOTIC: [8] Undefined variable: job_info D:\Wampserver\www\aoshi\Application\Home\Controller\IndexController.class.php 第 31 行.
INFO: [ view_parse ] --START--
INFO: [ template_filter ] --START--
INFO: Run Behavior\ContentReplaceBehavior [ RunTime:0.000158s ]
INFO: [ template_filter ] --END-- [ RunTime:0.000289s ]
NOTIC: [8] Use of undefined constant Index - assumed 'Index' D:\Wampserver\www\aoshi\Application\Runtime\Cache\Home\2a94b8bda04ff446dcedd42276fc99ee.php 第 48 行.
NOTIC: [8] Use of undefined constant index - assumed 'index' D:\Wampserver\www\aoshi\Application\Runtime\Cache\Home\2a94b8bda04ff446dcedd42276fc99ee.php 第 48 行.
NOTIC: [8] Use of undefined constant findjob - assumed 'findjob' D:\Wampserver\www\aoshi\Application\Runtime\Cache\Home\2a94b8bda04ff446dcedd42276fc99ee.php 第 50 行.
NOTIC: [8] Use of undefined constant News - assumed 'News' D:\Wampserver\www\aoshi\Application\Runtime\Cache\Home\2a94b8bda04ff446dcedd42276fc99ee.php 第 52 行.
INFO: Run Behavior\ParseTemplateBehavior [ RunTime:0.024227s ]
INFO: [ view_parse ] --END-- [ RunTime:0.024425s ]
INFO: [ view_filter ] --START--
INFO: Run Behavior\WriteHtmlCacheBehavior [ RunTime:0.000907s ]
INFO: [ view_filter ] --END-- [ RunTime:0.001121s ]
INFO: [ app_end ] --START--
INFO: Run Behavior\ShowPageTraceBehavior [ RunTime:0.001425s ]
INFO: [ app_end ] --END-- [ RunTime:0.001645s ]

[ 2017-02-23T16:12:40+08:00 ] 127.0.0.1 /aoshi/index.php/Home/Index/findjob.html
INFO: [ app_init ] --START--
INFO: Run Behavior\BuildLiteBehavior [ RunTime:0.000026s ]
INFO: [ app_init ] --END-- [ RunTime:0.000522s ]
INFO: [ app_begin ] --START--
INFO: Run Behavior\ReadHtmlCacheBehavior [ RunTime:0.000854s ]
INFO: [ app_begin ] --END-- [ RunTime:0.001012s ]
SQL: SHOW COLUMNS FROM `jobseekers` [ RunTime:0.0006s ]
SQL: SELECT `username` FROM `jobseekers` WHERE ( uid=2 )  [ RunTime:0.0002s ]
SQL: SHOW COLUMNS FROM `job` [ RunTime:0.0007s ]
NOTIC: [8] Undefined index: key D:\Wampserver\www\aoshi\Application\Home\Controller\IndexController.class.php 第 57 行.
SQL: SELECT COUNT(*) AS tp_count FROM `job` LIMIT 1   [ RunTime:0.0002s ]
ERR: 1054:Unknown column 'job.company_name' in 'field list'
 [ SQL语句 ] : SELECT job.id,`job_name`,job.company_name,`salary_low`,`salary_hig`,job.city,`work_time`,`education`,`photo`,`name`,`job` FROM `job` INNER JOIN enterprise_info on enterprise_id=enterprise_info.id  WHERE ( `job_name` LIKE '%%' OR job.company_name LIKE '%%' ) AND `status` = 0 LIMIT 0,8  
ERR: 1054:Unknown column 'job.company_name' in 'field list'
 [ SQL语句 ] : SELECT job.id,`job_name`,job.company_name,`salary_low`,`salary_hig`,job.city,`work_time`,`education`,`photo`,`name`,`job` FROM `job` INNER JOIN enterprise_info on enterprise_id=enterprise_info.id  WHERE ( `job_name` LIKE '%%' OR job.company_name LIKE '%%' ) AND `status` = 0 LIMIT 0,8  

[ 2017-02-23T20:22:31+08:00 ] 127.0.0.1 /aoshi/
INFO: [ app_init ] --START--
INFO: Run Behavior\BuildLiteBehavior [ RunTime:0.000029s ]
INFO: [ app_init ] --END-- [ RunTime:0.001043s ]
INFO: [ app_begin ] --START--
INFO: Run Behavior\ReadHtmlCacheBehavior [ RunTime:0.000944s ]
INFO: [ app_begin ] --END-- [ RunTime:0.001091s ]
NOTIC: [8] Undefined variable: name D:\Wampserver\www\aoshi\Application\Home\Controller\IndexController.class.php 第 20 行.
SQL: SHOW COLUMNS FROM `job` [ RunTime:0.0027s ]
NOTIC: [8] Undefined index: key D:\Wampserver\www\aoshi\Application\Home\Controller\IndexController.class.php 第 26 行.
NOTIC: [8] Undefined variable: job_info D:\Wampserver\www\aoshi\Application\Home\Controller\IndexController.class.php 第 31 行.
INFO: [ view_parse ] --START--
INFO: [ template_filter ] --START--
INFO: Run Behavior\ContentReplaceBehavior [ RunTime:0.000154s ]
INFO: [ template_filter ] --END-- [ RunTime:0.000282s ]
NOTIC: [8] Use of undefined constant Index - assumed 'Index' D:\Wampserver\www\aoshi\Application\Runtime\Cache\Home\2a94b8bda04ff446dcedd42276fc99ee.php 第 48 行.
NOTIC: [8] Use of undefined constant index - assumed 'index' D:\Wampserver\www\aoshi\Application\Runtime\Cache\Home\2a94b8bda04ff446dcedd42276fc99ee.php 第 48 行.
NOTIC: [8] Use of undefined constant findjob - assumed 'findjob' D:\Wampserver\www\aoshi\Application\Runtime\Cache\Home\2a94b8bda04ff446dcedd42276fc99ee.php 第 50 行.
NOTIC: [8] Use of undefined constant News - assumed 'News' D:\Wampserver\www\aoshi\Application\Runtime\Cache\Home\2a94b8bda04ff446dcedd42276fc99ee.php 第 52 行.
INFO: Run Behavior\ParseTemplateBehavior [ RunTime:0.039742s ]
INFO: [ view_parse ] --END-- [ RunTime:0.039928s ]
INFO: [ view_filter ] --START--
INFO: Run Behavior\WriteHtmlCacheBehavior [ RunTime:0.000692s ]
INFO: [ view_filter ] --END-- [ RunTime:0.000804s ]
INFO: [ app_end ] --START--
INFO: Run Behavior\ShowPageTraceBehavior [ RunTime:0.001042s ]
INFO: [ app_end ] --END-- [ RunTime:0.001256s ]

[ 2017-02-23T20:22:38+08:00 ] 127.0.0.1 /aoshi/index.php/Home/Index/index.html
INFO: [ app_init ] --START--
INFO: Run Behavior\BuildLiteBehavior [ RunTime:0.000047s ]
INFO: [ app_init ] --END-- [ RunTime:0.000717s ]
INFO: [ app_begin ] --START--
INFO: Run Behavior\ReadHtmlCacheBehavior [ RunTime:0.001055s ]
INFO: [ app_begin ] --END-- [ RunTime:0.001324s ]
NOTIC: [8] Undefined variable: name D:\Wampserver\www\aoshi\Application\Home\Controller\IndexController.class.php 第 20 行.
SQL: SHOW COLUMNS FROM `job` [ RunTime:0.0016s ]
NOTIC: [8] Undefined index: key D:\Wampserver\www\aoshi\Application\Home\Controller\IndexController.class.php 第 26 行.
NOTIC: [8] Undefined variable: job_info D:\Wampserver\www\aoshi\Application\Home\Controller\IndexController.class.php 第 31 行.
INFO: [ view_parse ] --START--
INFO: [ template_filter ] --START--
INFO: Run Behavior\ContentReplaceBehavior [ RunTime:0.000223s ]
INFO: [ template_filter ] --END-- [ RunTime:0.000382s ]
NOTIC: [8] Use of undefined constant Index - assumed 'Index' D:\Wampserver\www\aoshi\Application\Runtime\Cache\Home\2a94b8bda04ff446dcedd42276fc99ee.php 第 48 行.
NOTIC: [8] Use of undefined constant index - assumed 'index' D:\Wampserver\www\aoshi\Application\Runtime\Cache\Home\2a94b8bda04ff446dcedd42276fc99ee.php 第 48 行.
NOTIC: [8] Use of undefined constant findjob - assumed 'findjob' D:\Wampserver\www\aoshi\Application\Runtime\Cache\Home\2a94b8bda04ff446dcedd42276fc99ee.php 第 50 行.
NOTIC: [8] Use of undefined constant News - assumed 'News' D:\Wampserver\www\aoshi\Application\Runtime\Cache\Home\2a94b8bda04ff446dcedd42276fc99ee.php 第 52 行.
INFO: Run Behavior\ParseTemplateBehavior [ RunTime:0.020558s ]
INFO: [ view_parse ] --END-- [ RunTime:0.020781s ]
INFO: [ view_filter ] --START--
INFO: Run Behavior\WriteHtmlCacheBehavior [ RunTime:0.001050s ]
INFO: [ view_filter ] --END-- [ RunTime:0.001224s ]
INFO: [ app_end ] --START--
INFO: Run Behavior\ShowPageTraceBehavior [ RunTime:0.001547s ]
INFO: [ app_end ] --END-- [ RunTime:0.001807s ]

[ 2017-02-23T20:22:39+08:00 ] 127.0.0.1 /aoshi/index.php/Home/Index/findjob.html
INFO: [ app_init ] --START--
INFO: Run Behavior\BuildLiteBehavior [ RunTime:0.000054s ]
INFO: [ app_init ] --END-- [ RunTime:0.001014s ]
INFO: [ app_begin ] --START--
INFO: Run Behavior\ReadHtmlCacheBehavior [ RunTime:0.001434s ]
INFO: [ app_begin ] --END-- [ RunTime:0.001755s ]
NOTIC: [8] Undefined variable: name D:\Wampserver\www\aoshi\Application\Home\Controller\IndexController.class.php 第 46 行.
SQL: SHOW COLUMNS FROM `job` [ RunTime:0.0016s ]
NOTIC: [8] Undefined index: key D:\Wampserver\www\aoshi\Application\Home\Controller\IndexController.class.php 第 57 行.
SQL: SELECT COUNT(*) AS tp_count FROM `job` LIMIT 1   [ RunTime:0.0004s ]
ERR: 1054:Unknown column 'job.company_name' in 'field list'
 [ SQL语句 ] : SELECT job.id,`job_name`,job.company_name,`salary_low`,`salary_hig`,job.city,`work_time`,`education`,`photo`,`name`,`job` FROM `job` INNER JOIN enterprise_info on enterprise_id=enterprise_info.id  WHERE ( `job_name` LIKE '%%' OR job.company_name LIKE '%%' ) AND `status` = 0 LIMIT 0,8  
ERR: 1054:Unknown column 'job.company_name' in 'field list'
 [ SQL语句 ] : SELECT job.id,`job_name`,job.company_name,`salary_low`,`salary_hig`,job.city,`work_time`,`education`,`photo`,`name`,`job` FROM `job` INNER JOIN enterprise_info on enterprise_id=enterprise_info.id  WHERE ( `job_name` LIKE '%%' OR job.company_name LIKE '%%' ) AND `status` = 0 LIMIT 0,8  

[ 2017-02-23T20:23:32+08:00 ] 127.0.0.1 /aoshi/index.php/Home/News/index.html
INFO: [ app_init ] --START--
INFO: Run Behavior\BuildLiteBehavior [ RunTime:0.000032s ]
INFO: [ app_init ] --END-- [ RunTime:0.000865s ]
INFO: [ app_begin ] --START--
INFO: Run Behavior\ReadHtmlCacheBehavior [ RunTime:0.000910s ]
INFO: [ app_begin ] --END-- [ RunTime:0.001049s ]
SQL: SHOW COLUMNS FROM `news` [ RunTime:0.0014s ]
SQL: SELECT * FROM `news` WHERE ( status=1 and cata_id="数据报告" ) ORDER BY add_time desc LIMIT 1   [ RunTime:0.0083s ]
SQL: SELECT * FROM `news` WHERE ( status=1 and cata_id="干货文章" ) ORDER BY add_time desc LIMIT 1   [ RunTime:0.0005s ]
SQL: SELECT * FROM `news` WHERE ( status=1 and cata_id="公司动态" ) ORDER BY add_time desc LIMIT 1   [ RunTime:0.0006s ]
SQL: SELECT * FROM `news` WHERE ( status=1 ) ORDER BY add_time desc LIMIT 4   [ RunTime:0.0006s ]
INFO: [ view_parse ] --START--
INFO: [ template_filter ] --START--
INFO: Run Behavior\ContentReplaceBehavior [ RunTime:0.000121s ]
INFO: [ template_filter ] --END-- [ RunTime:0.000247s ]
NOTIC: [8] Use of undefined constant Index - assumed 'Index' D:\Wampserver\www\aoshi\Application\Runtime\Cache\Home\3e24b471de08a8366f7660bb176a5e74.php 第 48 行.
NOTIC: [8] Use of undefined constant findjob - assumed 'findjob' D:\Wampserver\www\aoshi\Application\Runtime\Cache\Home\3e24b471de08a8366f7660bb176a5e74.php 第 50 行.
NOTIC: [8] Use of undefined constant News - assumed 'News' D:\Wampserver\www\aoshi\Application\Runtime\Cache\Home\3e24b471de08a8366f7660bb176a5e74.php 第 52 行.
NOTIC: [8] Undefined variable: name D:\Wampserver\www\aoshi\Application\Runtime\Cache\Home\3e24b471de08a8366f7660bb176a5e74.php 第 59 行.
NOTIC: [8] Use of undefined constant ture - assumed 'ture' D:\Wampserver\www\aoshi\Application\Runtime\Cache\Home\3e24b471de08a8366f7660bb176a5e74.php 第 95 行.
NOTIC: [8] Use of undefined constant ture - assumed 'ture' D:\Wampserver\www\aoshi\Application\Runtime\Cache\Home\3e24b471de08a8366f7660bb176a5e74.php 第 95 行.
NOTIC: [8] Use of undefined constant ture - assumed 'ture' D:\Wampserver\www\aoshi\Application\Runtime\Cache\Home\3e24b471de08a8366f7660bb176a5e74.php 第 95 行.
INFO: Run Behavior\ParseTemplateBehavior [ RunTime:0.036946s ]
INFO: [ view_parse ] --END-- [ RunTime:0.037083s ]
INFO: [ view_filter ] --START--
INFO: Run Behavior\WriteHtmlCacheBehavior [ RunTime:0.000789s ]
INFO: [ view_filter ] --END-- [ RunTime:0.000910s ]
INFO: [ app_end ] --START--
INFO: Run Behavior\ShowPageTraceBehavior [ RunTime:0.001280s ]
INFO: [ app_end ] --END-- [ RunTime:0.001520s ]

[ 2017-02-23T20:23:38+08:00 ] 127.0.0.1 /aoshi/index.php/Home/Index/index.html
INFO: [ app_init ] --START--
INFO: Run Behavior\BuildLiteBehavior [ RunTime:0.000031s ]
INFO: [ app_init ] --END-- [ RunTime:0.000648s ]
INFO: [ app_begin ] --START--
INFO: Run Behavior\ReadHtmlCacheBehavior [ RunTime:0.001195s ]
INFO: [ app_begin ] --END-- [ RunTime:0.001376s ]
NOTIC: [8] Undefined variable: name D:\Wampserver\www\aoshi\Application\Home\Controller\IndexController.class.php 第 20 行.
SQL: SHOW COLUMNS FROM `job` [ RunTime:0.0010s ]
NOTIC: [8] Undefined index: key D:\Wampserver\www\aoshi\Application\Home\Controller\IndexController.class.php 第 26 行.
NOTIC: [8] Undefined variable: job_info D:\Wampserver\www\aoshi\Application\Home\Controller\IndexController.class.php 第 31 行.
INFO: [ view_parse ] --START--
INFO: [ template_filter ] --START--
INFO: Run Behavior\ContentReplaceBehavior [ RunTime:0.000170s ]
INFO: [ template_filter ] --END-- [ RunTime:0.000332s ]
NOTIC: [8] Use of undefined constant Index - assumed 'Index' D:\Wampserver\www\aoshi\Application\Runtime\Cache\Home\2a94b8bda04ff446dcedd42276fc99ee.php 第 48 行.
NOTIC: [8] Use of undefined constant index - assumed 'index' D:\Wampserver\www\aoshi\Application\Runtime\Cache\Home\2a94b8bda04ff446dcedd42276fc99ee.php 第 48 行.
NOTIC: [8] Use of undefined constant findjob - assumed 'findjob' D:\Wampserver\www\aoshi\Application\Runtime\Cache\Home\2a94b8bda04ff446dcedd42276fc99ee.php 第 50 行.
NOTIC: [8] Use of undefined constant News - assumed 'News' D:\Wampserver\www\aoshi\Application\Runtime\Cache\Home\2a94b8bda04ff446dcedd42276fc99ee.php 第 52 行.
INFO: Run Behavior\ParseTemplateBehavior [ RunTime:0.015519s ]
INFO: [ view_parse ] --END-- [ RunTime:0.015651s ]
INFO: [ view_filter ] --START--
INFO: Run Behavior\WriteHtmlCacheBehavior [ RunTime:0.000829s ]
INFO: [ view_filter ] --END-- [ RunTime:0.000980s ]
INFO: [ app_end ] --START--
INFO: Run Behavior\ShowPageTraceBehavior [ RunTime:0.001261s ]
INFO: [ app_end ] --END-- [ RunTime:0.001479s ]

[ 2017-02-23T20:33:05+08:00 ] 127.0.0.1 /aoshi/index.php/Home/Index/index.html
INFO: [ app_init ] --START--
INFO: Run Behavior\BuildLiteBehavior [ RunTime:0.000027s ]
INFO: [ app_init ] --END-- [ RunTime:0.000544s ]
INFO: [ app_begin ] --START--
INFO: Run Behavior\ReadHtmlCacheBehavior [ RunTime:0.000930s ]
INFO: [ app_begin ] --END-- [ RunTime:0.001069s ]
NOTIC: [8] Undefined variable: name D:\Wampserver\www\aoshi\Application\Home\Controller\IndexController.class.php 第 20 行.
SQL: SHOW COLUMNS FROM `job` [ RunTime:0.0009s ]
NOTIC: [8] Undefined index: key D:\Wampserver\www\aoshi\Application\Home\Controller\IndexController.class.php 第 26 行.
NOTIC: [8] Undefined variable: job_info D:\Wampserver\www\aoshi\Application\Home\Controller\IndexController.class.php 第 31 行.
INFO: [ view_parse ] --START--
INFO: [ template_filter ] --START--
INFO: Run Behavior\ContentReplaceBehavior [ RunTime:0.000188s ]
INFO: [ template_filter ] --END-- [ RunTime:0.000348s ]
NOTIC: [8] Use of undefined constant Index - assumed 'Index' D:\Wampserver\www\aoshi\Application\Runtime\Cache\Home\2a94b8bda04ff446dcedd42276fc99ee.php 第 48 行.
NOTIC: [8] Use of undefined constant index - assumed 'index' D:\Wampserver\www\aoshi\Application\Runtime\Cache\Home\2a94b8bda04ff446dcedd42276fc99ee.php 第 48 行.
NOTIC: [8] Use of undefined constant findjob - assumed 'findjob' D:\Wampserver\www\aoshi\Application\Runtime\Cache\Home\2a94b8bda04ff446dcedd42276fc99ee.php 第 50 行.
NOTIC: [8] Use of undefined constant News - assumed 'News' D:\Wampserver\www\aoshi\Application\Runtime\Cache\Home\2a94b8bda04ff446dcedd42276fc99ee.php 第 52 行.
INFO: Run Behavior\ParseTemplateBehavior [ RunTime:0.015952s ]
INFO: [ view_parse ] --END-- [ RunTime:0.016081s ]
INFO: [ view_filter ] --START--
INFO: Run Behavior\WriteHtmlCacheBehavior [ RunTime:0.000683s ]
INFO: [ view_filter ] --END-- [ RunTime:0.000797s ]
INFO: [ app_end ] --START--
INFO: Run Behavior\ShowPageTraceBehavior [ RunTime:0.001066s ]
INFO: [ app_end ] --END-- [ RunTime:0.001269s ]

[ 2017-02-23T20:53:49+08:00 ] 127.0.0.1 /aoshi/
INFO: [ app_init ] --START--
INFO: Run Behavior\BuildLiteBehavior [ RunTime:0.000026s ]
INFO: [ app_init ] --END-- [ RunTime:0.000427s ]
INFO: [ app_begin ] --START--
INFO: Run Behavior\ReadHtmlCacheBehavior [ RunTime:0.000583s ]
INFO: [ app_begin ] --END-- [ RunTime:0.000751s ]
SQL: SHOW COLUMNS FROM `jobseekers` [ RunTime:0.0007s ]
SQL: SELECT `username` FROM `jobseekers` WHERE ( uid=2 )  [ RunTime:0.0003s ]
SQL: SHOW COLUMNS FROM `job` [ RunTime:0.0009s ]
NOTIC: [8] Undefined index: key D:\Wampserver\www\aoshi\Application\Home\Controller\IndexController.class.php 第 26 行.
NOTIC: [8] Undefined variable: job_info D:\Wampserver\www\aoshi\Application\Home\Controller\IndexController.class.php 第 31 行.
INFO: [ view_parse ] --START--
INFO: [ template_filter ] --START--
INFO: Run Behavior\ContentReplaceBehavior [ RunTime:0.000170s ]
INFO: [ template_filter ] --END-- [ RunTime:0.000314s ]
NOTIC: [8] Use of undefined constant Index - assumed 'Index' D:\Wampserver\www\aoshi\Application\Runtime\Cache\Home\2a94b8bda04ff446dcedd42276fc99ee.php 第 48 行.
NOTIC: [8] Use of undefined constant index - assumed 'index' D:\Wampserver\www\aoshi\Application\Runtime\Cache\Home\2a94b8bda04ff446dcedd42276fc99ee.php 第 48 行.
NOTIC: [8] Use of undefined constant findjob - assumed 'findjob' D:\Wampserver\www\aoshi\Application\Runtime\Cache\Home\2a94b8bda04ff446dcedd42276fc99ee.php 第 50 行.
NOTIC: [8] Use of undefined constant News - assumed 'News' D:\Wampserver\www\aoshi\Application\Runtime\Cache\Home\2a94b8bda04ff446dcedd42276fc99ee.php 第 52 行.
INFO: Run Behavior\ParseTemplateBehavior [ RunTime:0.015165s ]
INFO: [ view_parse ] --END-- [ RunTime:0.015310s ]
INFO: [ view_filter ] --START--
INFO: Run Behavior\WriteHtmlCacheBehavior [ RunTime:0.000575s ]
INFO: [ view_filter ] --END-- [ RunTime:0.000704s ]
INFO: [ app_end ] --START--
INFO: Run Behavior\ShowPageTraceBehavior [ RunTime:0.000642s ]
INFO: [ app_end ] --END-- [ RunTime:0.000791s ]

[ 2017-02-23T21:05:49+08:00 ] 127.0.0.1 /aoshi/index.php/Home/Index/index.html
INFO: [ app_init ] --START--
INFO: Run Behavior\BuildLiteBehavior [ RunTime:0.000028s ]
INFO: [ app_init ] --END-- [ RunTime:0.000648s ]
INFO: [ app_begin ] --START--
INFO: Run Behavior\ReadHtmlCacheBehavior [ RunTime:0.000870s ]
INFO: [ app_begin ] --END-- [ RunTime:0.000995s ]
SQL: SHOW COLUMNS FROM `jobseekers` [ RunTime:0.0007s ]
SQL: SELECT `username` FROM `jobseekers` WHERE ( uid=2 )  [ RunTime:0.0004s ]
SQL: SHOW COLUMNS FROM `job` [ RunTime:0.0006s ]
NOTIC: [8] Undefined index: key D:\Wampserver\www\aoshi\Application\Home\Controller\IndexController.class.php 第 26 行.
NOTIC: [8] Undefined variable: job_info D:\Wampserver\www\aoshi\Application\Home\Controller\IndexController.class.php 第 31 行.
INFO: [ view_parse ] --START--
INFO: [ template_filter ] --START--
INFO: Run Behavior\ContentReplaceBehavior [ RunTime:0.000154s ]
INFO: [ template_filter ] --END-- [ RunTime:0.000280s ]
NOTIC: [8] Use of undefined constant Index - assumed 'Index' D:\Wampserver\www\aoshi\Application\Runtime\Cache\Home\2a94b8bda04ff446dcedd42276fc99ee.php 第 48 行.
NOTIC: [8] Use of undefined constant index - assumed 'index' D:\Wampserver\www\aoshi\Application\Runtime\Cache\Home\2a94b8bda04ff446dcedd42276fc99ee.php 第 48 行.
NOTIC: [8] Use of undefined constant findjob - assumed 'findjob' D:\Wampserver\www\aoshi\Application\Runtime\Cache\Home\2a94b8bda04ff446dcedd42276fc99ee.php 第 50 行.
NOTIC: [8] Use of undefined constant News - assumed 'News' D:\Wampserver\www\aoshi\Application\Runtime\Cache\Home\2a94b8bda04ff446dcedd42276fc99ee.php 第 52 行.
INFO: Run Behavior\ParseTemplateBehavior [ RunTime:0.015218s ]
INFO: [ view_parse ] --END-- [ RunTime:0.015353s ]
INFO: [ view_filter ] --START--
INFO: Run Behavior\WriteHtmlCacheBehavior [ RunTime:0.000650s ]
INFO: [ view_filter ] --END-- [ RunTime:0.000765s ]
INFO: [ app_end ] --START--
INFO: Run Behavior\ShowPageTraceBehavior [ RunTime:0.001780s ]
INFO: [ app_end ] --END-- [ RunTime:0.002017s ]

[ 2017-02-23T21:06:33+08:00 ] 127.0.0.1 /aoshi/index.php/Home/Index/findjob.html
INFO: [ app_init ] --START--
INFO: Run Behavior\BuildLiteBehavior [ RunTime:0.000027s ]
INFO: [ app_init ] --END-- [ RunTime:0.000517s ]
INFO: [ app_begin ] --START--
INFO: Run Behavior\ReadHtmlCacheBehavior [ RunTime:0.000783s ]
INFO: [ app_begin ] --END-- [ RunTime:0.000904s ]
SQL: SHOW COLUMNS FROM `jobseekers` [ RunTime:0.0007s ]
SQL: SELECT `username` FROM `jobseekers` WHERE ( uid=2 )  [ RunTime:0.0003s ]
SQL: SHOW COLUMNS FROM `job` [ RunTime:0.0006s ]
NOTIC: [8] Undefined index: key D:\Wampserver\www\aoshi\Application\Home\Controller\IndexController.class.php 第 57 行.
SQL: SELECT COUNT(*) AS tp_count FROM `job` LIMIT 1   [ RunTime:0.0003s ]
ERR: 1054:Unknown column 'job.company_name' in 'field list'
 [ SQL语句 ] : SELECT job.id,`job_name`,job.company_name,`salary_low`,`salary_hig`,job.city,`work_time`,`education`,`photo`,`name`,`job` FROM `job` INNER JOIN enterprise_info on enterprise_id=enterprise_info.id  WHERE ( `job_name` LIKE '%%' OR job.company_name LIKE '%%' ) AND `status` = 0 LIMIT 0,8  
ERR: 1054:Unknown column 'job.company_name' in 'field list'
 [ SQL语句 ] : SELECT job.id,`job_name`,job.company_name,`salary_low`,`salary_hig`,job.city,`work_time`,`education`,`photo`,`name`,`job` FROM `job` INNER JOIN enterprise_info on enterprise_id=enterprise_info.id  WHERE ( `job_name` LIKE '%%' OR job.company_name LIKE '%%' ) AND `status` = 0 LIMIT 0,8  

[ 2017-02-23T21:06:36+08:00 ] 127.0.0.1 /aoshi/index.php/Home/Index/index.html
INFO: [ app_init ] --START--
INFO: Run Behavior\BuildLiteBehavior [ RunTime:0.000033s ]
INFO: [ app_init ] --END-- [ RunTime:0.000729s ]
INFO: [ app_begin ] --START--
INFO: Run Behavior\ReadHtmlCacheBehavior [ RunTime:0.001015s ]
INFO: [ app_begin ] --END-- [ RunTime:0.001185s ]
SQL: SHOW COLUMNS FROM `jobseekers` [ RunTime:0.0007s ]
SQL: SELECT `username` FROM `jobseekers` WHERE ( uid=2 )  [ RunTime:0.0003s ]
SQL: SHOW COLUMNS FROM `job` [ RunTime:0.0006s ]
NOTIC: [8] Undefined index: key D:\Wampserver\www\aoshi\Application\Home\Controller\IndexController.class.php 第 26 行.
NOTIC: [8] Undefined variable: job_info D:\Wampserver\www\aoshi\Application\Home\Controller\IndexController.class.php 第 31 行.
INFO: [ view_parse ] --START--
INFO: [ template_filter ] --START--
INFO: Run Behavior\ContentReplaceBehavior [ RunTime:0.000266s ]
INFO: [ template_filter ] --END-- [ RunTime:0.000540s ]
NOTIC: [8] Use of undefined constant Index - assumed 'Index' D:\Wampserver\www\aoshi\Application\Runtime\Cache\Home\2a94b8bda04ff446dcedd42276fc99ee.php 第 48 行.
NOTIC: [8] Use of undefined constant index - assumed 'index' D:\Wampserver\www\aoshi\Application\Runtime\Cache\Home\2a94b8bda04ff446dcedd42276fc99ee.php 第 48 行.
NOTIC: [8] Use of undefined constant findjob - assumed 'findjob' D:\Wampserver\www\aoshi\Application\Runtime\Cache\Home\2a94b8bda04ff446dcedd42276fc99ee.php 第 50 行.
NOTIC: [8] Use of undefined constant News - assumed 'News' D:\Wampserver\www\aoshi\Application\Runtime\Cache\Home\2a94b8bda04ff446dcedd42276fc99ee.php 第 52 行.
INFO: Run Behavior\ParseTemplateBehavior [ RunTime:0.016497s ]
INFO: [ view_parse ] --END-- [ RunTime:0.016634s ]
INFO: [ view_filter ] --START--
INFO: Run Behavior\WriteHtmlCacheBehavior [ RunTime:0.000835s ]
INFO: [ view_filter ] --END-- [ RunTime:0.000962s ]
INFO: [ app_end ] --START--
INFO: Run Behavior\ShowPageTraceBehavior [ RunTime:0.001379s ]
INFO: [ app_end ] --END-- [ RunTime:0.001585s ]

[ 2017-02-23T21:06:37+08:00 ] 127.0.0.1 /aoshi/index.php/Home/Index/findjob.html
INFO: [ app_init ] --START--
INFO: Run Behavior\BuildLiteBehavior [ RunTime:0.000035s ]
INFO: [ app_init ] --END-- [ RunTime:0.000782s ]
INFO: [ app_begin ] --START--
INFO: Run Behavior\ReadHtmlCacheBehavior [ RunTime:0.002512s ]
INFO: [ app_begin ] --END-- [ RunTime:0.002895s ]
SQL: SHOW COLUMNS FROM `jobseekers` [ RunTime:0.0009s ]
SQL: SELECT `username` FROM `jobseekers` WHERE ( uid=2 )  [ RunTime:0.0005s ]
SQL: SHOW COLUMNS FROM `job` [ RunTime:0.0012s ]
NOTIC: [8] Undefined index: key D:\Wampserver\www\aoshi\Application\Home\Controller\IndexController.class.php 第 57 行.
SQL: SELECT COUNT(*) AS tp_count FROM `job` LIMIT 1   [ RunTime:0.0004s ]
ERR: 1054:Unknown column 'job.company_name' in 'field list'
 [ SQL语句 ] : SELECT job.id,`job_name`,job.company_name,`salary_low`,`salary_hig`,job.city,`work_time`,`education`,`photo`,`name`,`job` FROM `job` INNER JOIN enterprise_info on enterprise_id=enterprise_info.id  WHERE ( `job_name` LIKE '%%' OR job.company_name LIKE '%%' ) AND `status` = 0 LIMIT 0,8  
ERR: 1054:Unknown column 'job.company_name' in 'field list'
 [ SQL语句 ] : SELECT job.id,`job_name`,job.company_name,`salary_low`,`salary_hig`,job.city,`work_time`,`education`,`photo`,`name`,`job` FROM `job` INNER JOIN enterprise_info on enterprise_id=enterprise_info.id  WHERE ( `job_name` LIKE '%%' OR job.company_name LIKE '%%' ) AND `status` = 0 LIMIT 0,8  

[ 2017-02-23T21:06:41+08:00 ] 127.0.0.1 /aoshi/index.php/Home/News/index.html
INFO: [ app_init ] --START--
INFO: Run Behavior\BuildLiteBehavior [ RunTime:0.000027s ]
INFO: [ app_init ] --END-- [ RunTime:0.000594s ]
INFO: [ app_begin ] --START--
INFO: Run Behavior\ReadHtmlCacheBehavior [ RunTime:0.001651s ]
INFO: [ app_begin ] --END-- [ RunTime:0.001928s ]
SQL: SHOW COLUMNS FROM `news` [ RunTime:0.0010s ]
SQL: SELECT * FROM `news` WHERE ( status=1 and cata_id="数据报告" ) ORDER BY add_time desc LIMIT 1   [ RunTime:0.0005s ]
SQL: SELECT * FROM `news` WHERE ( status=1 and cata_id="干货文章" ) ORDER BY add_time desc LIMIT 1   [ RunTime:0.0004s ]
SQL: SELECT * FROM `news` WHERE ( status=1 and cata_id="公司动态" ) ORDER BY add_time desc LIMIT 1   [ RunTime:0.0009s ]
SQL: SELECT * FROM `news` WHERE ( status=1 ) ORDER BY add_time desc LIMIT 4   [ RunTime:0.0004s ]
INFO: [ view_parse ] --START--
INFO: [ template_filter ] --START--
INFO: Run Behavior\ContentReplaceBehavior [ RunTime:0.000196s ]
INFO: [ template_filter ] --END-- [ RunTime:0.000331s ]
NOTIC: [8] Use of undefined constant Index - assumed 'Index' D:\Wampserver\www\aoshi\Application\Runtime\Cache\Home\3e24b471de08a8366f7660bb176a5e74.php 第 48 行.
NOTIC: [8] Use of undefined constant findjob - assumed 'findjob' D:\Wampserver\www\aoshi\Application\Runtime\Cache\Home\3e24b471de08a8366f7660bb176a5e74.php 第 50 行.
NOTIC: [8] Use of undefined constant News - assumed 'News' D:\Wampserver\www\aoshi\Application\Runtime\Cache\Home\3e24b471de08a8366f7660bb176a5e74.php 第 52 行.
NOTIC: [8] Undefined variable: name D:\Wampserver\www\aoshi\Application\Runtime\Cache\Home\3e24b471de08a8366f7660bb176a5e74.php 第 59 行.
NOTIC: [8] Use of undefined constant ture - assumed 'ture' D:\Wampserver\www\aoshi\Application\Runtime\Cache\Home\3e24b471de08a8366f7660bb176a5e74.php 第 95 行.
NOTIC: [8] Use of undefined constant ture - assumed 'ture' D:\Wampserver\www\aoshi\Application\Runtime\Cache\Home\3e24b471de08a8366f7660bb176a5e74.php 第 95 行.
NOTIC: [8] Use of undefined constant ture - assumed 'ture' D:\Wampserver\www\aoshi\Application\Runtime\Cache\Home\3e24b471de08a8366f7660bb176a5e74.php 第 95 行.
INFO: Run Behavior\ParseTemplateBehavior [ RunTime:0.025333s ]
INFO: [ view_parse ] --END-- [ RunTime:0.025587s ]
INFO: [ view_filter ] --START--
INFO: Run Behavior\WriteHtmlCacheBehavior [ RunTime:0.000861s ]
INFO: [ view_filter ] --END-- [ RunTime:0.000989s ]
INFO: [ app_end ] --START--
INFO: Run Behavior\ShowPageTraceBehavior [ RunTime:0.001176s ]
INFO: [ app_end ] --END-- [ RunTime:0.001356s ]

[ 2017-02-23T21:06:44+08:00 ] 127.0.0.1 /aoshi/index.php/Home/News/index.html
INFO: [ app_init ] --START--
INFO: Run Behavior\BuildLiteBehavior [ RunTime:0.000120s ]
INFO: [ app_init ] --END-- [ RunTime:0.001524s ]
INFO: [ app_begin ] --START--
INFO: Run Behavior\ReadHtmlCacheBehavior [ RunTime:0.001104s ]
INFO: [ app_begin ] --END-- [ RunTime:0.001275s ]
SQL: SHOW COLUMNS FROM `news` [ RunTime:0.0010s ]
SQL: SELECT * FROM `news` WHERE ( status=1 and cata_id="数据报告" ) ORDER BY add_time desc LIMIT 1   [ RunTime:0.0016s ]
SQL: SELECT * FROM `news` WHERE ( status=1 and cata_id="干货文章" ) ORDER BY add_time desc LIMIT 1   [ RunTime:0.0010s ]
SQL: SELECT * FROM `news` WHERE ( status=1 and cata_id="公司动态" ) ORDER BY add_time desc LIMIT 1   [ RunTime:0.0003s ]
SQL: SELECT * FROM `news` WHERE ( status=1 ) ORDER BY add_time desc LIMIT 4   [ RunTime:0.0005s ]
INFO: [ view_parse ] --START--
INFO: [ template_filter ] --START--
INFO: Run Behavior\ContentReplaceBehavior [ RunTime:0.000169s ]
INFO: [ template_filter ] --END-- [ RunTime:0.000361s ]
NOTIC: [8] Use of undefined constant Index - assumed 'Index' D:\Wampserver\www\aoshi\Application\Runtime\Cache\Home\3e24b471de08a8366f7660bb176a5e74.php 第 48 行.
NOTIC: [8] Use of undefined constant findjob - assumed 'findjob' D:\Wampserver\www\aoshi\Application\Runtime\Cache\Home\3e24b471de08a8366f7660bb176a5e74.php 第 50 行.
NOTIC: [8] Use of undefined constant News - assumed 'News' D:\Wampserver\www\aoshi\Application\Runtime\Cache\Home\3e24b471de08a8366f7660bb176a5e74.php 第 52 行.
NOTIC: [8] Undefined variable: name D:\Wampserver\www\aoshi\Application\Runtime\Cache\Home\3e24b471de08a8366f7660bb176a5e74.php 第 59 行.
NOTIC: [8] Use of undefined constant ture - assumed 'ture' D:\Wampserver\www\aoshi\Application\Runtime\Cache\Home\3e24b471de08a8366f7660bb176a5e74.php 第 95 行.
NOTIC: [8] Use of undefined constant ture - assumed 'ture' D:\Wampserver\www\aoshi\Application\Runtime\Cache\Home\3e24b471de08a8366f7660bb176a5e74.php 第 95 行.
NOTIC: [8] Use of undefined constant ture - assumed 'ture' D:\Wampserver\www\aoshi\Application\Runtime\Cache\Home\3e24b471de08a8366f7660bb176a5e74.php 第 95 行.
INFO: Run Behavior\ParseTemplateBehavior [ RunTime:0.032264s ]
INFO: [ view_parse ] --END-- [ RunTime:0.032414s ]
INFO: [ view_filter ] --START--
INFO: Run Behavior\WriteHtmlCacheBehavior [ RunTime:0.000889s ]
INFO: [ view_filter ] --END-- [ RunTime:0.001028s ]
INFO: [ app_end ] --START--
INFO: Run Behavior\ShowPageTraceBehavior [ RunTime:0.001548s ]
INFO: [ app_end ] --END-- [ RunTime:0.001753s ]

[ 2017-02-23T21:06:46+08:00 ] 127.0.0.1 /aoshi/index.php/Home/News/index.html
INFO: [ app_init ] --START--
INFO: Run Behavior\BuildLiteBehavior [ RunTime:0.000038s ]
INFO: [ app_init ] --END-- [ RunTime:0.000848s ]
INFO: [ app_begin ] --START--
INFO: Run Behavior\ReadHtmlCacheBehavior [ RunTime:0.001791s ]
INFO: [ app_begin ] --END-- [ RunTime:0.002057s ]
SQL: SHOW COLUMNS FROM `news` [ RunTime:0.0012s ]
SQL: SELECT * FROM `news` WHERE ( status=1 and cata_id="数据报告" ) ORDER BY add_time desc LIMIT 1   [ RunTime:0.0008s ]
SQL: SELECT * FROM `news` WHERE ( status=1 and cata_id="干货文章" ) ORDER BY add_time desc LIMIT 1   [ RunTime:0.0006s ]
SQL: SELECT * FROM `news` WHERE ( status=1 and cata_id="公司动态" ) ORDER BY add_time desc LIMIT 1   [ RunTime:0.0005s ]
SQL: SELECT * FROM `news` WHERE ( status=1 ) ORDER BY add_time desc LIMIT 4   [ RunTime:0.0005s ]
INFO: [ view_parse ] --START--
INFO: [ template_filter ] --START--
INFO: Run Behavior\ContentReplaceBehavior [ RunTime:0.000120s ]
INFO: [ template_filter ] --END-- [ RunTime:0.000264s ]
NOTIC: [8] Use of undefined constant Index - assumed 'Index' D:\Wampserver\www\aoshi\Application\Runtime\Cache\Home\3e24b471de08a8366f7660bb176a5e74.php 第 48 行.
NOTIC: [8] Use of undefined constant findjob - assumed 'findjob' D:\Wampserver\www\aoshi\Application\Runtime\Cache\Home\3e24b471de08a8366f7660bb176a5e74.php 第 50 行.
NOTIC: [8] Use of undefined constant News - assumed 'News' D:\Wampserver\www\aoshi\Application\Runtime\Cache\Home\3e24b471de08a8366f7660bb176a5e74.php 第 52 行.
NOTIC: [8] Undefined variable: name D:\Wampserver\www\aoshi\Application\Runtime\Cache\Home\3e24b471de08a8366f7660bb176a5e74.php 第 59 行.
NOTIC: [8] Use of undefined constant ture - assumed 'ture' D:\Wampserver\www\aoshi\Application\Runtime\Cache\Home\3e24b471de08a8366f7660bb176a5e74.php 第 95 行.
NOTIC: [8] Use of undefined constant ture - assumed 'ture' D:\Wampserver\www\aoshi\Application\Runtime\Cache\Home\3e24b471de08a8366f7660bb176a5e74.php 第 95 行.
NOTIC: [8] Use of undefined constant ture - assumed 'ture' D:\Wampserver\www\aoshi\Application\Runtime\Cache\Home\3e24b471de08a8366f7660bb176a5e74.php 第 95 行.
INFO: Run Behavior\ParseTemplateBehavior [ RunTime:0.025693s ]
INFO: [ view_parse ] --END-- [ RunTime:0.025915s ]
INFO: [ view_filter ] --START--
INFO: Run Behavior\WriteHtmlCacheBehavior [ RunTime:0.001322s ]
INFO: [ view_filter ] --END-- [ RunTime:0.001468s ]
INFO: [ app_end ] --START--
INFO: Run Behavior\ShowPageTraceBehavior [ RunTime:0.001299s ]
INFO: [ app_end ] --END-- [ RunTime:0.001484s ]

[ 2017-02-23T21:06:52+08:00 ] 127.0.0.1 /aoshi/index.php/Home/Index/index.html
INFO: [ app_init ] --START--
INFO: Run Behavior\BuildLiteBehavior [ RunTime:0.000049s ]
INFO: [ app_init ] --END-- [ RunTime:0.000837s ]
INFO: [ app_begin ] --START--
INFO: Run Behavior\ReadHtmlCacheBehavior [ RunTime:0.001700s ]
INFO: [ app_begin ] --END-- [ RunTime:0.001984s ]
SQL: SHOW COLUMNS FROM `jobseekers` [ RunTime:0.0009s ]
SQL: SELECT `username` FROM `jobseekers` WHERE ( uid=2 )  [ RunTime:0.0015s ]
SQL: SHOW COLUMNS FROM `job` [ RunTime:0.0018s ]
NOTIC: [8] Undefined index: key D:\Wampserver\www\aoshi\Application\Home\Controller\IndexController.class.php 第 26 行.
NOTIC: [8] Undefined variable: job_info D:\Wampserver\www\aoshi\Application\Home\Controller\IndexController.class.php 第 31 行.
INFO: [ view_parse ] --START--
INFO: [ template_filter ] --START--
INFO: Run Behavior\ContentReplaceBehavior [ RunTime:0.000177s ]
INFO: [ template_filter ] --END-- [ RunTime:0.000322s ]
NOTIC: [8] Use of undefined constant Index - assumed 'Index' D:\Wampserver\www\aoshi\Application\Runtime\Cache\Home\2a94b8bda04ff446dcedd42276fc99ee.php 第 48 行.
NOTIC: [8] Use of undefined constant index - assumed 'index' D:\Wampserver\www\aoshi\Application\Runtime\Cache\Home\2a94b8bda04ff446dcedd42276fc99ee.php 第 48 行.
NOTIC: [8] Use of undefined constant findjob - assumed 'findjob' D:\Wampserver\www\aoshi\Application\Runtime\Cache\Home\2a94b8bda04ff446dcedd42276fc99ee.php 第 50 行.
NOTIC: [8] Use of undefined constant News - assumed 'News' D:\Wampserver\www\aoshi\Application\Runtime\Cache\Home\2a94b8bda04ff446dcedd42276fc99ee.php 第 52 行.
INFO: Run Behavior\ParseTemplateBehavior [ RunTime:0.023217s ]
INFO: [ view_parse ] --END-- [ RunTime:0.023429s ]
INFO: [ view_filter ] --START--
INFO: Run Behavior\WriteHtmlCacheBehavior [ RunTime:0.001158s ]
INFO: [ view_filter ] --END-- [ RunTime:0.001319s ]
INFO: [ app_end ] --START--
INFO: Run Behavior\ShowPageTraceBehavior [ RunTime:0.001334s ]
INFO: [ app_end ] --END-- [ RunTime:0.001509s ]

