[ 2017-02-15T00:56:08+08:00 ] ::1 /aoshi/index.php/Jobseekers/Login/register.html
INFO: [ app_init ] --START--
INFO: Run Behavior\BuildLiteBehavior [ RunTime:0.000028s ]
INFO: [ app_init ] --END-- [ RunTime:0.000530s ]
INFO: [ app_begin ] --START--
INFO: Run Behavior\ReadHtmlCacheBehavior [ RunTime:0.000686s ]
INFO: [ app_begin ] --END-- [ RunTime:0.000809s ]
INFO: [ view_parse ] --START--
INFO: [ template_filter ] --START--
INFO: Run Behavior\ContentReplaceBehavior [ RunTime:0.000090s ]
INFO: [ template_filter ] --END-- [ RunTime:0.000213s ]
INFO: Run Behavior\ParseTemplateBehavior [ RunTime:0.025599s ]
INFO: [ view_parse ] --END-- [ RunTime:0.025749s ]
INFO: [ view_filter ] --START--
INFO: Run Behavior\WriteHtmlCacheBehavior [ RunTime:0.000422s ]
INFO: [ view_filter ] --END-- [ RunTime:0.000538s ]
INFO: [ app_end ] --START--
INFO: Run Behavior\ShowPageTraceBehavior [ RunTime:0.000571s ]
INFO: [ app_end ] --END-- [ RunTime:0.000688s ]

[ 2017-02-15T00:56:08+08:00 ] ::1 /aoshi/index.php/Jobseekers/Login/get_verify.html
INFO: [ app_init ] --START--
INFO: Run Behavior\BuildLiteBehavior [ RunTime:0.000026s ]
INFO: [ app_init ] --END-- [ RunTime:0.000484s ]
INFO: [ app_begin ] --START--
INFO: Run Behavior\ReadHtmlCacheBehavior [ RunTime:0.000605s ]
INFO: [ app_begin ] --END-- [ RunTime:0.000725s ]
INFO: [ app_end ] --START--
INFO: Run Behavior\ShowPageTraceBehavior [ RunTime:0.000786s ]
INFO: [ app_end ] --END-- [ RunTime:0.000944s ]

[ 2017-02-15T00:56:12+08:00 ] ::1 /aoshi/index.php/Jobseekers/Login/login.html
INFO: [ app_init ] --START--
INFO: Run Behavior\BuildLiteBehavior [ RunTime:0.000031s ]
INFO: [ app_init ] --END-- [ RunTime:0.000502s ]
INFO: [ app_begin ] --START--
INFO: Run Behavior\ReadHtmlCacheBehavior [ RunTime:0.000460s ]
INFO: [ app_begin ] --END-- [ RunTime:0.000583s ]
INFO: [ view_parse ] --START--
INFO: [ template_filter ] --START--
INFO: Run Behavior\ContentReplaceBehavior [ RunTime:0.000074s ]
INFO: [ template_filter ] --END-- [ RunTime:0.000200s ]
NOTIC: [8] Undefined variable: info D:\Wampserver\www\aoshi\Application\Runtime\Cache\Jobseekers\cbc8c4c68b92db58a4606f2253034e4c.php 第 32 行.
INFO: Run Behavior\ParseTemplateBehavior [ RunTime:0.011435s ]
INFO: [ view_parse ] --END-- [ RunTime:0.011692s ]
INFO: [ view_filter ] --START--
INFO: Run Behavior\WriteHtmlCacheBehavior [ RunTime:0.000870s ]
INFO: [ view_filter ] --END-- [ RunTime:0.001022s ]
INFO: [ app_end ] --START--
INFO: Run Behavior\ShowPageTraceBehavior [ RunTime:0.000497s ]
INFO: [ app_end ] --END-- [ RunTime:0.000631s ]

[ 2017-02-15T00:56:12+08:00 ] ::1 /aoshi/index.php/Jobseekers/Login/get_verify.html
INFO: [ app_init ] --START--
INFO: Run Behavior\BuildLiteBehavior [ RunTime:0.000095s ]
INFO: [ app_init ] --END-- [ RunTime:0.001018s ]
INFO: [ app_begin ] --START--
INFO: Run Behavior\ReadHtmlCacheBehavior [ RunTime:0.001553s ]
INFO: [ app_begin ] --END-- [ RunTime:0.001793s ]
INFO: [ app_end ] --START--
INFO: Run Behavior\ShowPageTraceBehavior [ RunTime:0.001154s ]
INFO: [ app_end ] --END-- [ RunTime:0.001470s ]

[ 2017-02-15T00:56:13+08:00 ] ::1 /aoshi/index.php/Jobseekers/Login/register.html
INFO: [ app_init ] --START--
INFO: Run Behavior\BuildLiteBehavior [ RunTime:0.000027s ]
INFO: [ app_init ] --END-- [ RunTime:0.000512s ]
INFO: [ app_begin ] --START--
INFO: Run Behavior\ReadHtmlCacheBehavior [ RunTime:0.000831s ]
INFO: [ app_begin ] --END-- [ RunTime:0.000995s ]
INFO: [ view_parse ] --START--
INFO: [ template_filter ] --START--
INFO: Run Behavior\ContentReplaceBehavior [ RunTime:0.000091s ]
INFO: [ template_filter ] --END-- [ RunTime:0.000217s ]
INFO: Run Behavior\ParseTemplateBehavior [ RunTime:0.015145s ]
INFO: [ view_parse ] --END-- [ RunTime:0.015406s ]
INFO: [ view_filter ] --START--
INFO: Run Behavior\WriteHtmlCacheBehavior [ RunTime:0.000553s ]
INFO: [ view_filter ] --END-- [ RunTime:0.000681s ]
INFO: [ app_end ] --START--
INFO: Run Behavior\ShowPageTraceBehavior [ RunTime:0.001561s ]
INFO: [ app_end ] --END-- [ RunTime:0.001772s ]

[ 2017-02-15T00:56:13+08:00 ] ::1 /aoshi/index.php/Jobseekers/Login/get_verify.html
INFO: [ app_init ] --START--
INFO: Run Behavior\BuildLiteBehavior [ RunTime:0.000031s ]
INFO: [ app_init ] --END-- [ RunTime:0.000518s ]
INFO: [ app_begin ] --START--
INFO: Run Behavior\ReadHtmlCacheBehavior [ RunTime:0.000772s ]
INFO: [ app_begin ] --END-- [ RunTime:0.000970s ]
INFO: [ app_end ] --START--
INFO: Run Behavior\ShowPageTraceBehavior [ RunTime:0.000917s ]
INFO: [ app_end ] --END-- [ RunTime:0.001077s ]

[ 2017-02-15T00:56:14+08:00 ] ::1 /aoshi/index.php/Jobseekers/Login/login.html
INFO: [ app_init ] --START--
INFO: Run Behavior\BuildLiteBehavior [ RunTime:0.000027s ]
INFO: [ app_init ] --END-- [ RunTime:0.000515s ]
INFO: [ app_begin ] --START--
INFO: Run Behavior\ReadHtmlCacheBehavior [ RunTime:0.000642s ]
INFO: [ app_begin ] --END-- [ RunTime:0.000788s ]
INFO: [ view_parse ] --START--
INFO: [ template_filter ] --START--
INFO: Run Behavior\ContentReplaceBehavior [ RunTime:0.000077s ]
INFO: [ template_filter ] --END-- [ RunTime:0.000209s ]
NOTIC: [8] Undefined variable: info D:\Wampserver\www\aoshi\Application\Runtime\Cache\Jobseekers\cbc8c4c68b92db58a4606f2253034e4c.php 第 32 行.
INFO: Run Behavior\ParseTemplateBehavior [ RunTime:0.009729s ]
INFO: [ view_parse ] --END-- [ RunTime:0.009900s ]
INFO: [ view_filter ] --START--
INFO: Run Behavior\WriteHtmlCacheBehavior [ RunTime:0.000990s ]
INFO: [ view_filter ] --END-- [ RunTime:0.001211s ]
INFO: [ app_end ] --START--
INFO: Run Behavior\ShowPageTraceBehavior [ RunTime:0.000787s ]
INFO: [ app_end ] --END-- [ RunTime:0.000908s ]

[ 2017-02-15T00:56:14+08:00 ] ::1 /aoshi/index.php/Jobseekers/Login/get_verify.html
INFO: [ app_init ] --START--
INFO: Run Behavior\BuildLiteBehavior [ RunTime:0.000135s ]
INFO: [ app_init ] --END-- [ RunTime:0.001611s ]
INFO: [ app_begin ] --START--
INFO: Run Behavior\ReadHtmlCacheBehavior [ RunTime:0.000602s ]
INFO: [ app_begin ] --END-- [ RunTime:0.000754s ]
INFO: [ app_end ] --START--
INFO: Run Behavior\ShowPageTraceBehavior [ RunTime:0.000973s ]
INFO: [ app_end ] --END-- [ RunTime:0.001144s ]

[ 2017-02-15T00:56:21+08:00 ] ::1 /aoshi/index.php/Jobseekers/Login/get_verify.html?
INFO: [ app_init ] --START--
INFO: Run Behavior\BuildLiteBehavior [ RunTime:0.000027s ]
INFO: [ app_init ] --END-- [ RunTime:0.000492s ]
INFO: [ app_begin ] --START--
INFO: Run Behavior\ReadHtmlCacheBehavior [ RunTime:0.001124s ]
INFO: [ app_begin ] --END-- [ RunTime:0.001338s ]
INFO: [ app_end ] --START--
INFO: Run Behavior\ShowPageTraceBehavior [ RunTime:0.000714s ]
INFO: [ app_end ] --END-- [ RunTime:0.000852s ]

[ 2017-02-15T00:56:25+08:00 ] ::1 /aoshi/index.php/Jobseekers/Login/index.html
INFO: [ app_init ] --START--
INFO: Run Behavior\BuildLiteBehavior [ RunTime:0.000027s ]
INFO: [ app_init ] --END-- [ RunTime:0.000483s ]
INFO: [ app_begin ] --START--
INFO: Run Behavior\ReadHtmlCacheBehavior [ RunTime:0.000431s ]
INFO: [ app_begin ] --END-- [ RunTime:0.000550s ]
NOTIC: [8] Use of undefined constant username - assumed 'username' D:\Wampserver\www\aoshi\Application\Jobseekers\Controller\LoginController.class.php 第 26 行.
SQL: SHOW COLUMNS FROM `jobseekers` [ RunTime:0.1833s ]
SQL: SELECT * FROM `jobseekers` WHERE `username` = 'admin' AND `password` = '21232f297a57a5a743894a0e4a801fc3'  [ RunTime:0.0369s ]
NOTIC: [8] Use of undefined constant username - assumed 'username' D:\Wampserver\www\aoshi\Application\Jobseekers\Controller\LoginController.class.php 第 32 行.
SQL: SELECT uid FROM jobseekers WHERE username='admin' [ RunTime:0.0013s ]
NOTIC: [8] Use of undefined constant uid - assumed 'uid' D:\Wampserver\www\aoshi\Application\Jobseekers\Controller\LoginController.class.php 第 34 行.
INFO: [ view_parse ] --START--
INFO: [ template_filter ] --START--
INFO: Run Behavior\ContentReplaceBehavior [ RunTime:0.000076s ]
INFO: [ template_filter ] --END-- [ RunTime:0.000209s ]
INFO: Run Behavior\ParseTemplateBehavior [ RunTime:0.006965s ]
INFO: [ view_parse ] --END-- [ RunTime:0.007100s ]
INFO: [ view_filter ] --START--
INFO: Run Behavior\WriteHtmlCacheBehavior [ RunTime:0.000496s ]
INFO: [ view_filter ] --END-- [ RunTime:0.000608s ]
INFO: [ app_end ] --START--
INFO: Run Behavior\ShowPageTraceBehavior [ RunTime:0.000451s ]
INFO: [ app_end ] --END-- [ RunTime:0.000565s ]

[ 2017-02-15T00:56:25+08:00 ] ::1 /aoshi/index.php/Jobseekers/Login/index.html
INFO: [ app_init ] --START--
INFO: Run Behavior\BuildLiteBehavior [ RunTime:0.000027s ]
INFO: [ app_init ] --END-- [ RunTime:0.000448s ]
INFO: [ app_begin ] --START--
INFO: Run Behavior\ReadHtmlCacheBehavior [ RunTime:0.000438s ]
INFO: [ app_begin ] --END-- [ RunTime:0.000559s ]
INFO: [ view_parse ] --START--
INFO: [ template_filter ] --START--
INFO: Run Behavior\ContentReplaceBehavior [ RunTime:0.000069s ]
INFO: [ template_filter ] --END-- [ RunTime:0.000191s ]
INFO: Run Behavior\ParseTemplateBehavior [ RunTime:0.007071s ]
INFO: [ view_parse ] --END-- [ RunTime:0.007211s ]
INFO: [ view_filter ] --START--
INFO: Run Behavior\WriteHtmlCacheBehavior [ RunTime:0.000507s ]
INFO: [ view_filter ] --END-- [ RunTime:0.000619s ]

[ 2017-02-15T00:56:27+08:00 ] ::1 /aoshi/index.php/Jobseekers/Login/login.html
INFO: [ app_init ] --START--
INFO: Run Behavior\BuildLiteBehavior [ RunTime:0.000026s ]
INFO: [ app_init ] --END-- [ RunTime:0.000483s ]
INFO: [ app_begin ] --START--
INFO: Run Behavior\ReadHtmlCacheBehavior [ RunTime:0.000667s ]
INFO: [ app_begin ] --END-- [ RunTime:0.000831s ]
INFO: [ view_parse ] --START--
INFO: [ template_filter ] --START--
INFO: Run Behavior\ContentReplaceBehavior [ RunTime:0.000077s ]
INFO: [ template_filter ] --END-- [ RunTime:0.000204s ]
NOTIC: [8] Undefined variable: info D:\Wampserver\www\aoshi\Application\Runtime\Cache\Jobseekers\cbc8c4c68b92db58a4606f2253034e4c.php 第 32 行.
INFO: Run Behavior\ParseTemplateBehavior [ RunTime:0.008270s ]
INFO: [ view_parse ] --END-- [ RunTime:0.008390s ]
INFO: [ view_filter ] --START--
INFO: Run Behavior\WriteHtmlCacheBehavior [ RunTime:0.000511s ]
INFO: [ view_filter ] --END-- [ RunTime:0.000623s ]
INFO: [ app_end ] --START--
INFO: Run Behavior\ShowPageTraceBehavior [ RunTime:0.000689s ]
INFO: [ app_end ] --END-- [ RunTime:0.000804s ]

[ 2017-02-15T00:56:27+08:00 ] ::1 /aoshi/index.php/Jobseekers/Login/get_verify.html
INFO: [ app_init ] --START--
INFO: Run Behavior\BuildLiteBehavior [ RunTime:0.000049s ]
INFO: [ app_init ] --END-- [ RunTime:0.000826s ]
INFO: [ app_begin ] --START--
INFO: Run Behavior\ReadHtmlCacheBehavior [ RunTime:0.000742s ]
INFO: [ app_begin ] --END-- [ RunTime:0.001021s ]
INFO: [ app_end ] --START--
INFO: Run Behavior\ShowPageTraceBehavior [ RunTime:0.000930s ]
INFO: [ app_end ] --END-- [ RunTime:0.001107s ]

[ 2017-02-15T00:56:39+08:00 ] ::1 /aoshi/index.php/Jobseekers/Login/index.html
INFO: [ app_init ] --START--
INFO: Run Behavior\BuildLiteBehavior [ RunTime:0.000025s ]
INFO: [ app_init ] --END-- [ RunTime:0.000460s ]
INFO: [ app_begin ] --START--
INFO: Run Behavior\ReadHtmlCacheBehavior [ RunTime:0.000436s ]
INFO: [ app_begin ] --END-- [ RunTime:0.000556s ]
NOTIC: [8] Use of undefined constant username - assumed 'username' D:\Wampserver\www\aoshi\Application\Jobseekers\Controller\LoginController.class.php 第 26 行.
SQL: SHOW COLUMNS FROM `jobseekers` [ RunTime:0.0021s ]
SQL: SELECT * FROM `jobseekers` WHERE `username` = 'admin' AND `password` = '21232f297a57a5a743894a0e4a801fc3'  [ RunTime:0.0003s ]
NOTIC: [8] Use of undefined constant username - assumed 'username' D:\Wampserver\www\aoshi\Application\Jobseekers\Controller\LoginController.class.php 第 32 行.
SQL: SELECT uid FROM jobseekers WHERE username='admin' [ RunTime:0.0003s ]
NOTIC: [8] Use of undefined constant uid - assumed 'uid' D:\Wampserver\www\aoshi\Application\Jobseekers\Controller\LoginController.class.php 第 34 行.
INFO: [ view_parse ] --START--
INFO: [ template_filter ] --START--
INFO: Run Behavior\ContentReplaceBehavior [ RunTime:0.000070s ]
INFO: [ template_filter ] --END-- [ RunTime:0.000197s ]
INFO: Run Behavior\ParseTemplateBehavior [ RunTime:0.007400s ]
INFO: [ view_parse ] --END-- [ RunTime:0.007527s ]
INFO: [ view_filter ] --START--
INFO: Run Behavior\WriteHtmlCacheBehavior [ RunTime:0.000503s ]
INFO: [ view_filter ] --END-- [ RunTime:0.000615s ]
INFO: [ app_end ] --START--
INFO: Run Behavior\ShowPageTraceBehavior [ RunTime:0.000684s ]
INFO: [ app_end ] --END-- [ RunTime:0.000798s ]

[ 2017-02-15T00:56:40+08:00 ] ::1 /aoshi/index.php/Jobseekers/Index/index
INFO: [ app_init ] --START--
INFO: Run Behavior\BuildLiteBehavior [ RunTime:0.000056s ]
INFO: [ app_init ] --END-- [ RunTime:0.000498s ]
INFO: [ app_begin ] --START--
INFO: Run Behavior\ReadHtmlCacheBehavior [ RunTime:0.000514s ]
INFO: [ app_begin ] --END-- [ RunTime:0.000695s ]
SQL: SHOW COLUMNS FROM `jobseekers` [ RunTime:0.0021s ]
SQL: SELECT `photo` FROM `jobseekers` WHERE ( uid =1 )  [ RunTime:0.0113s ]
INFO: [ view_parse ] --START--
INFO: [ template_filter ] --START--
INFO: Run Behavior\ContentReplaceBehavior [ RunTime:0.000220s ]
INFO: [ template_filter ] --END-- [ RunTime:0.000349s ]
INFO: Run Behavior\ParseTemplateBehavior [ RunTime:0.042276s ]
INFO: [ view_parse ] --END-- [ RunTime:0.042400s ]
INFO: [ view_filter ] --START--
INFO: Run Behavior\WriteHtmlCacheBehavior [ RunTime:0.000968s ]
INFO: [ view_filter ] --END-- [ RunTime:0.001142s ]
INFO: [ app_end ] --START--
INFO: Run Behavior\ShowPageTraceBehavior [ RunTime:0.001405s ]
INFO: [ app_end ] --END-- [ RunTime:0.001718s ]

[ 2017-02-15T00:56:40+08:00 ] ::1 /aoshi/index.php/Jobseekers?a=select
INFO: [ app_init ] --START--
INFO: Run Behavior\BuildLiteBehavior [ RunTime:0.000035s ]
INFO: [ app_init ] --END-- [ RunTime:0.000578s ]
INFO: [ app_begin ] --START--
INFO: Run Behavior\ReadHtmlCacheBehavior [ RunTime:0.000578s ]
INFO: [ app_begin ] --END-- [ RunTime:0.000731s ]
SQL: SHOW COLUMNS FROM `jobseekers` [ RunTime:0.0041s ]
SQL: SELECT * FROM `jobseekers` WHERE ( uid =1 )  [ RunTime:0.0005s ]
SQL: SHOW COLUMNS FROM `resume_basic` [ RunTime:0.0764s ]
SQL: SELECT * FROM `resume_basic` WHERE ( uid =1 )  [ RunTime:0.0004s ]
SQL: SHOW COLUMNS FROM `resume_experience` [ RunTime:0.0152s ]
SQL: SELECT * FROM `resume_experience` WHERE ( uid =1 )  [ RunTime:0.0004s ]
SQL: SHOW COLUMNS FROM `resume_education` [ RunTime:0.0088s ]
SQL: SELECT * FROM `resume_education` WHERE ( uid =1 )  [ RunTime:0.0005s ]
SQL: SHOW COLUMNS FROM `jobseekers_describe` [ RunTime:0.0170s ]
SQL: SELECT * FROM `jobseekers_describe` WHERE ( uid =1 )  [ RunTime:0.0003s ]
SQL: SHOW COLUMNS FROM `resume_prefered` [ RunTime:0.0127s ]
SQL: SELECT * FROM `resume_prefered` WHERE ( uid =1 )  [ RunTime:0.0003s ]
INFO: [ app_end ] --START--
INFO: Run Behavior\ShowPageTraceBehavior [ RunTime:0.000619s ]
INFO: [ app_end ] --END-- [ RunTime:0.000761s ]

[ 2017-02-15T00:57:10+08:00 ] ::1 /aoshi/index.php/Jobseekers/Index/index
INFO: [ app_init ] --START--
INFO: Run Behavior\BuildLiteBehavior [ RunTime:0.000029s ]
INFO: [ app_init ] --END-- [ RunTime:0.000503s ]
INFO: [ app_begin ] --START--
INFO: Run Behavior\ReadHtmlCacheBehavior [ RunTime:0.000814s ]
INFO: [ app_begin ] --END-- [ RunTime:0.001009s ]
SQL: SHOW COLUMNS FROM `jobseekers` [ RunTime:0.0021s ]
SQL: SELECT `photo` FROM `jobseekers` WHERE ( uid =1 )  [ RunTime:0.0003s ]
INFO: [ view_parse ] --START--
INFO: [ template_filter ] --START--
INFO: Run Behavior\ContentReplaceBehavior [ RunTime:0.000296s ]
INFO: [ template_filter ] --END-- [ RunTime:0.000477s ]
INFO: Run Behavior\ParseTemplateBehavior [ RunTime:0.014809s ]
INFO: [ view_parse ] --END-- [ RunTime:0.014935s ]
INFO: [ view_filter ] --START--
INFO: Run Behavior\WriteHtmlCacheBehavior [ RunTime:0.000511s ]
INFO: [ view_filter ] --END-- [ RunTime:0.000623s ]
INFO: [ app_end ] --START--
INFO: Run Behavior\ShowPageTraceBehavior [ RunTime:0.000584s ]
INFO: [ app_end ] --END-- [ RunTime:0.000729s ]

[ 2017-02-15T00:57:11+08:00 ] ::1 /aoshi/index.php/Jobseekers?a=select
INFO: [ app_init ] --START--
INFO: Run Behavior\BuildLiteBehavior [ RunTime:0.000051s ]
INFO: [ app_init ] --END-- [ RunTime:0.000878s ]
INFO: [ app_begin ] --START--
INFO: Run Behavior\ReadHtmlCacheBehavior [ RunTime:0.000835s ]
INFO: [ app_begin ] --END-- [ RunTime:0.001017s ]
SQL: SHOW COLUMNS FROM `jobseekers` [ RunTime:0.0027s ]
SQL: SELECT * FROM `jobseekers` WHERE ( uid =1 )  [ RunTime:0.0004s ]
SQL: SHOW COLUMNS FROM `resume_basic` [ RunTime:0.0032s ]
SQL: SELECT * FROM `resume_basic` WHERE ( uid =1 )  [ RunTime:0.0004s ]
SQL: SHOW COLUMNS FROM `resume_experience` [ RunTime:0.0031s ]
SQL: SELECT * FROM `resume_experience` WHERE ( uid =1 )  [ RunTime:0.0003s ]
SQL: SHOW COLUMNS FROM `resume_education` [ RunTime:0.0037s ]
SQL: SELECT * FROM `resume_education` WHERE ( uid =1 )  [ RunTime:0.0005s ]
SQL: SHOW COLUMNS FROM `jobseekers_describe` [ RunTime:0.0030s ]
SQL: SELECT * FROM `jobseekers_describe` WHERE ( uid =1 )  [ RunTime:0.0004s ]
SQL: SHOW COLUMNS FROM `resume_prefered` [ RunTime:0.0027s ]
SQL: SELECT * FROM `resume_prefered` WHERE ( uid =1 )  [ RunTime:0.0004s ]
INFO: [ app_end ] --START--
INFO: Run Behavior\ShowPageTraceBehavior [ RunTime:0.000791s ]
INFO: [ app_end ] --END-- [ RunTime:0.000967s ]

[ 2017-02-15T00:57:13+08:00 ] ::1 /aoshi/index.php/Jobseekers/Index/index.html
INFO: [ app_init ] --START--
INFO: Run Behavior\BuildLiteBehavior [ RunTime:0.000057s ]
INFO: [ app_init ] --END-- [ RunTime:0.000602s ]
INFO: [ app_begin ] --START--
INFO: Run Behavior\ReadHtmlCacheBehavior [ RunTime:0.000480s ]
INFO: [ app_begin ] --END-- [ RunTime:0.000630s ]
SQL: SHOW COLUMNS FROM `jobseekers` [ RunTime:0.0032s ]
SQL: SELECT `photo` FROM `jobseekers` WHERE ( uid =1 )  [ RunTime:0.0003s ]
INFO: [ view_parse ] --START--
INFO: [ template_filter ] --START--
INFO: Run Behavior\ContentReplaceBehavior [ RunTime:0.000257s ]
INFO: [ template_filter ] --END-- [ RunTime:0.000391s ]
INFO: Run Behavior\ParseTemplateBehavior [ RunTime:0.016150s ]
INFO: [ view_parse ] --END-- [ RunTime:0.016296s ]
INFO: [ view_filter ] --START--
INFO: Run Behavior\WriteHtmlCacheBehavior [ RunTime:0.000380s ]
INFO: [ view_filter ] --END-- [ RunTime:0.000494s ]
INFO: [ app_end ] --START--
INFO: Run Behavior\ShowPageTraceBehavior [ RunTime:0.000855s ]
INFO: [ app_end ] --END-- [ RunTime:0.001032s ]

[ 2017-02-15T00:57:14+08:00 ] ::1 /aoshi/index.php/Jobseekers?a=select
INFO: [ app_init ] --START--
INFO: Run Behavior\BuildLiteBehavior [ RunTime:0.000056s ]
INFO: [ app_init ] --END-- [ RunTime:0.000911s ]
INFO: [ app_begin ] --START--
INFO: Run Behavior\ReadHtmlCacheBehavior [ RunTime:0.000801s ]
INFO: [ app_begin ] --END-- [ RunTime:0.000981s ]
SQL: SHOW COLUMNS FROM `jobseekers` [ RunTime:0.0038s ]
SQL: SELECT * FROM `jobseekers` WHERE ( uid =1 )  [ RunTime:0.0005s ]
SQL: SHOW COLUMNS FROM `resume_basic` [ RunTime:0.0026s ]
SQL: SELECT * FROM `resume_basic` WHERE ( uid =1 )  [ RunTime:0.0005s ]
SQL: SHOW COLUMNS FROM `resume_experience` [ RunTime:0.0027s ]
SQL: SELECT * FROM `resume_experience` WHERE ( uid =1 )  [ RunTime:0.0004s ]
SQL: SHOW COLUMNS FROM `resume_education` [ RunTime:0.0029s ]
SQL: SELECT * FROM `resume_education` WHERE ( uid =1 )  [ RunTime:0.0004s ]
SQL: SHOW COLUMNS FROM `jobseekers_describe` [ RunTime:0.0042s ]
SQL: SELECT * FROM `jobseekers_describe` WHERE ( uid =1 )  [ RunTime:0.0004s ]
SQL: SHOW COLUMNS FROM `resume_prefered` [ RunTime:0.0029s ]
SQL: SELECT * FROM `resume_prefered` WHERE ( uid =1 )  [ RunTime:0.0004s ]
INFO: [ app_end ] --START--
INFO: Run Behavior\ShowPageTraceBehavior [ RunTime:0.000795s ]
INFO: [ app_end ] --END-- [ RunTime:0.000963s ]

[ 2017-02-15T00:57:16+08:00 ] ::1 /aoshi/index.php/Jobseekers/Index/delivery.html
INFO: [ app_init ] --START--
INFO: Run Behavior\BuildLiteBehavior [ RunTime:0.000027s ]
INFO: [ app_init ] --END-- [ RunTime:0.000487s ]
INFO: [ app_begin ] --START--
INFO: Run Behavior\ReadHtmlCacheBehavior [ RunTime:0.000466s ]
INFO: [ app_begin ] --END-- [ RunTime:0.000610s ]
SQL: SHOW COLUMNS FROM `resume_basic` [ RunTime:0.0021s ]
SQL: SELECT resume_basic.nickname FROM `resume_basic` WHERE ( uid =1 )  [ RunTime:0.0230s ]
SQL: SHOW COLUMNS FROM `jobseekers` [ RunTime:0.0024s ]
SQL: SELECT `photo` FROM `jobseekers` WHERE ( uid =1 )  [ RunTime:0.0003s ]
SQL: SHOW COLUMNS FROM `resume_delivery` [ RunTime:0.0132s ]
SQL: SELECT resume_delivery.delivery_time FROM `resume_delivery` WHERE ( jobseeker_id =1 )  [ RunTime:0.0004s ]
ERR: 1146:Table 'yuanku_job.job' doesn't exist
 [ SQL语句 ] : SELECT resume_delivery.delivery_time,resume_delivery.delivery_status,job.id,job.job_name,job.enterprise_id,job.company_name,job.city,job.area,job.salary_low,job.salary_hig FROM `resume_delivery` left join job on resume_delivery.job_id=job.id  WHERE ( jobseeker_id = 1  and  (DATEDIFF(delivery_time,NOW()) >= -60 ) ) ORDER BY delivery_time DESC 
ERR: 1146:Table 'yuanku_job.job' doesn't exist
 [ SQL语句 ] : SELECT resume_delivery.delivery_time,resume_delivery.delivery_status,job.id,job.job_name,job.enterprise_id,job.company_name,job.city,job.area,job.salary_low,job.salary_hig FROM `resume_delivery` left join job on resume_delivery.job_id=job.id  WHERE ( jobseeker_id = 1  and  (DATEDIFF(delivery_time,NOW()) >= -60 ) ) ORDER BY delivery_time DESC 

[ 2017-02-15T00:57:19+08:00 ] ::1 /aoshi/index.php/Jobseekers?a=select
INFO: [ app_init ] --START--
INFO: Run Behavior\BuildLiteBehavior [ RunTime:0.000042s ]
INFO: [ app_init ] --END-- [ RunTime:0.000708s ]
INFO: [ app_begin ] --START--
INFO: Run Behavior\ReadHtmlCacheBehavior [ RunTime:0.000605s ]
INFO: [ app_begin ] --END-- [ RunTime:0.000736s ]
SQL: SHOW COLUMNS FROM `jobseekers` [ RunTime:0.0026s ]
SQL: SELECT * FROM `jobseekers` WHERE ( uid =1 )  [ RunTime:0.0003s ]
SQL: SHOW COLUMNS FROM `resume_basic` [ RunTime:0.0026s ]
SQL: SELECT * FROM `resume_basic` WHERE ( uid =1 )  [ RunTime:0.0006s ]
SQL: SHOW COLUMNS FROM `resume_experience` [ RunTime:0.0028s ]
SQL: SELECT * FROM `resume_experience` WHERE ( uid =1 )  [ RunTime:0.0005s ]
SQL: SHOW COLUMNS FROM `resume_education` [ RunTime:0.0029s ]
SQL: SELECT * FROM `resume_education` WHERE ( uid =1 )  [ RunTime:0.0005s ]
SQL: SHOW COLUMNS FROM `jobseekers_describe` [ RunTime:0.0031s ]
SQL: SELECT * FROM `jobseekers_describe` WHERE ( uid =1 )  [ RunTime:0.0004s ]
SQL: SHOW COLUMNS FROM `resume_prefered` [ RunTime:0.0028s ]
SQL: SELECT * FROM `resume_prefered` WHERE ( uid =1 )  [ RunTime:0.0004s ]
INFO: [ app_end ] --START--
INFO: Run Behavior\ShowPageTraceBehavior [ RunTime:0.000686s ]
INFO: [ app_end ] --END-- [ RunTime:0.000815s ]

[ 2017-02-15T00:57:23+08:00 ] ::1 /aoshi/index.php/Jobseekers/Preview/index.html
INFO: [ app_init ] --START--
INFO: Run Behavior\BuildLiteBehavior [ RunTime:0.000052s ]
INFO: [ app_init ] --END-- [ RunTime:0.000836s ]
INFO: [ app_begin ] --START--
INFO: Run Behavior\ReadHtmlCacheBehavior [ RunTime:0.000720s ]
INFO: [ app_begin ] --END-- [ RunTime:0.000939s ]
SQL: SHOW COLUMNS FROM `jobseekers` [ RunTime:0.0022s ]
SQL: SELECT jobseekers.photo FROM `jobseekers` WHERE ( uid =1 )  [ RunTime:0.0003s ]
SQL: SHOW COLUMNS FROM `resume_basic` [ RunTime:0.0035s ]
SQL: SELECT * FROM `resume_basic` WHERE ( uid =1 )  [ RunTime:0.0006s ]
SQL: SHOW COLUMNS FROM `resume_experience` [ RunTime:0.0029s ]
SQL: SELECT * FROM `resume_experience` WHERE ( uid =1 )  [ RunTime:0.0003s ]
SQL: SHOW COLUMNS FROM `resume_education` [ RunTime:0.0022s ]
SQL: SELECT * FROM `resume_education` WHERE ( uid =1 )  [ RunTime:0.0003s ]
SQL: SHOW COLUMNS FROM `jobseekers_describe` [ RunTime:0.0020s ]
SQL: SELECT * FROM `jobseekers_describe` WHERE ( uid =1 )  [ RunTime:0.0003s ]
SQL: SHOW COLUMNS FROM `resume_prefered` [ RunTime:0.0020s ]
SQL: SELECT * FROM `resume_prefered` WHERE ( uid =1 )  [ RunTime:0.0003s ]
INFO: [ view_parse ] --START--
INFO: [ template_filter ] --START--
INFO: Run Behavior\ContentReplaceBehavior [ RunTime:0.000119s ]
INFO: [ template_filter ] --END-- [ RunTime:0.000254s ]
NOTIC: [8] Use of undefined constant current_status - assumed 'current_status' D:\Wampserver\www\aoshi\Application\Runtime\Cache\Jobseekers\26c1946a55bd8bdb75562d02c666998a.php 第 98 行.
NOTIC: [8] Array to string conversion D:\Wampserver\www\aoshi\Application\Runtime\Cache\Jobseekers\26c1946a55bd8bdb75562d02c666998a.php 第 98 行.
INFO: Run Behavior\ParseTemplateBehavior [ RunTime:0.032613s ]
INFO: [ view_parse ] --END-- [ RunTime:0.032734s ]
INFO: [ view_filter ] --START--
INFO: Run Behavior\WriteHtmlCacheBehavior [ RunTime:0.000264s ]
INFO: [ view_filter ] --END-- [ RunTime:0.000373s ]
INFO: [ app_end ] --START--
INFO: Run Behavior\ShowPageTraceBehavior [ RunTime:0.000429s ]
INFO: [ app_end ] --END-- [ RunTime:0.000540s ]

