[ 2017-01-05T14:13:28+08:00 ] ::1 /aoshi/index.php/Jobseekers/Login/login.html
INFO: [ app_init ] --START--
INFO: Run Behavior\BuildLiteBehavior [ RunTime:0.000074s ]
INFO: [ app_init ] --END-- [ RunTime:0.001059s ]
INFO: [ app_begin ] --START--
INFO: Run Behavior\ReadHtmlCacheBehavior [ RunTime:0.001671s ]
INFO: [ app_begin ] --END-- [ RunTime:0.002003s ]
INFO: [ view_parse ] --START--
INFO: [ template_filter ] --START--
INFO: Run Behavior\ContentReplaceBehavior [ RunTime:0.000111s ]
INFO: [ template_filter ] --END-- [ RunTime:0.000292s ]
INFO: Run Behavior\ParseTemplateBehavior [ RunTime:0.016644s ]
INFO: [ view_parse ] --END-- [ RunTime:0.016913s ]
INFO: [ view_filter ] --START--
INFO: Run Behavior\WriteHtmlCacheBehavior [ RunTime:0.001317s ]
INFO: [ view_filter ] --END-- [ RunTime:0.001622s ]
INFO: [ app_end ] --START--
INFO: Run Behavior\ShowPageTraceBehavior [ RunTime:0.001691s ]
INFO: [ app_end ] --END-- [ RunTime:0.002107s ]

[ 2017-01-05T14:13:28+08:00 ] ::1 /aoshi/index.php/Jobseekers/Login/get_verify.html
INFO: [ app_init ] --START--
INFO: Run Behavior\BuildLiteBehavior [ RunTime:0.000062s ]
INFO: [ app_init ] --END-- [ RunTime:0.000977s ]
INFO: [ app_begin ] --START--
INFO: Run Behavior\ReadHtmlCacheBehavior [ RunTime:0.001278s ]
INFO: [ app_begin ] --END-- [ RunTime:0.001537s ]
INFO: [ app_end ] --START--
INFO: Run Behavior\ShowPageTraceBehavior [ RunTime:0.001876s ]
INFO: [ app_end ] --END-- [ RunTime:0.002265s ]

[ 2017-01-05T14:13:35+08:00 ] ::1 /aoshi/index.php/Jobseekers/Login/index.html
INFO: [ app_init ] --START--
INFO: Run Behavior\BuildLiteBehavior [ RunTime:0.000070s ]
INFO: [ app_init ] --END-- [ RunTime:0.001089s ]
INFO: [ app_begin ] --START--
INFO: Run Behavior\ReadHtmlCacheBehavior [ RunTime:0.001176s ]
INFO: [ app_begin ] --END-- [ RunTime:0.001437s ]
NOTIC: [8] Use of undefined constant username - assumed 'username' D:\wamp\Demo\aoshi\Application\Jobseekers\Controller\LoginController.class.php 第 27 行.
SQL: SHOW COLUMNS FROM `jobseekers` [ RunTime:0.0077s ]
SQL: SELECT * FROM `jobseekers` WHERE `username` = 'hwl' AND `password` = 'e10adc3949ba59abbe56e057f20f883e'  [ RunTime:0.0007s ]
NOTIC: [8] Use of undefined constant username - assumed 'username' D:\wamp\Demo\aoshi\Application\Jobseekers\Controller\LoginController.class.php 第 34 行.
SQL: SELECT id FROM jobseekers WHERE username='hwl' [ RunTime:0.0003s ]
NOTIC: [8] Use of undefined constant id - assumed 'id' D:\wamp\Demo\aoshi\Application\Jobseekers\Controller\LoginController.class.php 第 38 行.
INFO: [ view_parse ] --START--
INFO: [ template_filter ] --START--
INFO: Run Behavior\ContentReplaceBehavior [ RunTime:0.000145s ]
INFO: [ template_filter ] --END-- [ RunTime:0.000394s ]
INFO: Run Behavior\ParseTemplateBehavior [ RunTime:0.012761s ]
INFO: [ view_parse ] --END-- [ RunTime:0.013020s ]
INFO: [ view_filter ] --START--
INFO: Run Behavior\WriteHtmlCacheBehavior [ RunTime:0.000676s ]
INFO: [ view_filter ] --END-- [ RunTime:0.000851s ]
INFO: [ app_end ] --START--
INFO: Run Behavior\ShowPageTraceBehavior [ RunTime:0.001203s ]
INFO: [ app_end ] --END-- [ RunTime:0.001446s ]

[ 2017-01-05T14:13:36+08:00 ] ::1 /aoshi/index.php/Jobseekers/Index/index
INFO: [ app_init ] --START--
INFO: Run Behavior\BuildLiteBehavior [ RunTime:0.000082s ]
INFO: [ app_init ] --END-- [ RunTime:0.001002s ]
INFO: [ app_begin ] --START--
INFO: Run Behavior\ReadHtmlCacheBehavior [ RunTime:0.001369s ]
INFO: [ app_begin ] --END-- [ RunTime:0.001700s ]
NOTIC: [2] include_once(../Conf/init.php): failed to open stream: No such file or directory D:\wamp\Demo\aoshi\Application\Jobseekers\Controller\IndexController.class.php 第 17 行.
NOTIC: [2] include_once(): Failed opening '../Conf/init.php' for inclusion (include_path='.;C:\php\pear') D:\wamp\Demo\aoshi\Application\Jobseekers\Controller\IndexController.class.php 第 17 行.
SQL: SHOW COLUMNS FROM `jobseekers` [ RunTime:0.0097s ]
SQL: SELECT * FROM `jobseekers` WHERE ( id =3 )  [ RunTime:0.0006s ]
SQL: SHOW COLUMNS FROM `resume_experience` [ RunTime:0.0087s ]
SQL: SELECT * FROM `resume_experience` WHERE ( id =3 )  [ RunTime:0.0005s ]
SQL: SHOW COLUMNS FROM `resume_education` [ RunTime:0.0075s ]
SQL: SELECT * FROM `resume_education` WHERE ( id =3 )  [ RunTime:0.0004s ]
SQL: SHOW COLUMNS FROM `jobseekers_describe` [ RunTime:0.0073s ]
SQL: SELECT * FROM `jobseekers_describe` WHERE ( id =3 )  [ RunTime:0.0006s ]
SQL: SHOW COLUMNS FROM `resume_prefered` [ RunTime:0.0082s ]
SQL: SELECT * FROM `resume_prefered` WHERE ( id =3 )  [ RunTime:0.0005s ]
INFO: [ view_parse ] --START--
INFO: [ template_filter ] --START--
INFO: Run Behavior\ContentReplaceBehavior [ RunTime:0.000522s ]
INFO: [ template_filter ] --END-- [ RunTime:0.000845s ]
NOTIC: [8] Undefined variable: article_info D:\wamp\Demo\aoshi\Application\Runtime\Cache\Jobseekers\d51ddeec6e6737b75f607b6a8424892f.php 第 256 行.
INFO: Run Behavior\ParseTemplateBehavior [ RunTime:0.054958s ]
INFO: [ view_parse ] --END-- [ RunTime:0.055309s ]
INFO: [ view_filter ] --START--
INFO: Run Behavior\WriteHtmlCacheBehavior [ RunTime:0.001238s ]
INFO: [ view_filter ] --END-- [ RunTime:0.001552s ]
INFO: [ app_end ] --START--
INFO: Run Behavior\ShowPageTraceBehavior [ RunTime:0.001943s ]
INFO: [ app_end ] --END-- [ RunTime:0.002260s ]

[ 2017-01-05T14:13:46+08:00 ] ::1 /aoshi/index.php/Jobseekers/Crop/index.html
INFO: [ app_init ] --START--
INFO: Run Behavior\BuildLiteBehavior [ RunTime:0.000035s ]
INFO: [ app_init ] --END-- [ RunTime:0.000628s ]
INFO: [ app_begin ] --START--
INFO: Run Behavior\ReadHtmlCacheBehavior [ RunTime:0.000903s ]
INFO: [ app_begin ] --END-- [ RunTime:0.001041s ]
NOTIC: [8] A session had already been started - ignoring session_start() D:\wamp\Demo\aoshi\Application\Jobseekers\Controller\CropController.class.php 第 5 行.
NOTIC: [8] Use of undefined constant console - assumed 'console' D:\wamp\Demo\aoshi\Application\Jobseekers\Controller\CropController.class.php 第 20 行.
NOTIC: [2] mysqli_connect(): (HY000/1045): Access denied for user 'root'@'localhost' (using password: NO) D:\wamp\Demo\aoshi\Application\Jobseekers\Controller\CropController.class.php 第 260 行.
NOTIC: [2] mysqli_query() expects parameter 1 to be mysqli, boolean given D:\wamp\Demo\aoshi\Application\Jobseekers\Controller\CropController.class.php 第 260 行.
INFO: [ app_end ] --START--
INFO: Run Behavior\ShowPageTraceBehavior [ RunTime:0.000986s ]
INFO: [ app_end ] --END-- [ RunTime:0.001130s ]

[ 2017-01-05T14:14:11+08:00 ] ::1 /aoshi/index.php/Jobseekers/Index/index
INFO: [ app_init ] --START--
INFO: Run Behavior\BuildLiteBehavior [ RunTime:0.000039s ]
INFO: [ app_init ] --END-- [ RunTime:0.000621s ]
INFO: [ app_begin ] --START--
INFO: Run Behavior\ReadHtmlCacheBehavior [ RunTime:0.000675s ]
INFO: [ app_begin ] --END-- [ RunTime:0.000846s ]
NOTIC: [2] include_once(../Conf/init.php): failed to open stream: No such file or directory D:\wamp\Demo\aoshi\Application\Jobseekers\Controller\IndexController.class.php 第 17 行.
NOTIC: [2] include_once(): Failed opening '../Conf/init.php' for inclusion (include_path='.;C:\php\pear') D:\wamp\Demo\aoshi\Application\Jobseekers\Controller\IndexController.class.php 第 17 行.
SQL: SHOW COLUMNS FROM `jobseekers` [ RunTime:0.0075s ]
SQL: SELECT * FROM `jobseekers` WHERE ( id =3 )  [ RunTime:0.0006s ]
SQL: SHOW COLUMNS FROM `resume_experience` [ RunTime:0.0082s ]
SQL: SELECT * FROM `resume_experience` WHERE ( id =3 )  [ RunTime:0.0004s ]
SQL: SHOW COLUMNS FROM `resume_education` [ RunTime:0.0083s ]
SQL: SELECT * FROM `resume_education` WHERE ( id =3 )  [ RunTime:0.0004s ]
SQL: SHOW COLUMNS FROM `jobseekers_describe` [ RunTime:0.0062s ]
SQL: SELECT * FROM `jobseekers_describe` WHERE ( id =3 )  [ RunTime:0.0005s ]
SQL: SHOW COLUMNS FROM `resume_prefered` [ RunTime:0.0081s ]
SQL: SELECT * FROM `resume_prefered` WHERE ( id =3 )  [ RunTime:0.0006s ]
INFO: [ view_parse ] --START--
INFO: [ template_filter ] --START--
INFO: Run Behavior\ContentReplaceBehavior [ RunTime:0.000502s ]
INFO: [ template_filter ] --END-- [ RunTime:0.000899s ]
NOTIC: [8] Undefined variable: article_info D:\wamp\Demo\aoshi\Application\Runtime\Cache\Jobseekers\d51ddeec6e6737b75f607b6a8424892f.php 第 256 行.
INFO: Run Behavior\ParseTemplateBehavior [ RunTime:0.046998s ]
INFO: [ view_parse ] --END-- [ RunTime:0.047255s ]
INFO: [ view_filter ] --START--
INFO: Run Behavior\WriteHtmlCacheBehavior [ RunTime:0.000623s ]
INFO: [ view_filter ] --END-- [ RunTime:0.000785s ]
INFO: [ app_end ] --START--
INFO: Run Behavior\ShowPageTraceBehavior [ RunTime:0.000670s ]
INFO: [ app_end ] --END-- [ RunTime:0.000948s ]

[ 2017-01-05T14:14:20+08:00 ] ::1 /aoshi/index.php/Jobseekers/Index/index
INFO: [ app_init ] --START--
INFO: Run Behavior\BuildLiteBehavior [ RunTime:0.000048s ]
INFO: [ app_init ] --END-- [ RunTime:0.000569s ]
INFO: [ app_begin ] --START--
INFO: Run Behavior\ReadHtmlCacheBehavior [ RunTime:0.000858s ]
INFO: [ app_begin ] --END-- [ RunTime:0.001169s ]
NOTIC: [2] include_once(../Conf/init.php): failed to open stream: No such file or directory D:\wamp\Demo\aoshi\Application\Jobseekers\Controller\IndexController.class.php 第 17 行.
NOTIC: [2] include_once(): Failed opening '../Conf/init.php' for inclusion (include_path='.;C:\php\pear') D:\wamp\Demo\aoshi\Application\Jobseekers\Controller\IndexController.class.php 第 17 行.
SQL: SHOW COLUMNS FROM `jobseekers` [ RunTime:0.0130s ]
SQL: SELECT * FROM `jobseekers` WHERE ( id =3 )  [ RunTime:0.0004s ]
SQL: SHOW COLUMNS FROM `resume_experience` [ RunTime:0.0075s ]
SQL: SELECT * FROM `resume_experience` WHERE ( id =3 )  [ RunTime:0.0005s ]
SQL: SHOW COLUMNS FROM `resume_education` [ RunTime:0.0074s ]
SQL: SELECT * FROM `resume_education` WHERE ( id =3 )  [ RunTime:0.0005s ]
SQL: SHOW COLUMNS FROM `jobseekers_describe` [ RunTime:0.0068s ]
SQL: SELECT * FROM `jobseekers_describe` WHERE ( id =3 )  [ RunTime:0.0005s ]
SQL: SHOW COLUMNS FROM `resume_prefered` [ RunTime:0.0071s ]
SQL: SELECT * FROM `resume_prefered` WHERE ( id =3 )  [ RunTime:0.0004s ]
INFO: [ view_parse ] --START--
INFO: [ template_filter ] --START--
INFO: Run Behavior\ContentReplaceBehavior [ RunTime:0.000444s ]
INFO: [ template_filter ] --END-- [ RunTime:0.000692s ]
NOTIC: [8] Undefined variable: article_info D:\wamp\Demo\aoshi\Application\Runtime\Cache\Jobseekers\d51ddeec6e6737b75f607b6a8424892f.php 第 256 行.
INFO: Run Behavior\ParseTemplateBehavior [ RunTime:0.043248s ]
INFO: [ view_parse ] --END-- [ RunTime:0.043441s ]
INFO: [ view_filter ] --START--
INFO: Run Behavior\WriteHtmlCacheBehavior [ RunTime:0.000632s ]
INFO: [ view_filter ] --END-- [ RunTime:0.000795s ]
INFO: [ app_end ] --START--
INFO: Run Behavior\ShowPageTraceBehavior [ RunTime:0.000603s ]
INFO: [ app_end ] --END-- [ RunTime:0.000854s ]

[ 2017-01-05T14:22:56+08:00 ] ::1 /aoshi/index.php/Jobseekers/Index/index
INFO: [ app_init ] --START--
INFO: Run Behavior\BuildLiteBehavior [ RunTime:0.000070s ]
INFO: [ app_init ] --END-- [ RunTime:0.001002s ]
INFO: [ app_begin ] --START--
INFO: Run Behavior\ReadHtmlCacheBehavior [ RunTime:0.001056s ]
INFO: [ app_begin ] --END-- [ RunTime:0.001340s ]
NOTIC: [2] include_once(../Conf/init.php): failed to open stream: No such file or directory D:\wamp\Demo\aoshi\Application\Jobseekers\Controller\IndexController.class.php 第 17 行.
NOTIC: [2] include_once(): Failed opening '../Conf/init.php' for inclusion (include_path='.;C:\php\pear') D:\wamp\Demo\aoshi\Application\Jobseekers\Controller\IndexController.class.php 第 17 行.
SQL: SHOW COLUMNS FROM `jobseekers` [ RunTime:0.0060s ]
SQL: SELECT * FROM `jobseekers` WHERE ( id =3 )  [ RunTime:0.0006s ]
SQL: SHOW COLUMNS FROM `resume_experience` [ RunTime:0.0082s ]
SQL: SELECT * FROM `resume_experience` WHERE ( id =3 )  [ RunTime:0.0005s ]
SQL: SHOW COLUMNS FROM `resume_education` [ RunTime:0.0081s ]
SQL: SELECT * FROM `resume_education` WHERE ( id =3 )  [ RunTime:0.0005s ]
SQL: SHOW COLUMNS FROM `jobseekers_describe` [ RunTime:0.0071s ]
SQL: SELECT * FROM `jobseekers_describe` WHERE ( id =3 )  [ RunTime:0.0004s ]
SQL: SHOW COLUMNS FROM `resume_prefered` [ RunTime:0.0081s ]
SQL: SELECT * FROM `resume_prefered` WHERE ( id =3 )  [ RunTime:0.0006s ]
INFO: [ view_parse ] --START--
INFO: [ template_filter ] --START--
INFO: Run Behavior\ContentReplaceBehavior [ RunTime:0.000493s ]
INFO: [ template_filter ] --END-- [ RunTime:0.000835s ]
NOTIC: [8] Undefined variable: article_info D:\wamp\Demo\aoshi\Application\Runtime\Cache\Jobseekers\d51ddeec6e6737b75f607b6a8424892f.php 第 256 行.
INFO: Run Behavior\ParseTemplateBehavior [ RunTime:0.055895s ]
INFO: [ view_parse ] --END-- [ RunTime:0.056156s ]
INFO: [ view_filter ] --START--
INFO: Run Behavior\WriteHtmlCacheBehavior [ RunTime:0.000662s ]
INFO: [ view_filter ] --END-- [ RunTime:0.000838s ]
INFO: [ app_end ] --START--
INFO: Run Behavior\ShowPageTraceBehavior [ RunTime:0.002499s ]
INFO: [ app_end ] --END-- [ RunTime:0.002939s ]

[ 2017-01-05T14:23:13+08:00 ] ::1 /aoshi/index.php/Jobseekers/Crop/index.html
INFO: [ app_init ] --START--
INFO: Run Behavior\BuildLiteBehavior [ RunTime:0.000070s ]
INFO: [ app_init ] --END-- [ RunTime:0.000958s ]
INFO: [ app_begin ] --START--
INFO: Run Behavior\ReadHtmlCacheBehavior [ RunTime:0.000791s ]
INFO: [ app_begin ] --END-- [ RunTime:0.000936s ]
NOTIC: [8] A session had already been started - ignoring session_start() D:\wamp\Demo\aoshi\Application\Jobseekers\Controller\CropController.class.php 第 5 行.
NOTIC: [8] Use of undefined constant console - assumed 'console' D:\wamp\Demo\aoshi\Application\Jobseekers\Controller\CropController.class.php 第 20 行.
NOTIC: [2] mysqli_connect(): (HY000/1045): Access denied for user 'root'@'localhost' (using password: NO) D:\wamp\Demo\aoshi\Application\Jobseekers\Controller\CropController.class.php 第 260 行.
NOTIC: [2] mysqli_query() expects parameter 1 to be mysqli, boolean given D:\wamp\Demo\aoshi\Application\Jobseekers\Controller\CropController.class.php 第 260 行.
INFO: [ app_end ] --START--
INFO: Run Behavior\ShowPageTraceBehavior [ RunTime:0.001302s ]
INFO: [ app_end ] --END-- [ RunTime:0.001508s ]

[ 2017-01-05T14:26:35+08:00 ] ::1 /aoshi/index.php/Jobseekers/Index/index
INFO: [ app_init ] --START--
INFO: Run Behavior\BuildLiteBehavior [ RunTime:0.000070s ]
INFO: [ app_init ] --END-- [ RunTime:0.001274s ]
INFO: [ app_begin ] --START--
INFO: Run Behavior\ReadHtmlCacheBehavior [ RunTime:0.001896s ]
INFO: [ app_begin ] --END-- [ RunTime:0.002222s ]
NOTIC: [2] include_once(../Conf/init.php): failed to open stream: No such file or directory D:\wamp\Demo\aoshi\Application\Jobseekers\Controller\IndexController.class.php 第 17 行.
NOTIC: [2] include_once(): Failed opening '../Conf/init.php' for inclusion (include_path='.;C:\php\pear') D:\wamp\Demo\aoshi\Application\Jobseekers\Controller\IndexController.class.php 第 17 行.
SQL: SHOW COLUMNS FROM `jobseekers` [ RunTime:0.0104s ]
SQL: SELECT * FROM `jobseekers` WHERE ( id =3 )  [ RunTime:0.0008s ]
SQL: SHOW COLUMNS FROM `resume_experience` [ RunTime:0.0083s ]
SQL: SELECT * FROM `resume_experience` WHERE ( id =3 )  [ RunTime:0.0004s ]
SQL: SHOW COLUMNS FROM `resume_education` [ RunTime:0.0064s ]
SQL: SELECT * FROM `resume_education` WHERE ( id =3 )  [ RunTime:0.0004s ]
SQL: SHOW COLUMNS FROM `jobseekers_describe` [ RunTime:0.0060s ]
SQL: SELECT * FROM `jobseekers_describe` WHERE ( id =3 )  [ RunTime:0.0005s ]
SQL: SHOW COLUMNS FROM `resume_prefered` [ RunTime:0.0082s ]
SQL: SELECT * FROM `resume_prefered` WHERE ( id =3 )  [ RunTime:0.0003s ]
INFO: [ view_parse ] --START--
INFO: [ template_filter ] --START--
INFO: Run Behavior\ContentReplaceBehavior [ RunTime:0.000419s ]
INFO: [ template_filter ] --END-- [ RunTime:0.000661s ]
NOTIC: [8] Undefined variable: article_info D:\wamp\Demo\aoshi\Application\Runtime\Cache\Jobseekers\d51ddeec6e6737b75f607b6a8424892f.php 第 256 行.
INFO: Run Behavior\ParseTemplateBehavior [ RunTime:0.043040s ]
INFO: [ view_parse ] --END-- [ RunTime:0.043296s ]
INFO: [ view_filter ] --START--
INFO: Run Behavior\WriteHtmlCacheBehavior [ RunTime:0.001166s ]
INFO: [ view_filter ] --END-- [ RunTime:0.001509s ]
INFO: [ app_end ] --START--
INFO: Run Behavior\ShowPageTraceBehavior [ RunTime:0.001544s ]
INFO: [ app_end ] --END-- [ RunTime:0.001870s ]

[ 2017-01-05T14:29:43+08:00 ] ::1 /aoshi/index.php/Jobseekers/Crop/index.html
INFO: [ app_init ] --START--
INFO: Run Behavior\BuildLiteBehavior [ RunTime:0.000038s ]
INFO: [ app_init ] --END-- [ RunTime:0.000819s ]
INFO: [ app_begin ] --START--
INFO: Run Behavior\ReadHtmlCacheBehavior [ RunTime:0.001044s ]
INFO: [ app_begin ] --END-- [ RunTime:0.001262s ]
NOTIC: [8] A session had already been started - ignoring session_start() D:\wamp\Demo\aoshi\Application\Jobseekers\Controller\CropController.class.php 第 5 行.
ERR: 无法加载控制器:Crop

[ 2017-01-05T14:29:45+08:00 ] ::1 /aoshi/index.php/Jobseekers/Crop/index.html
INFO: [ app_init ] --START--
INFO: Run Behavior\BuildLiteBehavior [ RunTime:0.000065s ]
INFO: [ app_init ] --END-- [ RunTime:0.000958s ]
INFO: [ app_begin ] --START--
INFO: Run Behavior\ReadHtmlCacheBehavior [ RunTime:0.000775s ]
INFO: [ app_begin ] --END-- [ RunTime:0.000994s ]
NOTIC: [8] A session had already been started - ignoring session_start() D:\wamp\Demo\aoshi\Application\Jobseekers\Controller\CropController.class.php 第 5 行.
ERR: 无法加载控制器:Crop

[ 2017-01-05T14:30:59+08:00 ] ::1 /aoshi/index.php/Jobseekers/Index/index
INFO: [ app_init ] --START--
INFO: Run Behavior\BuildLiteBehavior [ RunTime:0.000064s ]
INFO: [ app_init ] --END-- [ RunTime:0.000870s ]
INFO: [ app_begin ] --START--
INFO: Run Behavior\ReadHtmlCacheBehavior [ RunTime:0.000575s ]
INFO: [ app_begin ] --END-- [ RunTime:0.000746s ]
NOTIC: [2] include_once(../Conf/init.php): failed to open stream: No such file or directory D:\wamp\Demo\aoshi\Application\Jobseekers\Controller\IndexController.class.php 第 17 行.
NOTIC: [2] include_once(): Failed opening '../Conf/init.php' for inclusion (include_path='.;C:\php\pear') D:\wamp\Demo\aoshi\Application\Jobseekers\Controller\IndexController.class.php 第 17 行.
SQL: SHOW COLUMNS FROM `jobseekers` [ RunTime:0.0080s ]
SQL: SELECT * FROM `jobseekers` WHERE ( id =3 )  [ RunTime:0.0005s ]
SQL: SHOW COLUMNS FROM `resume_experience` [ RunTime:0.0061s ]
SQL: SELECT * FROM `resume_experience` WHERE ( id =3 )  [ RunTime:0.0005s ]
SQL: SHOW COLUMNS FROM `resume_education` [ RunTime:0.0081s ]
SQL: SELECT * FROM `resume_education` WHERE ( id =3 )  [ RunTime:0.0005s ]
SQL: SHOW COLUMNS FROM `jobseekers_describe` [ RunTime:0.0071s ]
SQL: SELECT * FROM `jobseekers_describe` WHERE ( id =3 )  [ RunTime:0.0004s ]
SQL: SHOW COLUMNS FROM `resume_prefered` [ RunTime:0.0070s ]
SQL: SELECT * FROM `resume_prefered` WHERE ( id =3 )  [ RunTime:0.0003s ]
INFO: [ view_parse ] --START--
INFO: [ template_filter ] --START--
INFO: Run Behavior\ContentReplaceBehavior [ RunTime:0.000364s ]
INFO: [ template_filter ] --END-- [ RunTime:0.000545s ]
NOTIC: [8] Undefined variable: article_info D:\wamp\Demo\aoshi\Application\Runtime\Cache\Jobseekers\d51ddeec6e6737b75f607b6a8424892f.php 第 256 行.
INFO: Run Behavior\ParseTemplateBehavior [ RunTime:0.050528s ]
INFO: [ view_parse ] --END-- [ RunTime:0.050846s ]
INFO: [ view_filter ] --START--
INFO: Run Behavior\WriteHtmlCacheBehavior [ RunTime:0.000912s ]
INFO: [ view_filter ] --END-- [ RunTime:0.001232s ]
INFO: [ app_end ] --START--
INFO: Run Behavior\ShowPageTraceBehavior [ RunTime:0.001075s ]
INFO: [ app_end ] --END-- [ RunTime:0.001400s ]

[ 2017-01-05T14:31:06+08:00 ] ::1 /aoshi/index.php/Jobseekers/Index/index
INFO: [ app_init ] --START--
INFO: Run Behavior\BuildLiteBehavior [ RunTime:0.000039s ]
INFO: [ app_init ] --END-- [ RunTime:0.000612s ]
INFO: [ app_begin ] --START--
INFO: Run Behavior\ReadHtmlCacheBehavior [ RunTime:0.001292s ]
INFO: [ app_begin ] --END-- [ RunTime:0.001621s ]
NOTIC: [2] include_once(../Conf/init.php): failed to open stream: No such file or directory D:\wamp\Demo\aoshi\Application\Jobseekers\Controller\IndexController.class.php 第 17 行.
NOTIC: [2] include_once(): Failed opening '../Conf/init.php' for inclusion (include_path='.;C:\php\pear') D:\wamp\Demo\aoshi\Application\Jobseekers\Controller\IndexController.class.php 第 17 行.
SQL: SHOW COLUMNS FROM `jobseekers` [ RunTime:0.0132s ]
SQL: SELECT * FROM `jobseekers` WHERE ( id =3 )  [ RunTime:0.0006s ]
SQL: SHOW COLUMNS FROM `resume_experience` [ RunTime:0.0073s ]
SQL: SELECT * FROM `resume_experience` WHERE ( id =3 )  [ RunTime:0.0003s ]
SQL: SHOW COLUMNS FROM `resume_education` [ RunTime:0.0083s ]
SQL: SELECT * FROM `resume_education` WHERE ( id =3 )  [ RunTime:0.0004s ]
SQL: SHOW COLUMNS FROM `jobseekers_describe` [ RunTime:0.0061s ]
SQL: SELECT * FROM `jobseekers_describe` WHERE ( id =3 )  [ RunTime:0.0003s ]
SQL: SHOW COLUMNS FROM `resume_prefered` [ RunTime:0.0058s ]
SQL: SELECT * FROM `resume_prefered` WHERE ( id =3 )  [ RunTime:0.0003s ]
INFO: [ view_parse ] --START--
INFO: [ template_filter ] --START--
INFO: Run Behavior\ContentReplaceBehavior [ RunTime:0.000443s ]
INFO: [ template_filter ] --END-- [ RunTime:0.000763s ]
NOTIC: [8] Undefined variable: article_info D:\wamp\Demo\aoshi\Application\Runtime\Cache\Jobseekers\d51ddeec6e6737b75f607b6a8424892f.php 第 256 行.
INFO: Run Behavior\ParseTemplateBehavior [ RunTime:0.048058s ]
INFO: [ view_parse ] --END-- [ RunTime:0.048320s ]
INFO: [ view_filter ] --START--
INFO: Run Behavior\WriteHtmlCacheBehavior [ RunTime:0.000853s ]
INFO: [ view_filter ] --END-- [ RunTime:0.001134s ]
INFO: [ app_end ] --START--
INFO: Run Behavior\ShowPageTraceBehavior [ RunTime:0.001257s ]
INFO: [ app_end ] --END-- [ RunTime:0.001577s ]

[ 2017-01-05T14:31:13+08:00 ] ::1 /aoshi/index.php/Jobseekers/Crop/index.html
INFO: [ app_init ] --START--
INFO: Run Behavior\BuildLiteBehavior [ RunTime:0.000037s ]
INFO: [ app_init ] --END-- [ RunTime:0.000585s ]
INFO: [ app_begin ] --START--
INFO: Run Behavior\ReadHtmlCacheBehavior [ RunTime:0.000864s ]
INFO: [ app_begin ] --END-- [ RunTime:0.001040s ]
NOTIC: [8] A session had already been started - ignoring session_start() D:\wamp\Demo\aoshi\Application\Jobseekers\Controller\CropController.class.php 第 5 行.
ERR: 无法加载控制器:Crop

[ 2017-01-05T14:36:28+08:00 ] ::1 /aoshi/index.php/Jobseekers/Index/index
INFO: [ app_init ] --START--
INFO: Run Behavior\BuildLiteBehavior [ RunTime:0.000038s ]
INFO: [ app_init ] --END-- [ RunTime:0.000625s ]
INFO: [ app_begin ] --START--
INFO: Run Behavior\ReadHtmlCacheBehavior [ RunTime:0.001347s ]
INFO: [ app_begin ] --END-- [ RunTime:0.001676s ]
NOTIC: [2] include_once(../Conf/init.php): failed to open stream: No such file or directory D:\wamp\Demo\aoshi\Application\Jobseekers\Controller\IndexController.class.php 第 17 行.
NOTIC: [2] include_once(): Failed opening '../Conf/init.php' for inclusion (include_path='.;C:\php\pear') D:\wamp\Demo\aoshi\Application\Jobseekers\Controller\IndexController.class.php 第 17 行.
SQL: SHOW COLUMNS FROM `jobseekers` [ RunTime:0.0079s ]
SQL: SELECT * FROM `jobseekers` WHERE ( id =3 )  [ RunTime:0.0005s ]
SQL: SHOW COLUMNS FROM `resume_experience` [ RunTime:0.0078s ]
SQL: SELECT * FROM `resume_experience` WHERE ( id =3 )  [ RunTime:0.0005s ]
SQL: SHOW COLUMNS FROM `resume_education` [ RunTime:0.0081s ]
SQL: SELECT * FROM `resume_education` WHERE ( id =3 )  [ RunTime:0.0005s ]
SQL: SHOW COLUMNS FROM `jobseekers_describe` [ RunTime:0.0080s ]
SQL: SELECT * FROM `jobseekers_describe` WHERE ( id =3 )  [ RunTime:0.0004s ]
SQL: SHOW COLUMNS FROM `resume_prefered` [ RunTime:0.0073s ]
SQL: SELECT * FROM `resume_prefered` WHERE ( id =3 )  [ RunTime:0.0004s ]
INFO: [ view_parse ] --START--
INFO: [ template_filter ] --START--
INFO: Run Behavior\ContentReplaceBehavior [ RunTime:0.000392s ]
INFO: [ template_filter ] --END-- [ RunTime:0.000580s ]
NOTIC: [8] Undefined variable: article_info D:\wamp\Demo\aoshi\Application\Runtime\Cache\Jobseekers\d51ddeec6e6737b75f607b6a8424892f.php 第 256 行.
INFO: Run Behavior\ParseTemplateBehavior [ RunTime:0.054743s ]
INFO: [ view_parse ] --END-- [ RunTime:0.055123s ]
INFO: [ view_filter ] --START--
INFO: Run Behavior\WriteHtmlCacheBehavior [ RunTime:0.001015s ]
INFO: [ view_filter ] --END-- [ RunTime:0.001425s ]
INFO: [ app_end ] --START--
INFO: Run Behavior\ShowPageTraceBehavior [ RunTime:0.001329s ]
INFO: [ app_end ] --END-- [ RunTime:0.001659s ]

[ 2017-01-05T14:38:24+08:00 ] ::1 /aoshi/index.php/Jobseekers/Index/index
INFO: [ app_init ] --START--
INFO: Run Behavior\BuildLiteBehavior [ RunTime:0.000072s ]
INFO: [ app_init ] --END-- [ RunTime:0.001024s ]
INFO: [ app_begin ] --START--
INFO: Run Behavior\ReadHtmlCacheBehavior [ RunTime:0.001268s ]
INFO: [ app_begin ] --END-- [ RunTime:0.001618s ]
NOTIC: [2] include_once(../Conf/init.php): failed to open stream: No such file or directory D:\wamp\Demo\aoshi\Application\Jobseekers\Controller\IndexController.class.php 第 17 行.
NOTIC: [2] include_once(): Failed opening '../Conf/init.php' for inclusion (include_path='.;C:\php\pear') D:\wamp\Demo\aoshi\Application\Jobseekers\Controller\IndexController.class.php 第 17 行.
SQL: SHOW COLUMNS FROM `jobseekers` [ RunTime:0.0158s ]
SQL: SELECT * FROM `jobseekers` WHERE ( id =3 )  [ RunTime:0.0005s ]
SQL: SHOW COLUMNS FROM `resume_experience` [ RunTime:0.0067s ]
SQL: SELECT * FROM `resume_experience` WHERE ( id =3 )  [ RunTime:0.0005s ]
SQL: SHOW COLUMNS FROM `resume_education` [ RunTime:0.0088s ]
SQL: SELECT * FROM `resume_education` WHERE ( id =3 )  [ RunTime:0.0004s ]
SQL: SHOW COLUMNS FROM `jobseekers_describe` [ RunTime:0.0080s ]
SQL: SELECT * FROM `jobseekers_describe` WHERE ( id =3 )  [ RunTime:0.0004s ]
SQL: SHOW COLUMNS FROM `resume_prefered` [ RunTime:0.0073s ]
SQL: SELECT * FROM `resume_prefered` WHERE ( id =3 )  [ RunTime:0.0005s ]
INFO: [ view_parse ] --START--
INFO: [ template_filter ] --START--
INFO: Run Behavior\ContentReplaceBehavior [ RunTime:0.000526s ]
INFO: [ template_filter ] --END-- [ RunTime:0.000859s ]
NOTIC: [8] Undefined variable: article_info D:\wamp\Demo\aoshi\Application\Runtime\Cache\Jobseekers\d51ddeec6e6737b75f607b6a8424892f.php 第 256 行.
INFO: Run Behavior\ParseTemplateBehavior [ RunTime:0.051091s ]
INFO: [ view_parse ] --END-- [ RunTime:0.051417s ]
INFO: [ view_filter ] --START--
INFO: Run Behavior\WriteHtmlCacheBehavior [ RunTime:0.000858s ]
INFO: [ view_filter ] --END-- [ RunTime:0.001130s ]
INFO: [ app_end ] --START--
INFO: Run Behavior\ShowPageTraceBehavior [ RunTime:0.001298s ]
INFO: [ app_end ] --END-- [ RunTime:0.001606s ]

[ 2017-01-05T14:38:25+08:00 ] ::1 /aoshi/index.php/Jobseekers/Index/ajaxGet
INFO: [ app_init ] --START--
INFO: Run Behavior\BuildLiteBehavior [ RunTime:0.000068s ]
INFO: [ app_init ] --END-- [ RunTime:0.001098s ]
INFO: [ app_begin ] --START--
INFO: Run Behavior\ReadHtmlCacheBehavior [ RunTime:0.001299s ]
INFO: [ app_begin ] --END-- [ RunTime:0.001597s ]
ERR: 非法操作:ajaxGet

[ 2017-01-05T14:40:31+08:00 ] ::1 /aoshi/index.php/Jobseekers/Index/index
INFO: [ app_init ] --START--
INFO: Run Behavior\BuildLiteBehavior [ RunTime:0.000076s ]
INFO: [ app_init ] --END-- [ RunTime:0.001097s ]
INFO: [ app_begin ] --START--
INFO: Run Behavior\ReadHtmlCacheBehavior [ RunTime:0.001531s ]
INFO: [ app_begin ] --END-- [ RunTime:0.001920s ]
NOTIC: [2] include_once(../Conf/init.php): failed to open stream: No such file or directory D:\wamp\Demo\aoshi\Application\Jobseekers\Controller\IndexController.class.php 第 17 行.
NOTIC: [2] include_once(): Failed opening '../Conf/init.php' for inclusion (include_path='.;C:\php\pear') D:\wamp\Demo\aoshi\Application\Jobseekers\Controller\IndexController.class.php 第 17 行.
SQL: SHOW COLUMNS FROM `jobseekers` [ RunTime:0.0087s ]
SQL: SELECT * FROM `jobseekers` WHERE ( id =3 )  [ RunTime:0.0006s ]
SQL: SHOW COLUMNS FROM `resume_experience` [ RunTime:0.0085s ]
SQL: SELECT * FROM `resume_experience` WHERE ( id =3 )  [ RunTime:0.0005s ]
SQL: SHOW COLUMNS FROM `resume_education` [ RunTime:0.0078s ]
SQL: SELECT * FROM `resume_education` WHERE ( id =3 )  [ RunTime:0.0004s ]
SQL: SHOW COLUMNS FROM `jobseekers_describe` [ RunTime:0.0076s ]
SQL: SELECT * FROM `jobseekers_describe` WHERE ( id =3 )  [ RunTime:0.0004s ]
SQL: SHOW COLUMNS FROM `resume_prefered` [ RunTime:0.0081s ]
SQL: SELECT * FROM `resume_prefered` WHERE ( id =3 )  [ RunTime:0.0004s ]
INFO: [ view_parse ] --START--
INFO: [ template_filter ] --START--
INFO: Run Behavior\ContentReplaceBehavior [ RunTime:0.000356s ]
INFO: [ template_filter ] --END-- [ RunTime:0.000710s ]
NOTIC: [8] Undefined variable: resumes_basic D:\wamp\Demo\aoshi\Application\Runtime\Cache\Jobseekers\d51ddeec6e6737b75f607b6a8424892f.php 第 37 行.
NOTIC: [8] Use of undefined constant des - assumed 'des' D:\wamp\Demo\aoshi\Application\Runtime\Cache\Jobseekers\d51ddeec6e6737b75f607b6a8424892f.php 第 236 行.
NOTIC: [8] Undefined variable: resumes_basic D:\wamp\Demo\aoshi\Application\Runtime\Cache\Jobseekers\d51ddeec6e6737b75f607b6a8424892f.php 第 236 行.
NOTIC: [8] Undefined variable: resumes_career D:\wamp\Demo\aoshi\Application\Runtime\Cache\Jobseekers\d51ddeec6e6737b75f607b6a8424892f.php 第 253 行.
NOTIC: [8] Use of undefined constant state - assumed 'state' D:\wamp\Demo\aoshi\Application\Runtime\Cache\Jobseekers\d51ddeec6e6737b75f607b6a8424892f.php 第 307 行.
NOTIC: [8] Undefined variable: resumes_basic D:\wamp\Demo\aoshi\Application\Runtime\Cache\Jobseekers\d51ddeec6e6737b75f607b6a8424892f.php 第 307 行.
INFO: Run Behavior\ParseTemplateBehavior [ RunTime:0.034797s ]
INFO: [ view_parse ] --END-- [ RunTime:0.035112s ]
INFO: [ view_filter ] --START--
INFO: Run Behavior\WriteHtmlCacheBehavior [ RunTime:0.000803s ]
INFO: [ view_filter ] --END-- [ RunTime:0.001081s ]
INFO: [ app_end ] --START--
INFO: Run Behavior\ShowPageTraceBehavior [ RunTime:0.001214s ]
INFO: [ app_end ] --END-- [ RunTime:0.001528s ]

[ 2017-01-05T14:40:32+08:00 ] ::1 /aoshi/index.php/Jobseekers/Index/ajaxGet
INFO: [ app_init ] --START--
INFO: Run Behavior\BuildLiteBehavior [ RunTime:0.000069s ]
INFO: [ app_init ] --END-- [ RunTime:0.001085s ]
INFO: [ app_begin ] --START--
INFO: Run Behavior\ReadHtmlCacheBehavior [ RunTime:0.001343s ]
INFO: [ app_begin ] --END-- [ RunTime:0.001621s ]
ERR: 非法操作:ajaxGet

[ 2017-01-05T14:42:27+08:00 ] ::1 /aoshi/index.php/Jobseekers/Index/index
INFO: [ app_init ] --START--
INFO: Run Behavior\BuildLiteBehavior [ RunTime:0.000075s ]
INFO: [ app_init ] --END-- [ RunTime:0.001392s ]
INFO: [ app_begin ] --START--
INFO: Run Behavior\ReadHtmlCacheBehavior [ RunTime:0.001558s ]
INFO: [ app_begin ] --END-- [ RunTime:0.001916s ]
NOTIC: [2] include_once(../Conf/init.php): failed to open stream: No such file or directory D:\wamp\Demo\aoshi\Application\Jobseekers\Controller\IndexController.class.php 第 17 行.
NOTIC: [2] include_once(): Failed opening '../Conf/init.php' for inclusion (include_path='.;C:\php\pear') D:\wamp\Demo\aoshi\Application\Jobseekers\Controller\IndexController.class.php 第 17 行.
SQL: SHOW COLUMNS FROM `jobseekers` [ RunTime:0.0091s ]
SQL: SELECT * FROM `jobseekers` WHERE ( id =3 )  [ RunTime:0.0005s ]
SQL: SHOW COLUMNS FROM `resume_experience` [ RunTime:0.0088s ]
SQL: SELECT * FROM `resume_experience` WHERE ( id =3 )  [ RunTime:0.0005s ]
SQL: SHOW COLUMNS FROM `resume_education` [ RunTime:0.0087s ]
SQL: SELECT * FROM `resume_education` WHERE ( id =3 )  [ RunTime:0.0005s ]
SQL: SHOW COLUMNS FROM `jobseekers_describe` [ RunTime:0.0084s ]
SQL: SELECT * FROM `jobseekers_describe` WHERE ( id =3 )  [ RunTime:0.0005s ]
SQL: SHOW COLUMNS FROM `resume_prefered` [ RunTime:0.0086s ]
SQL: SELECT * FROM `resume_prefered` WHERE ( id =3 )  [ RunTime:0.0005s ]
INFO: [ view_parse ] --START--
INFO: [ template_filter ] --START--
INFO: Run Behavior\ContentReplaceBehavior [ RunTime:0.000339s ]
INFO: [ template_filter ] --END-- [ RunTime:0.000783s ]
NOTIC: [8] Undefined variable: resumes_basic D:\wamp\Demo\aoshi\Application\Runtime\Cache\Jobseekers\d51ddeec6e6737b75f607b6a8424892f.php 第 37 行.
NOTIC: [8] Use of undefined constant des - assumed 'des' D:\wamp\Demo\aoshi\Application\Runtime\Cache\Jobseekers\d51ddeec6e6737b75f607b6a8424892f.php 第 236 行.
NOTIC: [8] Undefined variable: resumes_basic D:\wamp\Demo\aoshi\Application\Runtime\Cache\Jobseekers\d51ddeec6e6737b75f607b6a8424892f.php 第 236 行.
NOTIC: [8] Undefined variable: resumes_career D:\wamp\Demo\aoshi\Application\Runtime\Cache\Jobseekers\d51ddeec6e6737b75f607b6a8424892f.php 第 253 行.
NOTIC: [8] Use of undefined constant state - assumed 'state' D:\wamp\Demo\aoshi\Application\Runtime\Cache\Jobseekers\d51ddeec6e6737b75f607b6a8424892f.php 第 307 行.
NOTIC: [8] Undefined variable: resumes_basic D:\wamp\Demo\aoshi\Application\Runtime\Cache\Jobseekers\d51ddeec6e6737b75f607b6a8424892f.php 第 307 行.
INFO: Run Behavior\ParseTemplateBehavior [ RunTime:0.035787s ]
INFO: [ view_parse ] --END-- [ RunTime:0.036139s ]
INFO: [ view_filter ] --START--
INFO: Run Behavior\WriteHtmlCacheBehavior [ RunTime:0.001305s ]
INFO: [ view_filter ] --END-- [ RunTime:0.001667s ]
INFO: [ app_end ] --START--
INFO: Run Behavior\ShowPageTraceBehavior [ RunTime:0.001547s ]
INFO: [ app_end ] --END-- [ RunTime:0.001865s ]

[ 2017-01-05T14:42:29+08:00 ] ::1 /aoshi/index.php/Jobseekers/Index/ajaxGet
INFO: [ app_init ] --START--
INFO: Run Behavior\BuildLiteBehavior [ RunTime:0.000070s ]
INFO: [ app_init ] --END-- [ RunTime:0.000941s ]
INFO: [ app_begin ] --START--
INFO: Run Behavior\ReadHtmlCacheBehavior [ RunTime:0.001291s ]
INFO: [ app_begin ] --END-- [ RunTime:0.001597s ]
ERR: 非法操作:ajaxGet

