[ 2017-02-14T17:41:56+08:00 ] ::1 /aoshi/Jobseekers
INFO: [ app_init ] --START--
INFO: Run Behavior\BuildLiteBehavior [ RunTime:0.000026s ]
INFO: [ app_init ] --END-- [ RunTime:0.000532s ]
INFO: [ app_begin ] --START--
INFO: Run Behavior\ReadHtmlCacheBehavior [ RunTime:0.000777s ]
INFO: [ app_begin ] --END-- [ RunTime:0.000907s ]

[ 2017-02-14T17:43:42+08:00 ] 127.0.0.1 /aoshi//Jobseekers/index.php
INFO: [ app_init ] --START--
INFO: Run Behavior\BuildLiteBehavior [ RunTime:0.000025s ]
INFO: [ app_init ] --END-- [ RunTime:0.000475s ]
INFO: [ app_begin ] --START--
INFO: Run Behavior\ReadHtmlCacheBehavior [ RunTime:0.000697s ]
INFO: [ app_begin ] --END-- [ RunTime:0.000849s ]
ERR: 无法加载控制器:Index.php

[ 2017-02-14T17:43:45+08:00 ] 127.0.0.1 /aoshi/Jobseekers/index.php
INFO: [ app_init ] --START--
INFO: Run Behavior\BuildLiteBehavior [ RunTime:0.000026s ]
INFO: [ app_init ] --END-- [ RunTime:0.000410s ]
INFO: [ app_begin ] --START--
INFO: Run Behavior\ReadHtmlCacheBehavior [ RunTime:0.000454s ]
INFO: [ app_begin ] --END-- [ RunTime:0.000603s ]
ERR: 无法加载控制器:Index.php

[ 2017-02-14T17:44:53+08:00 ] 127.0.0.1 /aoshi/Jobseekers/Index
INFO: [ app_init ] --START--
INFO: Run Behavior\BuildLiteBehavior [ RunTime:0.000030s ]
INFO: [ app_init ] --END-- [ RunTime:0.000695s ]
INFO: [ app_begin ] --START--
INFO: Run Behavior\ReadHtmlCacheBehavior [ RunTime:0.000980s ]
INFO: [ app_begin ] --END-- [ RunTime:0.001113s ]

[ 2017-02-14T17:44:58+08:00 ] 127.0.0.1 /aoshi/Jobseekers/Index/select
INFO: [ app_init ] --START--
INFO: Run Behavior\BuildLiteBehavior [ RunTime:0.000052s ]
INFO: [ app_init ] --END-- [ RunTime:0.001029s ]
INFO: [ app_begin ] --START--
INFO: Run Behavior\ReadHtmlCacheBehavior [ RunTime:0.001103s ]
INFO: [ app_begin ] --END-- [ RunTime:0.001250s ]

[ 2017-02-14T17:48:46+08:00 ] 127.0.0.1 /aoshi/Jobseekers/
INFO: [ app_init ] --START--
INFO: Run Behavior\BuildLiteBehavior [ RunTime:0.000027s ]
INFO: [ app_init ] --END-- [ RunTime:0.000567s ]
INFO: [ app_begin ] --START--
INFO: Run Behavior\ReadHtmlCacheBehavior [ RunTime:0.000928s ]
INFO: [ app_begin ] --END-- [ RunTime:0.001049s ]

[ 2017-02-14T17:48:59+08:00 ] 127.0.0.1 /aoshi/Jobseekers/
INFO: [ app_init ] --START--
INFO: Run Behavior\BuildLiteBehavior [ RunTime:0.000036s ]
INFO: [ app_init ] --END-- [ RunTime:0.001685s ]
INFO: [ app_begin ] --START--
INFO: Run Behavior\ReadHtmlCacheBehavior [ RunTime:0.000602s ]
INFO: [ app_begin ] --END-- [ RunTime:0.000734s ]

[ 2017-02-14T17:50:22+08:00 ] 127.0.0.1 /aoshi/Jobseekers/
INFO: [ app_init ] --START--
INFO: Run Behavior\BuildLiteBehavior [ RunTime:0.000030s ]
INFO: [ app_init ] --END-- [ RunTime:0.000482s ]
INFO: [ app_begin ] --START--
INFO: Run Behavior\ReadHtmlCacheBehavior [ RunTime:0.000523s ]
INFO: [ app_begin ] --END-- [ RunTime:0.000689s ]

[ 2017-02-14T17:50:23+08:00 ] 127.0.0.1 /aoshi/Jobseekers/
INFO: [ app_init ] --START--
INFO: Run Behavior\BuildLiteBehavior [ RunTime:0.000026s ]
INFO: [ app_init ] --END-- [ RunTime:0.000415s ]
INFO: [ app_begin ] --START--
INFO: Run Behavior\ReadHtmlCacheBehavior [ RunTime:0.000524s ]
INFO: [ app_begin ] --END-- [ RunTime:0.000656s ]

[ 2017-02-14T17:50:23+08:00 ] 127.0.0.1 /aoshi/Jobseekers/
INFO: [ app_init ] --START--
INFO: Run Behavior\BuildLiteBehavior [ RunTime:0.000032s ]
INFO: [ app_init ] --END-- [ RunTime:0.000520s ]
INFO: [ app_begin ] --START--
INFO: Run Behavior\ReadHtmlCacheBehavior [ RunTime:0.000481s ]
INFO: [ app_begin ] --END-- [ RunTime:0.000639s ]

[ 2017-02-14T17:50:24+08:00 ] 127.0.0.1 /aoshi/Jobseekers/
INFO: [ app_init ] --START--
INFO: Run Behavior\BuildLiteBehavior [ RunTime:0.000027s ]
INFO: [ app_init ] --END-- [ RunTime:0.000417s ]
INFO: [ app_begin ] --START--
INFO: Run Behavior\ReadHtmlCacheBehavior [ RunTime:0.000681s ]
INFO: [ app_begin ] --END-- [ RunTime:0.000829s ]

[ 2017-02-14T17:50:51+08:00 ] 127.0.0.1 /aoshi/Jobseekers/
INFO: [ app_init ] --START--
INFO: Run Behavior\BuildLiteBehavior [ RunTime:0.000025s ]
INFO: [ app_init ] --END-- [ RunTime:0.000547s ]
INFO: [ app_begin ] --START--
INFO: Run Behavior\ReadHtmlCacheBehavior [ RunTime:0.001130s ]
INFO: [ app_begin ] --END-- [ RunTime:0.001276s ]
INFO: [ view_parse ] --START--
INFO: [ template_filter ] --START--
INFO: Run Behavior\ContentReplaceBehavior [ RunTime:0.000123s ]
INFO: [ template_filter ] --END-- [ RunTime:0.000251s ]
INFO: Run Behavior\ParseTemplateBehavior [ RunTime:0.009429s ]
INFO: [ view_parse ] --END-- [ RunTime:0.009573s ]
INFO: [ view_filter ] --START--
INFO: Run Behavior\WriteHtmlCacheBehavior [ RunTime:0.000611s ]
INFO: [ view_filter ] --END-- [ RunTime:0.000730s ]

[ 2017-02-14T17:50:53+08:00 ] 127.0.0.1 /aoshi/index.php/Jobseekers/Login/login.html
INFO: [ app_init ] --START--
INFO: Run Behavior\BuildLiteBehavior [ RunTime:0.000025s ]
INFO: [ app_init ] --END-- [ RunTime:0.000462s ]
INFO: [ app_begin ] --START--
INFO: Run Behavior\ReadHtmlCacheBehavior [ RunTime:0.000831s ]
INFO: [ app_begin ] --END-- [ RunTime:0.000957s ]
INFO: [ view_parse ] --START--
INFO: [ template_filter ] --START--
INFO: Run Behavior\ContentReplaceBehavior [ RunTime:0.000093s ]
INFO: [ template_filter ] --END-- [ RunTime:0.000246s ]
NOTIC: [8] Undefined variable: info D:\Wampserver\www\aoshi\Application\Runtime\Cache\Jobseekers\cbc8c4c68b92db58a4606f2253034e4c.php 第 37 行.
NOTIC: [8] Undefined variable: info D:\Wampserver\www\aoshi\Application\Runtime\Cache\Jobseekers\cbc8c4c68b92db58a4606f2253034e4c.php 第 40 行.
INFO: Run Behavior\ParseTemplateBehavior [ RunTime:0.010448s ]
INFO: [ view_parse ] --END-- [ RunTime:0.010569s ]
INFO: [ view_filter ] --START--
INFO: Run Behavior\WriteHtmlCacheBehavior [ RunTime:0.000804s ]
INFO: [ view_filter ] --END-- [ RunTime:0.000934s ]
INFO: [ app_end ] --START--
INFO: Run Behavior\ShowPageTraceBehavior [ RunTime:0.000869s ]
INFO: [ app_end ] --END-- [ RunTime:0.000996s ]

[ 2017-02-14T17:50:53+08:00 ] 127.0.0.1 /aoshi/index.php/Jobseekers/Login/get_verify.html
INFO: [ app_init ] --START--
INFO: Run Behavior\BuildLiteBehavior [ RunTime:0.000053s ]
INFO: [ app_init ] --END-- [ RunTime:0.000842s ]
INFO: [ app_begin ] --START--
INFO: Run Behavior\ReadHtmlCacheBehavior [ RunTime:0.000921s ]
INFO: [ app_begin ] --END-- [ RunTime:0.001137s ]
INFO: [ app_end ] --START--
INFO: Run Behavior\ShowPageTraceBehavior [ RunTime:0.000754s ]
INFO: [ app_end ] --END-- [ RunTime:0.000926s ]

[ 2017-02-14T17:51:34+08:00 ] 127.0.0.1 /aoshi/index.php/Jobseekers/Login/login.html
INFO: [ app_init ] --START--
INFO: Run Behavior\BuildLiteBehavior [ RunTime:0.000025s ]
INFO: [ app_init ] --END-- [ RunTime:0.000468s ]
INFO: [ app_begin ] --START--
INFO: Run Behavior\ReadHtmlCacheBehavior [ RunTime:0.000915s ]
INFO: [ app_begin ] --END-- [ RunTime:0.001050s ]
INFO: [ view_parse ] --START--
INFO: [ template_filter ] --START--
INFO: Run Behavior\ContentReplaceBehavior [ RunTime:0.000077s ]
INFO: [ template_filter ] --END-- [ RunTime:0.000211s ]
NOTIC: [8] Undefined variable: info D:\Wampserver\www\aoshi\Application\Runtime\Cache\Jobseekers\cbc8c4c68b92db58a4606f2253034e4c.php 第 32 行.
INFO: Run Behavior\ParseTemplateBehavior [ RunTime:0.008122s ]
INFO: [ view_parse ] --END-- [ RunTime:0.008242s ]
INFO: [ view_filter ] --START--
INFO: Run Behavior\WriteHtmlCacheBehavior [ RunTime:0.000613s ]
INFO: [ view_filter ] --END-- [ RunTime:0.000723s ]
INFO: [ app_end ] --START--
INFO: Run Behavior\ShowPageTraceBehavior [ RunTime:0.000784s ]
INFO: [ app_end ] --END-- [ RunTime:0.000898s ]

[ 2017-02-14T17:51:34+08:00 ] 127.0.0.1 /aoshi/index.php/Jobseekers/Login/get_verify.html
INFO: [ app_init ] --START--
INFO: Run Behavior\BuildLiteBehavior [ RunTime:0.000033s ]
INFO: [ app_init ] --END-- [ RunTime:0.000582s ]
INFO: [ app_begin ] --START--
INFO: Run Behavior\ReadHtmlCacheBehavior [ RunTime:0.000720s ]
INFO: [ app_begin ] --END-- [ RunTime:0.000872s ]
INFO: [ app_end ] --START--
INFO: Run Behavior\ShowPageTraceBehavior [ RunTime:0.000827s ]
INFO: [ app_end ] --END-- [ RunTime:0.001065s ]

[ 2017-02-14T17:51:36+08:00 ] 127.0.0.1 /aoshi/index.php/Jobseekers/Login/register.html
INFO: [ app_init ] --START--
INFO: Run Behavior\BuildLiteBehavior [ RunTime:0.000026s ]
INFO: [ app_init ] --END-- [ RunTime:0.000422s ]
INFO: [ app_begin ] --START--
INFO: Run Behavior\ReadHtmlCacheBehavior [ RunTime:0.000507s ]
INFO: [ app_begin ] --END-- [ RunTime:0.000627s ]
INFO: [ view_parse ] --START--
INFO: [ template_filter ] --START--
INFO: Run Behavior\ContentReplaceBehavior [ RunTime:0.000095s ]
INFO: [ template_filter ] --END-- [ RunTime:0.000230s ]
INFO: Run Behavior\ParseTemplateBehavior [ RunTime:0.062283s ]
INFO: [ view_parse ] --END-- [ RunTime:0.062415s ]
INFO: [ view_filter ] --START--
INFO: Run Behavior\WriteHtmlCacheBehavior [ RunTime:0.000457s ]
INFO: [ view_filter ] --END-- [ RunTime:0.000569s ]
INFO: [ app_end ] --START--
INFO: Run Behavior\ShowPageTraceBehavior [ RunTime:0.000716s ]
INFO: [ app_end ] --END-- [ RunTime:0.000854s ]

[ 2017-02-14T17:51:36+08:00 ] 127.0.0.1 /aoshi/index.php/Jobseekers/Login/get_verify.html
INFO: [ app_init ] --START--
INFO: Run Behavior\BuildLiteBehavior [ RunTime:0.000033s ]
INFO: [ app_init ] --END-- [ RunTime:0.000575s ]
INFO: [ app_begin ] --START--
INFO: Run Behavior\ReadHtmlCacheBehavior [ RunTime:0.000781s ]
INFO: [ app_begin ] --END-- [ RunTime:0.001013s ]
INFO: [ app_end ] --START--
INFO: Run Behavior\ShowPageTraceBehavior [ RunTime:0.000616s ]
INFO: [ app_end ] --END-- [ RunTime:0.000783s ]

[ 2017-02-14T17:51:54+08:00 ] 127.0.0.1 /aoshi/index.php/Jobseekers/Login/get_verify.html?
INFO: [ app_init ] --START--
INFO: Run Behavior\BuildLiteBehavior [ RunTime:0.000105s ]
INFO: [ app_init ] --END-- [ RunTime:0.000970s ]
INFO: [ app_begin ] --START--
INFO: Run Behavior\ReadHtmlCacheBehavior [ RunTime:0.000980s ]
INFO: [ app_begin ] --END-- [ RunTime:0.001124s ]
INFO: [ app_end ] --START--
INFO: Run Behavior\ShowPageTraceBehavior [ RunTime:0.000867s ]
INFO: [ app_end ] --END-- [ RunTime:0.000998s ]

[ 2017-02-14T17:51:58+08:00 ] 127.0.0.1 /aoshi/index.php/Jobseekers/Login/register.html
INFO: [ app_init ] --START--
INFO: Run Behavior\BuildLiteBehavior [ RunTime:0.000030s ]
INFO: [ app_init ] --END-- [ RunTime:0.000578s ]
INFO: [ app_begin ] --START--
INFO: Run Behavior\ReadHtmlCacheBehavior [ RunTime:0.000910s ]
INFO: [ app_begin ] --END-- [ RunTime:0.001041s ]
SQL: SHOW COLUMNS FROM `jobseekers` [ RunTime:0.0025s ]
SQL: SELECT * FROM `jobseekers` WHERE ( username='admin' )  [ RunTime:0.0008s ]
INFO: [ view_parse ] --START--
INFO: [ template_filter ] --START--
INFO: Run Behavior\ContentReplaceBehavior [ RunTime:0.000095s ]
INFO: [ template_filter ] --END-- [ RunTime:0.000219s ]
INFO: Run Behavior\ParseTemplateBehavior [ RunTime:0.007362s ]
INFO: [ view_parse ] --END-- [ RunTime:0.007506s ]
INFO: [ view_filter ] --START--
INFO: Run Behavior\WriteHtmlCacheBehavior [ RunTime:0.000611s ]
INFO: [ view_filter ] --END-- [ RunTime:0.000730s ]

[ 2017-02-14T17:51:59+08:00 ] 127.0.0.1 /aoshi/index.php/Jobseekers/Login/register.html
INFO: [ app_init ] --START--
INFO: Run Behavior\BuildLiteBehavior [ RunTime:0.000027s ]
INFO: [ app_init ] --END-- [ RunTime:0.000495s ]
INFO: [ app_begin ] --START--
INFO: Run Behavior\ReadHtmlCacheBehavior [ RunTime:0.001247s ]
INFO: [ app_begin ] --END-- [ RunTime:0.001566s ]
INFO: [ view_parse ] --START--
INFO: [ template_filter ] --START--
INFO: Run Behavior\ContentReplaceBehavior [ RunTime:0.000092s ]
INFO: [ template_filter ] --END-- [ RunTime:0.000220s ]
INFO: Run Behavior\ParseTemplateBehavior [ RunTime:0.008599s ]
INFO: [ view_parse ] --END-- [ RunTime:0.008742s ]
INFO: [ view_filter ] --START--
INFO: Run Behavior\WriteHtmlCacheBehavior [ RunTime:0.000679s ]
INFO: [ view_filter ] --END-- [ RunTime:0.000792s ]
INFO: [ app_end ] --START--
INFO: Run Behavior\ShowPageTraceBehavior [ RunTime:0.000867s ]
INFO: [ app_end ] --END-- [ RunTime:0.000985s ]

[ 2017-02-14T17:51:59+08:00 ] 127.0.0.1 /aoshi/index.php/Jobseekers/Login/get_verify.html
INFO: [ app_init ] --START--
INFO: Run Behavior\BuildLiteBehavior [ RunTime:0.000031s ]
INFO: [ app_init ] --END-- [ RunTime:0.000631s ]
INFO: [ app_begin ] --START--
INFO: Run Behavior\ReadHtmlCacheBehavior [ RunTime:0.001689s ]
INFO: [ app_begin ] --END-- [ RunTime:0.001848s ]
INFO: [ app_end ] --START--
INFO: Run Behavior\ShowPageTraceBehavior [ RunTime:0.001724s ]
INFO: [ app_end ] --END-- [ RunTime:0.001886s ]

[ 2017-02-14T17:52:00+08:00 ] 127.0.0.1 /aoshi/index.php/Jobseekers/Login/login.html
INFO: [ app_init ] --START--
INFO: Run Behavior\BuildLiteBehavior [ RunTime:0.000030s ]
INFO: [ app_init ] --END-- [ RunTime:0.000681s ]
INFO: [ app_begin ] --START--
INFO: Run Behavior\ReadHtmlCacheBehavior [ RunTime:0.000868s ]
INFO: [ app_begin ] --END-- [ RunTime:0.000998s ]
INFO: [ view_parse ] --START--
INFO: [ template_filter ] --START--
INFO: Run Behavior\ContentReplaceBehavior [ RunTime:0.000078s ]
INFO: [ template_filter ] --END-- [ RunTime:0.000212s ]
NOTIC: [8] Undefined variable: info D:\Wampserver\www\aoshi\Application\Runtime\Cache\Jobseekers\cbc8c4c68b92db58a4606f2253034e4c.php 第 32 行.
INFO: Run Behavior\ParseTemplateBehavior [ RunTime:0.008059s ]
INFO: [ view_parse ] --END-- [ RunTime:0.008181s ]
INFO: [ view_filter ] --START--
INFO: Run Behavior\WriteHtmlCacheBehavior [ RunTime:0.000609s ]
INFO: [ view_filter ] --END-- [ RunTime:0.000718s ]
INFO: [ app_end ] --START--
INFO: Run Behavior\ShowPageTraceBehavior [ RunTime:0.000783s ]
INFO: [ app_end ] --END-- [ RunTime:0.000901s ]

[ 2017-02-14T17:52:00+08:00 ] 127.0.0.1 /aoshi/index.php/Jobseekers/Login/get_verify.html
INFO: [ app_init ] --START--
INFO: Run Behavior\BuildLiteBehavior [ RunTime:0.000045s ]
INFO: [ app_init ] --END-- [ RunTime:0.000835s ]
INFO: [ app_begin ] --START--
INFO: Run Behavior\ReadHtmlCacheBehavior [ RunTime:0.001005s ]
INFO: [ app_begin ] --END-- [ RunTime:0.001161s ]
INFO: [ app_end ] --START--
INFO: Run Behavior\ShowPageTraceBehavior [ RunTime:0.001795s ]
INFO: [ app_end ] --END-- [ RunTime:0.001961s ]

[ 2017-02-14T17:52:10+08:00 ] 127.0.0.1 /aoshi/index.php/Jobseekers/Login/index.html
INFO: [ app_init ] --START--
INFO: Run Behavior\BuildLiteBehavior [ RunTime:0.000027s ]
INFO: [ app_init ] --END-- [ RunTime:0.000535s ]
INFO: [ app_begin ] --START--
INFO: Run Behavior\ReadHtmlCacheBehavior [ RunTime:0.000794s ]
INFO: [ app_begin ] --END-- [ RunTime:0.000916s ]
NOTIC: [8] Use of undefined constant username - assumed 'username' D:\Wampserver\www\aoshi\Application\Jobseekers\Controller\LoginController.class.php 第 26 行.
SQL: SHOW COLUMNS FROM `jobseekers` [ RunTime:0.0026s ]
SQL: SELECT * FROM `jobseekers` WHERE `username` = 'admin' AND `password` = 'e10adc3949ba59abbe56e057f20f883e'  [ RunTime:0.0003s ]
INFO: [ view_parse ] --START--
INFO: [ template_filter ] --START--
INFO: Run Behavior\ContentReplaceBehavior [ RunTime:0.000074s ]
INFO: [ template_filter ] --END-- [ RunTime:0.000197s ]
INFO: Run Behavior\ParseTemplateBehavior [ RunTime:0.006690s ]
INFO: [ view_parse ] --END-- [ RunTime:0.006827s ]
INFO: [ view_filter ] --START--
INFO: Run Behavior\WriteHtmlCacheBehavior [ RunTime:0.000601s ]
INFO: [ view_filter ] --END-- [ RunTime:0.000720s ]

[ 2017-02-14T17:52:13+08:00 ] 127.0.0.1 /aoshi/index.php/Jobseekers/Login/login.html
INFO: [ app_init ] --START--
INFO: Run Behavior\BuildLiteBehavior [ RunTime:0.000025s ]
INFO: [ app_init ] --END-- [ RunTime:0.000468s ]
INFO: [ app_begin ] --START--
INFO: Run Behavior\ReadHtmlCacheBehavior [ RunTime:0.000843s ]
INFO: [ app_begin ] --END-- [ RunTime:0.001000s ]
INFO: [ view_parse ] --START--
INFO: [ template_filter ] --START--
INFO: Run Behavior\ContentReplaceBehavior [ RunTime:0.000080s ]
INFO: [ template_filter ] --END-- [ RunTime:0.000222s ]
NOTIC: [8] Undefined variable: info D:\Wampserver\www\aoshi\Application\Runtime\Cache\Jobseekers\cbc8c4c68b92db58a4606f2253034e4c.php 第 32 行.
INFO: Run Behavior\ParseTemplateBehavior [ RunTime:0.008633s ]
INFO: [ view_parse ] --END-- [ RunTime:0.008754s ]
INFO: [ view_filter ] --START--
INFO: Run Behavior\WriteHtmlCacheBehavior [ RunTime:0.000625s ]
INFO: [ view_filter ] --END-- [ RunTime:0.000783s ]
INFO: [ app_end ] --START--
INFO: Run Behavior\ShowPageTraceBehavior [ RunTime:0.000912s ]
INFO: [ app_end ] --END-- [ RunTime:0.001068s ]

[ 2017-02-14T17:52:13+08:00 ] 127.0.0.1 /aoshi/index.php/Jobseekers/Login/get_verify.html
INFO: [ app_init ] --START--
INFO: Run Behavior\BuildLiteBehavior [ RunTime:0.000030s ]
INFO: [ app_init ] --END-- [ RunTime:0.000627s ]
INFO: [ app_begin ] --START--
INFO: Run Behavior\ReadHtmlCacheBehavior [ RunTime:0.001313s ]
INFO: [ app_begin ] --END-- [ RunTime:0.001498s ]
INFO: [ app_end ] --START--
INFO: Run Behavior\ShowPageTraceBehavior [ RunTime:0.001037s ]
INFO: [ app_end ] --END-- [ RunTime:0.001199s ]

[ 2017-02-14T17:52:22+08:00 ] 127.0.0.1 /aoshi/index.php/Jobseekers/Login/index.html
INFO: [ app_init ] --START--
INFO: Run Behavior\BuildLiteBehavior [ RunTime:0.000025s ]
INFO: [ app_init ] --END-- [ RunTime:0.000465s ]
INFO: [ app_begin ] --START--
INFO: Run Behavior\ReadHtmlCacheBehavior [ RunTime:0.000793s ]
INFO: [ app_begin ] --END-- [ RunTime:0.000925s ]
NOTIC: [8] Use of undefined constant username - assumed 'username' D:\Wampserver\www\aoshi\Application\Jobseekers\Controller\LoginController.class.php 第 26 行.
SQL: SHOW COLUMNS FROM `jobseekers` [ RunTime:0.0020s ]
SQL: SELECT * FROM `jobseekers` WHERE `username` = 'admin' AND `password` = '21232f297a57a5a743894a0e4a801fc3'  [ RunTime:0.0004s ]
NOTIC: [8] Use of undefined constant username - assumed 'username' D:\Wampserver\www\aoshi\Application\Jobseekers\Controller\LoginController.class.php 第 32 行.
SQL: SELECT uid FROM jobseekers WHERE username='admin' [ RunTime:0.0002s ]
NOTIC: [8] Use of undefined constant uid - assumed 'uid' D:\Wampserver\www\aoshi\Application\Jobseekers\Controller\LoginController.class.php 第 34 行.
INFO: [ view_parse ] --START--
INFO: [ template_filter ] --START--
INFO: Run Behavior\ContentReplaceBehavior [ RunTime:0.000074s ]
INFO: [ template_filter ] --END-- [ RunTime:0.000198s ]
INFO: Run Behavior\ParseTemplateBehavior [ RunTime:0.006808s ]
INFO: [ view_parse ] --END-- [ RunTime:0.006968s ]
INFO: [ view_filter ] --START--
INFO: Run Behavior\WriteHtmlCacheBehavior [ RunTime:0.000622s ]
INFO: [ view_filter ] --END-- [ RunTime:0.000740s ]
INFO: [ app_end ] --START--
INFO: Run Behavior\ShowPageTraceBehavior [ RunTime:0.000784s ]
INFO: [ app_end ] --END-- [ RunTime:0.000900s ]

[ 2017-02-14T17:52:23+08:00 ] 127.0.0.1 /aoshi/index.php/Jobseekers/Index/index
INFO: [ app_init ] --START--
INFO: Run Behavior\BuildLiteBehavior [ RunTime:0.000028s ]
INFO: [ app_init ] --END-- [ RunTime:0.000586s ]
INFO: [ app_begin ] --START--
INFO: Run Behavior\ReadHtmlCacheBehavior [ RunTime:0.000783s ]
INFO: [ app_begin ] --END-- [ RunTime:0.000979s ]
SQL: SHOW COLUMNS FROM `jobseekers` [ RunTime:0.0009s ]
SQL: SELECT `photo` FROM `jobseekers` WHERE ( uid =1 )  [ RunTime:0.0005s ]
INFO: [ view_parse ] --START--
INFO: [ template_filter ] --START--
INFO: Run Behavior\ContentReplaceBehavior [ RunTime:0.000218s ]
INFO: [ template_filter ] --END-- [ RunTime:0.000352s ]
INFO: Run Behavior\ParseTemplateBehavior [ RunTime:0.016479s ]
INFO: [ view_parse ] --END-- [ RunTime:0.016611s ]
INFO: [ view_filter ] --START--
INFO: Run Behavior\WriteHtmlCacheBehavior [ RunTime:0.000628s ]
INFO: [ view_filter ] --END-- [ RunTime:0.000739s ]
INFO: [ app_end ] --START--
INFO: Run Behavior\ShowPageTraceBehavior [ RunTime:0.001483s ]
INFO: [ app_end ] --END-- [ RunTime:0.001714s ]

[ 2017-02-14T17:52:24+08:00 ] 127.0.0.1 /aoshi/index.php/Jobseekers?a=select
INFO: [ app_init ] --START--
INFO: Run Behavior\BuildLiteBehavior [ RunTime:0.000033s ]
INFO: [ app_init ] --END-- [ RunTime:0.000731s ]
INFO: [ app_begin ] --START--
INFO: Run Behavior\ReadHtmlCacheBehavior [ RunTime:0.001690s ]
INFO: [ app_begin ] --END-- [ RunTime:0.001884s ]
SQL: SHOW COLUMNS FROM `jobseekers` [ RunTime:0.0026s ]
SQL: SELECT * FROM `jobseekers` WHERE ( uid =1 )  [ RunTime:0.0004s ]
SQL: SHOW COLUMNS FROM `resume_basic` [ RunTime:0.0034s ]
SQL: SELECT * FROM `resume_basic` WHERE ( uid =1 )  [ RunTime:0.0005s ]
SQL: SHOW COLUMNS FROM `resume_experience` [ RunTime:0.0028s ]
SQL: SELECT * FROM `resume_experience` WHERE ( uid =1 )  [ RunTime:0.0005s ]
SQL: SHOW COLUMNS FROM `resume_education` [ RunTime:0.0024s ]
SQL: SELECT * FROM `resume_education` WHERE ( uid =1 )  [ RunTime:0.0005s ]
SQL: SHOW COLUMNS FROM `jobseekers_describe` [ RunTime:0.0037s ]
SQL: SELECT * FROM `jobseekers_describe` WHERE ( uid =1 )  [ RunTime:0.0004s ]
SQL: SHOW COLUMNS FROM `resume_prefered` [ RunTime:0.0030s ]
SQL: SELECT * FROM `resume_prefered` WHERE ( uid =1 )  [ RunTime:0.0005s ]
INFO: [ app_end ] --START--
INFO: Run Behavior\ShowPageTraceBehavior [ RunTime:0.001158s ]
INFO: [ app_end ] --END-- [ RunTime:0.001291s ]

[ 2017-02-14T17:52:41+08:00 ] 127.0.0.1 /aoshi/index.php/Jobseekers/Preview/index.html
INFO: [ app_init ] --START--
INFO: Run Behavior\BuildLiteBehavior [ RunTime:0.000030s ]
INFO: [ app_init ] --END-- [ RunTime:0.000613s ]
INFO: [ app_begin ] --START--
INFO: Run Behavior\ReadHtmlCacheBehavior [ RunTime:0.000997s ]
INFO: [ app_begin ] --END-- [ RunTime:0.001154s ]
SQL: SHOW COLUMNS FROM `jobseekers` [ RunTime:0.0038s ]
SQL: SELECT jobseekers.photo FROM `jobseekers` WHERE ( uid =1 )  [ RunTime:0.0004s ]
SQL: SHOW COLUMNS FROM `resume_basic` [ RunTime:0.0012s ]
SQL: SELECT * FROM `resume_basic` WHERE ( uid =1 )  [ RunTime:0.0006s ]
SQL: SHOW COLUMNS FROM `resume_experience` [ RunTime:0.0021s ]
SQL: SELECT * FROM `resume_experience` WHERE ( uid =1 )  [ RunTime:0.0004s ]
SQL: SHOW COLUMNS FROM `resume_education` [ RunTime:0.0021s ]
SQL: SELECT * FROM `resume_education` WHERE ( uid =1 )  [ RunTime:0.0004s ]
SQL: SHOW COLUMNS FROM `jobseekers_describe` [ RunTime:0.0025s ]
SQL: SELECT * FROM `jobseekers_describe` WHERE ( uid =1 )  [ RunTime:0.0005s ]
SQL: SHOW COLUMNS FROM `resume_prefered` [ RunTime:0.0035s ]
SQL: SELECT * FROM `resume_prefered` WHERE ( uid =1 )  [ RunTime:0.0003s ]
INFO: [ view_parse ] --START--
INFO: [ template_filter ] --START--
INFO: Run Behavior\ContentReplaceBehavior [ RunTime:0.000118s ]
INFO: [ template_filter ] --END-- [ RunTime:0.000261s ]
NOTIC: [8] Use of undefined constant current_status - assumed 'current_status' D:\Wampserver\www\aoshi\Application\Runtime\Cache\Jobseekers\26c1946a55bd8bdb75562d02c666998a.php 第 98 行.
NOTIC: [8] Array to string conversion D:\Wampserver\www\aoshi\Application\Runtime\Cache\Jobseekers\26c1946a55bd8bdb75562d02c666998a.php 第 98 行.
INFO: Run Behavior\ParseTemplateBehavior [ RunTime:0.029258s ]
INFO: [ view_parse ] --END-- [ RunTime:0.029449s ]
INFO: [ view_filter ] --START--
INFO: Run Behavior\WriteHtmlCacheBehavior [ RunTime:0.000718s ]
INFO: [ view_filter ] --END-- [ RunTime:0.000833s ]
INFO: [ app_end ] --START--
INFO: Run Behavior\ShowPageTraceBehavior [ RunTime:0.000812s ]
INFO: [ app_end ] --END-- [ RunTime:0.000938s ]

[ 2017-02-14T17:52:56+08:00 ] 127.0.0.1 /aoshi/index.php/Jobseekers?a=save&index=education&degree=%E5%A4%A7%E4%B8%93&graduated=2017-09&major=55&school_name=55
INFO: [ app_init ] --START--
INFO: Run Behavior\BuildLiteBehavior [ RunTime:0.000027s ]
INFO: [ app_init ] --END-- [ RunTime:0.000574s ]
INFO: [ app_begin ] --START--
INFO: Run Behavior\ReadHtmlCacheBehavior [ RunTime:0.000822s ]
INFO: [ app_begin ] --END-- [ RunTime:0.000929s ]
SQL: SHOW COLUMNS FROM `resume_education` [ RunTime:0.0018s ]
SQL: INSERT INTO `resume_education` (`uid`,`school_name`,`major`,`degree`,`graduated`) VALUES ('1','55','55','大专','2017-09') [ RunTime:0.0782s ]
INFO: [ app_end ] --START--
INFO: Run Behavior\ShowPageTraceBehavior [ RunTime:0.000934s ]
INFO: [ app_end ] --END-- [ RunTime:0.001039s ]

[ 2017-02-14T17:52:59+08:00 ] 127.0.0.1 /aoshi/index.php/Jobseekers?a=delete&index=education&%24%24hashKey=00J&degree=%E5%A4%A7%E4%B8%93&education_id=%0D%0A3&graduated=2017-09&major=55&school_name=55
INFO: [ app_init ] --START--
INFO: Run Behavior\BuildLiteBehavior [ RunTime:0.000028s ]
INFO: [ app_init ] --END-- [ RunTime:0.000611s ]
INFO: [ app_begin ] --START--
INFO: Run Behavior\ReadHtmlCacheBehavior [ RunTime:0.000826s ]
INFO: [ app_begin ] --END-- [ RunTime:0.000957s ]
SQL: SHOW COLUMNS FROM `resume_education` [ RunTime:0.0043s ]
SQL: DELETE FROM `resume_education` WHERE ( education_id=
3 ) [ RunTime:0.0659s ]
INFO: [ app_end ] --START--
INFO: Run Behavior\ShowPageTraceBehavior [ RunTime:0.001047s ]
INFO: [ app_end ] --END-- [ RunTime:0.001206s ]

[ 2017-02-14T17:53:05+08:00 ] 127.0.0.1 /aoshi/index.php/Jobseekers?a=save&index=prefered&%24%24hashKey=00H&expected_location=%E5%8C%97%E4%BA%AC&expected_monthly_income=5k-10k&expected_position=Web%E5%89%8D%E7%AB%AF%E5%BC%80%E5%8F%91&job_type=%E5%85%A8%E8%81%8C&prefered_id=1&uid=1
INFO: [ app_init ] --START--
INFO: Run Behavior\BuildLiteBehavior [ RunTime:0.000025s ]
INFO: [ app_init ] --END-- [ RunTime:0.000582s ]
INFO: [ app_begin ] --START--
INFO: Run Behavior\ReadHtmlCacheBehavior [ RunTime:0.000826s ]
INFO: [ app_begin ] --END-- [ RunTime:0.000933s ]
SQL: SHOW COLUMNS FROM `resume_prefered` [ RunTime:0.0022s ]
SQL: UPDATE `resume_prefered` SET `uid`='1',`expected_position`='Web前端开发',`expected_location`='北京',`expected_monthly_income`='5k-10k' WHERE ( uid=1 ) [ RunTime:0.0897s ]
INFO: [ app_end ] --START--
INFO: Run Behavior\ShowPageTraceBehavior [ RunTime:0.000911s ]
INFO: [ app_end ] --END-- [ RunTime:0.001015s ]

[ 2017-02-14T17:53:12+08:00 ] 127.0.0.1 /aoshi/index.php/Jobseekers?a=save&index=prefered&%24%24hashKey=00H&expected_location=%E5%B9%BF%E5%B7%9E&expected_monthly_income=5k-10k&expected_position=Web%E5%89%8D%E7%AB%AF%E5%BC%80%E5%8F%91&job_type=%E5%85%A8%E8%81%8C&prefered_id=1&uid=1
INFO: [ app_init ] --START--
INFO: Run Behavior\BuildLiteBehavior [ RunTime:0.000027s ]
INFO: [ app_init ] --END-- [ RunTime:0.000648s ]
INFO: [ app_begin ] --START--
INFO: Run Behavior\ReadHtmlCacheBehavior [ RunTime:0.000936s ]
INFO: [ app_begin ] --END-- [ RunTime:0.001065s ]
SQL: SHOW COLUMNS FROM `resume_prefered` [ RunTime:0.0023s ]
SQL: UPDATE `resume_prefered` SET `uid`='1',`expected_position`='Web前端开发',`expected_location`='广州',`expected_monthly_income`='5k-10k' WHERE ( uid=1 ) [ RunTime:0.0352s ]
INFO: [ app_end ] --START--
INFO: Run Behavior\ShowPageTraceBehavior [ RunTime:0.001464s ]
INFO: [ app_end ] --END-- [ RunTime:0.001639s ]

[ 2017-02-14T17:53:22+08:00 ] 127.0.0.1 /aoshi/index.php/Jobseekers?a=save&index=experience&job_description=5&job_title=5&re_company_name=5&working_time=5
INFO: [ app_init ] --START--
INFO: Run Behavior\BuildLiteBehavior [ RunTime:0.000026s ]
INFO: [ app_init ] --END-- [ RunTime:0.000526s ]
INFO: [ app_begin ] --START--
INFO: Run Behavior\ReadHtmlCacheBehavior [ RunTime:0.000898s ]
INFO: [ app_begin ] --END-- [ RunTime:0.001132s ]
SQL: SHOW COLUMNS FROM `resume_experience` [ RunTime:0.0007s ]
SQL: INSERT INTO `resume_experience` (`uid`,`re_company_name`,`job_title`,`working_time`,`job_description`) VALUES ('1','5','5','5','5') [ RunTime:0.0639s ]
INFO: [ app_end ] --START--
INFO: Run Behavior\ShowPageTraceBehavior [ RunTime:0.000917s ]
INFO: [ app_end ] --END-- [ RunTime:0.001025s ]

[ 2017-02-14T17:53:25+08:00 ] 127.0.0.1 /aoshi/index.php/Jobseekers?a=delete&index=experience&%24%24hashKey=00L&experience_id=%0D%0A3&job_description=5&job_title=5&re_company_name=5&working_time=5
INFO: [ app_init ] --START--
INFO: Run Behavior\BuildLiteBehavior [ RunTime:0.000055s ]
INFO: [ app_init ] --END-- [ RunTime:0.001099s ]
INFO: [ app_begin ] --START--
INFO: Run Behavior\ReadHtmlCacheBehavior [ RunTime:0.001178s ]
INFO: [ app_begin ] --END-- [ RunTime:0.001659s ]
SQL: SHOW COLUMNS FROM `resume_experience` [ RunTime:0.0041s ]
SQL: DELETE FROM `resume_experience` WHERE ( experience_id=
3 ) [ RunTime:0.0664s ]
INFO: [ app_end ] --START--
INFO: Run Behavior\ShowPageTraceBehavior [ RunTime:0.001317s ]
INFO: [ app_end ] --END-- [ RunTime:0.001502s ]

[ 2017-02-14T17:54:59+08:00 ] 127.0.0.1 /aoshi/index.php/Jobseekers/Index/index
INFO: [ app_init ] --START--
INFO: Run Behavior\BuildLiteBehavior [ RunTime:0.000034s ]
INFO: [ app_init ] --END-- [ RunTime:0.000762s ]
INFO: [ app_begin ] --START--
INFO: Run Behavior\ReadHtmlCacheBehavior [ RunTime:0.000801s ]
INFO: [ app_begin ] --END-- [ RunTime:0.000934s ]
SQL: SHOW COLUMNS FROM `jobseekers` [ RunTime:0.0020s ]
SQL: SELECT `photo` FROM `jobseekers` WHERE ( uid =1 )  [ RunTime:0.0004s ]
INFO: [ view_parse ] --START--
INFO: [ template_filter ] --START--
INFO: Run Behavior\ContentReplaceBehavior [ RunTime:0.000218s ]
INFO: [ template_filter ] --END-- [ RunTime:0.000344s ]
INFO: Run Behavior\ParseTemplateBehavior [ RunTime:0.015658s ]
INFO: [ view_parse ] --END-- [ RunTime:0.015792s ]
INFO: [ view_filter ] --START--
INFO: Run Behavior\WriteHtmlCacheBehavior [ RunTime:0.000665s ]
INFO: [ view_filter ] --END-- [ RunTime:0.000776s ]
INFO: [ app_end ] --START--
INFO: Run Behavior\ShowPageTraceBehavior [ RunTime:0.001109s ]
INFO: [ app_end ] --END-- [ RunTime:0.001340s ]

[ 2017-02-14T17:55:00+08:00 ] 127.0.0.1 /aoshi/index.php/Jobseekers?a=select
INFO: [ app_init ] --START--
INFO: Run Behavior\BuildLiteBehavior [ RunTime:0.000059s ]
INFO: [ app_init ] --END-- [ RunTime:0.000818s ]
INFO: [ app_begin ] --START--
INFO: Run Behavior\ReadHtmlCacheBehavior [ RunTime:0.001160s ]
INFO: [ app_begin ] --END-- [ RunTime:0.001298s ]
SQL: SHOW COLUMNS FROM `jobseekers` [ RunTime:0.0030s ]
SQL: SELECT * FROM `jobseekers` WHERE ( uid =1 )  [ RunTime:0.0004s ]
SQL: SHOW COLUMNS FROM `resume_basic` [ RunTime:0.0010s ]
SQL: SELECT * FROM `resume_basic` WHERE ( uid =1 )  [ RunTime:0.0006s ]
SQL: SHOW COLUMNS FROM `resume_experience` [ RunTime:0.0025s ]
SQL: SELECT * FROM `resume_experience` WHERE ( uid =1 )  [ RunTime:0.0006s ]
SQL: SHOW COLUMNS FROM `resume_education` [ RunTime:0.0025s ]
SQL: SELECT * FROM `resume_education` WHERE ( uid =1 )  [ RunTime:0.0004s ]
SQL: SHOW COLUMNS FROM `jobseekers_describe` [ RunTime:0.0027s ]
SQL: SELECT * FROM `jobseekers_describe` WHERE ( uid =1 )  [ RunTime:0.0004s ]
SQL: SHOW COLUMNS FROM `resume_prefered` [ RunTime:0.0008s ]
SQL: SELECT * FROM `resume_prefered` WHERE ( uid =1 )  [ RunTime:0.0005s ]
INFO: [ app_end ] --START--
INFO: Run Behavior\ShowPageTraceBehavior [ RunTime:0.001487s ]
INFO: [ app_end ] --END-- [ RunTime:0.001673s ]

[ 2017-02-14T17:55:56+08:00 ] 127.0.0.1 /aoshi/index.php/Jobseekers/Index/index
INFO: [ app_init ] --START--
INFO: Run Behavior\BuildLiteBehavior [ RunTime:0.000030s ]
INFO: [ app_init ] --END-- [ RunTime:0.000670s ]
INFO: [ app_begin ] --START--
INFO: Run Behavior\ReadHtmlCacheBehavior [ RunTime:0.001009s ]
INFO: [ app_begin ] --END-- [ RunTime:0.001154s ]
SQL: SHOW COLUMNS FROM `jobseekers` [ RunTime:0.0020s ]
SQL: SELECT `photo` FROM `jobseekers` WHERE ( uid =1 )  [ RunTime:0.0004s ]
INFO: [ view_parse ] --START--
INFO: [ template_filter ] --START--
INFO: Run Behavior\ContentReplaceBehavior [ RunTime:0.000225s ]
INFO: [ template_filter ] --END-- [ RunTime:0.000357s ]
INFO: Run Behavior\ParseTemplateBehavior [ RunTime:0.022240s ]
INFO: [ view_parse ] --END-- [ RunTime:0.022384s ]
INFO: [ view_filter ] --START--
INFO: Run Behavior\WriteHtmlCacheBehavior [ RunTime:0.000712s ]
INFO: [ view_filter ] --END-- [ RunTime:0.000850s ]
INFO: [ app_end ] --START--
INFO: Run Behavior\ShowPageTraceBehavior [ RunTime:0.001194s ]
INFO: [ app_end ] --END-- [ RunTime:0.001394s ]

[ 2017-02-14T17:55:57+08:00 ] 127.0.0.1 /aoshi/index.php/Jobseekers?a=select
INFO: [ app_init ] --START--
INFO: Run Behavior\BuildLiteBehavior [ RunTime:0.000032s ]
INFO: [ app_init ] --END-- [ RunTime:0.000731s ]
INFO: [ app_begin ] --START--
INFO: Run Behavior\ReadHtmlCacheBehavior [ RunTime:0.001028s ]
INFO: [ app_begin ] --END-- [ RunTime:0.001165s ]
SQL: SHOW COLUMNS FROM `jobseekers` [ RunTime:0.0022s ]
SQL: SELECT * FROM `jobseekers` WHERE ( uid =1 )  [ RunTime:0.0003s ]
SQL: SHOW COLUMNS FROM `resume_basic` [ RunTime:0.0009s ]
SQL: SELECT * FROM `resume_basic` WHERE ( uid =1 )  [ RunTime:0.0005s ]
SQL: SHOW COLUMNS FROM `resume_experience` [ RunTime:0.0023s ]
SQL: SELECT * FROM `resume_experience` WHERE ( uid =1 )  [ RunTime:0.0004s ]
SQL: SHOW COLUMNS FROM `resume_education` [ RunTime:0.0025s ]
SQL: SELECT * FROM `resume_education` WHERE ( uid =1 )  [ RunTime:0.0005s ]
SQL: SHOW COLUMNS FROM `jobseekers_describe` [ RunTime:0.0023s ]
SQL: SELECT * FROM `jobseekers_describe` WHERE ( uid =1 )  [ RunTime:0.0004s ]
SQL: SHOW COLUMNS FROM `resume_prefered` [ RunTime:0.0037s ]
SQL: SELECT * FROM `resume_prefered` WHERE ( uid =1 )  [ RunTime:0.0005s ]
INFO: [ app_end ] --START--
INFO: Run Behavior\ShowPageTraceBehavior [ RunTime:0.001580s ]
INFO: [ app_end ] --END-- [ RunTime:0.001765s ]

[ 2017-02-14T17:56:52+08:00 ] 127.0.0.1 /aoshi/index.php/Jobseekers/Index/index
INFO: [ app_init ] --START--
INFO: Run Behavior\BuildLiteBehavior [ RunTime:0.000039s ]
INFO: [ app_init ] --END-- [ RunTime:0.000742s ]
INFO: [ app_begin ] --START--
INFO: Run Behavior\ReadHtmlCacheBehavior [ RunTime:0.000841s ]
INFO: [ app_begin ] --END-- [ RunTime:0.000978s ]
SQL: SHOW COLUMNS FROM `jobseekers` [ RunTime:0.0007s ]
SQL: SELECT `photo` FROM `jobseekers` WHERE ( uid =1 )  [ RunTime:0.0003s ]
INFO: [ view_parse ] --START--
INFO: [ template_filter ] --START--
INFO: Run Behavior\ContentReplaceBehavior [ RunTime:0.000215s ]
INFO: [ template_filter ] --END-- [ RunTime:0.000340s ]
INFO: Run Behavior\ParseTemplateBehavior [ RunTime:0.015121s ]
INFO: [ view_parse ] --END-- [ RunTime:0.015247s ]
INFO: [ view_filter ] --START--
INFO: Run Behavior\WriteHtmlCacheBehavior [ RunTime:0.000616s ]
INFO: [ view_filter ] --END-- [ RunTime:0.000728s ]
INFO: [ app_end ] --START--
INFO: Run Behavior\ShowPageTraceBehavior [ RunTime:0.001815s ]
INFO: [ app_end ] --END-- [ RunTime:0.002036s ]

[ 2017-02-14T17:56:53+08:00 ] 127.0.0.1 /aoshi/index.php/Jobseekers?a=select
INFO: [ app_init ] --START--
INFO: Run Behavior\BuildLiteBehavior [ RunTime:0.000032s ]
INFO: [ app_init ] --END-- [ RunTime:0.000735s ]
INFO: [ app_begin ] --START--
INFO: Run Behavior\ReadHtmlCacheBehavior [ RunTime:0.001709s ]
INFO: [ app_begin ] --END-- [ RunTime:0.001939s ]
SQL: SHOW COLUMNS FROM `jobseekers` [ RunTime:0.0009s ]
SQL: SELECT * FROM `jobseekers` WHERE ( uid =1 )  [ RunTime:0.0005s ]
SQL: SHOW COLUMNS FROM `resume_basic` [ RunTime:0.0036s ]
SQL: SELECT * FROM `resume_basic` WHERE ( uid =1 )  [ RunTime:0.0004s ]
SQL: SHOW COLUMNS FROM `resume_experience` [ RunTime:0.0022s ]
SQL: SELECT * FROM `resume_experience` WHERE ( uid =1 )  [ RunTime:0.0004s ]
SQL: SHOW COLUMNS FROM `resume_education` [ RunTime:0.0024s ]
SQL: SELECT * FROM `resume_education` WHERE ( uid =1 )  [ RunTime:0.0004s ]
SQL: SHOW COLUMNS FROM `jobseekers_describe` [ RunTime:0.0031s ]
SQL: SELECT * FROM `jobseekers_describe` WHERE ( uid =1 )  [ RunTime:0.0004s ]
SQL: SHOW COLUMNS FROM `resume_prefered` [ RunTime:0.0026s ]
SQL: SELECT * FROM `resume_prefered` WHERE ( uid =1 )  [ RunTime:0.0004s ]
INFO: [ app_end ] --START--
INFO: Run Behavior\ShowPageTraceBehavior [ RunTime:0.001248s ]
INFO: [ app_end ] --END-- [ RunTime:0.001369s ]

[ 2017-02-14T17:58:24+08:00 ] 127.0.0.1 /aoshi/index.php/Jobseekers/Index/index
INFO: [ app_init ] --START--
INFO: Run Behavior\BuildLiteBehavior [ RunTime:0.000030s ]
INFO: [ app_init ] --END-- [ RunTime:0.000703s ]
INFO: [ app_begin ] --START--
INFO: Run Behavior\ReadHtmlCacheBehavior [ RunTime:0.000924s ]
INFO: [ app_begin ] --END-- [ RunTime:0.001047s ]
SQL: SHOW COLUMNS FROM `jobseekers` [ RunTime:0.0009s ]
SQL: SELECT `photo` FROM `jobseekers` WHERE ( uid =1 )  [ RunTime:0.0004s ]
INFO: [ view_parse ] --START--
INFO: [ template_filter ] --START--
INFO: Run Behavior\ContentReplaceBehavior [ RunTime:0.000222s ]
INFO: [ template_filter ] --END-- [ RunTime:0.000352s ]
INFO: Run Behavior\ParseTemplateBehavior [ RunTime:0.015717s ]
INFO: [ view_parse ] --END-- [ RunTime:0.015864s ]
INFO: [ view_filter ] --START--
INFO: Run Behavior\WriteHtmlCacheBehavior [ RunTime:0.000648s ]
INFO: [ view_filter ] --END-- [ RunTime:0.000761s ]
INFO: [ app_end ] --START--
INFO: Run Behavior\ShowPageTraceBehavior [ RunTime:0.001108s ]
INFO: [ app_end ] --END-- [ RunTime:0.001302s ]

[ 2017-02-14T17:58:24+08:00 ] 127.0.0.1 /aoshi/index.php/Jobseekers?a=select
INFO: [ app_init ] --START--
INFO: Run Behavior\BuildLiteBehavior [ RunTime:0.000055s ]
INFO: [ app_init ] --END-- [ RunTime:0.001031s ]
INFO: [ app_begin ] --START--
INFO: Run Behavior\ReadHtmlCacheBehavior [ RunTime:0.001222s ]
INFO: [ app_begin ] --END-- [ RunTime:0.001409s ]
SQL: SHOW COLUMNS FROM `jobseekers` [ RunTime:0.0007s ]
SQL: SELECT * FROM `jobseekers` WHERE ( uid =1 )  [ RunTime:0.0003s ]
SQL: SHOW COLUMNS FROM `resume_basic` [ RunTime:0.0008s ]
SQL: SELECT * FROM `resume_basic` WHERE ( uid =1 )  [ RunTime:0.0004s ]
SQL: SHOW COLUMNS FROM `resume_experience` [ RunTime:0.0010s ]
SQL: SELECT * FROM `resume_experience` WHERE ( uid =1 )  [ RunTime:0.0004s ]
SQL: SHOW COLUMNS FROM `resume_education` [ RunTime:0.0008s ]
SQL: SELECT * FROM `resume_education` WHERE ( uid =1 )  [ RunTime:0.0004s ]
SQL: SHOW COLUMNS FROM `jobseekers_describe` [ RunTime:0.0008s ]
SQL: SELECT * FROM `jobseekers_describe` WHERE ( uid =1 )  [ RunTime:0.0003s ]
SQL: SHOW COLUMNS FROM `resume_prefered` [ RunTime:0.0007s ]
SQL: SELECT * FROM `resume_prefered` WHERE ( uid =1 )  [ RunTime:0.0004s ]
INFO: [ app_end ] --START--
INFO: Run Behavior\ShowPageTraceBehavior [ RunTime:0.001161s ]
INFO: [ app_end ] --END-- [ RunTime:0.001330s ]

[ 2017-02-14T17:58:39+08:00 ] 127.0.0.1 /aoshi/index.php/Jobseekers?a=save&index=describe&describe=555555
INFO: [ app_init ] --START--
INFO: Run Behavior\BuildLiteBehavior [ RunTime:0.000025s ]
INFO: [ app_init ] --END-- [ RunTime:0.000509s ]
INFO: [ app_begin ] --START--
INFO: Run Behavior\ReadHtmlCacheBehavior [ RunTime:0.000816s ]
INFO: [ app_begin ] --END-- [ RunTime:0.000917s ]
SQL: SHOW COLUMNS FROM `jobseekers_describe` [ RunTime:0.0010s ]
SQL: INSERT INTO `jobseekers_describe` (`uid`,`describe`) VALUES ('1','555555') [ RunTime:0.0270s ]
INFO: [ app_end ] --START--
INFO: Run Behavior\ShowPageTraceBehavior [ RunTime:0.000959s ]
INFO: [ app_end ] --END-- [ RunTime:0.001061s ]

[ 2017-02-14T17:58:45+08:00 ] 127.0.0.1 /aoshi/index.php/Jobseekers/Index/index
INFO: [ app_init ] --START--
INFO: Run Behavior\BuildLiteBehavior [ RunTime:0.000025s ]
INFO: [ app_init ] --END-- [ RunTime:0.000504s ]
INFO: [ app_begin ] --START--
INFO: Run Behavior\ReadHtmlCacheBehavior [ RunTime:0.001016s ]
INFO: [ app_begin ] --END-- [ RunTime:0.001169s ]
SQL: SHOW COLUMNS FROM `jobseekers` [ RunTime:0.0006s ]
SQL: SELECT `photo` FROM `jobseekers` WHERE ( uid =1 )  [ RunTime:0.0004s ]
INFO: [ view_parse ] --START--
INFO: [ template_filter ] --START--
INFO: Run Behavior\ContentReplaceBehavior [ RunTime:0.000218s ]
INFO: [ template_filter ] --END-- [ RunTime:0.000351s ]
INFO: Run Behavior\ParseTemplateBehavior [ RunTime:0.015808s ]
INFO: [ view_parse ] --END-- [ RunTime:0.015934s ]
INFO: [ view_filter ] --START--
INFO: Run Behavior\WriteHtmlCacheBehavior [ RunTime:0.000633s ]
INFO: [ view_filter ] --END-- [ RunTime:0.000763s ]
INFO: [ app_end ] --START--
INFO: Run Behavior\ShowPageTraceBehavior [ RunTime:0.001342s ]
INFO: [ app_end ] --END-- [ RunTime:0.001605s ]

[ 2017-02-14T17:58:46+08:00 ] 127.0.0.1 /aoshi/index.php/Jobseekers?a=select
INFO: [ app_init ] --START--
INFO: Run Behavior\BuildLiteBehavior [ RunTime:0.000047s ]
INFO: [ app_init ] --END-- [ RunTime:0.000896s ]
INFO: [ app_begin ] --START--
INFO: Run Behavior\ReadHtmlCacheBehavior [ RunTime:0.001092s ]
INFO: [ app_begin ] --END-- [ RunTime:0.001313s ]
SQL: SHOW COLUMNS FROM `jobseekers` [ RunTime:0.0033s ]
SQL: SELECT * FROM `jobseekers` WHERE ( uid =1 )  [ RunTime:0.0004s ]
SQL: SHOW COLUMNS FROM `resume_basic` [ RunTime:0.0034s ]
SQL: SELECT * FROM `resume_basic` WHERE ( uid =1 )  [ RunTime:0.0006s ]
SQL: SHOW COLUMNS FROM `resume_experience` [ RunTime:0.0035s ]
SQL: SELECT * FROM `resume_experience` WHERE ( uid =1 )  [ RunTime:0.0004s ]
SQL: SHOW COLUMNS FROM `resume_education` [ RunTime:0.0008s ]
SQL: SELECT * FROM `resume_education` WHERE ( uid =1 )  [ RunTime:0.0004s ]
SQL: SHOW COLUMNS FROM `jobseekers_describe` [ RunTime:0.0031s ]
SQL: SELECT * FROM `jobseekers_describe` WHERE ( uid =1 )  [ RunTime:0.0003s ]
SQL: SHOW COLUMNS FROM `resume_prefered` [ RunTime:0.0023s ]
SQL: SELECT * FROM `resume_prefered` WHERE ( uid =1 )  [ RunTime:0.0004s ]
INFO: [ app_end ] --START--
INFO: Run Behavior\ShowPageTraceBehavior [ RunTime:0.000843s ]
INFO: [ app_end ] --END-- [ RunTime:0.001042s ]

[ 2017-02-14T17:59:14+08:00 ] 127.0.0.1 /aoshi/index.php/Jobseekers/Index/index
INFO: [ app_init ] --START--
INFO: Run Behavior\BuildLiteBehavior [ RunTime:0.000026s ]
INFO: [ app_init ] --END-- [ RunTime:0.000418s ]
INFO: [ app_begin ] --START--
INFO: Run Behavior\ReadHtmlCacheBehavior [ RunTime:0.000423s ]
INFO: [ app_begin ] --END-- [ RunTime:0.000543s ]
SQL: SHOW COLUMNS FROM `jobseekers` [ RunTime:0.0019s ]
SQL: SELECT `photo` FROM `jobseekers` WHERE ( uid =1 )  [ RunTime:0.0003s ]
INFO: [ view_parse ] --START--
INFO: [ template_filter ] --START--
INFO: Run Behavior\ContentReplaceBehavior [ RunTime:0.000221s ]
INFO: [ template_filter ] --END-- [ RunTime:0.000352s ]
INFO: Run Behavior\ParseTemplateBehavior [ RunTime:0.013899s ]
INFO: [ view_parse ] --END-- [ RunTime:0.014024s ]
INFO: [ view_filter ] --START--
INFO: Run Behavior\WriteHtmlCacheBehavior [ RunTime:0.000467s ]
INFO: [ view_filter ] --END-- [ RunTime:0.000578s ]
INFO: [ app_end ] --START--
INFO: Run Behavior\ShowPageTraceBehavior [ RunTime:0.000561s ]
INFO: [ app_end ] --END-- [ RunTime:0.000734s ]

[ 2017-02-14T17:59:14+08:00 ] 127.0.0.1 /aoshi/index.php/Jobseekers?a=select
INFO: [ app_init ] --START--
INFO: Run Behavior\BuildLiteBehavior [ RunTime:0.000031s ]
INFO: [ app_init ] --END-- [ RunTime:0.000719s ]
INFO: [ app_begin ] --START--
INFO: Run Behavior\ReadHtmlCacheBehavior [ RunTime:0.001758s ]
INFO: [ app_begin ] --END-- [ RunTime:0.001958s ]
SQL: SHOW COLUMNS FROM `jobseekers` [ RunTime:0.0026s ]
SQL: SELECT * FROM `jobseekers` WHERE ( uid =1 )  [ RunTime:0.0004s ]
SQL: SHOW COLUMNS FROM `resume_basic` [ RunTime:0.0024s ]
SQL: SELECT * FROM `resume_basic` WHERE ( uid =1 )  [ RunTime:0.0004s ]
SQL: SHOW COLUMNS FROM `resume_experience` [ RunTime:0.0032s ]
SQL: SELECT * FROM `resume_experience` WHERE ( uid =1 )  [ RunTime:0.0004s ]
SQL: SHOW COLUMNS FROM `resume_education` [ RunTime:0.0029s ]
SQL: SELECT * FROM `resume_education` WHERE ( uid =1 )  [ RunTime:0.0005s ]
SQL: SHOW COLUMNS FROM `jobseekers_describe` [ RunTime:0.0035s ]
SQL: SELECT * FROM `jobseekers_describe` WHERE ( uid =1 )  [ RunTime:0.0004s ]
SQL: SHOW COLUMNS FROM `resume_prefered` [ RunTime:0.0006s ]
SQL: SELECT * FROM `resume_prefered` WHERE ( uid =1 )  [ RunTime:0.0003s ]
INFO: [ app_end ] --START--
INFO: Run Behavior\ShowPageTraceBehavior [ RunTime:0.001500s ]
INFO: [ app_end ] --END-- [ RunTime:0.001657s ]

[ 2017-02-14T18:00:53+08:00 ] 127.0.0.1 /aoshi/index.php/Jobseekers/Index/index
INFO: [ app_init ] --START--
INFO: Run Behavior\BuildLiteBehavior [ RunTime:0.000047s ]
INFO: [ app_init ] --END-- [ RunTime:0.000993s ]
INFO: [ app_begin ] --START--
INFO: Run Behavior\ReadHtmlCacheBehavior [ RunTime:0.001101s ]
INFO: [ app_begin ] --END-- [ RunTime:0.001249s ]
SQL: SHOW COLUMNS FROM `jobseekers` [ RunTime:0.0022s ]
SQL: SELECT `photo` FROM `jobseekers` WHERE ( uid =1 )  [ RunTime:0.0004s ]
INFO: [ view_parse ] --START--
INFO: [ template_filter ] --START--
INFO: Run Behavior\ContentReplaceBehavior [ RunTime:0.000216s ]
INFO: [ template_filter ] --END-- [ RunTime:0.000341s ]
INFO: Run Behavior\ParseTemplateBehavior [ RunTime:0.015246s ]
INFO: [ view_parse ] --END-- [ RunTime:0.015389s ]
INFO: [ view_filter ] --START--
INFO: Run Behavior\WriteHtmlCacheBehavior [ RunTime:0.000650s ]
INFO: [ view_filter ] --END-- [ RunTime:0.000766s ]
INFO: [ app_end ] --START--
INFO: Run Behavior\ShowPageTraceBehavior [ RunTime:0.001216s ]
INFO: [ app_end ] --END-- [ RunTime:0.001365s ]

[ 2017-02-14T18:00:54+08:00 ] 127.0.0.1 /aoshi/index.php/Jobseekers?a=select
INFO: [ app_init ] --START--
INFO: Run Behavior\BuildLiteBehavior [ RunTime:0.000031s ]
INFO: [ app_init ] --END-- [ RunTime:0.000628s ]
INFO: [ app_begin ] --START--
INFO: Run Behavior\ReadHtmlCacheBehavior [ RunTime:0.000717s ]
INFO: [ app_begin ] --END-- [ RunTime:0.000841s ]
SQL: SHOW COLUMNS FROM `jobseekers` [ RunTime:0.0022s ]
SQL: SELECT * FROM `jobseekers` WHERE ( uid =1 )  [ RunTime:0.0003s ]
SQL: SHOW COLUMNS FROM `resume_basic` [ RunTime:0.0008s ]
SQL: SELECT * FROM `resume_basic` WHERE ( uid =1 )  [ RunTime:0.0004s ]
SQL: SHOW COLUMNS FROM `resume_experience` [ RunTime:0.0009s ]
SQL: SELECT * FROM `resume_experience` WHERE ( uid =1 )  [ RunTime:0.0003s ]
SQL: SHOW COLUMNS FROM `resume_education` [ RunTime:0.0006s ]
SQL: SELECT * FROM `resume_education` WHERE ( uid =1 )  [ RunTime:0.0006s ]
SQL: SHOW COLUMNS FROM `jobseekers_describe` [ RunTime:0.0024s ]
SQL: SELECT * FROM `jobseekers_describe` WHERE ( uid =1 )  [ RunTime:0.0006s ]
SQL: SHOW COLUMNS FROM `resume_prefered` [ RunTime:0.0009s ]
SQL: SELECT * FROM `resume_prefered` WHERE ( uid =1 )  [ RunTime:0.0004s ]
INFO: [ app_end ] --START--
INFO: Run Behavior\ShowPageTraceBehavior [ RunTime:0.000797s ]
INFO: [ app_end ] --END-- [ RunTime:0.000958s ]

[ 2017-02-14T18:00:57+08:00 ] 127.0.0.1 /aoshi/index.php/Jobseekers/Index/index
INFO: [ app_init ] --START--
INFO: Run Behavior\BuildLiteBehavior [ RunTime:0.000025s ]
INFO: [ app_init ] --END-- [ RunTime:0.000411s ]
INFO: [ app_begin ] --START--
INFO: Run Behavior\ReadHtmlCacheBehavior [ RunTime:0.000428s ]
INFO: [ app_begin ] --END-- [ RunTime:0.000547s ]
SQL: SHOW COLUMNS FROM `jobseekers` [ RunTime:0.0018s ]
SQL: SELECT `photo` FROM `jobseekers` WHERE ( uid =1 )  [ RunTime:0.0003s ]
INFO: [ view_parse ] --START--
INFO: [ template_filter ] --START--
INFO: Run Behavior\ContentReplaceBehavior [ RunTime:0.000219s ]
INFO: [ template_filter ] --END-- [ RunTime:0.000353s ]
INFO: Run Behavior\ParseTemplateBehavior [ RunTime:0.014152s ]
INFO: [ view_parse ] --END-- [ RunTime:0.014286s ]
INFO: [ view_filter ] --START--
INFO: Run Behavior\WriteHtmlCacheBehavior [ RunTime:0.000422s ]
INFO: [ view_filter ] --END-- [ RunTime:0.000537s ]
INFO: [ app_end ] --START--
INFO: Run Behavior\ShowPageTraceBehavior [ RunTime:0.000580s ]
INFO: [ app_end ] --END-- [ RunTime:0.000720s ]

[ 2017-02-14T18:00:57+08:00 ] 127.0.0.1 /aoshi/index.php/Jobseekers?a=select
INFO: [ app_init ] --START--
INFO: Run Behavior\BuildLiteBehavior [ RunTime:0.000031s ]
INFO: [ app_init ] --END-- [ RunTime:0.000537s ]
INFO: [ app_begin ] --START--
INFO: Run Behavior\ReadHtmlCacheBehavior [ RunTime:0.000803s ]
INFO: [ app_begin ] --END-- [ RunTime:0.000993s ]
SQL: SHOW COLUMNS FROM `jobseekers` [ RunTime:0.0007s ]
SQL: SELECT * FROM `jobseekers` WHERE ( uid =1 )  [ RunTime:0.0010s ]
SQL: SHOW COLUMNS FROM `resume_basic` [ RunTime:0.0036s ]
SQL: SELECT * FROM `resume_basic` WHERE ( uid =1 )  [ RunTime:0.0005s ]
SQL: SHOW COLUMNS FROM `resume_experience` [ RunTime:0.0031s ]
SQL: SELECT * FROM `resume_experience` WHERE ( uid =1 )  [ RunTime:0.0003s ]
SQL: SHOW COLUMNS FROM `resume_education` [ RunTime:0.0033s ]
SQL: SELECT * FROM `resume_education` WHERE ( uid =1 )  [ RunTime:0.0004s ]
SQL: SHOW COLUMNS FROM `jobseekers_describe` [ RunTime:0.0028s ]
SQL: SELECT * FROM `jobseekers_describe` WHERE ( uid =1 )  [ RunTime:0.0005s ]
SQL: SHOW COLUMNS FROM `resume_prefered` [ RunTime:0.0025s ]
SQL: SELECT * FROM `resume_prefered` WHERE ( uid =1 )  [ RunTime:0.0004s ]
INFO: [ app_end ] --START--
INFO: Run Behavior\ShowPageTraceBehavior [ RunTime:0.000645s ]
INFO: [ app_end ] --END-- [ RunTime:0.000767s ]

[ 2017-02-14T18:01:32+08:00 ] 127.0.0.1 /aoshi/index.php/Jobseekers/Index/index
INFO: [ app_init ] --START--
INFO: Run Behavior\BuildLiteBehavior [ RunTime:0.000043s ]
INFO: [ app_init ] --END-- [ RunTime:0.000764s ]
INFO: [ app_begin ] --START--
INFO: Run Behavior\ReadHtmlCacheBehavior [ RunTime:0.000446s ]
INFO: [ app_begin ] --END-- [ RunTime:0.000569s ]
SQL: SHOW COLUMNS FROM `jobseekers` [ RunTime:0.0008s ]
SQL: SELECT `photo` FROM `jobseekers` WHERE ( uid =1 )  [ RunTime:0.0003s ]
INFO: [ view_parse ] --START--
INFO: [ template_filter ] --START--
INFO: Run Behavior\ContentReplaceBehavior [ RunTime:0.000220s ]
INFO: [ template_filter ] --END-- [ RunTime:0.000350s ]
INFO: Run Behavior\ParseTemplateBehavior [ RunTime:0.014051s ]
INFO: [ view_parse ] --END-- [ RunTime:0.014182s ]
INFO: [ view_filter ] --START--
INFO: Run Behavior\WriteHtmlCacheBehavior [ RunTime:0.000459s ]
INFO: [ view_filter ] --END-- [ RunTime:0.000575s ]
INFO: [ app_end ] --START--
INFO: Run Behavior\ShowPageTraceBehavior [ RunTime:0.000562s ]
INFO: [ app_end ] --END-- [ RunTime:0.000703s ]

[ 2017-02-14T18:01:32+08:00 ] 127.0.0.1 /aoshi/index.php/Jobseekers?a=select
INFO: [ app_init ] --START--
INFO: Run Behavior\BuildLiteBehavior [ RunTime:0.000030s ]
INFO: [ app_init ] --END-- [ RunTime:0.000573s ]
INFO: [ app_begin ] --START--
INFO: Run Behavior\ReadHtmlCacheBehavior [ RunTime:0.000986s ]
INFO: [ app_begin ] --END-- [ RunTime:0.001120s ]
SQL: SHOW COLUMNS FROM `jobseekers` [ RunTime:0.0007s ]
SQL: SELECT * FROM `jobseekers` WHERE ( uid =1 )  [ RunTime:0.0004s ]
SQL: SHOW COLUMNS FROM `resume_basic` [ RunTime:0.0023s ]
SQL: SELECT * FROM `resume_basic` WHERE ( uid =1 )  [ RunTime:0.0004s ]
SQL: SHOW COLUMNS FROM `resume_experience` [ RunTime:0.0024s ]
SQL: SELECT * FROM `resume_experience` WHERE ( uid =1 )  [ RunTime:0.0010s ]
SQL: SHOW COLUMNS FROM `resume_education` [ RunTime:0.0024s ]
SQL: SELECT * FROM `resume_education` WHERE ( uid =1 )  [ RunTime:0.0004s ]
SQL: SHOW COLUMNS FROM `jobseekers_describe` [ RunTime:0.0037s ]
SQL: SELECT * FROM `jobseekers_describe` WHERE ( uid =1 )  [ RunTime:0.0004s ]
SQL: SHOW COLUMNS FROM `resume_prefered` [ RunTime:0.0023s ]
SQL: SELECT * FROM `resume_prefered` WHERE ( uid =1 )  [ RunTime:0.0005s ]
INFO: [ app_end ] --START--
INFO: Run Behavior\ShowPageTraceBehavior [ RunTime:0.001661s ]
INFO: [ app_end ] --END-- [ RunTime:0.001872s ]

[ 2017-02-14T18:02:26+08:00 ] 127.0.0.1 /aoshi/index.php/Jobseekers/Index/index
INFO: [ app_init ] --START--
INFO: Run Behavior\BuildLiteBehavior [ RunTime:0.000025s ]
INFO: [ app_init ] --END-- [ RunTime:0.000491s ]
INFO: [ app_begin ] --START--
INFO: Run Behavior\ReadHtmlCacheBehavior [ RunTime:0.000883s ]
INFO: [ app_begin ] --END-- [ RunTime:0.001017s ]
SQL: SHOW COLUMNS FROM `jobseekers` [ RunTime:0.0007s ]
SQL: SELECT `photo` FROM `jobseekers` WHERE ( uid =1 )  [ RunTime:0.0003s ]
INFO: [ view_parse ] --START--
INFO: [ template_filter ] --START--
INFO: Run Behavior\ContentReplaceBehavior [ RunTime:0.000214s ]
INFO: [ template_filter ] --END-- [ RunTime:0.000341s ]
INFO: Run Behavior\ParseTemplateBehavior [ RunTime:0.015414s ]
INFO: [ view_parse ] --END-- [ RunTime:0.015554s ]
INFO: [ view_filter ] --START--
INFO: Run Behavior\WriteHtmlCacheBehavior [ RunTime:0.000623s ]
INFO: [ view_filter ] --END-- [ RunTime:0.000738s ]
INFO: [ app_end ] --START--
INFO: Run Behavior\ShowPageTraceBehavior [ RunTime:0.001919s ]
INFO: [ app_end ] --END-- [ RunTime:0.002131s ]

[ 2017-02-14T18:02:26+08:00 ] 127.0.0.1 /aoshi/index.php/Jobseekers?a=select
INFO: [ app_init ] --START--
INFO: Run Behavior\BuildLiteBehavior [ RunTime:0.000050s ]
INFO: [ app_init ] --END-- [ RunTime:0.000893s ]
INFO: [ app_begin ] --START--
INFO: Run Behavior\ReadHtmlCacheBehavior [ RunTime:0.000964s ]
INFO: [ app_begin ] --END-- [ RunTime:0.001093s ]
SQL: SHOW COLUMNS FROM `jobseekers` [ RunTime:0.0010s ]
SQL: SELECT * FROM `jobseekers` WHERE ( uid =1 )  [ RunTime:0.0004s ]
SQL: SHOW COLUMNS FROM `resume_basic` [ RunTime:0.0025s ]
SQL: SELECT * FROM `resume_basic` WHERE ( uid =1 )  [ RunTime:0.0004s ]
SQL: SHOW COLUMNS FROM `resume_experience` [ RunTime:0.0022s ]
SQL: SELECT * FROM `resume_experience` WHERE ( uid =1 )  [ RunTime:0.0004s ]
SQL: SHOW COLUMNS FROM `resume_education` [ RunTime:0.0027s ]
SQL: SELECT * FROM `resume_education` WHERE ( uid =1 )  [ RunTime:0.0003s ]
SQL: SHOW COLUMNS FROM `jobseekers_describe` [ RunTime:0.0043s ]
SQL: SELECT * FROM `jobseekers_describe` WHERE ( uid =1 )  [ RunTime:0.0005s ]
SQL: SHOW COLUMNS FROM `resume_prefered` [ RunTime:0.0028s ]
SQL: SELECT * FROM `resume_prefered` WHERE ( uid =1 )  [ RunTime:0.0005s ]
INFO: [ app_end ] --START--
INFO: Run Behavior\ShowPageTraceBehavior [ RunTime:0.001087s ]
INFO: [ app_end ] --END-- [ RunTime:0.001214s ]

[ 2017-02-14T18:03:07+08:00 ] 127.0.0.1 /aoshi/index.php/Jobseekers/Index/index
INFO: [ app_init ] --START--
INFO: Run Behavior\BuildLiteBehavior [ RunTime:0.000026s ]
INFO: [ app_init ] --END-- [ RunTime:0.000467s ]
INFO: [ app_begin ] --START--
INFO: Run Behavior\ReadHtmlCacheBehavior [ RunTime:0.001303s ]
INFO: [ app_begin ] --END-- [ RunTime:0.001557s ]
SQL: SHOW COLUMNS FROM `jobseekers` [ RunTime:0.0007s ]
SQL: SELECT `photo` FROM `jobseekers` WHERE ( uid =1 )  [ RunTime:0.0003s ]
INFO: [ view_parse ] --START--
INFO: [ template_filter ] --START--
INFO: Run Behavior\ContentReplaceBehavior [ RunTime:0.000217s ]
INFO: [ template_filter ] --END-- [ RunTime:0.000341s ]
INFO: Run Behavior\ParseTemplateBehavior [ RunTime:0.014717s ]
INFO: [ view_parse ] --END-- [ RunTime:0.014846s ]
INFO: [ view_filter ] --START--
INFO: Run Behavior\WriteHtmlCacheBehavior [ RunTime:0.000616s ]
INFO: [ view_filter ] --END-- [ RunTime:0.000732s ]
INFO: [ app_end ] --START--
INFO: Run Behavior\ShowPageTraceBehavior [ RunTime:0.001064s ]
INFO: [ app_end ] --END-- [ RunTime:0.001248s ]

[ 2017-02-14T18:03:07+08:00 ] 127.0.0.1 /aoshi/index.php/Jobseekers?a=select
INFO: [ app_init ] --START--
INFO: Run Behavior\BuildLiteBehavior [ RunTime:0.000038s ]
INFO: [ app_init ] --END-- [ RunTime:0.001881s ]
INFO: [ app_begin ] --START--
INFO: Run Behavior\ReadHtmlCacheBehavior [ RunTime:0.000736s ]
INFO: [ app_begin ] --END-- [ RunTime:0.000867s ]
SQL: SHOW COLUMNS FROM `jobseekers` [ RunTime:0.0007s ]
SQL: SELECT * FROM `jobseekers` WHERE ( uid =1 )  [ RunTime:0.0004s ]
SQL: SHOW COLUMNS FROM `resume_basic` [ RunTime:0.0034s ]
SQL: SELECT * FROM `resume_basic` WHERE ( uid =1 )  [ RunTime:0.0005s ]
SQL: SHOW COLUMNS FROM `resume_experience` [ RunTime:0.0031s ]
SQL: SELECT * FROM `resume_experience` WHERE ( uid =1 )  [ RunTime:0.0004s ]
SQL: SHOW COLUMNS FROM `resume_education` [ RunTime:0.0023s ]
SQL: SELECT * FROM `resume_education` WHERE ( uid =1 )  [ RunTime:0.0004s ]
SQL: SHOW COLUMNS FROM `jobseekers_describe` [ RunTime:0.0036s ]
SQL: SELECT * FROM `jobseekers_describe` WHERE ( uid =1 )  [ RunTime:0.0004s ]
SQL: SHOW COLUMNS FROM `resume_prefered` [ RunTime:0.0024s ]
SQL: SELECT * FROM `resume_prefered` WHERE ( uid =1 )  [ RunTime:0.0004s ]
INFO: [ app_end ] --START--
INFO: Run Behavior\ShowPageTraceBehavior [ RunTime:0.000947s ]
INFO: [ app_end ] --END-- [ RunTime:0.001116s ]

[ 2017-02-14T18:03:15+08:00 ] 127.0.0.1 /aoshi/index.php/Jobseekers/Index/index
INFO: [ app_init ] --START--
INFO: Run Behavior\BuildLiteBehavior [ RunTime:0.000025s ]
INFO: [ app_init ] --END-- [ RunTime:0.000437s ]
INFO: [ app_begin ] --START--
INFO: Run Behavior\ReadHtmlCacheBehavior [ RunTime:0.000428s ]
INFO: [ app_begin ] --END-- [ RunTime:0.000547s ]
SQL: SHOW COLUMNS FROM `jobseekers` [ RunTime:0.0006s ]
SQL: SELECT `photo` FROM `jobseekers` WHERE ( uid =1 )  [ RunTime:0.0003s ]
INFO: [ view_parse ] --START--
INFO: [ template_filter ] --START--
INFO: Run Behavior\ContentReplaceBehavior [ RunTime:0.000427s ]
INFO: [ template_filter ] --END-- [ RunTime:0.000655s ]
INFO: Run Behavior\ParseTemplateBehavior [ RunTime:0.015641s ]
INFO: [ view_parse ] --END-- [ RunTime:0.015773s ]
INFO: [ view_filter ] --START--
INFO: Run Behavior\WriteHtmlCacheBehavior [ RunTime:0.000442s ]
INFO: [ view_filter ] --END-- [ RunTime:0.000556s ]
INFO: [ app_end ] --START--
INFO: Run Behavior\ShowPageTraceBehavior [ RunTime:0.000564s ]
INFO: [ app_end ] --END-- [ RunTime:0.000704s ]

[ 2017-02-14T18:03:15+08:00 ] 127.0.0.1 /aoshi/index.php/Jobseekers?a=select
INFO: [ app_init ] --START--
INFO: Run Behavior\BuildLiteBehavior [ RunTime:0.000031s ]
INFO: [ app_init ] --END-- [ RunTime:0.000615s ]
INFO: [ app_begin ] --START--
INFO: Run Behavior\ReadHtmlCacheBehavior [ RunTime:0.000742s ]
INFO: [ app_begin ] --END-- [ RunTime:0.000893s ]
SQL: SHOW COLUMNS FROM `jobseekers` [ RunTime:0.0008s ]
SQL: SELECT * FROM `jobseekers` WHERE ( uid =1 )  [ RunTime:0.0003s ]
SQL: SHOW COLUMNS FROM `resume_basic` [ RunTime:0.0009s ]
SQL: SELECT * FROM `resume_basic` WHERE ( uid =1 )  [ RunTime:0.0004s ]
SQL: SHOW COLUMNS FROM `resume_experience` [ RunTime:0.0008s ]
SQL: SELECT * FROM `resume_experience` WHERE ( uid =1 )  [ RunTime:0.0012s ]
SQL: SHOW COLUMNS FROM `resume_education` [ RunTime:0.0007s ]
SQL: SELECT * FROM `resume_education` WHERE ( uid =1 )  [ RunTime:0.0004s ]
SQL: SHOW COLUMNS FROM `jobseekers_describe` [ RunTime:0.0007s ]
SQL: SELECT * FROM `jobseekers_describe` WHERE ( uid =1 )  [ RunTime:0.0004s ]
SQL: SHOW COLUMNS FROM `resume_prefered` [ RunTime:0.0008s ]
SQL: SELECT * FROM `resume_prefered` WHERE ( uid =1 )  [ RunTime:0.0004s ]
INFO: [ app_end ] --START--
INFO: Run Behavior\ShowPageTraceBehavior [ RunTime:0.000785s ]
INFO: [ app_end ] --END-- [ RunTime:0.000937s ]

[ 2017-02-14T18:04:05+08:00 ] 127.0.0.1 /aoshi/index.php/Jobseekers/Index/index
INFO: [ app_init ] --START--
INFO: Run Behavior\BuildLiteBehavior [ RunTime:0.000025s ]
INFO: [ app_init ] --END-- [ RunTime:0.000420s ]
INFO: [ app_begin ] --START--
INFO: Run Behavior\ReadHtmlCacheBehavior [ RunTime:0.000435s ]
INFO: [ app_begin ] --END-- [ RunTime:0.000554s ]
SQL: SHOW COLUMNS FROM `jobseekers` [ RunTime:0.0006s ]
SQL: SELECT `photo` FROM `jobseekers` WHERE ( uid =1 )  [ RunTime:0.0003s ]
INFO: [ view_parse ] --START--
INFO: [ template_filter ] --START--
INFO: Run Behavior\ContentReplaceBehavior [ RunTime:0.000231s ]
INFO: [ template_filter ] --END-- [ RunTime:0.000383s ]
INFO: Run Behavior\ParseTemplateBehavior [ RunTime:0.014890s ]
INFO: [ view_parse ] --END-- [ RunTime:0.015018s ]
INFO: [ view_filter ] --START--
INFO: Run Behavior\WriteHtmlCacheBehavior [ RunTime:0.000453s ]
INFO: [ view_filter ] --END-- [ RunTime:0.000566s ]
INFO: [ app_end ] --START--
INFO: Run Behavior\ShowPageTraceBehavior [ RunTime:0.000565s ]
INFO: [ app_end ] --END-- [ RunTime:0.000707s ]

[ 2017-02-14T18:04:05+08:00 ] 127.0.0.1 /aoshi/index.php/Jobseekers?a=select
INFO: [ app_init ] --START--
INFO: Run Behavior\BuildLiteBehavior [ RunTime:0.000031s ]
INFO: [ app_init ] --END-- [ RunTime:0.000639s ]
INFO: [ app_begin ] --START--
INFO: Run Behavior\ReadHtmlCacheBehavior [ RunTime:0.001172s ]
INFO: [ app_begin ] --END-- [ RunTime:0.001325s ]
SQL: SHOW COLUMNS FROM `jobseekers` [ RunTime:0.0007s ]
SQL: SELECT * FROM `jobseekers` WHERE ( uid =1 )  [ RunTime:0.0004s ]
SQL: SHOW COLUMNS FROM `resume_basic` [ RunTime:0.0008s ]
SQL: SELECT * FROM `resume_basic` WHERE ( uid =1 )  [ RunTime:0.0004s ]
SQL: SHOW COLUMNS FROM `resume_experience` [ RunTime:0.0009s ]
SQL: SELECT * FROM `resume_experience` WHERE ( uid =1 )  [ RunTime:0.0003s ]
SQL: SHOW COLUMNS FROM `resume_education` [ RunTime:0.0007s ]
SQL: SELECT * FROM `resume_education` WHERE ( uid =1 )  [ RunTime:0.0004s ]
SQL: SHOW COLUMNS FROM `jobseekers_describe` [ RunTime:0.0006s ]
SQL: SELECT * FROM `jobseekers_describe` WHERE ( uid =1 )  [ RunTime:0.0004s ]
SQL: SHOW COLUMNS FROM `resume_prefered` [ RunTime:0.0007s ]
SQL: SELECT * FROM `resume_prefered` WHERE ( uid =1 )  [ RunTime:0.0004s ]
INFO: [ app_end ] --START--
INFO: Run Behavior\ShowPageTraceBehavior [ RunTime:0.001767s ]
INFO: [ app_end ] --END-- [ RunTime:0.001981s ]

[ 2017-02-14T18:04:32+08:00 ] 127.0.0.1 /aoshi/index.php/Jobseekers/Index/index
INFO: [ app_init ] --START--
INFO: Run Behavior\BuildLiteBehavior [ RunTime:0.000027s ]
INFO: [ app_init ] --END-- [ RunTime:0.000516s ]
INFO: [ app_begin ] --START--
INFO: Run Behavior\ReadHtmlCacheBehavior [ RunTime:0.000972s ]
INFO: [ app_begin ] --END-- [ RunTime:0.001110s ]
SQL: SHOW COLUMNS FROM `jobseekers` [ RunTime:0.0006s ]
SQL: SELECT `photo` FROM `jobseekers` WHERE ( uid =1 )  [ RunTime:0.0003s ]
INFO: [ view_parse ] --START--
INFO: [ template_filter ] --START--
INFO: Run Behavior\ContentReplaceBehavior [ RunTime:0.000216s ]
INFO: [ template_filter ] --END-- [ RunTime:0.000347s ]
INFO: Run Behavior\ParseTemplateBehavior [ RunTime:0.015612s ]
INFO: [ view_parse ] --END-- [ RunTime:0.015740s ]
INFO: [ view_filter ] --START--
INFO: Run Behavior\WriteHtmlCacheBehavior [ RunTime:0.000619s ]
INFO: [ view_filter ] --END-- [ RunTime:0.000731s ]
INFO: [ app_end ] --START--
INFO: Run Behavior\ShowPageTraceBehavior [ RunTime:0.001131s ]
INFO: [ app_end ] --END-- [ RunTime:0.001280s ]

[ 2017-02-14T18:04:33+08:00 ] 127.0.0.1 /aoshi/index.php/Jobseekers?a=select
INFO: [ app_init ] --START--
INFO: Run Behavior\BuildLiteBehavior [ RunTime:0.000031s ]
INFO: [ app_init ] --END-- [ RunTime:0.000616s ]
INFO: [ app_begin ] --START--
INFO: Run Behavior\ReadHtmlCacheBehavior [ RunTime:0.001602s ]
INFO: [ app_begin ] --END-- [ RunTime:0.001812s ]
SQL: SHOW COLUMNS FROM `jobseekers` [ RunTime:0.0008s ]
SQL: SELECT * FROM `jobseekers` WHERE ( uid =1 )  [ RunTime:0.0004s ]
SQL: SHOW COLUMNS FROM `resume_basic` [ RunTime:0.0007s ]
SQL: SELECT * FROM `resume_basic` WHERE ( uid =1 )  [ RunTime:0.0004s ]
SQL: SHOW COLUMNS FROM `resume_experience` [ RunTime:0.0008s ]
SQL: SELECT * FROM `resume_experience` WHERE ( uid =1 )  [ RunTime:0.0006s ]
SQL: SHOW COLUMNS FROM `resume_education` [ RunTime:0.0007s ]
SQL: SELECT * FROM `resume_education` WHERE ( uid =1 )  [ RunTime:0.0003s ]
SQL: SHOW COLUMNS FROM `jobseekers_describe` [ RunTime:0.0006s ]
SQL: SELECT * FROM `jobseekers_describe` WHERE ( uid =1 )  [ RunTime:0.0003s ]
SQL: SHOW COLUMNS FROM `resume_prefered` [ RunTime:0.0006s ]
SQL: SELECT * FROM `resume_prefered` WHERE ( uid =1 )  [ RunTime:0.0004s ]
INFO: [ app_end ] --START--
INFO: Run Behavior\ShowPageTraceBehavior [ RunTime:0.001561s ]
INFO: [ app_end ] --END-- [ RunTime:0.002242s ]

[ 2017-02-14T18:04:55+08:00 ] 127.0.0.1 /aoshi/index.php/Jobseekers/Index/index
INFO: [ app_init ] --START--
INFO: Run Behavior\BuildLiteBehavior [ RunTime:0.000031s ]
INFO: [ app_init ] --END-- [ RunTime:0.000692s ]
INFO: [ app_begin ] --START--
INFO: Run Behavior\ReadHtmlCacheBehavior [ RunTime:0.000851s ]
INFO: [ app_begin ] --END-- [ RunTime:0.000985s ]
SQL: SHOW COLUMNS FROM `jobseekers` [ RunTime:0.0009s ]
SQL: SELECT `photo` FROM `jobseekers` WHERE ( uid =1 )  [ RunTime:0.0003s ]
INFO: [ view_parse ] --START--
INFO: [ template_filter ] --START--
INFO: Run Behavior\ContentReplaceBehavior [ RunTime:0.000284s ]
INFO: [ template_filter ] --END-- [ RunTime:0.000493s ]
INFO: Run Behavior\ParseTemplateBehavior [ RunTime:0.016963s ]
INFO: [ view_parse ] --END-- [ RunTime:0.017095s ]
INFO: [ view_filter ] --START--
INFO: Run Behavior\WriteHtmlCacheBehavior [ RunTime:0.000760s ]
INFO: [ view_filter ] --END-- [ RunTime:0.000896s ]
INFO: [ app_end ] --START--
INFO: Run Behavior\ShowPageTraceBehavior [ RunTime:0.001326s ]
INFO: [ app_end ] --END-- [ RunTime:0.001628s ]

[ 2017-02-14T18:04:55+08:00 ] 127.0.0.1 /aoshi/index.php/Jobseekers?a=select
INFO: [ app_init ] --START--
INFO: Run Behavior\BuildLiteBehavior [ RunTime:0.000042s ]
INFO: [ app_init ] --END-- [ RunTime:0.000741s ]
INFO: [ app_begin ] --START--
INFO: Run Behavior\ReadHtmlCacheBehavior [ RunTime:0.001459s ]
INFO: [ app_begin ] --END-- [ RunTime:0.001676s ]
SQL: SHOW COLUMNS FROM `jobseekers` [ RunTime:0.0007s ]
SQL: SELECT * FROM `jobseekers` WHERE ( uid =1 )  [ RunTime:0.0005s ]
SQL: SHOW COLUMNS FROM `resume_basic` [ RunTime:0.0009s ]
SQL: SELECT * FROM `resume_basic` WHERE ( uid =1 )  [ RunTime:0.0005s ]
SQL: SHOW COLUMNS FROM `resume_experience` [ RunTime:0.0008s ]
SQL: SELECT * FROM `resume_experience` WHERE ( uid =1 )  [ RunTime:0.0004s ]
SQL: SHOW COLUMNS FROM `resume_education` [ RunTime:0.0009s ]
SQL: SELECT * FROM `resume_education` WHERE ( uid =1 )  [ RunTime:0.0004s ]
SQL: SHOW COLUMNS FROM `jobseekers_describe` [ RunTime:0.0009s ]
SQL: SELECT * FROM `jobseekers_describe` WHERE ( uid =1 )  [ RunTime:0.0004s ]
SQL: SHOW COLUMNS FROM `resume_prefered` [ RunTime:0.0008s ]
SQL: SELECT * FROM `resume_prefered` WHERE ( uid =1 )  [ RunTime:0.0004s ]
INFO: [ app_end ] --START--
INFO: Run Behavior\ShowPageTraceBehavior [ RunTime:0.001109s ]
INFO: [ app_end ] --END-- [ RunTime:0.001275s ]

[ 2017-02-14T18:05:50+08:00 ] 127.0.0.1 /aoshi/index.php/Jobseekers/Index/index
INFO: [ app_init ] --START--
INFO: Run Behavior\BuildLiteBehavior [ RunTime:0.000030s ]
INFO: [ app_init ] --END-- [ RunTime:0.000689s ]
INFO: [ app_begin ] --START--
INFO: Run Behavior\ReadHtmlCacheBehavior [ RunTime:0.000959s ]
INFO: [ app_begin ] --END-- [ RunTime:0.001109s ]
SQL: SHOW COLUMNS FROM `jobseekers` [ RunTime:0.0008s ]
SQL: SELECT `photo` FROM `jobseekers` WHERE ( uid =1 )  [ RunTime:0.0003s ]
INFO: [ view_parse ] --START--
INFO: [ template_filter ] --START--
INFO: Run Behavior\ContentReplaceBehavior [ RunTime:0.000247s ]
INFO: [ template_filter ] --END-- [ RunTime:0.000399s ]
INFO: Run Behavior\ParseTemplateBehavior [ RunTime:0.017123s ]
INFO: [ view_parse ] --END-- [ RunTime:0.017302s ]
INFO: [ view_filter ] --START--
INFO: Run Behavior\WriteHtmlCacheBehavior [ RunTime:0.000844s ]
INFO: [ view_filter ] --END-- [ RunTime:0.000981s ]
INFO: [ app_end ] --START--
INFO: Run Behavior\ShowPageTraceBehavior [ RunTime:0.001594s ]
INFO: [ app_end ] --END-- [ RunTime:0.001824s ]

[ 2017-02-14T18:05:50+08:00 ] 127.0.0.1 /aoshi/index.php/Jobseekers?a=select
INFO: [ app_init ] --START--
INFO: Run Behavior\BuildLiteBehavior [ RunTime:0.000045s ]
INFO: [ app_init ] --END-- [ RunTime:0.000865s ]
INFO: [ app_begin ] --START--
INFO: Run Behavior\ReadHtmlCacheBehavior [ RunTime:0.001092s ]
INFO: [ app_begin ] --END-- [ RunTime:0.001300s ]
SQL: SHOW COLUMNS FROM `jobseekers` [ RunTime:0.0007s ]
SQL: SELECT * FROM `jobseekers` WHERE ( uid =1 )  [ RunTime:0.0004s ]
SQL: SHOW COLUMNS FROM `resume_basic` [ RunTime:0.0007s ]
SQL: SELECT * FROM `resume_basic` WHERE ( uid =1 )  [ RunTime:0.0004s ]
SQL: SHOW COLUMNS FROM `resume_experience` [ RunTime:0.0007s ]
SQL: SELECT * FROM `resume_experience` WHERE ( uid =1 )  [ RunTime:0.0004s ]
SQL: SHOW COLUMNS FROM `resume_education` [ RunTime:0.0008s ]
SQL: SELECT * FROM `resume_education` WHERE ( uid =1 )  [ RunTime:0.0004s ]
SQL: SHOW COLUMNS FROM `jobseekers_describe` [ RunTime:0.0014s ]
SQL: SELECT * FROM `jobseekers_describe` WHERE ( uid =1 )  [ RunTime:0.0004s ]
SQL: SHOW COLUMNS FROM `resume_prefered` [ RunTime:0.0009s ]
SQL: SELECT * FROM `resume_prefered` WHERE ( uid =1 )  [ RunTime:0.0004s ]
INFO: [ app_end ] --START--
INFO: Run Behavior\ShowPageTraceBehavior [ RunTime:0.001045s ]
INFO: [ app_end ] --END-- [ RunTime:0.001203s ]

[ 2017-02-14T18:05:54+08:00 ] 127.0.0.1 /aoshi/index.php/Jobseekers/Preview/index.html
INFO: [ app_init ] --START--
INFO: Run Behavior\BuildLiteBehavior [ RunTime:0.000131s ]
INFO: [ app_init ] --END-- [ RunTime:0.001328s ]
INFO: [ app_begin ] --START--
INFO: Run Behavior\ReadHtmlCacheBehavior [ RunTime:0.000555s ]
INFO: [ app_begin ] --END-- [ RunTime:0.000712s ]
SQL: SHOW COLUMNS FROM `jobseekers` [ RunTime:0.0007s ]
SQL: SELECT jobseekers.photo FROM `jobseekers` WHERE ( uid =1 )  [ RunTime:0.0011s ]
SQL: SHOW COLUMNS FROM `resume_basic` [ RunTime:0.0009s ]
SQL: SELECT * FROM `resume_basic` WHERE ( uid =1 )  [ RunTime:0.0004s ]
SQL: SHOW COLUMNS FROM `resume_experience` [ RunTime:0.0007s ]
SQL: SELECT * FROM `resume_experience` WHERE ( uid =1 )  [ RunTime:0.0004s ]
SQL: SHOW COLUMNS FROM `resume_education` [ RunTime:0.0007s ]
SQL: SELECT * FROM `resume_education` WHERE ( uid =1 )  [ RunTime:0.0003s ]
SQL: SHOW COLUMNS FROM `jobseekers_describe` [ RunTime:0.0006s ]
SQL: SELECT * FROM `jobseekers_describe` WHERE ( uid =1 )  [ RunTime:0.0003s ]
SQL: SHOW COLUMNS FROM `resume_prefered` [ RunTime:0.0006s ]
SQL: SELECT * FROM `resume_prefered` WHERE ( uid =1 )  [ RunTime:0.0003s ]
INFO: [ view_parse ] --START--
INFO: [ template_filter ] --START--
INFO: Run Behavior\ContentReplaceBehavior [ RunTime:0.000200s ]
INFO: [ template_filter ] --END-- [ RunTime:0.000474s ]
NOTIC: [8] Use of undefined constant current_status - assumed 'current_status' D:\Wampserver\www\aoshi\Application\Runtime\Cache\Jobseekers\26c1946a55bd8bdb75562d02c666998a.php 第 98 行.
NOTIC: [8] Array to string conversion D:\Wampserver\www\aoshi\Application\Runtime\Cache\Jobseekers\26c1946a55bd8bdb75562d02c666998a.php 第 98 行.
INFO: Run Behavior\ParseTemplateBehavior [ RunTime:0.025423s ]
INFO: [ view_parse ] --END-- [ RunTime:0.025589s ]
INFO: [ view_filter ] --START--
INFO: Run Behavior\WriteHtmlCacheBehavior [ RunTime:0.000704s ]
INFO: [ view_filter ] --END-- [ RunTime:0.000876s ]
INFO: [ app_end ] --START--
INFO: Run Behavior\ShowPageTraceBehavior [ RunTime:0.001352s ]
INFO: [ app_end ] --END-- [ RunTime:0.001811s ]

[ 2017-02-14T18:06:08+08:00 ] 127.0.0.1 /aoshi/index.php/Jobseekers/Login/log_out.html
INFO: [ app_init ] --START--
INFO: Run Behavior\BuildLiteBehavior [ RunTime:0.000027s ]
INFO: [ app_init ] --END-- [ RunTime:0.000481s ]
INFO: [ app_begin ] --START--
INFO: Run Behavior\ReadHtmlCacheBehavior [ RunTime:0.000456s ]
INFO: [ app_begin ] --END-- [ RunTime:0.000612s ]
INFO: [ view_parse ] --START--
INFO: [ template_filter ] --START--
INFO: Run Behavior\ContentReplaceBehavior [ RunTime:0.000072s ]
INFO: [ template_filter ] --END-- [ RunTime:0.000200s ]
INFO: Run Behavior\ParseTemplateBehavior [ RunTime:0.006565s ]
INFO: [ view_parse ] --END-- [ RunTime:0.006747s ]
INFO: [ view_filter ] --START--
INFO: Run Behavior\WriteHtmlCacheBehavior [ RunTime:0.000455s ]
INFO: [ view_filter ] --END-- [ RunTime:0.000566s ]
INFO: [ app_end ] --START--
INFO: Run Behavior\ShowPageTraceBehavior [ RunTime:0.000446s ]
INFO: [ app_end ] --END-- [ RunTime:0.000562s ]

