[ 2016-12-20T16:04:51+08:00 ] ::1 /thinkphp_3.2.3_full/Public/bootstrap-3.3.0/css/bootstrap.min.css
INFO: [ app_init ] --START--
INFO: Run Behavior\BuildLiteBehavior [ RunTime:0.000000s ]
INFO: [ app_init ] --END-- [ RunTime:0.001000s ]
ERR: 无法加载模块:Public

[ 2016-12-20T16:07:02+08:00 ] ::1 /thinkphp_3.2.3_full/Public/bootstrap-3.3.0/css/bootstrap.min.css
INFO: [ app_init ] --START--
INFO: Run Behavior\BuildLiteBehavior [ RunTime:0.000000s ]
INFO: [ app_init ] --END-- [ RunTime:0.001000s ]
ERR: 无法加载模块:Public

[ 2016-12-20T16:08:26+08:00 ] ::1 /thinkphp_3.2.3_full/Public/bootstrap-3.3.0/css/bootstrap.min.css
INFO: [ app_init ] --START--
INFO: Run Behavior\BuildLiteBehavior [ RunTime:0.000000s ]
INFO: [ app_init ] --END-- [ RunTime:0.001000s ]
ERR: 无法加载模块:Public

[ 2016-12-20T16:08:46+08:00 ] ::1 /thinkphp_3.2.3_full/Public/bootstrap-3.3.0/css/bootstrap.min.css
INFO: [ app_init ] --START--
INFO: Run Behavior\BuildLiteBehavior [ RunTime:0.000000s ]
INFO: [ app_init ] --END-- [ RunTime:0.001000s ]
ERR: 无法加载模块:Public

