[ 2016-12-28T09:27:09+08:00 ] ::1 /aoshi/aoshi/index.php/Enterprise/Seeker/visit.html
INFO: [ app_init ] --START--
INFO: Run Behavior\BuildLiteBehavior [ RunTime:0.000067s ]
INFO: [ app_init ] --END-- [ RunTime:0.001224s ]
INFO: [ app_begin ] --START--
INFO: Run Behavior\ReadHtmlCacheBehavior [ RunTime:0.001814s ]
INFO: [ app_begin ] --END-- [ RunTime:0.002257s ]
INFO: [ view_parse ] --START--
INFO: [ template_filter ] --START--
INFO: Run Behavior\ContentReplaceBehavior [ RunTime:0.000275s ]
INFO: [ template_filter ] --END-- [ RunTime:0.000622s ]
NOTIC: [8] Use of undefined constant add_job - assumed 'add_job' D:\wamp\www\aoshi\aoshi\Application\Runtime\Cache\Enterprise\882cb4b14780d2ce9e99c462683ac6cf.php 第 26 行.
NOTIC: [8] Use of undefined constant job_list - assumed 'job_list' D:\wamp\www\aoshi\aoshi\Application\Runtime\Cache\Enterprise\882cb4b14780d2ce9e99c462683ac6cf.php 第 27 行.
NOTIC: [8] Use of undefined constant add_job - assumed 'add_job' D:\wamp\www\aoshi\aoshi\Application\Runtime\Cache\Enterprise\882cb4b14780d2ce9e99c462683ac6cf.php 第 34 行.
NOTIC: [8] Use of undefined constant job_list - assumed 'job_list' D:\wamp\www\aoshi\aoshi\Application\Runtime\Cache\Enterprise\882cb4b14780d2ce9e99c462683ac6cf.php 第 35 行.
NOTIC: [8] Use of undefined constant add_job - assumed 'add_job' D:\wamp\www\aoshi\aoshi\Application\Runtime\Cache\Enterprise\882cb4b14780d2ce9e99c462683ac6cf.php 第 38 行.
NOTIC: [8] Use of undefined constant job_list - assumed 'job_list' D:\wamp\www\aoshi\aoshi\Application\Runtime\Cache\Enterprise\882cb4b14780d2ce9e99c462683ac6cf.php 第 41 行.
NOTIC: [8] Use of undefined constant visit - assumed 'visit' D:\wamp\www\aoshi\aoshi\Application\Runtime\Cache\Enterprise\882cb4b14780d2ce9e99c462683ac6cf.php 第 47 行.
NOTIC: [8] Use of undefined constant resume - assumed 'resume' D:\wamp\www\aoshi\aoshi\Application\Runtime\Cache\Enterprise\882cb4b14780d2ce9e99c462683ac6cf.php 第 48 行.
NOTIC: [8] Use of undefined constant visit - assumed 'visit' D:\wamp\www\aoshi\aoshi\Application\Runtime\Cache\Enterprise\882cb4b14780d2ce9e99c462683ac6cf.php 第 55 行.
NOTIC: [8] Use of undefined constant resume - assumed 'resume' D:\wamp\www\aoshi\aoshi\Application\Runtime\Cache\Enterprise\882cb4b14780d2ce9e99c462683ac6cf.php 第 56 行.
NOTIC: [8] Use of undefined constant visit - assumed 'visit' D:\wamp\www\aoshi\aoshi\Application\Runtime\Cache\Enterprise\882cb4b14780d2ce9e99c462683ac6cf.php 第 59 行.
NOTIC: [8] Use of undefined constant resume - assumed 'resume' D:\wamp\www\aoshi\aoshi\Application\Runtime\Cache\Enterprise\882cb4b14780d2ce9e99c462683ac6cf.php 第 62 行.
NOTIC: [8] Use of undefined constant company - assumed 'company' D:\wamp\www\aoshi\aoshi\Application\Runtime\Cache\Enterprise\882cb4b14780d2ce9e99c462683ac6cf.php 第 77 行.
NOTIC: [8] Use of undefined constant company - assumed 'company' D:\wamp\www\aoshi\aoshi\Application\Runtime\Cache\Enterprise\882cb4b14780d2ce9e99c462683ac6cf.php 第 84 行.
NOTIC: [8] Use of undefined constant company - assumed 'company' D:\wamp\www\aoshi\aoshi\Application\Runtime\Cache\Enterprise\882cb4b14780d2ce9e99c462683ac6cf.php 第 87 行.
INFO: Run Behavior\ParseTemplateBehavior [ RunTime:0.038531s ]
INFO: [ view_parse ] --END-- [ RunTime:0.038867s ]
INFO: [ view_filter ] --START--
INFO: Run Behavior\WriteHtmlCacheBehavior [ RunTime:0.001057s ]
INFO: [ view_filter ] --END-- [ RunTime:0.001375s ]
INFO: [ app_end ] --START--
INFO: Run Behavior\ShowPageTraceBehavior [ RunTime:0.002500s ]
INFO: [ app_end ] --END-- [ RunTime:0.003068s ]

[ 2016-12-28T09:27:09+08:00 ] ::1 /aoshi/aoshi/index.php/Enterprise/Seeker/visit.html
INFO: [ app_init ] --START--
INFO: Run Behavior\BuildLiteBehavior [ RunTime:0.000041s ]
INFO: [ app_init ] --END-- [ RunTime:0.000919s ]
INFO: [ app_begin ] --START--
INFO: Run Behavior\ReadHtmlCacheBehavior [ RunTime:0.002556s ]
INFO: [ app_begin ] --END-- [ RunTime:0.002886s ]
INFO: [ view_parse ] --START--
INFO: [ template_filter ] --START--
INFO: Run Behavior\ContentReplaceBehavior [ RunTime:0.000171s ]
INFO: [ template_filter ] --END-- [ RunTime:0.000412s ]
NOTIC: [8] Use of undefined constant add_job - assumed 'add_job' D:\wamp\www\aoshi\aoshi\Application\Runtime\Cache\Enterprise\882cb4b14780d2ce9e99c462683ac6cf.php 第 26 行.
NOTIC: [8] Use of undefined constant job_list - assumed 'job_list' D:\wamp\www\aoshi\aoshi\Application\Runtime\Cache\Enterprise\882cb4b14780d2ce9e99c462683ac6cf.php 第 27 行.
NOTIC: [8] Use of undefined constant add_job - assumed 'add_job' D:\wamp\www\aoshi\aoshi\Application\Runtime\Cache\Enterprise\882cb4b14780d2ce9e99c462683ac6cf.php 第 34 行.
NOTIC: [8] Use of undefined constant job_list - assumed 'job_list' D:\wamp\www\aoshi\aoshi\Application\Runtime\Cache\Enterprise\882cb4b14780d2ce9e99c462683ac6cf.php 第 35 行.
NOTIC: [8] Use of undefined constant add_job - assumed 'add_job' D:\wamp\www\aoshi\aoshi\Application\Runtime\Cache\Enterprise\882cb4b14780d2ce9e99c462683ac6cf.php 第 38 行.
NOTIC: [8] Use of undefined constant job_list - assumed 'job_list' D:\wamp\www\aoshi\aoshi\Application\Runtime\Cache\Enterprise\882cb4b14780d2ce9e99c462683ac6cf.php 第 41 行.
NOTIC: [8] Use of undefined constant visit - assumed 'visit' D:\wamp\www\aoshi\aoshi\Application\Runtime\Cache\Enterprise\882cb4b14780d2ce9e99c462683ac6cf.php 第 47 行.
NOTIC: [8] Use of undefined constant resume - assumed 'resume' D:\wamp\www\aoshi\aoshi\Application\Runtime\Cache\Enterprise\882cb4b14780d2ce9e99c462683ac6cf.php 第 48 行.
NOTIC: [8] Use of undefined constant visit - assumed 'visit' D:\wamp\www\aoshi\aoshi\Application\Runtime\Cache\Enterprise\882cb4b14780d2ce9e99c462683ac6cf.php 第 55 行.
NOTIC: [8] Use of undefined constant resume - assumed 'resume' D:\wamp\www\aoshi\aoshi\Application\Runtime\Cache\Enterprise\882cb4b14780d2ce9e99c462683ac6cf.php 第 56 行.
NOTIC: [8] Use of undefined constant visit - assumed 'visit' D:\wamp\www\aoshi\aoshi\Application\Runtime\Cache\Enterprise\882cb4b14780d2ce9e99c462683ac6cf.php 第 59 行.
NOTIC: [8] Use of undefined constant resume - assumed 'resume' D:\wamp\www\aoshi\aoshi\Application\Runtime\Cache\Enterprise\882cb4b14780d2ce9e99c462683ac6cf.php 第 62 行.
NOTIC: [8] Use of undefined constant company - assumed 'company' D:\wamp\www\aoshi\aoshi\Application\Runtime\Cache\Enterprise\882cb4b14780d2ce9e99c462683ac6cf.php 第 77 行.
NOTIC: [8] Use of undefined constant company - assumed 'company' D:\wamp\www\aoshi\aoshi\Application\Runtime\Cache\Enterprise\882cb4b14780d2ce9e99c462683ac6cf.php 第 84 行.
NOTIC: [8] Use of undefined constant company - assumed 'company' D:\wamp\www\aoshi\aoshi\Application\Runtime\Cache\Enterprise\882cb4b14780d2ce9e99c462683ac6cf.php 第 87 行.
INFO: Run Behavior\ParseTemplateBehavior [ RunTime:0.032047s ]
INFO: [ view_parse ] --END-- [ RunTime:0.032323s ]
INFO: [ view_filter ] --START--
INFO: Run Behavior\WriteHtmlCacheBehavior [ RunTime:0.000746s ]
INFO: [ view_filter ] --END-- [ RunTime:0.001077s ]
INFO: [ app_end ] --START--
INFO: Run Behavior\ShowPageTraceBehavior [ RunTime:0.000979s ]
INFO: [ app_end ] --END-- [ RunTime:0.001303s ]

[ 2016-12-28T09:27:11+08:00 ] ::1 /aoshi/aoshi/index.php/Enterprise/Me/company.html
INFO: [ app_init ] --START--
INFO: Run Behavior\BuildLiteBehavior [ RunTime:0.000066s ]
INFO: [ app_init ] --END-- [ RunTime:0.001109s ]
INFO: [ app_begin ] --START--
INFO: Run Behavior\ReadHtmlCacheBehavior [ RunTime:0.001293s ]
INFO: [ app_begin ] --END-- [ RunTime:0.001651s ]
INFO: [ view_parse ] --START--
INFO: [ template_filter ] --START--
INFO: Run Behavior\ContentReplaceBehavior [ RunTime:0.000264s ]
INFO: [ template_filter ] --END-- [ RunTime:0.000622s ]
NOTIC: [8] Use of undefined constant add_job - assumed 'add_job' D:\wamp\www\aoshi\aoshi\Application\Runtime\Cache\Enterprise\2dd8528955dc64f3ee920f74eab0b4ed.php 第 26 行.
NOTIC: [8] Use of undefined constant job_list - assumed 'job_list' D:\wamp\www\aoshi\aoshi\Application\Runtime\Cache\Enterprise\2dd8528955dc64f3ee920f74eab0b4ed.php 第 27 行.
NOTIC: [8] Use of undefined constant add_job - assumed 'add_job' D:\wamp\www\aoshi\aoshi\Application\Runtime\Cache\Enterprise\2dd8528955dc64f3ee920f74eab0b4ed.php 第 34 行.
NOTIC: [8] Use of undefined constant job_list - assumed 'job_list' D:\wamp\www\aoshi\aoshi\Application\Runtime\Cache\Enterprise\2dd8528955dc64f3ee920f74eab0b4ed.php 第 35 行.
NOTIC: [8] Use of undefined constant add_job - assumed 'add_job' D:\wamp\www\aoshi\aoshi\Application\Runtime\Cache\Enterprise\2dd8528955dc64f3ee920f74eab0b4ed.php 第 38 行.
NOTIC: [8] Use of undefined constant job_list - assumed 'job_list' D:\wamp\www\aoshi\aoshi\Application\Runtime\Cache\Enterprise\2dd8528955dc64f3ee920f74eab0b4ed.php 第 41 行.
NOTIC: [8] Use of undefined constant visit - assumed 'visit' D:\wamp\www\aoshi\aoshi\Application\Runtime\Cache\Enterprise\2dd8528955dc64f3ee920f74eab0b4ed.php 第 47 行.
NOTIC: [8] Use of undefined constant resume - assumed 'resume' D:\wamp\www\aoshi\aoshi\Application\Runtime\Cache\Enterprise\2dd8528955dc64f3ee920f74eab0b4ed.php 第 48 行.
NOTIC: [8] Use of undefined constant visit - assumed 'visit' D:\wamp\www\aoshi\aoshi\Application\Runtime\Cache\Enterprise\2dd8528955dc64f3ee920f74eab0b4ed.php 第 55 行.
NOTIC: [8] Use of undefined constant resume - assumed 'resume' D:\wamp\www\aoshi\aoshi\Application\Runtime\Cache\Enterprise\2dd8528955dc64f3ee920f74eab0b4ed.php 第 56 行.
NOTIC: [8] Use of undefined constant visit - assumed 'visit' D:\wamp\www\aoshi\aoshi\Application\Runtime\Cache\Enterprise\2dd8528955dc64f3ee920f74eab0b4ed.php 第 59 行.
NOTIC: [8] Use of undefined constant resume - assumed 'resume' D:\wamp\www\aoshi\aoshi\Application\Runtime\Cache\Enterprise\2dd8528955dc64f3ee920f74eab0b4ed.php 第 62 行.
NOTIC: [8] Use of undefined constant company - assumed 'company' D:\wamp\www\aoshi\aoshi\Application\Runtime\Cache\Enterprise\2dd8528955dc64f3ee920f74eab0b4ed.php 第 77 行.
NOTIC: [8] Use of undefined constant company - assumed 'company' D:\wamp\www\aoshi\aoshi\Application\Runtime\Cache\Enterprise\2dd8528955dc64f3ee920f74eab0b4ed.php 第 84 行.
NOTIC: [8] Use of undefined constant company - assumed 'company' D:\wamp\www\aoshi\aoshi\Application\Runtime\Cache\Enterprise\2dd8528955dc64f3ee920f74eab0b4ed.php 第 87 行.
INFO: Run Behavior\ParseTemplateBehavior [ RunTime:0.081323s ]
INFO: [ view_parse ] --END-- [ RunTime:0.081646s ]
INFO: [ view_filter ] --START--
INFO: Run Behavior\WriteHtmlCacheBehavior [ RunTime:0.000535s ]
INFO: [ view_filter ] --END-- [ RunTime:0.000713s ]
INFO: [ app_end ] --START--
INFO: Run Behavior\ShowPageTraceBehavior [ RunTime:0.000950s ]
INFO: [ app_end ] --END-- [ RunTime:0.001262s ]

[ 2016-12-28T09:33:33+08:00 ] ::1 /aoshi/aoshi/index.php/Enterprise/Me/company.html
INFO: [ app_init ] --START--
INFO: Run Behavior\BuildLiteBehavior [ RunTime:0.000071s ]
INFO: [ app_init ] --END-- [ RunTime:0.001534s ]
INFO: [ app_begin ] --START--
INFO: Run Behavior\ReadHtmlCacheBehavior [ RunTime:0.002596s ]
INFO: [ app_begin ] --END-- [ RunTime:0.003126s ]
INFO: [ view_parse ] --START--
INFO: [ template_filter ] --START--
INFO: Run Behavior\ContentReplaceBehavior [ RunTime:0.000253s ]
INFO: [ template_filter ] --END-- [ RunTime:0.000585s ]
NOTIC: [8] Use of undefined constant add_job - assumed 'add_job' D:\wamp\www\aoshi\aoshi\Application\Runtime\Cache\Enterprise\2dd8528955dc64f3ee920f74eab0b4ed.php 第 26 行.
NOTIC: [8] Use of undefined constant job_list - assumed 'job_list' D:\wamp\www\aoshi\aoshi\Application\Runtime\Cache\Enterprise\2dd8528955dc64f3ee920f74eab0b4ed.php 第 27 行.
NOTIC: [8] Use of undefined constant add_job - assumed 'add_job' D:\wamp\www\aoshi\aoshi\Application\Runtime\Cache\Enterprise\2dd8528955dc64f3ee920f74eab0b4ed.php 第 34 行.
NOTIC: [8] Use of undefined constant job_list - assumed 'job_list' D:\wamp\www\aoshi\aoshi\Application\Runtime\Cache\Enterprise\2dd8528955dc64f3ee920f74eab0b4ed.php 第 35 行.
NOTIC: [8] Use of undefined constant add_job - assumed 'add_job' D:\wamp\www\aoshi\aoshi\Application\Runtime\Cache\Enterprise\2dd8528955dc64f3ee920f74eab0b4ed.php 第 38 行.
NOTIC: [8] Use of undefined constant job_list - assumed 'job_list' D:\wamp\www\aoshi\aoshi\Application\Runtime\Cache\Enterprise\2dd8528955dc64f3ee920f74eab0b4ed.php 第 41 行.
NOTIC: [8] Use of undefined constant visit - assumed 'visit' D:\wamp\www\aoshi\aoshi\Application\Runtime\Cache\Enterprise\2dd8528955dc64f3ee920f74eab0b4ed.php 第 47 行.
NOTIC: [8] Use of undefined constant resume - assumed 'resume' D:\wamp\www\aoshi\aoshi\Application\Runtime\Cache\Enterprise\2dd8528955dc64f3ee920f74eab0b4ed.php 第 48 行.
NOTIC: [8] Use of undefined constant visit - assumed 'visit' D:\wamp\www\aoshi\aoshi\Application\Runtime\Cache\Enterprise\2dd8528955dc64f3ee920f74eab0b4ed.php 第 55 行.
NOTIC: [8] Use of undefined constant resume - assumed 'resume' D:\wamp\www\aoshi\aoshi\Application\Runtime\Cache\Enterprise\2dd8528955dc64f3ee920f74eab0b4ed.php 第 56 行.
NOTIC: [8] Use of undefined constant visit - assumed 'visit' D:\wamp\www\aoshi\aoshi\Application\Runtime\Cache\Enterprise\2dd8528955dc64f3ee920f74eab0b4ed.php 第 59 行.
NOTIC: [8] Use of undefined constant resume - assumed 'resume' D:\wamp\www\aoshi\aoshi\Application\Runtime\Cache\Enterprise\2dd8528955dc64f3ee920f74eab0b4ed.php 第 62 行.
NOTIC: [8] Use of undefined constant company - assumed 'company' D:\wamp\www\aoshi\aoshi\Application\Runtime\Cache\Enterprise\2dd8528955dc64f3ee920f74eab0b4ed.php 第 77 行.
NOTIC: [8] Use of undefined constant company - assumed 'company' D:\wamp\www\aoshi\aoshi\Application\Runtime\Cache\Enterprise\2dd8528955dc64f3ee920f74eab0b4ed.php 第 84 行.
NOTIC: [8] Use of undefined constant company - assumed 'company' D:\wamp\www\aoshi\aoshi\Application\Runtime\Cache\Enterprise\2dd8528955dc64f3ee920f74eab0b4ed.php 第 87 行.
INFO: Run Behavior\ParseTemplateBehavior [ RunTime:0.104863s ]
INFO: [ view_parse ] --END-- [ RunTime:0.105220s ]
INFO: [ view_filter ] --START--
INFO: Run Behavior\WriteHtmlCacheBehavior [ RunTime:0.001607s ]
INFO: [ view_filter ] --END-- [ RunTime:0.001999s ]
INFO: [ app_end ] --START--
INFO: Run Behavior\ShowPageTraceBehavior [ RunTime:0.002833s ]
INFO: [ app_end ] --END-- [ RunTime:0.003228s ]

[ 2016-12-28T09:33:43+08:00 ] ::1 /aoshi/aoshi/index.php/Enterprise/index/index.html
INFO: [ app_init ] --START--
INFO: Run Behavior\BuildLiteBehavior [ RunTime:0.000073s ]
INFO: [ app_init ] --END-- [ RunTime:0.001520s ]
INFO: [ app_begin ] --START--
INFO: Run Behavior\ReadHtmlCacheBehavior [ RunTime:0.001275s ]
INFO: [ app_begin ] --END-- [ RunTime:0.001632s ]

[ 2016-12-28T09:34:26+08:00 ] ::1 /aoshi/aoshi/index.php/Enterprise/index/index.html
INFO: [ app_init ] --START--
INFO: Run Behavior\BuildLiteBehavior [ RunTime:0.000076s ]
INFO: [ app_init ] --END-- [ RunTime:0.001475s ]
INFO: [ app_begin ] --START--
INFO: Run Behavior\ReadHtmlCacheBehavior [ RunTime:0.001405s ]
INFO: [ app_begin ] --END-- [ RunTime:0.001850s ]
SQL: SHOW COLUMNS FROM `article` [ RunTime:0.0304s ]
SQL: SELECT * FROM `article` ORDER BY id desc  [ RunTime:0.0008s ]
INFO: [ view_parse ] --START--
INFO: [ template_filter ] --START--
INFO: Run Behavior\ContentReplaceBehavior [ RunTime:0.000233s ]
INFO: [ template_filter ] --END-- [ RunTime:0.000593s ]
NOTIC: [8] Use of undefined constant add_job - assumed 'add_job' D:\wamp\www\aoshi\aoshi\Application\Runtime\Cache\Enterprise\37fb908e03f71af3d99059a4d1f5f901.php 第 26 行.
NOTIC: [8] Use of undefined constant job_list - assumed 'job_list' D:\wamp\www\aoshi\aoshi\Application\Runtime\Cache\Enterprise\37fb908e03f71af3d99059a4d1f5f901.php 第 27 行.
NOTIC: [8] Use of undefined constant add_job - assumed 'add_job' D:\wamp\www\aoshi\aoshi\Application\Runtime\Cache\Enterprise\37fb908e03f71af3d99059a4d1f5f901.php 第 34 行.
NOTIC: [8] Use of undefined constant job_list - assumed 'job_list' D:\wamp\www\aoshi\aoshi\Application\Runtime\Cache\Enterprise\37fb908e03f71af3d99059a4d1f5f901.php 第 35 行.
NOTIC: [8] Use of undefined constant add_job - assumed 'add_job' D:\wamp\www\aoshi\aoshi\Application\Runtime\Cache\Enterprise\37fb908e03f71af3d99059a4d1f5f901.php 第 38 行.
NOTIC: [8] Use of undefined constant job_list - assumed 'job_list' D:\wamp\www\aoshi\aoshi\Application\Runtime\Cache\Enterprise\37fb908e03f71af3d99059a4d1f5f901.php 第 41 行.
NOTIC: [8] Use of undefined constant visit - assumed 'visit' D:\wamp\www\aoshi\aoshi\Application\Runtime\Cache\Enterprise\37fb908e03f71af3d99059a4d1f5f901.php 第 47 行.
NOTIC: [8] Use of undefined constant resume - assumed 'resume' D:\wamp\www\aoshi\aoshi\Application\Runtime\Cache\Enterprise\37fb908e03f71af3d99059a4d1f5f901.php 第 48 行.
NOTIC: [8] Use of undefined constant visit - assumed 'visit' D:\wamp\www\aoshi\aoshi\Application\Runtime\Cache\Enterprise\37fb908e03f71af3d99059a4d1f5f901.php 第 55 行.
NOTIC: [8] Use of undefined constant resume - assumed 'resume' D:\wamp\www\aoshi\aoshi\Application\Runtime\Cache\Enterprise\37fb908e03f71af3d99059a4d1f5f901.php 第 56 行.
NOTIC: [8] Use of undefined constant visit - assumed 'visit' D:\wamp\www\aoshi\aoshi\Application\Runtime\Cache\Enterprise\37fb908e03f71af3d99059a4d1f5f901.php 第 59 行.
NOTIC: [8] Use of undefined constant resume - assumed 'resume' D:\wamp\www\aoshi\aoshi\Application\Runtime\Cache\Enterprise\37fb908e03f71af3d99059a4d1f5f901.php 第 62 行.
NOTIC: [8] Use of undefined constant company - assumed 'company' D:\wamp\www\aoshi\aoshi\Application\Runtime\Cache\Enterprise\37fb908e03f71af3d99059a4d1f5f901.php 第 77 行.
NOTIC: [8] Use of undefined constant company - assumed 'company' D:\wamp\www\aoshi\aoshi\Application\Runtime\Cache\Enterprise\37fb908e03f71af3d99059a4d1f5f901.php 第 84 行.
NOTIC: [8] Use of undefined constant company - assumed 'company' D:\wamp\www\aoshi\aoshi\Application\Runtime\Cache\Enterprise\37fb908e03f71af3d99059a4d1f5f901.php 第 87 行.
INFO: Run Behavior\ParseTemplateBehavior [ RunTime:0.065662s ]
INFO: [ view_parse ] --END-- [ RunTime:0.066040s ]
INFO: [ view_filter ] --START--
INFO: Run Behavior\WriteHtmlCacheBehavior [ RunTime:0.000802s ]
INFO: [ view_filter ] --END-- [ RunTime:0.001143s ]
INFO: [ app_end ] --START--
INFO: Run Behavior\ShowPageTraceBehavior [ RunTime:0.001111s ]
INFO: [ app_end ] --END-- [ RunTime:0.001460s ]

[ 2016-12-28T09:34:31+08:00 ] ::1 /aoshi/aoshi/index.php/Enterprise/Me/company.html
INFO: [ app_init ] --START--
INFO: Run Behavior\BuildLiteBehavior [ RunTime:0.000135s ]
INFO: [ app_init ] --END-- [ RunTime:0.001319s ]
INFO: [ app_begin ] --START--
INFO: Run Behavior\ReadHtmlCacheBehavior [ RunTime:0.001300s ]
INFO: [ app_begin ] --END-- [ RunTime:0.001642s ]
INFO: [ view_parse ] --START--
INFO: [ template_filter ] --START--
INFO: Run Behavior\ContentReplaceBehavior [ RunTime:0.000371s ]
INFO: [ template_filter ] --END-- [ RunTime:0.001297s ]
NOTIC: [8] Use of undefined constant add_job - assumed 'add_job' D:\wamp\www\aoshi\aoshi\Application\Runtime\Cache\Enterprise\2dd8528955dc64f3ee920f74eab0b4ed.php 第 26 行.
NOTIC: [8] Use of undefined constant job_list - assumed 'job_list' D:\wamp\www\aoshi\aoshi\Application\Runtime\Cache\Enterprise\2dd8528955dc64f3ee920f74eab0b4ed.php 第 27 行.
NOTIC: [8] Use of undefined constant add_job - assumed 'add_job' D:\wamp\www\aoshi\aoshi\Application\Runtime\Cache\Enterprise\2dd8528955dc64f3ee920f74eab0b4ed.php 第 34 行.
NOTIC: [8] Use of undefined constant job_list - assumed 'job_list' D:\wamp\www\aoshi\aoshi\Application\Runtime\Cache\Enterprise\2dd8528955dc64f3ee920f74eab0b4ed.php 第 35 行.
NOTIC: [8] Use of undefined constant add_job - assumed 'add_job' D:\wamp\www\aoshi\aoshi\Application\Runtime\Cache\Enterprise\2dd8528955dc64f3ee920f74eab0b4ed.php 第 38 行.
NOTIC: [8] Use of undefined constant job_list - assumed 'job_list' D:\wamp\www\aoshi\aoshi\Application\Runtime\Cache\Enterprise\2dd8528955dc64f3ee920f74eab0b4ed.php 第 41 行.
NOTIC: [8] Use of undefined constant visit - assumed 'visit' D:\wamp\www\aoshi\aoshi\Application\Runtime\Cache\Enterprise\2dd8528955dc64f3ee920f74eab0b4ed.php 第 47 行.
NOTIC: [8] Use of undefined constant resume - assumed 'resume' D:\wamp\www\aoshi\aoshi\Application\Runtime\Cache\Enterprise\2dd8528955dc64f3ee920f74eab0b4ed.php 第 48 行.
NOTIC: [8] Use of undefined constant visit - assumed 'visit' D:\wamp\www\aoshi\aoshi\Application\Runtime\Cache\Enterprise\2dd8528955dc64f3ee920f74eab0b4ed.php 第 55 行.
NOTIC: [8] Use of undefined constant resume - assumed 'resume' D:\wamp\www\aoshi\aoshi\Application\Runtime\Cache\Enterprise\2dd8528955dc64f3ee920f74eab0b4ed.php 第 56 行.
NOTIC: [8] Use of undefined constant visit - assumed 'visit' D:\wamp\www\aoshi\aoshi\Application\Runtime\Cache\Enterprise\2dd8528955dc64f3ee920f74eab0b4ed.php 第 59 行.
NOTIC: [8] Use of undefined constant resume - assumed 'resume' D:\wamp\www\aoshi\aoshi\Application\Runtime\Cache\Enterprise\2dd8528955dc64f3ee920f74eab0b4ed.php 第 62 行.
NOTIC: [8] Use of undefined constant company - assumed 'company' D:\wamp\www\aoshi\aoshi\Application\Runtime\Cache\Enterprise\2dd8528955dc64f3ee920f74eab0b4ed.php 第 77 行.
NOTIC: [8] Use of undefined constant company - assumed 'company' D:\wamp\www\aoshi\aoshi\Application\Runtime\Cache\Enterprise\2dd8528955dc64f3ee920f74eab0b4ed.php 第 84 行.
NOTIC: [8] Use of undefined constant company - assumed 'company' D:\wamp\www\aoshi\aoshi\Application\Runtime\Cache\Enterprise\2dd8528955dc64f3ee920f74eab0b4ed.php 第 87 行.
INFO: Run Behavior\ParseTemplateBehavior [ RunTime:0.038637s ]
INFO: [ view_parse ] --END-- [ RunTime:0.039272s ]
INFO: [ view_filter ] --START--
INFO: Run Behavior\WriteHtmlCacheBehavior [ RunTime:0.000942s ]
INFO: [ view_filter ] --END-- [ RunTime:0.001520s ]
INFO: [ app_end ] --START--
INFO: Run Behavior\ShowPageTraceBehavior [ RunTime:0.001036s ]
INFO: [ app_end ] --END-- [ RunTime:0.001354s ]

[ 2016-12-28T09:34:34+08:00 ] ::1 /aoshi/aoshi/index.php/Enterprise/Seeker/visit.html
INFO: [ app_init ] --START--
INFO: Run Behavior\BuildLiteBehavior [ RunTime:0.000076s ]
INFO: [ app_init ] --END-- [ RunTime:0.001157s ]
INFO: [ app_begin ] --START--
INFO: Run Behavior\ReadHtmlCacheBehavior [ RunTime:0.001404s ]
INFO: [ app_begin ] --END-- [ RunTime:0.001794s ]
INFO: [ view_parse ] --START--
INFO: [ template_filter ] --START--
INFO: Run Behavior\ContentReplaceBehavior [ RunTime:0.000265s ]
INFO: [ template_filter ] --END-- [ RunTime:0.000604s ]
NOTIC: [8] Use of undefined constant add_job - assumed 'add_job' D:\wamp\www\aoshi\aoshi\Application\Runtime\Cache\Enterprise\882cb4b14780d2ce9e99c462683ac6cf.php 第 26 行.
NOTIC: [8] Use of undefined constant job_list - assumed 'job_list' D:\wamp\www\aoshi\aoshi\Application\Runtime\Cache\Enterprise\882cb4b14780d2ce9e99c462683ac6cf.php 第 27 行.
NOTIC: [8] Use of undefined constant add_job - assumed 'add_job' D:\wamp\www\aoshi\aoshi\Application\Runtime\Cache\Enterprise\882cb4b14780d2ce9e99c462683ac6cf.php 第 34 行.
NOTIC: [8] Use of undefined constant job_list - assumed 'job_list' D:\wamp\www\aoshi\aoshi\Application\Runtime\Cache\Enterprise\882cb4b14780d2ce9e99c462683ac6cf.php 第 35 行.
NOTIC: [8] Use of undefined constant add_job - assumed 'add_job' D:\wamp\www\aoshi\aoshi\Application\Runtime\Cache\Enterprise\882cb4b14780d2ce9e99c462683ac6cf.php 第 38 行.
NOTIC: [8] Use of undefined constant job_list - assumed 'job_list' D:\wamp\www\aoshi\aoshi\Application\Runtime\Cache\Enterprise\882cb4b14780d2ce9e99c462683ac6cf.php 第 41 行.
NOTIC: [8] Use of undefined constant visit - assumed 'visit' D:\wamp\www\aoshi\aoshi\Application\Runtime\Cache\Enterprise\882cb4b14780d2ce9e99c462683ac6cf.php 第 47 行.
NOTIC: [8] Use of undefined constant resume - assumed 'resume' D:\wamp\www\aoshi\aoshi\Application\Runtime\Cache\Enterprise\882cb4b14780d2ce9e99c462683ac6cf.php 第 48 行.
NOTIC: [8] Use of undefined constant visit - assumed 'visit' D:\wamp\www\aoshi\aoshi\Application\Runtime\Cache\Enterprise\882cb4b14780d2ce9e99c462683ac6cf.php 第 55 行.
NOTIC: [8] Use of undefined constant resume - assumed 'resume' D:\wamp\www\aoshi\aoshi\Application\Runtime\Cache\Enterprise\882cb4b14780d2ce9e99c462683ac6cf.php 第 56 行.
NOTIC: [8] Use of undefined constant visit - assumed 'visit' D:\wamp\www\aoshi\aoshi\Application\Runtime\Cache\Enterprise\882cb4b14780d2ce9e99c462683ac6cf.php 第 59 行.
NOTIC: [8] Use of undefined constant resume - assumed 'resume' D:\wamp\www\aoshi\aoshi\Application\Runtime\Cache\Enterprise\882cb4b14780d2ce9e99c462683ac6cf.php 第 62 行.
NOTIC: [8] Use of undefined constant company - assumed 'company' D:\wamp\www\aoshi\aoshi\Application\Runtime\Cache\Enterprise\882cb4b14780d2ce9e99c462683ac6cf.php 第 77 行.
NOTIC: [8] Use of undefined constant company - assumed 'company' D:\wamp\www\aoshi\aoshi\Application\Runtime\Cache\Enterprise\882cb4b14780d2ce9e99c462683ac6cf.php 第 84 行.
NOTIC: [8] Use of undefined constant company - assumed 'company' D:\wamp\www\aoshi\aoshi\Application\Runtime\Cache\Enterprise\882cb4b14780d2ce9e99c462683ac6cf.php 第 87 行.
INFO: Run Behavior\ParseTemplateBehavior [ RunTime:0.038111s ]
INFO: [ view_parse ] --END-- [ RunTime:0.038471s ]
INFO: [ view_filter ] --START--
INFO: Run Behavior\WriteHtmlCacheBehavior [ RunTime:0.001303s ]
INFO: [ view_filter ] --END-- [ RunTime:0.001700s ]
INFO: [ app_end ] --START--
INFO: Run Behavior\ShowPageTraceBehavior [ RunTime:0.001545s ]
INFO: [ app_end ] --END-- [ RunTime:0.001879s ]

[ 2016-12-28T09:34:54+08:00 ] ::1 /aoshi/aoshi/index.php/Enterprise/Seeker/visit.html
INFO: [ app_init ] --START--
INFO: Run Behavior\BuildLiteBehavior [ RunTime:0.000068s ]
INFO: [ app_init ] --END-- [ RunTime:0.001037s ]
INFO: [ app_begin ] --START--
INFO: Run Behavior\ReadHtmlCacheBehavior [ RunTime:0.001237s ]
INFO: [ app_begin ] --END-- [ RunTime:0.001573s ]
INFO: [ view_parse ] --START--
INFO: [ template_filter ] --START--
INFO: Run Behavior\ContentReplaceBehavior [ RunTime:0.000279s ]
INFO: [ template_filter ] --END-- [ RunTime:0.000624s ]
NOTIC: [8] Use of undefined constant add_job - assumed 'add_job' D:\wamp\www\aoshi\aoshi\Application\Runtime\Cache\Enterprise\882cb4b14780d2ce9e99c462683ac6cf.php 第 26 行.
NOTIC: [8] Use of undefined constant job_list - assumed 'job_list' D:\wamp\www\aoshi\aoshi\Application\Runtime\Cache\Enterprise\882cb4b14780d2ce9e99c462683ac6cf.php 第 27 行.
NOTIC: [8] Use of undefined constant add_job - assumed 'add_job' D:\wamp\www\aoshi\aoshi\Application\Runtime\Cache\Enterprise\882cb4b14780d2ce9e99c462683ac6cf.php 第 34 行.
NOTIC: [8] Use of undefined constant job_list - assumed 'job_list' D:\wamp\www\aoshi\aoshi\Application\Runtime\Cache\Enterprise\882cb4b14780d2ce9e99c462683ac6cf.php 第 35 行.
NOTIC: [8] Use of undefined constant add_job - assumed 'add_job' D:\wamp\www\aoshi\aoshi\Application\Runtime\Cache\Enterprise\882cb4b14780d2ce9e99c462683ac6cf.php 第 38 行.
NOTIC: [8] Use of undefined constant job_list - assumed 'job_list' D:\wamp\www\aoshi\aoshi\Application\Runtime\Cache\Enterprise\882cb4b14780d2ce9e99c462683ac6cf.php 第 41 行.
NOTIC: [8] Use of undefined constant visit - assumed 'visit' D:\wamp\www\aoshi\aoshi\Application\Runtime\Cache\Enterprise\882cb4b14780d2ce9e99c462683ac6cf.php 第 47 行.
NOTIC: [8] Use of undefined constant resume - assumed 'resume' D:\wamp\www\aoshi\aoshi\Application\Runtime\Cache\Enterprise\882cb4b14780d2ce9e99c462683ac6cf.php 第 48 行.
NOTIC: [8] Use of undefined constant visit - assumed 'visit' D:\wamp\www\aoshi\aoshi\Application\Runtime\Cache\Enterprise\882cb4b14780d2ce9e99c462683ac6cf.php 第 55 行.
NOTIC: [8] Use of undefined constant resume - assumed 'resume' D:\wamp\www\aoshi\aoshi\Application\Runtime\Cache\Enterprise\882cb4b14780d2ce9e99c462683ac6cf.php 第 56 行.
NOTIC: [8] Use of undefined constant visit - assumed 'visit' D:\wamp\www\aoshi\aoshi\Application\Runtime\Cache\Enterprise\882cb4b14780d2ce9e99c462683ac6cf.php 第 59 行.
NOTIC: [8] Use of undefined constant resume - assumed 'resume' D:\wamp\www\aoshi\aoshi\Application\Runtime\Cache\Enterprise\882cb4b14780d2ce9e99c462683ac6cf.php 第 62 行.
NOTIC: [8] Use of undefined constant company - assumed 'company' D:\wamp\www\aoshi\aoshi\Application\Runtime\Cache\Enterprise\882cb4b14780d2ce9e99c462683ac6cf.php 第 77 行.
NOTIC: [8] Use of undefined constant company - assumed 'company' D:\wamp\www\aoshi\aoshi\Application\Runtime\Cache\Enterprise\882cb4b14780d2ce9e99c462683ac6cf.php 第 84 行.
NOTIC: [8] Use of undefined constant company - assumed 'company' D:\wamp\www\aoshi\aoshi\Application\Runtime\Cache\Enterprise\882cb4b14780d2ce9e99c462683ac6cf.php 第 87 行.
INFO: Run Behavior\ParseTemplateBehavior [ RunTime:0.041698s ]
INFO: [ view_parse ] --END-- [ RunTime:0.042112s ]
INFO: [ view_filter ] --START--
INFO: Run Behavior\WriteHtmlCacheBehavior [ RunTime:0.001069s ]
INFO: [ view_filter ] --END-- [ RunTime:0.001383s ]
INFO: [ app_end ] --START--
INFO: Run Behavior\ShowPageTraceBehavior [ RunTime:0.001037s ]
INFO: [ app_end ] --END-- [ RunTime:0.001353s ]

[ 2016-12-28T09:36:54+08:00 ] ::1 /aoshi/aoshi/index.php/Enterprise/Seeker/visit.html
INFO: [ app_init ] --START--
INFO: Run Behavior\BuildLiteBehavior [ RunTime:0.000070s ]
INFO: [ app_init ] --END-- [ RunTime:0.001254s ]
INFO: [ app_begin ] --START--
INFO: Run Behavior\ReadHtmlCacheBehavior [ RunTime:0.001468s ]
INFO: [ app_begin ] --END-- [ RunTime:0.001794s ]
INFO: [ view_parse ] --START--
INFO: [ template_filter ] --START--
INFO: Run Behavior\ContentReplaceBehavior [ RunTime:0.000196s ]
INFO: [ template_filter ] --END-- [ RunTime:0.000403s ]
NOTIC: [8] Use of undefined constant add_job - assumed 'add_job' D:\wamp\www\aoshi\aoshi\Application\Runtime\Cache\Enterprise\882cb4b14780d2ce9e99c462683ac6cf.php 第 26 行.
NOTIC: [8] Use of undefined constant job_list - assumed 'job_list' D:\wamp\www\aoshi\aoshi\Application\Runtime\Cache\Enterprise\882cb4b14780d2ce9e99c462683ac6cf.php 第 27 行.
NOTIC: [8] Use of undefined constant add_job - assumed 'add_job' D:\wamp\www\aoshi\aoshi\Application\Runtime\Cache\Enterprise\882cb4b14780d2ce9e99c462683ac6cf.php 第 34 行.
NOTIC: [8] Use of undefined constant job_list - assumed 'job_list' D:\wamp\www\aoshi\aoshi\Application\Runtime\Cache\Enterprise\882cb4b14780d2ce9e99c462683ac6cf.php 第 35 行.
NOTIC: [8] Use of undefined constant add_job - assumed 'add_job' D:\wamp\www\aoshi\aoshi\Application\Runtime\Cache\Enterprise\882cb4b14780d2ce9e99c462683ac6cf.php 第 38 行.
NOTIC: [8] Use of undefined constant job_list - assumed 'job_list' D:\wamp\www\aoshi\aoshi\Application\Runtime\Cache\Enterprise\882cb4b14780d2ce9e99c462683ac6cf.php 第 41 行.
NOTIC: [8] Use of undefined constant visit - assumed 'visit' D:\wamp\www\aoshi\aoshi\Application\Runtime\Cache\Enterprise\882cb4b14780d2ce9e99c462683ac6cf.php 第 47 行.
NOTIC: [8] Use of undefined constant resume - assumed 'resume' D:\wamp\www\aoshi\aoshi\Application\Runtime\Cache\Enterprise\882cb4b14780d2ce9e99c462683ac6cf.php 第 48 行.
NOTIC: [8] Use of undefined constant visit - assumed 'visit' D:\wamp\www\aoshi\aoshi\Application\Runtime\Cache\Enterprise\882cb4b14780d2ce9e99c462683ac6cf.php 第 55 行.
NOTIC: [8] Use of undefined constant resume - assumed 'resume' D:\wamp\www\aoshi\aoshi\Application\Runtime\Cache\Enterprise\882cb4b14780d2ce9e99c462683ac6cf.php 第 56 行.
NOTIC: [8] Use of undefined constant visit - assumed 'visit' D:\wamp\www\aoshi\aoshi\Application\Runtime\Cache\Enterprise\882cb4b14780d2ce9e99c462683ac6cf.php 第 59 行.
NOTIC: [8] Use of undefined constant resume - assumed 'resume' D:\wamp\www\aoshi\aoshi\Application\Runtime\Cache\Enterprise\882cb4b14780d2ce9e99c462683ac6cf.php 第 62 行.
NOTIC: [8] Use of undefined constant company - assumed 'company' D:\wamp\www\aoshi\aoshi\Application\Runtime\Cache\Enterprise\882cb4b14780d2ce9e99c462683ac6cf.php 第 77 行.
NOTIC: [8] Use of undefined constant company - assumed 'company' D:\wamp\www\aoshi\aoshi\Application\Runtime\Cache\Enterprise\882cb4b14780d2ce9e99c462683ac6cf.php 第 84 行.
NOTIC: [8] Use of undefined constant company - assumed 'company' D:\wamp\www\aoshi\aoshi\Application\Runtime\Cache\Enterprise\882cb4b14780d2ce9e99c462683ac6cf.php 第 87 行.
INFO: Run Behavior\ParseTemplateBehavior [ RunTime:0.061975s ]
INFO: [ view_parse ] --END-- [ RunTime:0.062254s ]
INFO: [ view_filter ] --START--
INFO: Run Behavior\WriteHtmlCacheBehavior [ RunTime:0.001262s ]
INFO: [ view_filter ] --END-- [ RunTime:0.001583s ]
INFO: [ app_end ] --START--
INFO: Run Behavior\ShowPageTraceBehavior [ RunTime:0.001560s ]
INFO: [ app_end ] --END-- [ RunTime:0.001896s ]

[ 2016-12-28T09:37:56+08:00 ] ::1 /aoshi/aoshi/index.php/Enterprise/Seeker/visit.html
INFO: [ app_init ] --START--
INFO: Run Behavior\BuildLiteBehavior [ RunTime:0.000069s ]
INFO: [ app_init ] --END-- [ RunTime:0.001540s ]
INFO: [ app_begin ] --START--
INFO: Run Behavior\ReadHtmlCacheBehavior [ RunTime:0.001476s ]
INFO: [ app_begin ] --END-- [ RunTime:0.001923s ]
INFO: [ view_parse ] --START--
INFO: [ template_filter ] --START--
INFO: Run Behavior\ContentReplaceBehavior [ RunTime:0.000247s ]
INFO: [ template_filter ] --END-- [ RunTime:0.000581s ]
NOTIC: [8] Use of undefined constant add_job - assumed 'add_job' D:\wamp\www\aoshi\aoshi\Application\Runtime\Cache\Enterprise\882cb4b14780d2ce9e99c462683ac6cf.php 第 26 行.
NOTIC: [8] Use of undefined constant job_list - assumed 'job_list' D:\wamp\www\aoshi\aoshi\Application\Runtime\Cache\Enterprise\882cb4b14780d2ce9e99c462683ac6cf.php 第 27 行.
NOTIC: [8] Use of undefined constant add_job - assumed 'add_job' D:\wamp\www\aoshi\aoshi\Application\Runtime\Cache\Enterprise\882cb4b14780d2ce9e99c462683ac6cf.php 第 34 行.
NOTIC: [8] Use of undefined constant job_list - assumed 'job_list' D:\wamp\www\aoshi\aoshi\Application\Runtime\Cache\Enterprise\882cb4b14780d2ce9e99c462683ac6cf.php 第 35 行.
NOTIC: [8] Use of undefined constant add_job - assumed 'add_job' D:\wamp\www\aoshi\aoshi\Application\Runtime\Cache\Enterprise\882cb4b14780d2ce9e99c462683ac6cf.php 第 38 行.
NOTIC: [8] Use of undefined constant job_list - assumed 'job_list' D:\wamp\www\aoshi\aoshi\Application\Runtime\Cache\Enterprise\882cb4b14780d2ce9e99c462683ac6cf.php 第 41 行.
NOTIC: [8] Use of undefined constant visit - assumed 'visit' D:\wamp\www\aoshi\aoshi\Application\Runtime\Cache\Enterprise\882cb4b14780d2ce9e99c462683ac6cf.php 第 47 行.
NOTIC: [8] Use of undefined constant resume - assumed 'resume' D:\wamp\www\aoshi\aoshi\Application\Runtime\Cache\Enterprise\882cb4b14780d2ce9e99c462683ac6cf.php 第 48 行.
NOTIC: [8] Use of undefined constant visit - assumed 'visit' D:\wamp\www\aoshi\aoshi\Application\Runtime\Cache\Enterprise\882cb4b14780d2ce9e99c462683ac6cf.php 第 55 行.
NOTIC: [8] Use of undefined constant resume - assumed 'resume' D:\wamp\www\aoshi\aoshi\Application\Runtime\Cache\Enterprise\882cb4b14780d2ce9e99c462683ac6cf.php 第 56 行.
NOTIC: [8] Use of undefined constant visit - assumed 'visit' D:\wamp\www\aoshi\aoshi\Application\Runtime\Cache\Enterprise\882cb4b14780d2ce9e99c462683ac6cf.php 第 59 行.
NOTIC: [8] Use of undefined constant resume - assumed 'resume' D:\wamp\www\aoshi\aoshi\Application\Runtime\Cache\Enterprise\882cb4b14780d2ce9e99c462683ac6cf.php 第 62 行.
NOTIC: [8] Use of undefined constant company - assumed 'company' D:\wamp\www\aoshi\aoshi\Application\Runtime\Cache\Enterprise\882cb4b14780d2ce9e99c462683ac6cf.php 第 77 行.
NOTIC: [8] Use of undefined constant company - assumed 'company' D:\wamp\www\aoshi\aoshi\Application\Runtime\Cache\Enterprise\882cb4b14780d2ce9e99c462683ac6cf.php 第 84 行.
NOTIC: [8] Use of undefined constant company - assumed 'company' D:\wamp\www\aoshi\aoshi\Application\Runtime\Cache\Enterprise\882cb4b14780d2ce9e99c462683ac6cf.php 第 87 行.
INFO: Run Behavior\ParseTemplateBehavior [ RunTime:0.036361s ]
INFO: [ view_parse ] --END-- [ RunTime:0.036680s ]
INFO: [ view_filter ] --START--
INFO: Run Behavior\WriteHtmlCacheBehavior [ RunTime:0.000715s ]
INFO: [ view_filter ] --END-- [ RunTime:0.000997s ]
INFO: [ app_end ] --START--
INFO: Run Behavior\ShowPageTraceBehavior [ RunTime:0.001117s ]
INFO: [ app_end ] --END-- [ RunTime:0.001453s ]

[ 2016-12-28T09:37:56+08:00 ] ::1 /aoshi/aoshi/index.php/Enterprise/Seeker/visit.html
INFO: [ app_init ] --START--
INFO: Run Behavior\BuildLiteBehavior [ RunTime:0.000062s ]
INFO: [ app_init ] --END-- [ RunTime:0.000964s ]
INFO: [ app_begin ] --START--
INFO: Run Behavior\ReadHtmlCacheBehavior [ RunTime:0.000961s ]
INFO: [ app_begin ] --END-- [ RunTime:0.001231s ]
INFO: [ view_parse ] --START--
INFO: [ template_filter ] --START--
INFO: Run Behavior\ContentReplaceBehavior [ RunTime:0.000303s ]
INFO: [ template_filter ] --END-- [ RunTime:0.000808s ]
NOTIC: [8] Use of undefined constant add_job - assumed 'add_job' D:\wamp\www\aoshi\aoshi\Application\Runtime\Cache\Enterprise\882cb4b14780d2ce9e99c462683ac6cf.php 第 26 行.
NOTIC: [8] Use of undefined constant job_list - assumed 'job_list' D:\wamp\www\aoshi\aoshi\Application\Runtime\Cache\Enterprise\882cb4b14780d2ce9e99c462683ac6cf.php 第 27 行.
NOTIC: [8] Use of undefined constant add_job - assumed 'add_job' D:\wamp\www\aoshi\aoshi\Application\Runtime\Cache\Enterprise\882cb4b14780d2ce9e99c462683ac6cf.php 第 34 行.
NOTIC: [8] Use of undefined constant job_list - assumed 'job_list' D:\wamp\www\aoshi\aoshi\Application\Runtime\Cache\Enterprise\882cb4b14780d2ce9e99c462683ac6cf.php 第 35 行.
NOTIC: [8] Use of undefined constant add_job - assumed 'add_job' D:\wamp\www\aoshi\aoshi\Application\Runtime\Cache\Enterprise\882cb4b14780d2ce9e99c462683ac6cf.php 第 38 行.
NOTIC: [8] Use of undefined constant job_list - assumed 'job_list' D:\wamp\www\aoshi\aoshi\Application\Runtime\Cache\Enterprise\882cb4b14780d2ce9e99c462683ac6cf.php 第 41 行.
NOTIC: [8] Use of undefined constant visit - assumed 'visit' D:\wamp\www\aoshi\aoshi\Application\Runtime\Cache\Enterprise\882cb4b14780d2ce9e99c462683ac6cf.php 第 47 行.
NOTIC: [8] Use of undefined constant resume - assumed 'resume' D:\wamp\www\aoshi\aoshi\Application\Runtime\Cache\Enterprise\882cb4b14780d2ce9e99c462683ac6cf.php 第 48 行.
NOTIC: [8] Use of undefined constant visit - assumed 'visit' D:\wamp\www\aoshi\aoshi\Application\Runtime\Cache\Enterprise\882cb4b14780d2ce9e99c462683ac6cf.php 第 55 行.
NOTIC: [8] Use of undefined constant resume - assumed 'resume' D:\wamp\www\aoshi\aoshi\Application\Runtime\Cache\Enterprise\882cb4b14780d2ce9e99c462683ac6cf.php 第 56 行.
NOTIC: [8] Use of undefined constant visit - assumed 'visit' D:\wamp\www\aoshi\aoshi\Application\Runtime\Cache\Enterprise\882cb4b14780d2ce9e99c462683ac6cf.php 第 59 行.
NOTIC: [8] Use of undefined constant resume - assumed 'resume' D:\wamp\www\aoshi\aoshi\Application\Runtime\Cache\Enterprise\882cb4b14780d2ce9e99c462683ac6cf.php 第 62 行.
NOTIC: [8] Use of undefined constant company - assumed 'company' D:\wamp\www\aoshi\aoshi\Application\Runtime\Cache\Enterprise\882cb4b14780d2ce9e99c462683ac6cf.php 第 77 行.
NOTIC: [8] Use of undefined constant company - assumed 'company' D:\wamp\www\aoshi\aoshi\Application\Runtime\Cache\Enterprise\882cb4b14780d2ce9e99c462683ac6cf.php 第 84 行.
NOTIC: [8] Use of undefined constant company - assumed 'company' D:\wamp\www\aoshi\aoshi\Application\Runtime\Cache\Enterprise\882cb4b14780d2ce9e99c462683ac6cf.php 第 87 行.
INFO: Run Behavior\ParseTemplateBehavior [ RunTime:0.029839s ]
INFO: [ view_parse ] --END-- [ RunTime:0.030235s ]
INFO: [ view_filter ] --START--
INFO: Run Behavior\WriteHtmlCacheBehavior [ RunTime:0.000697s ]
INFO: [ view_filter ] --END-- [ RunTime:0.000905s ]
INFO: [ app_end ] --START--
INFO: Run Behavior\ShowPageTraceBehavior [ RunTime:0.001573s ]
INFO: [ app_end ] --END-- [ RunTime:0.001975s ]

[ 2016-12-28T09:37:56+08:00 ] ::1 /aoshi/aoshi/index.php/Enterprise/Seeker/visit.html
INFO: [ app_init ] --START--
INFO: Run Behavior\BuildLiteBehavior [ RunTime:0.000075s ]
INFO: [ app_init ] --END-- [ RunTime:0.001173s ]
INFO: [ app_begin ] --START--
INFO: Run Behavior\ReadHtmlCacheBehavior [ RunTime:0.001143s ]
INFO: [ app_begin ] --END-- [ RunTime:0.001523s ]
INFO: [ view_parse ] --START--
INFO: [ template_filter ] --START--
INFO: Run Behavior\ContentReplaceBehavior [ RunTime:0.000267s ]
INFO: [ template_filter ] --END-- [ RunTime:0.000630s ]
NOTIC: [8] Use of undefined constant add_job - assumed 'add_job' D:\wamp\www\aoshi\aoshi\Application\Runtime\Cache\Enterprise\882cb4b14780d2ce9e99c462683ac6cf.php 第 26 行.
NOTIC: [8] Use of undefined constant job_list - assumed 'job_list' D:\wamp\www\aoshi\aoshi\Application\Runtime\Cache\Enterprise\882cb4b14780d2ce9e99c462683ac6cf.php 第 27 行.
NOTIC: [8] Use of undefined constant add_job - assumed 'add_job' D:\wamp\www\aoshi\aoshi\Application\Runtime\Cache\Enterprise\882cb4b14780d2ce9e99c462683ac6cf.php 第 34 行.
NOTIC: [8] Use of undefined constant job_list - assumed 'job_list' D:\wamp\www\aoshi\aoshi\Application\Runtime\Cache\Enterprise\882cb4b14780d2ce9e99c462683ac6cf.php 第 35 行.
NOTIC: [8] Use of undefined constant add_job - assumed 'add_job' D:\wamp\www\aoshi\aoshi\Application\Runtime\Cache\Enterprise\882cb4b14780d2ce9e99c462683ac6cf.php 第 38 行.
NOTIC: [8] Use of undefined constant job_list - assumed 'job_list' D:\wamp\www\aoshi\aoshi\Application\Runtime\Cache\Enterprise\882cb4b14780d2ce9e99c462683ac6cf.php 第 41 行.
NOTIC: [8] Use of undefined constant visit - assumed 'visit' D:\wamp\www\aoshi\aoshi\Application\Runtime\Cache\Enterprise\882cb4b14780d2ce9e99c462683ac6cf.php 第 47 行.
NOTIC: [8] Use of undefined constant resume - assumed 'resume' D:\wamp\www\aoshi\aoshi\Application\Runtime\Cache\Enterprise\882cb4b14780d2ce9e99c462683ac6cf.php 第 48 行.
NOTIC: [8] Use of undefined constant visit - assumed 'visit' D:\wamp\www\aoshi\aoshi\Application\Runtime\Cache\Enterprise\882cb4b14780d2ce9e99c462683ac6cf.php 第 55 行.
NOTIC: [8] Use of undefined constant resume - assumed 'resume' D:\wamp\www\aoshi\aoshi\Application\Runtime\Cache\Enterprise\882cb4b14780d2ce9e99c462683ac6cf.php 第 56 行.
NOTIC: [8] Use of undefined constant visit - assumed 'visit' D:\wamp\www\aoshi\aoshi\Application\Runtime\Cache\Enterprise\882cb4b14780d2ce9e99c462683ac6cf.php 第 59 行.
NOTIC: [8] Use of undefined constant resume - assumed 'resume' D:\wamp\www\aoshi\aoshi\Application\Runtime\Cache\Enterprise\882cb4b14780d2ce9e99c462683ac6cf.php 第 62 行.
NOTIC: [8] Use of undefined constant company - assumed 'company' D:\wamp\www\aoshi\aoshi\Application\Runtime\Cache\Enterprise\882cb4b14780d2ce9e99c462683ac6cf.php 第 77 行.
NOTIC: [8] Use of undefined constant company - assumed 'company' D:\wamp\www\aoshi\aoshi\Application\Runtime\Cache\Enterprise\882cb4b14780d2ce9e99c462683ac6cf.php 第 84 行.
NOTIC: [8] Use of undefined constant company - assumed 'company' D:\wamp\www\aoshi\aoshi\Application\Runtime\Cache\Enterprise\882cb4b14780d2ce9e99c462683ac6cf.php 第 87 行.
INFO: Run Behavior\ParseTemplateBehavior [ RunTime:0.029364s ]
INFO: [ view_parse ] --END-- [ RunTime:0.029618s ]
INFO: [ view_filter ] --START--
INFO: Run Behavior\WriteHtmlCacheBehavior [ RunTime:0.000837s ]
INFO: [ view_filter ] --END-- [ RunTime:0.001086s ]
INFO: [ app_end ] --START--
INFO: Run Behavior\ShowPageTraceBehavior [ RunTime:0.001483s ]
INFO: [ app_end ] --END-- [ RunTime:0.002003s ]

[ 2016-12-28T10:36:19+08:00 ] ::1 /aoshi/aoshi/index.php/Enterprise/Seeker/visit.html
INFO: [ app_init ] --START--
INFO: Run Behavior\BuildLiteBehavior [ RunTime:0.000077s ]
INFO: [ app_init ] --END-- [ RunTime:0.021412s ]
INFO: [ app_begin ] --START--
INFO: Run Behavior\ReadHtmlCacheBehavior [ RunTime:0.030910s ]
INFO: [ app_begin ] --END-- [ RunTime:0.031385s ]
INFO: [ view_parse ] --START--
INFO: [ template_filter ] --START--
INFO: Run Behavior\ContentReplaceBehavior [ RunTime:0.000276s ]
INFO: [ template_filter ] --END-- [ RunTime:0.000706s ]
NOTIC: [8] Use of undefined constant add_job - assumed 'add_job' D:\wamp\www\aoshi\aoshi\Application\Runtime\Cache\Enterprise\882cb4b14780d2ce9e99c462683ac6cf.php 第 26 行.
NOTIC: [8] Use of undefined constant job_list - assumed 'job_list' D:\wamp\www\aoshi\aoshi\Application\Runtime\Cache\Enterprise\882cb4b14780d2ce9e99c462683ac6cf.php 第 27 行.
NOTIC: [8] Use of undefined constant add_job - assumed 'add_job' D:\wamp\www\aoshi\aoshi\Application\Runtime\Cache\Enterprise\882cb4b14780d2ce9e99c462683ac6cf.php 第 34 行.
NOTIC: [8] Use of undefined constant job_list - assumed 'job_list' D:\wamp\www\aoshi\aoshi\Application\Runtime\Cache\Enterprise\882cb4b14780d2ce9e99c462683ac6cf.php 第 35 行.
NOTIC: [8] Use of undefined constant add_job - assumed 'add_job' D:\wamp\www\aoshi\aoshi\Application\Runtime\Cache\Enterprise\882cb4b14780d2ce9e99c462683ac6cf.php 第 38 行.
NOTIC: [8] Use of undefined constant job_list - assumed 'job_list' D:\wamp\www\aoshi\aoshi\Application\Runtime\Cache\Enterprise\882cb4b14780d2ce9e99c462683ac6cf.php 第 41 行.
NOTIC: [8] Use of undefined constant visit - assumed 'visit' D:\wamp\www\aoshi\aoshi\Application\Runtime\Cache\Enterprise\882cb4b14780d2ce9e99c462683ac6cf.php 第 47 行.
NOTIC: [8] Use of undefined constant resume - assumed 'resume' D:\wamp\www\aoshi\aoshi\Application\Runtime\Cache\Enterprise\882cb4b14780d2ce9e99c462683ac6cf.php 第 48 行.
NOTIC: [8] Use of undefined constant visit - assumed 'visit' D:\wamp\www\aoshi\aoshi\Application\Runtime\Cache\Enterprise\882cb4b14780d2ce9e99c462683ac6cf.php 第 55 行.
NOTIC: [8] Use of undefined constant resume - assumed 'resume' D:\wamp\www\aoshi\aoshi\Application\Runtime\Cache\Enterprise\882cb4b14780d2ce9e99c462683ac6cf.php 第 56 行.
NOTIC: [8] Use of undefined constant visit - assumed 'visit' D:\wamp\www\aoshi\aoshi\Application\Runtime\Cache\Enterprise\882cb4b14780d2ce9e99c462683ac6cf.php 第 59 行.
NOTIC: [8] Use of undefined constant resume - assumed 'resume' D:\wamp\www\aoshi\aoshi\Application\Runtime\Cache\Enterprise\882cb4b14780d2ce9e99c462683ac6cf.php 第 62 行.
NOTIC: [8] Use of undefined constant company - assumed 'company' D:\wamp\www\aoshi\aoshi\Application\Runtime\Cache\Enterprise\882cb4b14780d2ce9e99c462683ac6cf.php 第 77 行.
NOTIC: [8] Use of undefined constant company - assumed 'company' D:\wamp\www\aoshi\aoshi\Application\Runtime\Cache\Enterprise\882cb4b14780d2ce9e99c462683ac6cf.php 第 84 行.
NOTIC: [8] Use of undefined constant company - assumed 'company' D:\wamp\www\aoshi\aoshi\Application\Runtime\Cache\Enterprise\882cb4b14780d2ce9e99c462683ac6cf.php 第 87 行.
INFO: Run Behavior\ParseTemplateBehavior [ RunTime:0.292244s ]
INFO: [ view_parse ] --END-- [ RunTime:0.292811s ]
INFO: [ view_filter ] --START--
INFO: Run Behavior\WriteHtmlCacheBehavior [ RunTime:0.023386s ]
INFO: [ view_filter ] --END-- [ RunTime:0.023798s ]
INFO: [ app_end ] --START--
INFO: Run Behavior\ShowPageTraceBehavior [ RunTime:0.017689s ]
INFO: [ app_end ] --END-- [ RunTime:0.018008s ]

[ 2016-12-28T10:51:26+08:00 ] ::1 /aoshi/aoshi/index.php/Enterprise/Me/company.html
INFO: [ app_init ] --START--
INFO: Run Behavior\BuildLiteBehavior [ RunTime:0.000073s ]
INFO: [ app_init ] --END-- [ RunTime:0.002031s ]
INFO: [ app_begin ] --START--
INFO: Run Behavior\ReadHtmlCacheBehavior [ RunTime:0.034892s ]
INFO: [ app_begin ] --END-- [ RunTime:0.035259s ]
INFO: [ view_parse ] --START--
INFO: [ template_filter ] --START--
INFO: Run Behavior\ContentReplaceBehavior [ RunTime:0.000259s ]
INFO: [ template_filter ] --END-- [ RunTime:0.000608s ]
NOTIC: [8] Use of undefined constant add_job - assumed 'add_job' D:\wamp\www\aoshi\aoshi\Application\Runtime\Cache\Enterprise\2dd8528955dc64f3ee920f74eab0b4ed.php 第 26 行.
NOTIC: [8] Use of undefined constant job_list - assumed 'job_list' D:\wamp\www\aoshi\aoshi\Application\Runtime\Cache\Enterprise\2dd8528955dc64f3ee920f74eab0b4ed.php 第 27 行.
NOTIC: [8] Use of undefined constant add_job - assumed 'add_job' D:\wamp\www\aoshi\aoshi\Application\Runtime\Cache\Enterprise\2dd8528955dc64f3ee920f74eab0b4ed.php 第 34 行.
NOTIC: [8] Use of undefined constant job_list - assumed 'job_list' D:\wamp\www\aoshi\aoshi\Application\Runtime\Cache\Enterprise\2dd8528955dc64f3ee920f74eab0b4ed.php 第 35 行.
NOTIC: [8] Use of undefined constant add_job - assumed 'add_job' D:\wamp\www\aoshi\aoshi\Application\Runtime\Cache\Enterprise\2dd8528955dc64f3ee920f74eab0b4ed.php 第 38 行.
NOTIC: [8] Use of undefined constant job_list - assumed 'job_list' D:\wamp\www\aoshi\aoshi\Application\Runtime\Cache\Enterprise\2dd8528955dc64f3ee920f74eab0b4ed.php 第 41 行.
NOTIC: [8] Use of undefined constant visit - assumed 'visit' D:\wamp\www\aoshi\aoshi\Application\Runtime\Cache\Enterprise\2dd8528955dc64f3ee920f74eab0b4ed.php 第 47 行.
NOTIC: [8] Use of undefined constant resume - assumed 'resume' D:\wamp\www\aoshi\aoshi\Application\Runtime\Cache\Enterprise\2dd8528955dc64f3ee920f74eab0b4ed.php 第 48 行.
NOTIC: [8] Use of undefined constant visit - assumed 'visit' D:\wamp\www\aoshi\aoshi\Application\Runtime\Cache\Enterprise\2dd8528955dc64f3ee920f74eab0b4ed.php 第 55 行.
NOTIC: [8] Use of undefined constant resume - assumed 'resume' D:\wamp\www\aoshi\aoshi\Application\Runtime\Cache\Enterprise\2dd8528955dc64f3ee920f74eab0b4ed.php 第 56 行.
NOTIC: [8] Use of undefined constant visit - assumed 'visit' D:\wamp\www\aoshi\aoshi\Application\Runtime\Cache\Enterprise\2dd8528955dc64f3ee920f74eab0b4ed.php 第 59 行.
NOTIC: [8] Use of undefined constant resume - assumed 'resume' D:\wamp\www\aoshi\aoshi\Application\Runtime\Cache\Enterprise\2dd8528955dc64f3ee920f74eab0b4ed.php 第 62 行.
NOTIC: [8] Use of undefined constant company - assumed 'company' D:\wamp\www\aoshi\aoshi\Application\Runtime\Cache\Enterprise\2dd8528955dc64f3ee920f74eab0b4ed.php 第 77 行.
NOTIC: [8] Use of undefined constant company - assumed 'company' D:\wamp\www\aoshi\aoshi\Application\Runtime\Cache\Enterprise\2dd8528955dc64f3ee920f74eab0b4ed.php 第 84 行.
NOTIC: [8] Use of undefined constant company - assumed 'company' D:\wamp\www\aoshi\aoshi\Application\Runtime\Cache\Enterprise\2dd8528955dc64f3ee920f74eab0b4ed.php 第 87 行.
INFO: Run Behavior\ParseTemplateBehavior [ RunTime:0.253366s ]
INFO: [ view_parse ] --END-- [ RunTime:0.253706s ]
INFO: [ view_filter ] --START--
INFO: Run Behavior\WriteHtmlCacheBehavior [ RunTime:0.024940s ]
INFO: [ view_filter ] --END-- [ RunTime:0.025343s ]
INFO: [ app_end ] --START--
INFO: Run Behavior\ShowPageTraceBehavior [ RunTime:0.018995s ]
INFO: [ app_end ] --END-- [ RunTime:0.019343s ]

[ 2016-12-28T10:51:32+08:00 ] ::1 /aoshi/aoshi/index.php/Enterprise/Me/company.html
INFO: [ app_init ] --START--
INFO: Run Behavior\BuildLiteBehavior [ RunTime:0.000070s ]
INFO: [ app_init ] --END-- [ RunTime:0.001626s ]
INFO: [ app_begin ] --START--
INFO: Run Behavior\ReadHtmlCacheBehavior [ RunTime:0.001168s ]
INFO: [ app_begin ] --END-- [ RunTime:0.001645s ]
INFO: [ view_parse ] --START--
INFO: [ template_filter ] --START--
INFO: Run Behavior\ContentReplaceBehavior [ RunTime:0.000264s ]
INFO: [ template_filter ] --END-- [ RunTime:0.000689s ]
NOTIC: [8] Use of undefined constant add_job - assumed 'add_job' D:\wamp\www\aoshi\aoshi\Application\Runtime\Cache\Enterprise\2dd8528955dc64f3ee920f74eab0b4ed.php 第 26 行.
NOTIC: [8] Use of undefined constant job_list - assumed 'job_list' D:\wamp\www\aoshi\aoshi\Application\Runtime\Cache\Enterprise\2dd8528955dc64f3ee920f74eab0b4ed.php 第 27 行.
NOTIC: [8] Use of undefined constant add_job - assumed 'add_job' D:\wamp\www\aoshi\aoshi\Application\Runtime\Cache\Enterprise\2dd8528955dc64f3ee920f74eab0b4ed.php 第 34 行.
NOTIC: [8] Use of undefined constant job_list - assumed 'job_list' D:\wamp\www\aoshi\aoshi\Application\Runtime\Cache\Enterprise\2dd8528955dc64f3ee920f74eab0b4ed.php 第 35 行.
NOTIC: [8] Use of undefined constant add_job - assumed 'add_job' D:\wamp\www\aoshi\aoshi\Application\Runtime\Cache\Enterprise\2dd8528955dc64f3ee920f74eab0b4ed.php 第 38 行.
NOTIC: [8] Use of undefined constant job_list - assumed 'job_list' D:\wamp\www\aoshi\aoshi\Application\Runtime\Cache\Enterprise\2dd8528955dc64f3ee920f74eab0b4ed.php 第 41 行.
NOTIC: [8] Use of undefined constant visit - assumed 'visit' D:\wamp\www\aoshi\aoshi\Application\Runtime\Cache\Enterprise\2dd8528955dc64f3ee920f74eab0b4ed.php 第 47 行.
NOTIC: [8] Use of undefined constant resume - assumed 'resume' D:\wamp\www\aoshi\aoshi\Application\Runtime\Cache\Enterprise\2dd8528955dc64f3ee920f74eab0b4ed.php 第 48 行.
NOTIC: [8] Use of undefined constant visit - assumed 'visit' D:\wamp\www\aoshi\aoshi\Application\Runtime\Cache\Enterprise\2dd8528955dc64f3ee920f74eab0b4ed.php 第 55 行.
NOTIC: [8] Use of undefined constant resume - assumed 'resume' D:\wamp\www\aoshi\aoshi\Application\Runtime\Cache\Enterprise\2dd8528955dc64f3ee920f74eab0b4ed.php 第 56 行.
NOTIC: [8] Use of undefined constant visit - assumed 'visit' D:\wamp\www\aoshi\aoshi\Application\Runtime\Cache\Enterprise\2dd8528955dc64f3ee920f74eab0b4ed.php 第 59 行.
NOTIC: [8] Use of undefined constant resume - assumed 'resume' D:\wamp\www\aoshi\aoshi\Application\Runtime\Cache\Enterprise\2dd8528955dc64f3ee920f74eab0b4ed.php 第 62 行.
NOTIC: [8] Use of undefined constant company - assumed 'company' D:\wamp\www\aoshi\aoshi\Application\Runtime\Cache\Enterprise\2dd8528955dc64f3ee920f74eab0b4ed.php 第 77 行.
NOTIC: [8] Use of undefined constant company - assumed 'company' D:\wamp\www\aoshi\aoshi\Application\Runtime\Cache\Enterprise\2dd8528955dc64f3ee920f74eab0b4ed.php 第 84 行.
NOTIC: [8] Use of undefined constant company - assumed 'company' D:\wamp\www\aoshi\aoshi\Application\Runtime\Cache\Enterprise\2dd8528955dc64f3ee920f74eab0b4ed.php 第 87 行.
INFO: Run Behavior\ParseTemplateBehavior [ RunTime:0.048248s ]
INFO: [ view_parse ] --END-- [ RunTime:0.048611s ]
INFO: [ view_filter ] --START--
INFO: Run Behavior\WriteHtmlCacheBehavior [ RunTime:0.002068s ]
INFO: [ view_filter ] --END-- [ RunTime:0.002653s ]
INFO: [ app_end ] --START--
INFO: Run Behavior\ShowPageTraceBehavior [ RunTime:0.001339s ]
INFO: [ app_end ] --END-- [ RunTime:0.001673s ]

[ 2016-12-28T10:55:39+08:00 ] ::1 /aoshi/aoshi/index.php/Enterprise/Me/company.html
INFO: [ app_init ] --START--
INFO: Run Behavior\BuildLiteBehavior [ RunTime:0.000076s ]
INFO: [ app_init ] --END-- [ RunTime:0.001590s ]
INFO: [ app_begin ] --START--
INFO: Run Behavior\ReadHtmlCacheBehavior [ RunTime:0.002144s ]
INFO: [ app_begin ] --END-- [ RunTime:0.002509s ]
ERR: 无法加载控制器:Me

[ 2016-12-28T10:55:43+08:00 ] ::1 /aoshi/aoshi/index.php/Enterprise/Me/company.html
INFO: [ app_init ] --START--
INFO: Run Behavior\BuildLiteBehavior [ RunTime:0.000071s ]
INFO: [ app_init ] --END-- [ RunTime:0.001270s ]
INFO: [ app_begin ] --START--
INFO: Run Behavior\ReadHtmlCacheBehavior [ RunTime:0.001118s ]
INFO: [ app_begin ] --END-- [ RunTime:0.001461s ]
ERR: 无法加载控制器:Me

[ 2016-12-28T10:56:08+08:00 ] ::1 /aoshi/aoshi/index.php/Enterprise/Me/company.html
INFO: [ app_init ] --START--
INFO: Run Behavior\BuildLiteBehavior [ RunTime:0.000065s ]
INFO: [ app_init ] --END-- [ RunTime:0.001039s ]
INFO: [ app_begin ] --START--
INFO: Run Behavior\ReadHtmlCacheBehavior [ RunTime:0.001305s ]
INFO: [ app_begin ] --END-- [ RunTime:0.001741s ]
ERR: 无法加载控制器:Me

[ 2016-12-28T10:56:10+08:00 ] ::1 /aoshi/aoshi/index.php/Enterprise/Seeker/visit.html
INFO: [ app_init ] --START--
INFO: Run Behavior\BuildLiteBehavior [ RunTime:0.000067s ]
INFO: [ app_init ] --END-- [ RunTime:0.001066s ]
INFO: [ app_begin ] --START--
INFO: Run Behavior\ReadHtmlCacheBehavior [ RunTime:0.001096s ]
INFO: [ app_begin ] --END-- [ RunTime:0.001443s ]
INFO: [ view_parse ] --START--
INFO: [ template_filter ] --START--
INFO: Run Behavior\ContentReplaceBehavior [ RunTime:0.000724s ]
INFO: [ template_filter ] --END-- [ RunTime:0.001187s ]
NOTIC: [8] Use of undefined constant add_job - assumed 'add_job' D:\wamp\www\aoshi\aoshi\Application\Runtime\Cache\Enterprise\882cb4b14780d2ce9e99c462683ac6cf.php 第 26 行.
NOTIC: [8] Use of undefined constant job_list - assumed 'job_list' D:\wamp\www\aoshi\aoshi\Application\Runtime\Cache\Enterprise\882cb4b14780d2ce9e99c462683ac6cf.php 第 27 行.
NOTIC: [8] Use of undefined constant add_job - assumed 'add_job' D:\wamp\www\aoshi\aoshi\Application\Runtime\Cache\Enterprise\882cb4b14780d2ce9e99c462683ac6cf.php 第 34 行.
NOTIC: [8] Use of undefined constant job_list - assumed 'job_list' D:\wamp\www\aoshi\aoshi\Application\Runtime\Cache\Enterprise\882cb4b14780d2ce9e99c462683ac6cf.php 第 35 行.
NOTIC: [8] Use of undefined constant add_job - assumed 'add_job' D:\wamp\www\aoshi\aoshi\Application\Runtime\Cache\Enterprise\882cb4b14780d2ce9e99c462683ac6cf.php 第 38 行.
NOTIC: [8] Use of undefined constant job_list - assumed 'job_list' D:\wamp\www\aoshi\aoshi\Application\Runtime\Cache\Enterprise\882cb4b14780d2ce9e99c462683ac6cf.php 第 41 行.
NOTIC: [8] Use of undefined constant visit - assumed 'visit' D:\wamp\www\aoshi\aoshi\Application\Runtime\Cache\Enterprise\882cb4b14780d2ce9e99c462683ac6cf.php 第 47 行.
NOTIC: [8] Use of undefined constant resume - assumed 'resume' D:\wamp\www\aoshi\aoshi\Application\Runtime\Cache\Enterprise\882cb4b14780d2ce9e99c462683ac6cf.php 第 48 行.
NOTIC: [8] Use of undefined constant visit - assumed 'visit' D:\wamp\www\aoshi\aoshi\Application\Runtime\Cache\Enterprise\882cb4b14780d2ce9e99c462683ac6cf.php 第 55 行.
NOTIC: [8] Use of undefined constant resume - assumed 'resume' D:\wamp\www\aoshi\aoshi\Application\Runtime\Cache\Enterprise\882cb4b14780d2ce9e99c462683ac6cf.php 第 56 行.
NOTIC: [8] Use of undefined constant visit - assumed 'visit' D:\wamp\www\aoshi\aoshi\Application\Runtime\Cache\Enterprise\882cb4b14780d2ce9e99c462683ac6cf.php 第 59 行.
NOTIC: [8] Use of undefined constant resume - assumed 'resume' D:\wamp\www\aoshi\aoshi\Application\Runtime\Cache\Enterprise\882cb4b14780d2ce9e99c462683ac6cf.php 第 62 行.
NOTIC: [8] Use of undefined constant index - assumed 'index' D:\wamp\www\aoshi\aoshi\Application\Runtime\Cache\Enterprise\882cb4b14780d2ce9e99c462683ac6cf.php 第 77 行.
NOTIC: [8] Use of undefined constant index - assumed 'index' D:\wamp\www\aoshi\aoshi\Application\Runtime\Cache\Enterprise\882cb4b14780d2ce9e99c462683ac6cf.php 第 84 行.
NOTIC: [8] Use of undefined constant index - assumed 'index' D:\wamp\www\aoshi\aoshi\Application\Runtime\Cache\Enterprise\882cb4b14780d2ce9e99c462683ac6cf.php 第 87 行.
INFO: Run Behavior\ParseTemplateBehavior [ RunTime:0.113480s ]
INFO: [ view_parse ] --END-- [ RunTime:0.113822s ]
INFO: [ view_filter ] --START--
INFO: Run Behavior\WriteHtmlCacheBehavior [ RunTime:0.001743s ]
INFO: [ view_filter ] --END-- [ RunTime:0.002003s ]
INFO: [ app_end ] --START--
INFO: Run Behavior\ShowPageTraceBehavior [ RunTime:0.001672s ]
INFO: [ app_end ] --END-- [ RunTime:0.001943s ]

[ 2016-12-28T10:56:11+08:00 ] ::1 /aoshi/aoshi/index.php/Enterprise/Seeker/visit.html
INFO: [ app_init ] --START--
INFO: Run Behavior\BuildLiteBehavior [ RunTime:0.000068s ]
INFO: [ app_init ] --END-- [ RunTime:0.001105s ]
INFO: [ app_begin ] --START--
INFO: Run Behavior\ReadHtmlCacheBehavior [ RunTime:0.001071s ]
INFO: [ app_begin ] --END-- [ RunTime:0.001411s ]
INFO: [ view_parse ] --START--
INFO: [ template_filter ] --START--
INFO: Run Behavior\ContentReplaceBehavior [ RunTime:0.000250s ]
INFO: [ template_filter ] --END-- [ RunTime:0.000598s ]
NOTIC: [8] Use of undefined constant add_job - assumed 'add_job' D:\wamp\www\aoshi\aoshi\Application\Runtime\Cache\Enterprise\882cb4b14780d2ce9e99c462683ac6cf.php 第 26 行.
NOTIC: [8] Use of undefined constant job_list - assumed 'job_list' D:\wamp\www\aoshi\aoshi\Application\Runtime\Cache\Enterprise\882cb4b14780d2ce9e99c462683ac6cf.php 第 27 行.
NOTIC: [8] Use of undefined constant add_job - assumed 'add_job' D:\wamp\www\aoshi\aoshi\Application\Runtime\Cache\Enterprise\882cb4b14780d2ce9e99c462683ac6cf.php 第 34 行.
NOTIC: [8] Use of undefined constant job_list - assumed 'job_list' D:\wamp\www\aoshi\aoshi\Application\Runtime\Cache\Enterprise\882cb4b14780d2ce9e99c462683ac6cf.php 第 35 行.
NOTIC: [8] Use of undefined constant add_job - assumed 'add_job' D:\wamp\www\aoshi\aoshi\Application\Runtime\Cache\Enterprise\882cb4b14780d2ce9e99c462683ac6cf.php 第 38 行.
NOTIC: [8] Use of undefined constant job_list - assumed 'job_list' D:\wamp\www\aoshi\aoshi\Application\Runtime\Cache\Enterprise\882cb4b14780d2ce9e99c462683ac6cf.php 第 41 行.
NOTIC: [8] Use of undefined constant visit - assumed 'visit' D:\wamp\www\aoshi\aoshi\Application\Runtime\Cache\Enterprise\882cb4b14780d2ce9e99c462683ac6cf.php 第 47 行.
NOTIC: [8] Use of undefined constant resume - assumed 'resume' D:\wamp\www\aoshi\aoshi\Application\Runtime\Cache\Enterprise\882cb4b14780d2ce9e99c462683ac6cf.php 第 48 行.
NOTIC: [8] Use of undefined constant visit - assumed 'visit' D:\wamp\www\aoshi\aoshi\Application\Runtime\Cache\Enterprise\882cb4b14780d2ce9e99c462683ac6cf.php 第 55 行.
NOTIC: [8] Use of undefined constant resume - assumed 'resume' D:\wamp\www\aoshi\aoshi\Application\Runtime\Cache\Enterprise\882cb4b14780d2ce9e99c462683ac6cf.php 第 56 行.
NOTIC: [8] Use of undefined constant visit - assumed 'visit' D:\wamp\www\aoshi\aoshi\Application\Runtime\Cache\Enterprise\882cb4b14780d2ce9e99c462683ac6cf.php 第 59 行.
NOTIC: [8] Use of undefined constant resume - assumed 'resume' D:\wamp\www\aoshi\aoshi\Application\Runtime\Cache\Enterprise\882cb4b14780d2ce9e99c462683ac6cf.php 第 62 行.
NOTIC: [8] Use of undefined constant index - assumed 'index' D:\wamp\www\aoshi\aoshi\Application\Runtime\Cache\Enterprise\882cb4b14780d2ce9e99c462683ac6cf.php 第 77 行.
NOTIC: [8] Use of undefined constant index - assumed 'index' D:\wamp\www\aoshi\aoshi\Application\Runtime\Cache\Enterprise\882cb4b14780d2ce9e99c462683ac6cf.php 第 84 行.
NOTIC: [8] Use of undefined constant index - assumed 'index' D:\wamp\www\aoshi\aoshi\Application\Runtime\Cache\Enterprise\882cb4b14780d2ce9e99c462683ac6cf.php 第 87 行.
INFO: Run Behavior\ParseTemplateBehavior [ RunTime:0.040542s ]
INFO: [ view_parse ] --END-- [ RunTime:0.040902s ]
INFO: [ view_filter ] --START--
INFO: Run Behavior\WriteHtmlCacheBehavior [ RunTime:0.001402s ]
INFO: [ view_filter ] --END-- [ RunTime:0.002357s ]
INFO: [ app_end ] --START--
INFO: Run Behavior\ShowPageTraceBehavior [ RunTime:0.001430s ]
INFO: [ app_end ] --END-- [ RunTime:0.001895s ]

[ 2016-12-28T10:56:11+08:00 ] ::1 /aoshi/aoshi/index.php/Enterprise/Seeker/visit.html
INFO: [ app_init ] --START--
INFO: Run Behavior\BuildLiteBehavior [ RunTime:0.000077s ]
INFO: [ app_init ] --END-- [ RunTime:0.001284s ]
INFO: [ app_begin ] --START--
INFO: Run Behavior\ReadHtmlCacheBehavior [ RunTime:0.001141s ]
INFO: [ app_begin ] --END-- [ RunTime:0.001510s ]
INFO: [ view_parse ] --START--
INFO: [ template_filter ] --START--
INFO: Run Behavior\ContentReplaceBehavior [ RunTime:0.000267s ]
INFO: [ template_filter ] --END-- [ RunTime:0.000616s ]
NOTIC: [8] Use of undefined constant add_job - assumed 'add_job' D:\wamp\www\aoshi\aoshi\Application\Runtime\Cache\Enterprise\882cb4b14780d2ce9e99c462683ac6cf.php 第 26 行.
NOTIC: [8] Use of undefined constant job_list - assumed 'job_list' D:\wamp\www\aoshi\aoshi\Application\Runtime\Cache\Enterprise\882cb4b14780d2ce9e99c462683ac6cf.php 第 27 行.
NOTIC: [8] Use of undefined constant add_job - assumed 'add_job' D:\wamp\www\aoshi\aoshi\Application\Runtime\Cache\Enterprise\882cb4b14780d2ce9e99c462683ac6cf.php 第 34 行.
NOTIC: [8] Use of undefined constant job_list - assumed 'job_list' D:\wamp\www\aoshi\aoshi\Application\Runtime\Cache\Enterprise\882cb4b14780d2ce9e99c462683ac6cf.php 第 35 行.
NOTIC: [8] Use of undefined constant add_job - assumed 'add_job' D:\wamp\www\aoshi\aoshi\Application\Runtime\Cache\Enterprise\882cb4b14780d2ce9e99c462683ac6cf.php 第 38 行.
NOTIC: [8] Use of undefined constant job_list - assumed 'job_list' D:\wamp\www\aoshi\aoshi\Application\Runtime\Cache\Enterprise\882cb4b14780d2ce9e99c462683ac6cf.php 第 41 行.
NOTIC: [8] Use of undefined constant visit - assumed 'visit' D:\wamp\www\aoshi\aoshi\Application\Runtime\Cache\Enterprise\882cb4b14780d2ce9e99c462683ac6cf.php 第 47 行.
NOTIC: [8] Use of undefined constant resume - assumed 'resume' D:\wamp\www\aoshi\aoshi\Application\Runtime\Cache\Enterprise\882cb4b14780d2ce9e99c462683ac6cf.php 第 48 行.
NOTIC: [8] Use of undefined constant visit - assumed 'visit' D:\wamp\www\aoshi\aoshi\Application\Runtime\Cache\Enterprise\882cb4b14780d2ce9e99c462683ac6cf.php 第 55 行.
NOTIC: [8] Use of undefined constant resume - assumed 'resume' D:\wamp\www\aoshi\aoshi\Application\Runtime\Cache\Enterprise\882cb4b14780d2ce9e99c462683ac6cf.php 第 56 行.
NOTIC: [8] Use of undefined constant visit - assumed 'visit' D:\wamp\www\aoshi\aoshi\Application\Runtime\Cache\Enterprise\882cb4b14780d2ce9e99c462683ac6cf.php 第 59 行.
NOTIC: [8] Use of undefined constant resume - assumed 'resume' D:\wamp\www\aoshi\aoshi\Application\Runtime\Cache\Enterprise\882cb4b14780d2ce9e99c462683ac6cf.php 第 62 行.
NOTIC: [8] Use of undefined constant index - assumed 'index' D:\wamp\www\aoshi\aoshi\Application\Runtime\Cache\Enterprise\882cb4b14780d2ce9e99c462683ac6cf.php 第 77 行.
NOTIC: [8] Use of undefined constant index - assumed 'index' D:\wamp\www\aoshi\aoshi\Application\Runtime\Cache\Enterprise\882cb4b14780d2ce9e99c462683ac6cf.php 第 84 行.
NOTIC: [8] Use of undefined constant index - assumed 'index' D:\wamp\www\aoshi\aoshi\Application\Runtime\Cache\Enterprise\882cb4b14780d2ce9e99c462683ac6cf.php 第 87 行.
INFO: Run Behavior\ParseTemplateBehavior [ RunTime:0.042816s ]
INFO: [ view_parse ] --END-- [ RunTime:0.043352s ]
INFO: [ view_filter ] --START--
INFO: Run Behavior\WriteHtmlCacheBehavior [ RunTime:0.001938s ]
INFO: [ view_filter ] --END-- [ RunTime:0.002291s ]
INFO: [ app_end ] --START--
INFO: Run Behavior\ShowPageTraceBehavior [ RunTime:0.001093s ]
INFO: [ app_end ] --END-- [ RunTime:0.001421s ]

[ 2016-12-28T10:56:12+08:00 ] ::1 /aoshi/aoshi/index.php/Enterprise/Company/index.html
INFO: [ app_init ] --START--
INFO: Run Behavior\BuildLiteBehavior [ RunTime:0.000075s ]
INFO: [ app_init ] --END-- [ RunTime:0.001293s ]
INFO: [ app_begin ] --START--
INFO: Run Behavior\ReadHtmlCacheBehavior [ RunTime:0.001177s ]
INFO: [ app_begin ] --END-- [ RunTime:0.001538s ]
INFO: [ view_parse ] --START--
INFO: [ template_filter ] --START--
INFO: Run Behavior\ContentReplaceBehavior [ RunTime:0.000724s ]
INFO: [ template_filter ] --END-- [ RunTime:0.001091s ]
NOTIC: [8] Use of undefined constant add_job - assumed 'add_job' D:\wamp\www\aoshi\aoshi\Application\Runtime\Cache\Enterprise\a12cfe06f5d615ee02840931e04ebdc6.php 第 26 行.
NOTIC: [8] Use of undefined constant job_list - assumed 'job_list' D:\wamp\www\aoshi\aoshi\Application\Runtime\Cache\Enterprise\a12cfe06f5d615ee02840931e04ebdc6.php 第 27 行.
NOTIC: [8] Use of undefined constant add_job - assumed 'add_job' D:\wamp\www\aoshi\aoshi\Application\Runtime\Cache\Enterprise\a12cfe06f5d615ee02840931e04ebdc6.php 第 34 行.
NOTIC: [8] Use of undefined constant job_list - assumed 'job_list' D:\wamp\www\aoshi\aoshi\Application\Runtime\Cache\Enterprise\a12cfe06f5d615ee02840931e04ebdc6.php 第 35 行.
NOTIC: [8] Use of undefined constant add_job - assumed 'add_job' D:\wamp\www\aoshi\aoshi\Application\Runtime\Cache\Enterprise\a12cfe06f5d615ee02840931e04ebdc6.php 第 38 行.
NOTIC: [8] Use of undefined constant job_list - assumed 'job_list' D:\wamp\www\aoshi\aoshi\Application\Runtime\Cache\Enterprise\a12cfe06f5d615ee02840931e04ebdc6.php 第 41 行.
NOTIC: [8] Use of undefined constant visit - assumed 'visit' D:\wamp\www\aoshi\aoshi\Application\Runtime\Cache\Enterprise\a12cfe06f5d615ee02840931e04ebdc6.php 第 47 行.
NOTIC: [8] Use of undefined constant resume - assumed 'resume' D:\wamp\www\aoshi\aoshi\Application\Runtime\Cache\Enterprise\a12cfe06f5d615ee02840931e04ebdc6.php 第 48 行.
NOTIC: [8] Use of undefined constant visit - assumed 'visit' D:\wamp\www\aoshi\aoshi\Application\Runtime\Cache\Enterprise\a12cfe06f5d615ee02840931e04ebdc6.php 第 55 行.
NOTIC: [8] Use of undefined constant resume - assumed 'resume' D:\wamp\www\aoshi\aoshi\Application\Runtime\Cache\Enterprise\a12cfe06f5d615ee02840931e04ebdc6.php 第 56 行.
NOTIC: [8] Use of undefined constant visit - assumed 'visit' D:\wamp\www\aoshi\aoshi\Application\Runtime\Cache\Enterprise\a12cfe06f5d615ee02840931e04ebdc6.php 第 59 行.
NOTIC: [8] Use of undefined constant resume - assumed 'resume' D:\wamp\www\aoshi\aoshi\Application\Runtime\Cache\Enterprise\a12cfe06f5d615ee02840931e04ebdc6.php 第 62 行.
NOTIC: [8] Use of undefined constant index - assumed 'index' D:\wamp\www\aoshi\aoshi\Application\Runtime\Cache\Enterprise\a12cfe06f5d615ee02840931e04ebdc6.php 第 77 行.
NOTIC: [8] Use of undefined constant index - assumed 'index' D:\wamp\www\aoshi\aoshi\Application\Runtime\Cache\Enterprise\a12cfe06f5d615ee02840931e04ebdc6.php 第 84 行.
NOTIC: [8] Use of undefined constant index - assumed 'index' D:\wamp\www\aoshi\aoshi\Application\Runtime\Cache\Enterprise\a12cfe06f5d615ee02840931e04ebdc6.php 第 87 行.
INFO: Run Behavior\ParseTemplateBehavior [ RunTime:0.102991s ]
INFO: [ view_parse ] --END-- [ RunTime:0.103608s ]
INFO: [ view_filter ] --START--
INFO: Run Behavior\WriteHtmlCacheBehavior [ RunTime:0.001690s ]
INFO: [ view_filter ] --END-- [ RunTime:0.002211s ]
INFO: [ app_end ] --START--
INFO: Run Behavior\ShowPageTraceBehavior [ RunTime:0.001116s ]
INFO: [ app_end ] --END-- [ RunTime:0.001467s ]

[ 2016-12-28T10:57:31+08:00 ] ::1 /aoshi/aoshi/index.php/Enterprise/Company/index.html
INFO: [ app_init ] --START--
INFO: Run Behavior\BuildLiteBehavior [ RunTime:0.000075s ]
INFO: [ app_init ] --END-- [ RunTime:0.001243s ]
INFO: [ app_begin ] --START--
INFO: Run Behavior\ReadHtmlCacheBehavior [ RunTime:0.001140s ]
INFO: [ app_begin ] --END-- [ RunTime:0.001495s ]
INFO: [ view_parse ] --START--
INFO: [ template_filter ] --START--
INFO: Run Behavior\ContentReplaceBehavior [ RunTime:0.000281s ]
INFO: [ template_filter ] --END-- [ RunTime:0.000647s ]
NOTIC: [8] Use of undefined constant add_job - assumed 'add_job' D:\wamp\www\aoshi\aoshi\Application\Runtime\Cache\Enterprise\a12cfe06f5d615ee02840931e04ebdc6.php 第 26 行.
NOTIC: [8] Use of undefined constant job_list - assumed 'job_list' D:\wamp\www\aoshi\aoshi\Application\Runtime\Cache\Enterprise\a12cfe06f5d615ee02840931e04ebdc6.php 第 27 行.
NOTIC: [8] Use of undefined constant add_job - assumed 'add_job' D:\wamp\www\aoshi\aoshi\Application\Runtime\Cache\Enterprise\a12cfe06f5d615ee02840931e04ebdc6.php 第 34 行.
NOTIC: [8] Use of undefined constant job_list - assumed 'job_list' D:\wamp\www\aoshi\aoshi\Application\Runtime\Cache\Enterprise\a12cfe06f5d615ee02840931e04ebdc6.php 第 35 行.
NOTIC: [8] Use of undefined constant add_job - assumed 'add_job' D:\wamp\www\aoshi\aoshi\Application\Runtime\Cache\Enterprise\a12cfe06f5d615ee02840931e04ebdc6.php 第 38 行.
NOTIC: [8] Use of undefined constant job_list - assumed 'job_list' D:\wamp\www\aoshi\aoshi\Application\Runtime\Cache\Enterprise\a12cfe06f5d615ee02840931e04ebdc6.php 第 41 行.
NOTIC: [8] Use of undefined constant visit - assumed 'visit' D:\wamp\www\aoshi\aoshi\Application\Runtime\Cache\Enterprise\a12cfe06f5d615ee02840931e04ebdc6.php 第 47 行.
NOTIC: [8] Use of undefined constant resume - assumed 'resume' D:\wamp\www\aoshi\aoshi\Application\Runtime\Cache\Enterprise\a12cfe06f5d615ee02840931e04ebdc6.php 第 48 行.
NOTIC: [8] Use of undefined constant visit - assumed 'visit' D:\wamp\www\aoshi\aoshi\Application\Runtime\Cache\Enterprise\a12cfe06f5d615ee02840931e04ebdc6.php 第 55 行.
NOTIC: [8] Use of undefined constant resume - assumed 'resume' D:\wamp\www\aoshi\aoshi\Application\Runtime\Cache\Enterprise\a12cfe06f5d615ee02840931e04ebdc6.php 第 56 行.
NOTIC: [8] Use of undefined constant visit - assumed 'visit' D:\wamp\www\aoshi\aoshi\Application\Runtime\Cache\Enterprise\a12cfe06f5d615ee02840931e04ebdc6.php 第 59 行.
NOTIC: [8] Use of undefined constant resume - assumed 'resume' D:\wamp\www\aoshi\aoshi\Application\Runtime\Cache\Enterprise\a12cfe06f5d615ee02840931e04ebdc6.php 第 62 行.
NOTIC: [8] Use of undefined constant index - assumed 'index' D:\wamp\www\aoshi\aoshi\Application\Runtime\Cache\Enterprise\a12cfe06f5d615ee02840931e04ebdc6.php 第 78 行.
INFO: Run Behavior\ParseTemplateBehavior [ RunTime:0.100411s ]
INFO: [ view_parse ] --END-- [ RunTime:0.100950s ]
INFO: [ view_filter ] --START--
INFO: Run Behavior\WriteHtmlCacheBehavior [ RunTime:0.002460s ]
INFO: [ view_filter ] --END-- [ RunTime:0.003276s ]
INFO: [ app_end ] --START--
INFO: Run Behavior\ShowPageTraceBehavior [ RunTime:0.001180s ]
INFO: [ app_end ] --END-- [ RunTime:0.002329s ]

[ 2016-12-28T10:57:33+08:00 ] ::1 /aoshi/aoshi/index.php/Enterprise/Company/index.html
INFO: [ app_init ] --START--
INFO: Run Behavior\BuildLiteBehavior [ RunTime:0.000075s ]
INFO: [ app_init ] --END-- [ RunTime:0.001140s ]
INFO: [ app_begin ] --START--
INFO: Run Behavior\ReadHtmlCacheBehavior [ RunTime:0.001255s ]
INFO: [ app_begin ] --END-- [ RunTime:0.001638s ]
INFO: [ view_parse ] --START--
INFO: [ template_filter ] --START--
INFO: Run Behavior\ContentReplaceBehavior [ RunTime:0.000271s ]
INFO: [ template_filter ] --END-- [ RunTime:0.000618s ]
NOTIC: [8] Use of undefined constant add_job - assumed 'add_job' D:\wamp\www\aoshi\aoshi\Application\Runtime\Cache\Enterprise\a12cfe06f5d615ee02840931e04ebdc6.php 第 26 行.
NOTIC: [8] Use of undefined constant job_list - assumed 'job_list' D:\wamp\www\aoshi\aoshi\Application\Runtime\Cache\Enterprise\a12cfe06f5d615ee02840931e04ebdc6.php 第 27 行.
NOTIC: [8] Use of undefined constant add_job - assumed 'add_job' D:\wamp\www\aoshi\aoshi\Application\Runtime\Cache\Enterprise\a12cfe06f5d615ee02840931e04ebdc6.php 第 34 行.
NOTIC: [8] Use of undefined constant job_list - assumed 'job_list' D:\wamp\www\aoshi\aoshi\Application\Runtime\Cache\Enterprise\a12cfe06f5d615ee02840931e04ebdc6.php 第 35 行.
NOTIC: [8] Use of undefined constant add_job - assumed 'add_job' D:\wamp\www\aoshi\aoshi\Application\Runtime\Cache\Enterprise\a12cfe06f5d615ee02840931e04ebdc6.php 第 38 行.
NOTIC: [8] Use of undefined constant job_list - assumed 'job_list' D:\wamp\www\aoshi\aoshi\Application\Runtime\Cache\Enterprise\a12cfe06f5d615ee02840931e04ebdc6.php 第 41 行.
NOTIC: [8] Use of undefined constant visit - assumed 'visit' D:\wamp\www\aoshi\aoshi\Application\Runtime\Cache\Enterprise\a12cfe06f5d615ee02840931e04ebdc6.php 第 47 行.
NOTIC: [8] Use of undefined constant resume - assumed 'resume' D:\wamp\www\aoshi\aoshi\Application\Runtime\Cache\Enterprise\a12cfe06f5d615ee02840931e04ebdc6.php 第 48 行.
NOTIC: [8] Use of undefined constant visit - assumed 'visit' D:\wamp\www\aoshi\aoshi\Application\Runtime\Cache\Enterprise\a12cfe06f5d615ee02840931e04ebdc6.php 第 55 行.
NOTIC: [8] Use of undefined constant resume - assumed 'resume' D:\wamp\www\aoshi\aoshi\Application\Runtime\Cache\Enterprise\a12cfe06f5d615ee02840931e04ebdc6.php 第 56 行.
NOTIC: [8] Use of undefined constant visit - assumed 'visit' D:\wamp\www\aoshi\aoshi\Application\Runtime\Cache\Enterprise\a12cfe06f5d615ee02840931e04ebdc6.php 第 59 行.
NOTIC: [8] Use of undefined constant resume - assumed 'resume' D:\wamp\www\aoshi\aoshi\Application\Runtime\Cache\Enterprise\a12cfe06f5d615ee02840931e04ebdc6.php 第 62 行.
NOTIC: [8] Use of undefined constant index - assumed 'index' D:\wamp\www\aoshi\aoshi\Application\Runtime\Cache\Enterprise\a12cfe06f5d615ee02840931e04ebdc6.php 第 78 行.
INFO: Run Behavior\ParseTemplateBehavior [ RunTime:0.046047s ]
INFO: [ view_parse ] --END-- [ RunTime:0.046410s ]
INFO: [ view_filter ] --START--
INFO: Run Behavior\WriteHtmlCacheBehavior [ RunTime:0.001605s ]
INFO: [ view_filter ] --END-- [ RunTime:0.001969s ]
INFO: [ app_end ] --START--
INFO: Run Behavior\ShowPageTraceBehavior [ RunTime:0.001157s ]
INFO: [ app_end ] --END-- [ RunTime:0.001569s ]

[ 2016-12-28T10:57:36+08:00 ] ::1 /aoshi/aoshi/index.php/Enterprise/Seeker/visit.html
INFO: [ app_init ] --START--
INFO: Run Behavior\BuildLiteBehavior [ RunTime:0.000077s ]
INFO: [ app_init ] --END-- [ RunTime:0.001133s ]
INFO: [ app_begin ] --START--
INFO: Run Behavior\ReadHtmlCacheBehavior [ RunTime:0.001338s ]
INFO: [ app_begin ] --END-- [ RunTime:0.001718s ]
INFO: [ view_parse ] --START--
INFO: [ template_filter ] --START--
INFO: Run Behavior\ContentReplaceBehavior [ RunTime:0.000246s ]
INFO: [ template_filter ] --END-- [ RunTime:0.000587s ]
NOTIC: [8] Use of undefined constant add_job - assumed 'add_job' D:\wamp\www\aoshi\aoshi\Application\Runtime\Cache\Enterprise\882cb4b14780d2ce9e99c462683ac6cf.php 第 26 行.
NOTIC: [8] Use of undefined constant job_list - assumed 'job_list' D:\wamp\www\aoshi\aoshi\Application\Runtime\Cache\Enterprise\882cb4b14780d2ce9e99c462683ac6cf.php 第 27 行.
NOTIC: [8] Use of undefined constant add_job - assumed 'add_job' D:\wamp\www\aoshi\aoshi\Application\Runtime\Cache\Enterprise\882cb4b14780d2ce9e99c462683ac6cf.php 第 34 行.
NOTIC: [8] Use of undefined constant job_list - assumed 'job_list' D:\wamp\www\aoshi\aoshi\Application\Runtime\Cache\Enterprise\882cb4b14780d2ce9e99c462683ac6cf.php 第 35 行.
NOTIC: [8] Use of undefined constant add_job - assumed 'add_job' D:\wamp\www\aoshi\aoshi\Application\Runtime\Cache\Enterprise\882cb4b14780d2ce9e99c462683ac6cf.php 第 38 行.
NOTIC: [8] Use of undefined constant job_list - assumed 'job_list' D:\wamp\www\aoshi\aoshi\Application\Runtime\Cache\Enterprise\882cb4b14780d2ce9e99c462683ac6cf.php 第 41 行.
NOTIC: [8] Use of undefined constant visit - assumed 'visit' D:\wamp\www\aoshi\aoshi\Application\Runtime\Cache\Enterprise\882cb4b14780d2ce9e99c462683ac6cf.php 第 47 行.
NOTIC: [8] Use of undefined constant resume - assumed 'resume' D:\wamp\www\aoshi\aoshi\Application\Runtime\Cache\Enterprise\882cb4b14780d2ce9e99c462683ac6cf.php 第 48 行.
NOTIC: [8] Use of undefined constant visit - assumed 'visit' D:\wamp\www\aoshi\aoshi\Application\Runtime\Cache\Enterprise\882cb4b14780d2ce9e99c462683ac6cf.php 第 55 行.
NOTIC: [8] Use of undefined constant resume - assumed 'resume' D:\wamp\www\aoshi\aoshi\Application\Runtime\Cache\Enterprise\882cb4b14780d2ce9e99c462683ac6cf.php 第 56 行.
NOTIC: [8] Use of undefined constant visit - assumed 'visit' D:\wamp\www\aoshi\aoshi\Application\Runtime\Cache\Enterprise\882cb4b14780d2ce9e99c462683ac6cf.php 第 59 行.
NOTIC: [8] Use of undefined constant resume - assumed 'resume' D:\wamp\www\aoshi\aoshi\Application\Runtime\Cache\Enterprise\882cb4b14780d2ce9e99c462683ac6cf.php 第 62 行.
NOTIC: [8] Use of undefined constant index - assumed 'index' D:\wamp\www\aoshi\aoshi\Application\Runtime\Cache\Enterprise\882cb4b14780d2ce9e99c462683ac6cf.php 第 78 行.
INFO: Run Behavior\ParseTemplateBehavior [ RunTime:0.079176s ]
INFO: [ view_parse ] --END-- [ RunTime:0.081979s ]
INFO: [ view_filter ] --START--
INFO: Run Behavior\WriteHtmlCacheBehavior [ RunTime:0.002014s ]
INFO: [ view_filter ] --END-- [ RunTime:0.002381s ]
INFO: [ app_end ] --START--
INFO: Run Behavior\ShowPageTraceBehavior [ RunTime:0.001207s ]
INFO: [ app_end ] --END-- [ RunTime:0.001576s ]

[ 2016-12-28T10:57:37+08:00 ] ::1 /aoshi/aoshi/index.php/Enterprise/Company/index.html
INFO: [ app_init ] --START--
INFO: Run Behavior\BuildLiteBehavior [ RunTime:0.000073s ]
INFO: [ app_init ] --END-- [ RunTime:0.001212s ]
INFO: [ app_begin ] --START--
INFO: Run Behavior\ReadHtmlCacheBehavior [ RunTime:0.001177s ]
INFO: [ app_begin ] --END-- [ RunTime:0.001529s ]
INFO: [ view_parse ] --START--
INFO: [ template_filter ] --START--
INFO: Run Behavior\ContentReplaceBehavior [ RunTime:0.000266s ]
INFO: [ template_filter ] --END-- [ RunTime:0.000643s ]
NOTIC: [8] Use of undefined constant add_job - assumed 'add_job' D:\wamp\www\aoshi\aoshi\Application\Runtime\Cache\Enterprise\a12cfe06f5d615ee02840931e04ebdc6.php 第 26 行.
NOTIC: [8] Use of undefined constant job_list - assumed 'job_list' D:\wamp\www\aoshi\aoshi\Application\Runtime\Cache\Enterprise\a12cfe06f5d615ee02840931e04ebdc6.php 第 27 行.
NOTIC: [8] Use of undefined constant add_job - assumed 'add_job' D:\wamp\www\aoshi\aoshi\Application\Runtime\Cache\Enterprise\a12cfe06f5d615ee02840931e04ebdc6.php 第 34 行.
NOTIC: [8] Use of undefined constant job_list - assumed 'job_list' D:\wamp\www\aoshi\aoshi\Application\Runtime\Cache\Enterprise\a12cfe06f5d615ee02840931e04ebdc6.php 第 35 行.
NOTIC: [8] Use of undefined constant add_job - assumed 'add_job' D:\wamp\www\aoshi\aoshi\Application\Runtime\Cache\Enterprise\a12cfe06f5d615ee02840931e04ebdc6.php 第 38 行.
NOTIC: [8] Use of undefined constant job_list - assumed 'job_list' D:\wamp\www\aoshi\aoshi\Application\Runtime\Cache\Enterprise\a12cfe06f5d615ee02840931e04ebdc6.php 第 41 行.
NOTIC: [8] Use of undefined constant visit - assumed 'visit' D:\wamp\www\aoshi\aoshi\Application\Runtime\Cache\Enterprise\a12cfe06f5d615ee02840931e04ebdc6.php 第 47 行.
NOTIC: [8] Use of undefined constant resume - assumed 'resume' D:\wamp\www\aoshi\aoshi\Application\Runtime\Cache\Enterprise\a12cfe06f5d615ee02840931e04ebdc6.php 第 48 行.
NOTIC: [8] Use of undefined constant visit - assumed 'visit' D:\wamp\www\aoshi\aoshi\Application\Runtime\Cache\Enterprise\a12cfe06f5d615ee02840931e04ebdc6.php 第 55 行.
NOTIC: [8] Use of undefined constant resume - assumed 'resume' D:\wamp\www\aoshi\aoshi\Application\Runtime\Cache\Enterprise\a12cfe06f5d615ee02840931e04ebdc6.php 第 56 行.
NOTIC: [8] Use of undefined constant visit - assumed 'visit' D:\wamp\www\aoshi\aoshi\Application\Runtime\Cache\Enterprise\a12cfe06f5d615ee02840931e04ebdc6.php 第 59 行.
NOTIC: [8] Use of undefined constant resume - assumed 'resume' D:\wamp\www\aoshi\aoshi\Application\Runtime\Cache\Enterprise\a12cfe06f5d615ee02840931e04ebdc6.php 第 62 行.
NOTIC: [8] Use of undefined constant index - assumed 'index' D:\wamp\www\aoshi\aoshi\Application\Runtime\Cache\Enterprise\a12cfe06f5d615ee02840931e04ebdc6.php 第 78 行.
INFO: Run Behavior\ParseTemplateBehavior [ RunTime:0.049570s ]
INFO: [ view_parse ] --END-- [ RunTime:0.050076s ]
INFO: [ view_filter ] --START--
INFO: Run Behavior\WriteHtmlCacheBehavior [ RunTime:0.001589s ]
INFO: [ view_filter ] --END-- [ RunTime:0.002023s ]
INFO: [ app_end ] --START--
INFO: Run Behavior\ShowPageTraceBehavior [ RunTime:0.001207s ]
INFO: [ app_end ] --END-- [ RunTime:0.001540s ]

[ 2016-12-28T10:57:50+08:00 ] ::1 /aoshi/aoshi/index.php/Enterprise/Company/index.html
INFO: [ app_init ] --START--
INFO: Run Behavior\BuildLiteBehavior [ RunTime:0.000064s ]
INFO: [ app_init ] --END-- [ RunTime:0.001340s ]
INFO: [ app_begin ] --START--
INFO: Run Behavior\ReadHtmlCacheBehavior [ RunTime:0.001964s ]
INFO: [ app_begin ] --END-- [ RunTime:0.002323s ]
INFO: [ view_parse ] --START--
INFO: [ template_filter ] --START--
INFO: Run Behavior\ContentReplaceBehavior [ RunTime:0.000467s ]
INFO: [ template_filter ] --END-- [ RunTime:0.000815s ]
NOTIC: [8] Use of undefined constant add_job - assumed 'add_job' D:\wamp\www\aoshi\aoshi\Application\Runtime\Cache\Enterprise\a12cfe06f5d615ee02840931e04ebdc6.php 第 26 行.
NOTIC: [8] Use of undefined constant job_list - assumed 'job_list' D:\wamp\www\aoshi\aoshi\Application\Runtime\Cache\Enterprise\a12cfe06f5d615ee02840931e04ebdc6.php 第 27 行.
NOTIC: [8] Use of undefined constant add_job - assumed 'add_job' D:\wamp\www\aoshi\aoshi\Application\Runtime\Cache\Enterprise\a12cfe06f5d615ee02840931e04ebdc6.php 第 34 行.
NOTIC: [8] Use of undefined constant job_list - assumed 'job_list' D:\wamp\www\aoshi\aoshi\Application\Runtime\Cache\Enterprise\a12cfe06f5d615ee02840931e04ebdc6.php 第 35 行.
NOTIC: [8] Use of undefined constant add_job - assumed 'add_job' D:\wamp\www\aoshi\aoshi\Application\Runtime\Cache\Enterprise\a12cfe06f5d615ee02840931e04ebdc6.php 第 38 行.
NOTIC: [8] Use of undefined constant job_list - assumed 'job_list' D:\wamp\www\aoshi\aoshi\Application\Runtime\Cache\Enterprise\a12cfe06f5d615ee02840931e04ebdc6.php 第 41 行.
NOTIC: [8] Use of undefined constant visit - assumed 'visit' D:\wamp\www\aoshi\aoshi\Application\Runtime\Cache\Enterprise\a12cfe06f5d615ee02840931e04ebdc6.php 第 47 行.
NOTIC: [8] Use of undefined constant resume - assumed 'resume' D:\wamp\www\aoshi\aoshi\Application\Runtime\Cache\Enterprise\a12cfe06f5d615ee02840931e04ebdc6.php 第 48 行.
NOTIC: [8] Use of undefined constant visit - assumed 'visit' D:\wamp\www\aoshi\aoshi\Application\Runtime\Cache\Enterprise\a12cfe06f5d615ee02840931e04ebdc6.php 第 55 行.
NOTIC: [8] Use of undefined constant resume - assumed 'resume' D:\wamp\www\aoshi\aoshi\Application\Runtime\Cache\Enterprise\a12cfe06f5d615ee02840931e04ebdc6.php 第 56 行.
NOTIC: [8] Use of undefined constant visit - assumed 'visit' D:\wamp\www\aoshi\aoshi\Application\Runtime\Cache\Enterprise\a12cfe06f5d615ee02840931e04ebdc6.php 第 59 行.
NOTIC: [8] Use of undefined constant resume - assumed 'resume' D:\wamp\www\aoshi\aoshi\Application\Runtime\Cache\Enterprise\a12cfe06f5d615ee02840931e04ebdc6.php 第 62 行.
NOTIC: [8] Use of undefined constant index - assumed 'index' D:\wamp\www\aoshi\aoshi\Application\Runtime\Cache\Enterprise\a12cfe06f5d615ee02840931e04ebdc6.php 第 78 行.
INFO: Run Behavior\ParseTemplateBehavior [ RunTime:0.098679s ]
INFO: [ view_parse ] --END-- [ RunTime:0.098954s ]
INFO: [ view_filter ] --START--
INFO: Run Behavior\WriteHtmlCacheBehavior [ RunTime:0.001096s ]
INFO: [ view_filter ] --END-- [ RunTime:0.001266s ]
INFO: [ app_end ] --START--
INFO: Run Behavior\ShowPageTraceBehavior [ RunTime:0.000927s ]
INFO: [ app_end ] --END-- [ RunTime:0.001181s ]

[ 2016-12-28T10:57:51+08:00 ] ::1 /aoshi/aoshi/index.php/Enterprise/Company/index.html
INFO: [ app_init ] --START--
INFO: Run Behavior\BuildLiteBehavior [ RunTime:0.000072s ]
INFO: [ app_init ] --END-- [ RunTime:0.001134s ]
INFO: [ app_begin ] --START--
INFO: Run Behavior\ReadHtmlCacheBehavior [ RunTime:0.001107s ]
INFO: [ app_begin ] --END-- [ RunTime:0.001436s ]
INFO: [ view_parse ] --START--
INFO: [ template_filter ] --START--
INFO: Run Behavior\ContentReplaceBehavior [ RunTime:0.000262s ]
INFO: [ template_filter ] --END-- [ RunTime:0.000613s ]
NOTIC: [8] Use of undefined constant add_job - assumed 'add_job' D:\wamp\www\aoshi\aoshi\Application\Runtime\Cache\Enterprise\a12cfe06f5d615ee02840931e04ebdc6.php 第 26 行.
NOTIC: [8] Use of undefined constant job_list - assumed 'job_list' D:\wamp\www\aoshi\aoshi\Application\Runtime\Cache\Enterprise\a12cfe06f5d615ee02840931e04ebdc6.php 第 27 行.
NOTIC: [8] Use of undefined constant add_job - assumed 'add_job' D:\wamp\www\aoshi\aoshi\Application\Runtime\Cache\Enterprise\a12cfe06f5d615ee02840931e04ebdc6.php 第 34 行.
NOTIC: [8] Use of undefined constant job_list - assumed 'job_list' D:\wamp\www\aoshi\aoshi\Application\Runtime\Cache\Enterprise\a12cfe06f5d615ee02840931e04ebdc6.php 第 35 行.
NOTIC: [8] Use of undefined constant add_job - assumed 'add_job' D:\wamp\www\aoshi\aoshi\Application\Runtime\Cache\Enterprise\a12cfe06f5d615ee02840931e04ebdc6.php 第 38 行.
NOTIC: [8] Use of undefined constant job_list - assumed 'job_list' D:\wamp\www\aoshi\aoshi\Application\Runtime\Cache\Enterprise\a12cfe06f5d615ee02840931e04ebdc6.php 第 41 行.
NOTIC: [8] Use of undefined constant visit - assumed 'visit' D:\wamp\www\aoshi\aoshi\Application\Runtime\Cache\Enterprise\a12cfe06f5d615ee02840931e04ebdc6.php 第 47 行.
NOTIC: [8] Use of undefined constant resume - assumed 'resume' D:\wamp\www\aoshi\aoshi\Application\Runtime\Cache\Enterprise\a12cfe06f5d615ee02840931e04ebdc6.php 第 48 行.
NOTIC: [8] Use of undefined constant visit - assumed 'visit' D:\wamp\www\aoshi\aoshi\Application\Runtime\Cache\Enterprise\a12cfe06f5d615ee02840931e04ebdc6.php 第 55 行.
NOTIC: [8] Use of undefined constant resume - assumed 'resume' D:\wamp\www\aoshi\aoshi\Application\Runtime\Cache\Enterprise\a12cfe06f5d615ee02840931e04ebdc6.php 第 56 行.
NOTIC: [8] Use of undefined constant visit - assumed 'visit' D:\wamp\www\aoshi\aoshi\Application\Runtime\Cache\Enterprise\a12cfe06f5d615ee02840931e04ebdc6.php 第 59 行.
NOTIC: [8] Use of undefined constant resume - assumed 'resume' D:\wamp\www\aoshi\aoshi\Application\Runtime\Cache\Enterprise\a12cfe06f5d615ee02840931e04ebdc6.php 第 62 行.
NOTIC: [8] Use of undefined constant index - assumed 'index' D:\wamp\www\aoshi\aoshi\Application\Runtime\Cache\Enterprise\a12cfe06f5d615ee02840931e04ebdc6.php 第 78 行.
INFO: Run Behavior\ParseTemplateBehavior [ RunTime:0.038339s ]
INFO: [ view_parse ] --END-- [ RunTime:0.038795s ]
INFO: [ view_filter ] --START--
INFO: Run Behavior\WriteHtmlCacheBehavior [ RunTime:0.001443s ]
INFO: [ view_filter ] --END-- [ RunTime:0.001740s ]
INFO: [ app_end ] --START--
INFO: Run Behavior\ShowPageTraceBehavior [ RunTime:0.001051s ]
INFO: [ app_end ] --END-- [ RunTime:0.001353s ]

[ 2016-12-28T11:00:36+08:00 ] ::1 /aoshi/aoshi/index.php/Enterprise/Company/index.html
INFO: [ app_init ] --START--
INFO: Run Behavior\BuildLiteBehavior [ RunTime:0.000072s ]
INFO: [ app_init ] --END-- [ RunTime:0.001836s ]
INFO: [ app_begin ] --START--
INFO: Run Behavior\ReadHtmlCacheBehavior [ RunTime:0.001551s ]
INFO: [ app_begin ] --END-- [ RunTime:0.001905s ]
INFO: [ view_parse ] --START--
INFO: [ template_filter ] --START--
INFO: Run Behavior\ContentReplaceBehavior [ RunTime:0.000264s ]
INFO: [ template_filter ] --END-- [ RunTime:0.000626s ]
NOTIC: [8] Use of undefined constant add_job - assumed 'add_job' D:\wamp\www\aoshi\aoshi\Application\Runtime\Cache\Enterprise\a12cfe06f5d615ee02840931e04ebdc6.php 第 26 行.
NOTIC: [8] Use of undefined constant job_list - assumed 'job_list' D:\wamp\www\aoshi\aoshi\Application\Runtime\Cache\Enterprise\a12cfe06f5d615ee02840931e04ebdc6.php 第 27 行.
NOTIC: [8] Use of undefined constant add_job - assumed 'add_job' D:\wamp\www\aoshi\aoshi\Application\Runtime\Cache\Enterprise\a12cfe06f5d615ee02840931e04ebdc6.php 第 34 行.
NOTIC: [8] Use of undefined constant job_list - assumed 'job_list' D:\wamp\www\aoshi\aoshi\Application\Runtime\Cache\Enterprise\a12cfe06f5d615ee02840931e04ebdc6.php 第 35 行.
NOTIC: [8] Use of undefined constant add_job - assumed 'add_job' D:\wamp\www\aoshi\aoshi\Application\Runtime\Cache\Enterprise\a12cfe06f5d615ee02840931e04ebdc6.php 第 38 行.
NOTIC: [8] Use of undefined constant job_list - assumed 'job_list' D:\wamp\www\aoshi\aoshi\Application\Runtime\Cache\Enterprise\a12cfe06f5d615ee02840931e04ebdc6.php 第 41 行.
NOTIC: [8] Use of undefined constant visit - assumed 'visit' D:\wamp\www\aoshi\aoshi\Application\Runtime\Cache\Enterprise\a12cfe06f5d615ee02840931e04ebdc6.php 第 47 行.
NOTIC: [8] Use of undefined constant resume - assumed 'resume' D:\wamp\www\aoshi\aoshi\Application\Runtime\Cache\Enterprise\a12cfe06f5d615ee02840931e04ebdc6.php 第 48 行.
NOTIC: [8] Use of undefined constant visit - assumed 'visit' D:\wamp\www\aoshi\aoshi\Application\Runtime\Cache\Enterprise\a12cfe06f5d615ee02840931e04ebdc6.php 第 55 行.
NOTIC: [8] Use of undefined constant resume - assumed 'resume' D:\wamp\www\aoshi\aoshi\Application\Runtime\Cache\Enterprise\a12cfe06f5d615ee02840931e04ebdc6.php 第 56 行.
NOTIC: [8] Use of undefined constant visit - assumed 'visit' D:\wamp\www\aoshi\aoshi\Application\Runtime\Cache\Enterprise\a12cfe06f5d615ee02840931e04ebdc6.php 第 59 行.
NOTIC: [8] Use of undefined constant resume - assumed 'resume' D:\wamp\www\aoshi\aoshi\Application\Runtime\Cache\Enterprise\a12cfe06f5d615ee02840931e04ebdc6.php 第 62 行.
NOTIC: [8] Use of undefined constant index - assumed 'index' D:\wamp\www\aoshi\aoshi\Application\Runtime\Cache\Enterprise\a12cfe06f5d615ee02840931e04ebdc6.php 第 78 行.
INFO: Run Behavior\ParseTemplateBehavior [ RunTime:0.041893s ]
INFO: [ view_parse ] --END-- [ RunTime:0.042174s ]
INFO: [ view_filter ] --START--
INFO: Run Behavior\WriteHtmlCacheBehavior [ RunTime:0.000949s ]
INFO: [ view_filter ] --END-- [ RunTime:0.001204s ]
INFO: [ app_end ] --START--
INFO: Run Behavior\ShowPageTraceBehavior [ RunTime:0.001358s ]
INFO: [ app_end ] --END-- [ RunTime:0.001653s ]

[ 2016-12-28T11:00:41+08:00 ] ::1 /aoshi/aoshi/index.php/Enterprise/Seeker/visit.html
INFO: [ app_init ] --START--
INFO: Run Behavior\BuildLiteBehavior [ RunTime:0.000072s ]
INFO: [ app_init ] --END-- [ RunTime:0.001174s ]
INFO: [ app_begin ] --START--
INFO: Run Behavior\ReadHtmlCacheBehavior [ RunTime:0.001030s ]
INFO: [ app_begin ] --END-- [ RunTime:0.001381s ]
INFO: [ view_parse ] --START--
INFO: [ template_filter ] --START--
INFO: Run Behavior\ContentReplaceBehavior [ RunTime:0.000458s ]
INFO: [ template_filter ] --END-- [ RunTime:0.000881s ]
NOTIC: [8] Use of undefined constant add_job - assumed 'add_job' D:\wamp\www\aoshi\aoshi\Application\Runtime\Cache\Enterprise\882cb4b14780d2ce9e99c462683ac6cf.php 第 26 行.
NOTIC: [8] Use of undefined constant job_list - assumed 'job_list' D:\wamp\www\aoshi\aoshi\Application\Runtime\Cache\Enterprise\882cb4b14780d2ce9e99c462683ac6cf.php 第 27 行.
NOTIC: [8] Use of undefined constant add_job - assumed 'add_job' D:\wamp\www\aoshi\aoshi\Application\Runtime\Cache\Enterprise\882cb4b14780d2ce9e99c462683ac6cf.php 第 34 行.
NOTIC: [8] Use of undefined constant job_list - assumed 'job_list' D:\wamp\www\aoshi\aoshi\Application\Runtime\Cache\Enterprise\882cb4b14780d2ce9e99c462683ac6cf.php 第 35 行.
NOTIC: [8] Use of undefined constant add_job - assumed 'add_job' D:\wamp\www\aoshi\aoshi\Application\Runtime\Cache\Enterprise\882cb4b14780d2ce9e99c462683ac6cf.php 第 38 行.
NOTIC: [8] Use of undefined constant job_list - assumed 'job_list' D:\wamp\www\aoshi\aoshi\Application\Runtime\Cache\Enterprise\882cb4b14780d2ce9e99c462683ac6cf.php 第 41 行.
NOTIC: [8] Use of undefined constant visit - assumed 'visit' D:\wamp\www\aoshi\aoshi\Application\Runtime\Cache\Enterprise\882cb4b14780d2ce9e99c462683ac6cf.php 第 47 行.
NOTIC: [8] Use of undefined constant resume - assumed 'resume' D:\wamp\www\aoshi\aoshi\Application\Runtime\Cache\Enterprise\882cb4b14780d2ce9e99c462683ac6cf.php 第 48 行.
NOTIC: [8] Use of undefined constant visit - assumed 'visit' D:\wamp\www\aoshi\aoshi\Application\Runtime\Cache\Enterprise\882cb4b14780d2ce9e99c462683ac6cf.php 第 55 行.
NOTIC: [8] Use of undefined constant resume - assumed 'resume' D:\wamp\www\aoshi\aoshi\Application\Runtime\Cache\Enterprise\882cb4b14780d2ce9e99c462683ac6cf.php 第 56 行.
NOTIC: [8] Use of undefined constant visit - assumed 'visit' D:\wamp\www\aoshi\aoshi\Application\Runtime\Cache\Enterprise\882cb4b14780d2ce9e99c462683ac6cf.php 第 59 行.
NOTIC: [8] Use of undefined constant resume - assumed 'resume' D:\wamp\www\aoshi\aoshi\Application\Runtime\Cache\Enterprise\882cb4b14780d2ce9e99c462683ac6cf.php 第 62 行.
NOTIC: [8] Use of undefined constant index - assumed 'index' D:\wamp\www\aoshi\aoshi\Application\Runtime\Cache\Enterprise\882cb4b14780d2ce9e99c462683ac6cf.php 第 78 行.
INFO: Run Behavior\ParseTemplateBehavior [ RunTime:0.061198s ]
INFO: [ view_parse ] --END-- [ RunTime:0.061525s ]
INFO: [ view_filter ] --START--
INFO: Run Behavior\WriteHtmlCacheBehavior [ RunTime:0.000720s ]
INFO: [ view_filter ] --END-- [ RunTime:0.001018s ]
INFO: [ app_end ] --START--
INFO: Run Behavior\ShowPageTraceBehavior [ RunTime:0.001392s ]
INFO: [ app_end ] --END-- [ RunTime:0.001828s ]

[ 2016-12-28T11:00:44+08:00 ] ::1 /aoshi/aoshi/index.php/Enterprise/Seeker/resume.html
INFO: [ app_init ] --START--
INFO: Run Behavior\BuildLiteBehavior [ RunTime:0.000074s ]
INFO: [ app_init ] --END-- [ RunTime:0.001049s ]
INFO: [ app_begin ] --START--
INFO: Run Behavior\ReadHtmlCacheBehavior [ RunTime:0.001066s ]
INFO: [ app_begin ] --END-- [ RunTime:0.001409s ]
INFO: [ view_parse ] --START--
INFO: [ template_filter ] --START--
INFO: Run Behavior\ContentReplaceBehavior [ RunTime:0.000263s ]
INFO: [ template_filter ] --END-- [ RunTime:0.000673s ]
NOTIC: [8] Use of undefined constant add_job - assumed 'add_job' D:\wamp\www\aoshi\aoshi\Application\Runtime\Cache\Enterprise\822e88c21d2a5f0fc5f2fb5102a19147.php 第 26 行.
NOTIC: [8] Use of undefined constant job_list - assumed 'job_list' D:\wamp\www\aoshi\aoshi\Application\Runtime\Cache\Enterprise\822e88c21d2a5f0fc5f2fb5102a19147.php 第 27 行.
NOTIC: [8] Use of undefined constant add_job - assumed 'add_job' D:\wamp\www\aoshi\aoshi\Application\Runtime\Cache\Enterprise\822e88c21d2a5f0fc5f2fb5102a19147.php 第 34 行.
NOTIC: [8] Use of undefined constant job_list - assumed 'job_list' D:\wamp\www\aoshi\aoshi\Application\Runtime\Cache\Enterprise\822e88c21d2a5f0fc5f2fb5102a19147.php 第 35 行.
NOTIC: [8] Use of undefined constant add_job - assumed 'add_job' D:\wamp\www\aoshi\aoshi\Application\Runtime\Cache\Enterprise\822e88c21d2a5f0fc5f2fb5102a19147.php 第 38 行.
NOTIC: [8] Use of undefined constant job_list - assumed 'job_list' D:\wamp\www\aoshi\aoshi\Application\Runtime\Cache\Enterprise\822e88c21d2a5f0fc5f2fb5102a19147.php 第 41 行.
NOTIC: [8] Use of undefined constant visit - assumed 'visit' D:\wamp\www\aoshi\aoshi\Application\Runtime\Cache\Enterprise\822e88c21d2a5f0fc5f2fb5102a19147.php 第 47 行.
NOTIC: [8] Use of undefined constant resume - assumed 'resume' D:\wamp\www\aoshi\aoshi\Application\Runtime\Cache\Enterprise\822e88c21d2a5f0fc5f2fb5102a19147.php 第 48 行.
NOTIC: [8] Use of undefined constant visit - assumed 'visit' D:\wamp\www\aoshi\aoshi\Application\Runtime\Cache\Enterprise\822e88c21d2a5f0fc5f2fb5102a19147.php 第 55 行.
NOTIC: [8] Use of undefined constant resume - assumed 'resume' D:\wamp\www\aoshi\aoshi\Application\Runtime\Cache\Enterprise\822e88c21d2a5f0fc5f2fb5102a19147.php 第 56 行.
NOTIC: [8] Use of undefined constant visit - assumed 'visit' D:\wamp\www\aoshi\aoshi\Application\Runtime\Cache\Enterprise\822e88c21d2a5f0fc5f2fb5102a19147.php 第 59 行.
NOTIC: [8] Use of undefined constant resume - assumed 'resume' D:\wamp\www\aoshi\aoshi\Application\Runtime\Cache\Enterprise\822e88c21d2a5f0fc5f2fb5102a19147.php 第 62 行.
NOTIC: [8] Use of undefined constant index - assumed 'index' D:\wamp\www\aoshi\aoshi\Application\Runtime\Cache\Enterprise\822e88c21d2a5f0fc5f2fb5102a19147.php 第 78 行.
INFO: Run Behavior\ParseTemplateBehavior [ RunTime:0.066178s ]
INFO: [ view_parse ] --END-- [ RunTime:0.066482s ]
INFO: [ view_filter ] --START--
INFO: Run Behavior\WriteHtmlCacheBehavior [ RunTime:0.000729s ]
INFO: [ view_filter ] --END-- [ RunTime:0.001039s ]
INFO: [ app_end ] --START--
INFO: Run Behavior\ShowPageTraceBehavior [ RunTime:0.001007s ]
INFO: [ app_end ] --END-- [ RunTime:0.001325s ]

[ 2016-12-28T11:00:49+08:00 ] ::1 /aoshi/aoshi/index.php/Enterprise/Seeker/visit.html
INFO: [ app_init ] --START--
INFO: Run Behavior\BuildLiteBehavior [ RunTime:0.000076s ]
INFO: [ app_init ] --END-- [ RunTime:0.001174s ]
INFO: [ app_begin ] --START--
INFO: Run Behavior\ReadHtmlCacheBehavior [ RunTime:0.001126s ]
INFO: [ app_begin ] --END-- [ RunTime:0.001486s ]
INFO: [ view_parse ] --START--
INFO: [ template_filter ] --START--
INFO: Run Behavior\ContentReplaceBehavior [ RunTime:0.000272s ]
INFO: [ template_filter ] --END-- [ RunTime:0.000639s ]
NOTIC: [8] Use of undefined constant add_job - assumed 'add_job' D:\wamp\www\aoshi\aoshi\Application\Runtime\Cache\Enterprise\882cb4b14780d2ce9e99c462683ac6cf.php 第 26 行.
NOTIC: [8] Use of undefined constant job_list - assumed 'job_list' D:\wamp\www\aoshi\aoshi\Application\Runtime\Cache\Enterprise\882cb4b14780d2ce9e99c462683ac6cf.php 第 27 行.
NOTIC: [8] Use of undefined constant add_job - assumed 'add_job' D:\wamp\www\aoshi\aoshi\Application\Runtime\Cache\Enterprise\882cb4b14780d2ce9e99c462683ac6cf.php 第 34 行.
NOTIC: [8] Use of undefined constant job_list - assumed 'job_list' D:\wamp\www\aoshi\aoshi\Application\Runtime\Cache\Enterprise\882cb4b14780d2ce9e99c462683ac6cf.php 第 35 行.
NOTIC: [8] Use of undefined constant add_job - assumed 'add_job' D:\wamp\www\aoshi\aoshi\Application\Runtime\Cache\Enterprise\882cb4b14780d2ce9e99c462683ac6cf.php 第 38 行.
NOTIC: [8] Use of undefined constant job_list - assumed 'job_list' D:\wamp\www\aoshi\aoshi\Application\Runtime\Cache\Enterprise\882cb4b14780d2ce9e99c462683ac6cf.php 第 41 行.
NOTIC: [8] Use of undefined constant visit - assumed 'visit' D:\wamp\www\aoshi\aoshi\Application\Runtime\Cache\Enterprise\882cb4b14780d2ce9e99c462683ac6cf.php 第 47 行.
NOTIC: [8] Use of undefined constant resume - assumed 'resume' D:\wamp\www\aoshi\aoshi\Application\Runtime\Cache\Enterprise\882cb4b14780d2ce9e99c462683ac6cf.php 第 48 行.
NOTIC: [8] Use of undefined constant visit - assumed 'visit' D:\wamp\www\aoshi\aoshi\Application\Runtime\Cache\Enterprise\882cb4b14780d2ce9e99c462683ac6cf.php 第 55 行.
NOTIC: [8] Use of undefined constant resume - assumed 'resume' D:\wamp\www\aoshi\aoshi\Application\Runtime\Cache\Enterprise\882cb4b14780d2ce9e99c462683ac6cf.php 第 56 行.
NOTIC: [8] Use of undefined constant visit - assumed 'visit' D:\wamp\www\aoshi\aoshi\Application\Runtime\Cache\Enterprise\882cb4b14780d2ce9e99c462683ac6cf.php 第 59 行.
NOTIC: [8] Use of undefined constant resume - assumed 'resume' D:\wamp\www\aoshi\aoshi\Application\Runtime\Cache\Enterprise\882cb4b14780d2ce9e99c462683ac6cf.php 第 62 行.
NOTIC: [8] Use of undefined constant index - assumed 'index' D:\wamp\www\aoshi\aoshi\Application\Runtime\Cache\Enterprise\882cb4b14780d2ce9e99c462683ac6cf.php 第 78 行.
INFO: Run Behavior\ParseTemplateBehavior [ RunTime:0.030905s ]
INFO: [ view_parse ] --END-- [ RunTime:0.031269s ]
INFO: [ view_filter ] --START--
INFO: Run Behavior\WriteHtmlCacheBehavior [ RunTime:0.000692s ]
INFO: [ view_filter ] --END-- [ RunTime:0.000982s ]
INFO: [ app_end ] --START--
INFO: Run Behavior\ShowPageTraceBehavior [ RunTime:0.001046s ]
INFO: [ app_end ] --END-- [ RunTime:0.001466s ]

