[ 2016-12-29T15:19:58+08:00 ] ::1 /aoshi/aoshi/index.php/Enterprise/Index/index
INFO: [ app_init ] --START--
INFO: Run Behavior\BuildLiteBehavior [ RunTime:0.000078s ]
INFO: [ app_init ] --END-- [ RunTime:0.023909s ]
INFO: [ app_begin ] --START--
INFO: Run Behavior\ReadHtmlCacheBehavior [ RunTime:0.032375s ]
INFO: [ app_begin ] --END-- [ RunTime:0.032784s ]
INFO: [ view_parse ] --START--
INFO: [ template_filter ] --START--
INFO: Run Behavior\ContentReplaceBehavior [ RunTime:0.001267s ]
INFO: [ template_filter ] --END-- [ RunTime:0.001655s ]
INFO: Run Behavior\ParseTemplateBehavior [ RunTime:0.281817s ]
INFO: [ view_parse ] --END-- [ RunTime:0.282300s ]
INFO: [ view_filter ] --START--
INFO: Run Behavior\WriteHtmlCacheBehavior [ RunTime:0.020435s ]
INFO: [ view_filter ] --END-- [ RunTime:0.020850s ]

[ 2016-12-29T15:19:59+08:00 ] ::1 /aoshi/aoshi/index.php/Enterprise/Login/login.html
INFO: [ app_init ] --START--
INFO: Run Behavior\BuildLiteBehavior [ RunTime:0.000081s ]
INFO: [ app_init ] --END-- [ RunTime:0.001439s ]
INFO: [ app_begin ] --START--
INFO: Run Behavior\ReadHtmlCacheBehavior [ RunTime:0.001142s ]
INFO: [ app_begin ] --END-- [ RunTime:0.001515s ]
INFO: [ view_parse ] --START--
INFO: [ template_filter ] --START--
INFO: Run Behavior\ContentReplaceBehavior [ RunTime:0.000198s ]
INFO: [ template_filter ] --END-- [ RunTime:0.000582s ]
INFO: Run Behavior\ParseTemplateBehavior [ RunTime:0.037546s ]
INFO: [ view_parse ] --END-- [ RunTime:0.037904s ]
INFO: [ view_filter ] --START--
INFO: Run Behavior\WriteHtmlCacheBehavior [ RunTime:0.000766s ]
INFO: [ view_filter ] --END-- [ RunTime:0.001079s ]
INFO: [ app_end ] --START--
INFO: Run Behavior\ShowPageTraceBehavior [ RunTime:0.017076s ]
INFO: [ app_end ] --END-- [ RunTime:0.017413s ]

[ 2016-12-29T15:19:59+08:00 ] ::1 /aoshi/aoshi/index.php/Enterprise/Login/get_verify.html
INFO: [ app_init ] --START--
INFO: Run Behavior\BuildLiteBehavior [ RunTime:0.000082s ]
INFO: [ app_init ] --END-- [ RunTime:0.001401s ]
INFO: [ app_begin ] --START--
INFO: Run Behavior\ReadHtmlCacheBehavior [ RunTime:0.002393s ]
INFO: [ app_begin ] --END-- [ RunTime:0.002889s ]
INFO: [ app_end ] --START--
INFO: Run Behavior\ShowPageTraceBehavior [ RunTime:0.001941s ]
INFO: [ app_end ] --END-- [ RunTime:0.002329s ]

[ 2016-12-29T15:20:17+08:00 ] ::1 /aoshi/aoshi/index.php/Enterprise/Login/login.html
INFO: [ app_init ] --START--
INFO: Run Behavior\BuildLiteBehavior [ RunTime:0.000076s ]
INFO: [ app_init ] --END-- [ RunTime:0.001099s ]
INFO: [ app_begin ] --START--
INFO: Run Behavior\ReadHtmlCacheBehavior [ RunTime:0.001687s ]
INFO: [ app_begin ] --END-- [ RunTime:0.002106s ]
INFO: [ view_parse ] --START--
INFO: [ template_filter ] --START--
INFO: Run Behavior\ContentReplaceBehavior [ RunTime:0.000187s ]
INFO: [ template_filter ] --END-- [ RunTime:0.000556s ]
INFO: Run Behavior\ParseTemplateBehavior [ RunTime:0.017949s ]
INFO: [ view_parse ] --END-- [ RunTime:0.018263s ]
INFO: [ view_filter ] --START--
INFO: Run Behavior\WriteHtmlCacheBehavior [ RunTime:0.001244s ]
INFO: [ view_filter ] --END-- [ RunTime:0.001566s ]

[ 2016-12-29T15:20:19+08:00 ] ::1 /aoshi/aoshi/index.php/Enterprise/Login/login.html
INFO: [ app_init ] --START--
INFO: Run Behavior\BuildLiteBehavior [ RunTime:0.000062s ]
INFO: [ app_init ] --END-- [ RunTime:0.001118s ]
INFO: [ app_begin ] --START--
INFO: Run Behavior\ReadHtmlCacheBehavior [ RunTime:0.001222s ]
INFO: [ app_begin ] --END-- [ RunTime:0.001591s ]
INFO: [ view_parse ] --START--
INFO: [ template_filter ] --START--
INFO: Run Behavior\ContentReplaceBehavior [ RunTime:0.000178s ]
INFO: [ template_filter ] --END-- [ RunTime:0.000548s ]
INFO: Run Behavior\ParseTemplateBehavior [ RunTime:0.022282s ]
INFO: [ view_parse ] --END-- [ RunTime:0.022628s ]
INFO: [ view_filter ] --START--
INFO: Run Behavior\WriteHtmlCacheBehavior [ RunTime:0.001326s ]
INFO: [ view_filter ] --END-- [ RunTime:0.001616s ]
INFO: [ app_end ] --START--
INFO: Run Behavior\ShowPageTraceBehavior [ RunTime:0.001482s ]
INFO: [ app_end ] --END-- [ RunTime:0.001856s ]

[ 2016-12-29T15:20:19+08:00 ] ::1 /aoshi/aoshi/index.php/Enterprise/Login/get_verify.html
INFO: [ app_init ] --START--
INFO: Run Behavior\BuildLiteBehavior [ RunTime:0.000090s ]
INFO: [ app_init ] --END-- [ RunTime:0.001710s ]
INFO: [ app_begin ] --START--
INFO: Run Behavior\ReadHtmlCacheBehavior [ RunTime:0.001147s ]
INFO: [ app_begin ] --END-- [ RunTime:0.001521s ]
INFO: [ app_end ] --START--
INFO: Run Behavior\ShowPageTraceBehavior [ RunTime:0.002266s ]
INFO: [ app_end ] --END-- [ RunTime:0.002643s ]

[ 2016-12-29T15:20:29+08:00 ] ::1 /aoshi/aoshi/index.php/Enterprise/Login/login.html
INFO: [ app_init ] --START--
INFO: Run Behavior\BuildLiteBehavior [ RunTime:0.000083s ]
INFO: [ app_init ] --END-- [ RunTime:0.001136s ]
INFO: [ app_begin ] --START--
INFO: Run Behavior\ReadHtmlCacheBehavior [ RunTime:0.001163s ]
INFO: [ app_begin ] --END-- [ RunTime:0.001612s ]
SQL: SHOW COLUMNS FROM `enterprise` [ RunTime:0.0680s ]
SQL: SELECT * FROM `enterprise` WHERE ( user_name='123456' and  user_pwd='e10adc3949ba59abbe56e057f20f883e'  ) LIMIT 1   [ RunTime:0.0029s ]
SQL: SELECT `id` FROM `enterprise` WHERE ( user_name='123456' and  user_pwd='e10adc3949ba59abbe56e057f20f883e'  ) LIMIT 1   [ RunTime:0.0006s ]
INFO: [ view_parse ] --START--
INFO: [ template_filter ] --START--
INFO: Run Behavior\ContentReplaceBehavior [ RunTime:0.000194s ]
INFO: [ template_filter ] --END-- [ RunTime:0.000555s ]
INFO: Run Behavior\ParseTemplateBehavior [ RunTime:0.019378s ]
INFO: [ view_parse ] --END-- [ RunTime:0.019868s ]
INFO: [ view_filter ] --START--
INFO: Run Behavior\WriteHtmlCacheBehavior [ RunTime:0.001172s ]
INFO: [ view_filter ] --END-- [ RunTime:0.001485s ]
INFO: [ app_end ] --START--
INFO: Run Behavior\ShowPageTraceBehavior [ RunTime:0.001987s ]
INFO: [ app_end ] --END-- [ RunTime:0.002344s ]

[ 2016-12-29T15:20:31+08:00 ] ::1 /aoshi/aoshi/index.php/Enterprise/Index/index.html
INFO: [ app_init ] --START--
INFO: Run Behavior\BuildLiteBehavior [ RunTime:0.000077s ]
INFO: [ app_init ] --END-- [ RunTime:0.001167s ]
INFO: [ app_begin ] --START--
INFO: Run Behavior\ReadHtmlCacheBehavior [ RunTime:0.001157s ]
INFO: [ app_begin ] --END-- [ RunTime:0.001565s ]
SQL: SHOW COLUMNS FROM `article` [ RunTime:0.0571s ]
SQL: SELECT * FROM `article` ORDER BY id desc  [ RunTime:0.0013s ]
INFO: [ view_parse ] --START--
INFO: [ template_filter ] --START--
INFO: Run Behavior\ContentReplaceBehavior [ RunTime:0.000216s ]
INFO: [ template_filter ] --END-- [ RunTime:0.000567s ]
NOTIC: [8] Use of undefined constant add_job - assumed 'add_job' D:\wamp\www\aoshi\aoshi\Application\Runtime\Cache\Enterprise\37fb908e03f71af3d99059a4d1f5f901.php 第 26 行.
NOTIC: [8] Use of undefined constant job_list - assumed 'job_list' D:\wamp\www\aoshi\aoshi\Application\Runtime\Cache\Enterprise\37fb908e03f71af3d99059a4d1f5f901.php 第 27 行.
NOTIC: [8] Use of undefined constant add_job - assumed 'add_job' D:\wamp\www\aoshi\aoshi\Application\Runtime\Cache\Enterprise\37fb908e03f71af3d99059a4d1f5f901.php 第 34 行.
NOTIC: [8] Use of undefined constant job_list - assumed 'job_list' D:\wamp\www\aoshi\aoshi\Application\Runtime\Cache\Enterprise\37fb908e03f71af3d99059a4d1f5f901.php 第 35 行.
NOTIC: [8] Use of undefined constant add_job - assumed 'add_job' D:\wamp\www\aoshi\aoshi\Application\Runtime\Cache\Enterprise\37fb908e03f71af3d99059a4d1f5f901.php 第 38 行.
NOTIC: [8] Use of undefined constant job_list - assumed 'job_list' D:\wamp\www\aoshi\aoshi\Application\Runtime\Cache\Enterprise\37fb908e03f71af3d99059a4d1f5f901.php 第 41 行.
NOTIC: [8] Use of undefined constant visit - assumed 'visit' D:\wamp\www\aoshi\aoshi\Application\Runtime\Cache\Enterprise\37fb908e03f71af3d99059a4d1f5f901.php 第 47 行.
NOTIC: [8] Use of undefined constant resume - assumed 'resume' D:\wamp\www\aoshi\aoshi\Application\Runtime\Cache\Enterprise\37fb908e03f71af3d99059a4d1f5f901.php 第 48 行.
NOTIC: [8] Use of undefined constant visit - assumed 'visit' D:\wamp\www\aoshi\aoshi\Application\Runtime\Cache\Enterprise\37fb908e03f71af3d99059a4d1f5f901.php 第 55 行.
NOTIC: [8] Use of undefined constant resume - assumed 'resume' D:\wamp\www\aoshi\aoshi\Application\Runtime\Cache\Enterprise\37fb908e03f71af3d99059a4d1f5f901.php 第 56 行.
NOTIC: [8] Use of undefined constant visit - assumed 'visit' D:\wamp\www\aoshi\aoshi\Application\Runtime\Cache\Enterprise\37fb908e03f71af3d99059a4d1f5f901.php 第 59 行.
NOTIC: [8] Use of undefined constant resume - assumed 'resume' D:\wamp\www\aoshi\aoshi\Application\Runtime\Cache\Enterprise\37fb908e03f71af3d99059a4d1f5f901.php 第 62 行.
NOTIC: [8] Use of undefined constant index - assumed 'index' D:\wamp\www\aoshi\aoshi\Application\Runtime\Cache\Enterprise\37fb908e03f71af3d99059a4d1f5f901.php 第 78 行.
INFO: Run Behavior\ParseTemplateBehavior [ RunTime:0.132156s ]
INFO: [ view_parse ] --END-- [ RunTime:0.132510s ]
INFO: [ view_filter ] --START--
INFO: Run Behavior\WriteHtmlCacheBehavior [ RunTime:0.001650s ]
INFO: [ view_filter ] --END-- [ RunTime:0.001965s ]
INFO: [ app_end ] --START--
INFO: Run Behavior\ShowPageTraceBehavior [ RunTime:0.001802s ]
INFO: [ app_end ] --END-- [ RunTime:0.002138s ]

[ 2016-12-29T16:50:57+08:00 ] ::1 /aoshi/aoshi/index.php/Enterprise/Index/index
INFO: [ app_init ] --START--
INFO: Run Behavior\BuildLiteBehavior [ RunTime:0.000117s ]
INFO: [ app_init ] --END-- [ RunTime:0.025012s ]
INFO: [ app_begin ] --START--
INFO: Run Behavior\ReadHtmlCacheBehavior [ RunTime:0.033105s ]
INFO: [ app_begin ] --END-- [ RunTime:0.033537s ]
INFO: [ view_parse ] --START--
INFO: [ template_filter ] --START--
INFO: Run Behavior\ContentReplaceBehavior [ RunTime:0.000157s ]
INFO: [ template_filter ] --END-- [ RunTime:0.000460s ]
INFO: Run Behavior\ParseTemplateBehavior [ RunTime:0.279549s ]
INFO: [ view_parse ] --END-- [ RunTime:0.279977s ]
INFO: [ view_filter ] --START--
INFO: Run Behavior\WriteHtmlCacheBehavior [ RunTime:0.022895s ]
INFO: [ view_filter ] --END-- [ RunTime:0.023233s ]

[ 2016-12-29T16:50:59+08:00 ] ::1 /aoshi/aoshi/index.php/Enterprise/Login/login.html
INFO: [ app_init ] --START--
INFO: Run Behavior\BuildLiteBehavior [ RunTime:0.000078s ]
INFO: [ app_init ] --END-- [ RunTime:0.001340s ]
INFO: [ app_begin ] --START--
INFO: Run Behavior\ReadHtmlCacheBehavior [ RunTime:0.001163s ]
INFO: [ app_begin ] --END-- [ RunTime:0.001534s ]
INFO: [ view_parse ] --START--
INFO: [ template_filter ] --START--
INFO: Run Behavior\ContentReplaceBehavior [ RunTime:0.000199s ]
INFO: [ template_filter ] --END-- [ RunTime:0.000658s ]
INFO: Run Behavior\ParseTemplateBehavior [ RunTime:0.041759s ]
INFO: [ view_parse ] --END-- [ RunTime:0.042131s ]
INFO: [ view_filter ] --START--
INFO: Run Behavior\WriteHtmlCacheBehavior [ RunTime:0.001513s ]
INFO: [ view_filter ] --END-- [ RunTime:0.001897s ]
INFO: [ app_end ] --START--
INFO: Run Behavior\ShowPageTraceBehavior [ RunTime:0.018694s ]
INFO: [ app_end ] --END-- [ RunTime:0.019073s ]

[ 2016-12-29T16:50:59+08:00 ] ::1 /aoshi/aoshi/index.php/Enterprise/Login/get_verify.html
INFO: [ app_init ] --START--
INFO: Run Behavior\BuildLiteBehavior [ RunTime:0.000069s ]
INFO: [ app_init ] --END-- [ RunTime:0.001039s ]
INFO: [ app_begin ] --START--
INFO: Run Behavior\ReadHtmlCacheBehavior [ RunTime:0.001140s ]
INFO: [ app_begin ] --END-- [ RunTime:0.001506s ]
INFO: [ app_end ] --START--
INFO: Run Behavior\ShowPageTraceBehavior [ RunTime:0.002583s ]
INFO: [ app_end ] --END-- [ RunTime:0.003005s ]

[ 2016-12-29T16:51:04+08:00 ] ::1 /aoshi/aoshi/index.php/Enterprise/Login/login.html
INFO: [ app_init ] --START--
INFO: Run Behavior\BuildLiteBehavior [ RunTime:0.000066s ]
INFO: [ app_init ] --END-- [ RunTime:0.001111s ]
INFO: [ app_begin ] --START--
INFO: Run Behavior\ReadHtmlCacheBehavior [ RunTime:0.001295s ]
INFO: [ app_begin ] --END-- [ RunTime:0.001870s ]
INFO: [ view_parse ] --START--
INFO: [ template_filter ] --START--
INFO: Run Behavior\ContentReplaceBehavior [ RunTime:0.000145s ]
INFO: [ template_filter ] --END-- [ RunTime:0.000347s ]
INFO: Run Behavior\ParseTemplateBehavior [ RunTime:0.021430s ]
INFO: [ view_parse ] --END-- [ RunTime:0.021802s ]
INFO: [ view_filter ] --START--
INFO: Run Behavior\WriteHtmlCacheBehavior [ RunTime:0.001429s ]
INFO: [ view_filter ] --END-- [ RunTime:0.001728s ]
INFO: [ app_end ] --START--
INFO: Run Behavior\ShowPageTraceBehavior [ RunTime:0.002455s ]
INFO: [ app_end ] --END-- [ RunTime:0.002810s ]

[ 2016-12-29T16:51:04+08:00 ] ::1 /aoshi/aoshi/index.php/Enterprise/Login/get_verify.html
INFO: [ app_init ] --START--
INFO: Run Behavior\BuildLiteBehavior [ RunTime:0.000082s ]
INFO: [ app_init ] --END-- [ RunTime:0.001138s ]
INFO: [ app_begin ] --START--
INFO: Run Behavior\ReadHtmlCacheBehavior [ RunTime:0.001155s ]
INFO: [ app_begin ] --END-- [ RunTime:0.001533s ]
INFO: [ app_end ] --START--
INFO: Run Behavior\ShowPageTraceBehavior [ RunTime:0.001717s ]
INFO: [ app_end ] --END-- [ RunTime:0.005195s ]

[ 2016-12-29T16:51:15+08:00 ] ::1 /aoshi/aoshi/index.php/Enterprise/Login/login.html
INFO: [ app_init ] --START--
INFO: Run Behavior\BuildLiteBehavior [ RunTime:0.000077s ]
INFO: [ app_init ] --END-- [ RunTime:0.001365s ]
INFO: [ app_begin ] --START--
INFO: Run Behavior\ReadHtmlCacheBehavior [ RunTime:0.001685s ]
INFO: [ app_begin ] --END-- [ RunTime:0.002051s ]
SQL: SHOW COLUMNS FROM `enterprise` [ RunTime:0.0284s ]
SQL: SELECT * FROM `enterprise` WHERE ( user_name='123456' and  user_pwd='e10adc3949ba59abbe56e057f20f883e'  ) LIMIT 1   [ RunTime:0.0008s ]
SQL: SELECT `id` FROM `enterprise` WHERE ( user_name='123456' and  user_pwd='e10adc3949ba59abbe56e057f20f883e'  ) LIMIT 1   [ RunTime:0.0006s ]
INFO: [ view_parse ] --START--
INFO: [ template_filter ] --START--
INFO: Run Behavior\ContentReplaceBehavior [ RunTime:0.000151s ]
INFO: [ template_filter ] --END-- [ RunTime:0.000548s ]
INFO: Run Behavior\ParseTemplateBehavior [ RunTime:0.019546s ]
INFO: [ view_parse ] --END-- [ RunTime:0.019905s ]
INFO: [ view_filter ] --START--
INFO: Run Behavior\WriteHtmlCacheBehavior [ RunTime:0.001074s ]
INFO: [ view_filter ] --END-- [ RunTime:0.001327s ]
INFO: [ app_end ] --START--
INFO: Run Behavior\ShowPageTraceBehavior [ RunTime:0.001500s ]
INFO: [ app_end ] --END-- [ RunTime:0.001780s ]

[ 2016-12-29T16:51:16+08:00 ] ::1 /aoshi/aoshi/index.php/Enterprise/Index/index.html
INFO: [ app_init ] --START--
INFO: Run Behavior\BuildLiteBehavior [ RunTime:0.000076s ]
INFO: [ app_init ] --END-- [ RunTime:0.001102s ]
INFO: [ app_begin ] --START--
INFO: Run Behavior\ReadHtmlCacheBehavior [ RunTime:0.001189s ]
INFO: [ app_begin ] --END-- [ RunTime:0.001586s ]
SQL: SHOW COLUMNS FROM `article` [ RunTime:0.0282s ]
SQL: SELECT * FROM `article` ORDER BY id desc  [ RunTime:0.0030s ]
INFO: [ view_parse ] --START--
INFO: [ template_filter ] --START--
INFO: Run Behavior\ContentReplaceBehavior [ RunTime:0.000200s ]
INFO: [ template_filter ] --END-- [ RunTime:0.000516s ]
NOTIC: [8] Use of undefined constant add_job - assumed 'add_job' D:\wamp\www\aoshi\aoshi\Application\Runtime\Cache\Enterprise\37fb908e03f71af3d99059a4d1f5f901.php 第 26 行.
NOTIC: [8] Use of undefined constant job_list - assumed 'job_list' D:\wamp\www\aoshi\aoshi\Application\Runtime\Cache\Enterprise\37fb908e03f71af3d99059a4d1f5f901.php 第 27 行.
NOTIC: [8] Use of undefined constant add_job - assumed 'add_job' D:\wamp\www\aoshi\aoshi\Application\Runtime\Cache\Enterprise\37fb908e03f71af3d99059a4d1f5f901.php 第 34 行.
NOTIC: [8] Use of undefined constant job_list - assumed 'job_list' D:\wamp\www\aoshi\aoshi\Application\Runtime\Cache\Enterprise\37fb908e03f71af3d99059a4d1f5f901.php 第 35 行.
NOTIC: [8] Use of undefined constant add_job - assumed 'add_job' D:\wamp\www\aoshi\aoshi\Application\Runtime\Cache\Enterprise\37fb908e03f71af3d99059a4d1f5f901.php 第 38 行.
NOTIC: [8] Use of undefined constant job_list - assumed 'job_list' D:\wamp\www\aoshi\aoshi\Application\Runtime\Cache\Enterprise\37fb908e03f71af3d99059a4d1f5f901.php 第 41 行.
NOTIC: [8] Use of undefined constant visit - assumed 'visit' D:\wamp\www\aoshi\aoshi\Application\Runtime\Cache\Enterprise\37fb908e03f71af3d99059a4d1f5f901.php 第 47 行.
NOTIC: [8] Use of undefined constant resume - assumed 'resume' D:\wamp\www\aoshi\aoshi\Application\Runtime\Cache\Enterprise\37fb908e03f71af3d99059a4d1f5f901.php 第 48 行.
NOTIC: [8] Use of undefined constant visit - assumed 'visit' D:\wamp\www\aoshi\aoshi\Application\Runtime\Cache\Enterprise\37fb908e03f71af3d99059a4d1f5f901.php 第 55 行.
NOTIC: [8] Use of undefined constant resume - assumed 'resume' D:\wamp\www\aoshi\aoshi\Application\Runtime\Cache\Enterprise\37fb908e03f71af3d99059a4d1f5f901.php 第 56 行.
NOTIC: [8] Use of undefined constant visit - assumed 'visit' D:\wamp\www\aoshi\aoshi\Application\Runtime\Cache\Enterprise\37fb908e03f71af3d99059a4d1f5f901.php 第 59 行.
NOTIC: [8] Use of undefined constant resume - assumed 'resume' D:\wamp\www\aoshi\aoshi\Application\Runtime\Cache\Enterprise\37fb908e03f71af3d99059a4d1f5f901.php 第 62 行.
NOTIC: [8] Use of undefined constant index - assumed 'index' D:\wamp\www\aoshi\aoshi\Application\Runtime\Cache\Enterprise\37fb908e03f71af3d99059a4d1f5f901.php 第 78 行.
INFO: Run Behavior\ParseTemplateBehavior [ RunTime:0.089228s ]
INFO: [ view_parse ] --END-- [ RunTime:0.089613s ]
INFO: [ view_filter ] --START--
INFO: Run Behavior\WriteHtmlCacheBehavior [ RunTime:0.000848s ]
INFO: [ view_filter ] --END-- [ RunTime:0.001200s ]
INFO: [ app_end ] --START--
INFO: Run Behavior\ShowPageTraceBehavior [ RunTime:0.001505s ]
INFO: [ app_end ] --END-- [ RunTime:0.001855s ]

[ 2016-12-29T21:01:37+08:00 ] ::1 /aoshi/aoshi/index.php/Enterprise/Index/index
INFO: [ app_init ] --START--
INFO: Run Behavior\BuildLiteBehavior [ RunTime:0.000212s ]
INFO: [ app_init ] --END-- [ RunTime:0.022083s ]
INFO: [ app_begin ] --START--
INFO: Run Behavior\ReadHtmlCacheBehavior [ RunTime:0.025950s ]
INFO: [ app_begin ] --END-- [ RunTime:0.027247s ]
INFO: [ view_parse ] --START--
INFO: [ template_filter ] --START--
INFO: Run Behavior\ContentReplaceBehavior [ RunTime:0.000105s ]
INFO: [ template_filter ] --END-- [ RunTime:0.000292s ]
INFO: Run Behavior\ParseTemplateBehavior [ RunTime:0.191036s ]
INFO: [ view_parse ] --END-- [ RunTime:0.191391s ]
INFO: [ view_filter ] --START--
INFO: Run Behavior\WriteHtmlCacheBehavior [ RunTime:0.018306s ]
INFO: [ view_filter ] --END-- [ RunTime:0.018509s ]

[ 2016-12-29T21:01:38+08:00 ] ::1 /aoshi/aoshi/index.php/Enterprise/Login/login.html
INFO: [ app_init ] --START--
INFO: Run Behavior\BuildLiteBehavior [ RunTime:0.000040s ]
INFO: [ app_init ] --END-- [ RunTime:0.000648s ]
INFO: [ app_begin ] --START--
INFO: Run Behavior\ReadHtmlCacheBehavior [ RunTime:0.000656s ]
INFO: [ app_begin ] --END-- [ RunTime:0.000878s ]
INFO: [ view_parse ] --START--
INFO: [ template_filter ] --START--
INFO: Run Behavior\ContentReplaceBehavior [ RunTime:0.000108s ]
INFO: [ template_filter ] --END-- [ RunTime:0.000338s ]
INFO: Run Behavior\ParseTemplateBehavior [ RunTime:0.027950s ]
INFO: [ view_parse ] --END-- [ RunTime:0.028217s ]
INFO: [ view_filter ] --START--
INFO: Run Behavior\WriteHtmlCacheBehavior [ RunTime:0.000508s ]
INFO: [ view_filter ] --END-- [ RunTime:0.000774s ]
INFO: [ app_end ] --START--
INFO: Run Behavior\ShowPageTraceBehavior [ RunTime:0.013597s ]
INFO: [ app_end ] --END-- [ RunTime:0.013888s ]

[ 2016-12-29T21:01:38+08:00 ] ::1 /aoshi/aoshi/index.php/Enterprise/Login/get_verify.html
INFO: [ app_init ] --START--
INFO: Run Behavior\BuildLiteBehavior [ RunTime:0.000076s ]
INFO: [ app_init ] --END-- [ RunTime:0.001514s ]
INFO: [ app_begin ] --START--
INFO: Run Behavior\ReadHtmlCacheBehavior [ RunTime:0.002167s ]
INFO: [ app_begin ] --END-- [ RunTime:0.002585s ]
INFO: [ app_end ] --START--
INFO: Run Behavior\ShowPageTraceBehavior [ RunTime:0.001623s ]
INFO: [ app_end ] --END-- [ RunTime:0.001879s ]

[ 2016-12-29T21:01:41+08:00 ] ::1 /aoshi/aoshi/index.php/Enterprise/Login/login.html
INFO: [ app_init ] --START--
INFO: Run Behavior\BuildLiteBehavior [ RunTime:0.000041s ]
INFO: [ app_init ] --END-- [ RunTime:0.000887s ]
INFO: [ app_begin ] --START--
INFO: Run Behavior\ReadHtmlCacheBehavior [ RunTime:0.000698s ]
INFO: [ app_begin ] --END-- [ RunTime:0.000903s ]
INFO: [ view_parse ] --START--
INFO: [ template_filter ] --START--
INFO: Run Behavior\ContentReplaceBehavior [ RunTime:0.000108s ]
INFO: [ template_filter ] --END-- [ RunTime:0.000322s ]
INFO: Run Behavior\ParseTemplateBehavior [ RunTime:0.012149s ]
INFO: [ view_parse ] --END-- [ RunTime:0.012347s ]
INFO: [ view_filter ] --START--
INFO: Run Behavior\WriteHtmlCacheBehavior [ RunTime:0.000685s ]
INFO: [ view_filter ] --END-- [ RunTime:0.000860s ]
INFO: [ app_end ] --START--
INFO: Run Behavior\ShowPageTraceBehavior [ RunTime:0.000682s ]
INFO: [ app_end ] --END-- [ RunTime:0.000869s ]

[ 2016-12-29T21:01:41+08:00 ] ::1 /aoshi/aoshi/index.php/Enterprise/Login/get_verify.html
INFO: [ app_init ] --START--
INFO: Run Behavior\BuildLiteBehavior [ RunTime:0.000204s ]
INFO: [ app_init ] --END-- [ RunTime:0.003249s ]
INFO: [ app_begin ] --START--
INFO: Run Behavior\ReadHtmlCacheBehavior [ RunTime:0.001425s ]
INFO: [ app_begin ] --END-- [ RunTime:0.001826s ]
INFO: [ app_end ] --START--
INFO: Run Behavior\ShowPageTraceBehavior [ RunTime:0.000858s ]
INFO: [ app_end ] --END-- [ RunTime:0.001060s ]

[ 2016-12-29T21:01:42+08:00 ] ::1 /aoshi/aoshi/index.php/Enterprise/Login/login.html
INFO: [ app_init ] --START--
INFO: Run Behavior\BuildLiteBehavior [ RunTime:0.000040s ]
INFO: [ app_init ] --END-- [ RunTime:0.000660s ]
INFO: [ app_begin ] --START--
INFO: Run Behavior\ReadHtmlCacheBehavior [ RunTime:0.000709s ]
INFO: [ app_begin ] --END-- [ RunTime:0.000891s ]
INFO: [ view_parse ] --START--
INFO: [ template_filter ] --START--
INFO: Run Behavior\ContentReplaceBehavior [ RunTime:0.000107s ]
INFO: [ template_filter ] --END-- [ RunTime:0.000296s ]
INFO: Run Behavior\ParseTemplateBehavior [ RunTime:0.012046s ]
INFO: [ view_parse ] --END-- [ RunTime:0.012314s ]
INFO: [ view_filter ] --START--
INFO: Run Behavior\WriteHtmlCacheBehavior [ RunTime:0.000619s ]
INFO: [ view_filter ] --END-- [ RunTime:0.000793s ]
INFO: [ app_end ] --START--
INFO: Run Behavior\ShowPageTraceBehavior [ RunTime:0.000676s ]
INFO: [ app_end ] --END-- [ RunTime:0.000874s ]

[ 2016-12-29T21:01:42+08:00 ] ::1 /aoshi/aoshi/index.php/Enterprise/Login/get_verify.html
INFO: [ app_init ] --START--
INFO: Run Behavior\BuildLiteBehavior [ RunTime:0.000082s ]
INFO: [ app_init ] --END-- [ RunTime:0.002538s ]
INFO: [ app_begin ] --START--
INFO: Run Behavior\ReadHtmlCacheBehavior [ RunTime:0.001149s ]
INFO: [ app_begin ] --END-- [ RunTime:0.001521s ]
INFO: [ app_end ] --START--
INFO: Run Behavior\ShowPageTraceBehavior [ RunTime:0.000842s ]
INFO: [ app_end ] --END-- [ RunTime:0.001103s ]

[ 2016-12-29T21:01:59+08:00 ] ::1 /aoshi/aoshi/index.php/Enterprise/Login/login.html
INFO: [ app_init ] --START--
INFO: Run Behavior\BuildLiteBehavior [ RunTime:0.000039s ]
INFO: [ app_init ] --END-- [ RunTime:0.000684s ]
INFO: [ app_begin ] --START--
INFO: Run Behavior\ReadHtmlCacheBehavior [ RunTime:0.001442s ]
INFO: [ app_begin ] --END-- [ RunTime:0.001725s ]
SQL: SHOW COLUMNS FROM `enterprise` [ RunTime:0.0240s ]
SQL: SELECT * FROM `enterprise` WHERE ( user_name='123456' and  user_pwd='e10adc3949ba59abbe56e057f20f883e'  ) LIMIT 1   [ RunTime:0.0005s ]
SQL: SELECT `id` FROM `enterprise` WHERE ( user_name='123456' and  user_pwd='e10adc3949ba59abbe56e057f20f883e'  ) LIMIT 1   [ RunTime:0.0003s ]
INFO: [ view_parse ] --START--
INFO: [ template_filter ] --START--
INFO: Run Behavior\ContentReplaceBehavior [ RunTime:0.000105s ]
INFO: [ template_filter ] --END-- [ RunTime:0.000295s ]
INFO: Run Behavior\ParseTemplateBehavior [ RunTime:0.010702s ]
INFO: [ view_parse ] --END-- [ RunTime:0.010914s ]
INFO: [ view_filter ] --START--
INFO: Run Behavior\WriteHtmlCacheBehavior [ RunTime:0.000569s ]
INFO: [ view_filter ] --END-- [ RunTime:0.000744s ]
INFO: [ app_end ] --START--
INFO: Run Behavior\ShowPageTraceBehavior [ RunTime:0.000677s ]
INFO: [ app_end ] --END-- [ RunTime:0.000848s ]

[ 2016-12-29T21:02:00+08:00 ] ::1 /aoshi/aoshi/index.php/Enterprise/Index/index.html
INFO: [ app_init ] --START--
INFO: Run Behavior\BuildLiteBehavior [ RunTime:0.000040s ]
INFO: [ app_init ] --END-- [ RunTime:0.000663s ]
INFO: [ app_begin ] --START--
INFO: Run Behavior\ReadHtmlCacheBehavior [ RunTime:0.001031s ]
INFO: [ app_begin ] --END-- [ RunTime:0.001325s ]
SQL: SHOW COLUMNS FROM `article` [ RunTime:0.0209s ]
SQL: SELECT * FROM `article` ORDER BY id desc  [ RunTime:0.0039s ]
INFO: [ view_parse ] --START--
INFO: [ template_filter ] --START--
INFO: Run Behavior\ContentReplaceBehavior [ RunTime:0.000128s ]
INFO: [ template_filter ] --END-- [ RunTime:0.000326s ]
NOTIC: [8] Use of undefined constant add_job - assumed 'add_job' D:\wamp\www\aoshi\aoshi\Application\Runtime\Cache\Enterprise\37fb908e03f71af3d99059a4d1f5f901.php 第 26 行.
NOTIC: [8] Use of undefined constant job_list - assumed 'job_list' D:\wamp\www\aoshi\aoshi\Application\Runtime\Cache\Enterprise\37fb908e03f71af3d99059a4d1f5f901.php 第 27 行.
NOTIC: [8] Use of undefined constant add_job - assumed 'add_job' D:\wamp\www\aoshi\aoshi\Application\Runtime\Cache\Enterprise\37fb908e03f71af3d99059a4d1f5f901.php 第 34 行.
NOTIC: [8] Use of undefined constant job_list - assumed 'job_list' D:\wamp\www\aoshi\aoshi\Application\Runtime\Cache\Enterprise\37fb908e03f71af3d99059a4d1f5f901.php 第 35 行.
NOTIC: [8] Use of undefined constant add_job - assumed 'add_job' D:\wamp\www\aoshi\aoshi\Application\Runtime\Cache\Enterprise\37fb908e03f71af3d99059a4d1f5f901.php 第 38 行.
NOTIC: [8] Use of undefined constant job_list - assumed 'job_list' D:\wamp\www\aoshi\aoshi\Application\Runtime\Cache\Enterprise\37fb908e03f71af3d99059a4d1f5f901.php 第 41 行.
NOTIC: [8] Use of undefined constant visit - assumed 'visit' D:\wamp\www\aoshi\aoshi\Application\Runtime\Cache\Enterprise\37fb908e03f71af3d99059a4d1f5f901.php 第 47 行.
NOTIC: [8] Use of undefined constant resume - assumed 'resume' D:\wamp\www\aoshi\aoshi\Application\Runtime\Cache\Enterprise\37fb908e03f71af3d99059a4d1f5f901.php 第 48 行.
NOTIC: [8] Use of undefined constant visit - assumed 'visit' D:\wamp\www\aoshi\aoshi\Application\Runtime\Cache\Enterprise\37fb908e03f71af3d99059a4d1f5f901.php 第 55 行.
NOTIC: [8] Use of undefined constant resume - assumed 'resume' D:\wamp\www\aoshi\aoshi\Application\Runtime\Cache\Enterprise\37fb908e03f71af3d99059a4d1f5f901.php 第 56 行.
NOTIC: [8] Use of undefined constant visit - assumed 'visit' D:\wamp\www\aoshi\aoshi\Application\Runtime\Cache\Enterprise\37fb908e03f71af3d99059a4d1f5f901.php 第 59 行.
NOTIC: [8] Use of undefined constant resume - assumed 'resume' D:\wamp\www\aoshi\aoshi\Application\Runtime\Cache\Enterprise\37fb908e03f71af3d99059a4d1f5f901.php 第 62 行.
NOTIC: [8] Use of undefined constant index - assumed 'index' D:\wamp\www\aoshi\aoshi\Application\Runtime\Cache\Enterprise\37fb908e03f71af3d99059a4d1f5f901.php 第 78 行.
INFO: Run Behavior\ParseTemplateBehavior [ RunTime:0.061692s ]
INFO: [ view_parse ] --END-- [ RunTime:0.061878s ]
INFO: [ view_filter ] --START--
INFO: Run Behavior\WriteHtmlCacheBehavior [ RunTime:0.000582s ]
INFO: [ view_filter ] --END-- [ RunTime:0.000747s ]
INFO: [ app_end ] --START--
INFO: Run Behavior\ShowPageTraceBehavior [ RunTime:0.000650s ]
INFO: [ app_end ] --END-- [ RunTime:0.000818s ]

[ 2016-12-29T21:17:12+08:00 ] ::1 /aoshi/aoshi/index.php/Enterprise/Seeker/visit.html
INFO: [ app_init ] --START--
INFO: Run Behavior\BuildLiteBehavior [ RunTime:0.000045s ]
INFO: [ app_init ] --END-- [ RunTime:0.015903s ]
INFO: [ app_begin ] --START--
INFO: Run Behavior\ReadHtmlCacheBehavior [ RunTime:0.025174s ]
INFO: [ app_begin ] --END-- [ RunTime:0.025474s ]
INFO: [ view_parse ] --START--
INFO: [ template_filter ] --START--
INFO: Run Behavior\ContentReplaceBehavior [ RunTime:0.000177s ]
INFO: [ template_filter ] --END-- [ RunTime:0.000382s ]
NOTIC: [8] Use of undefined constant add_job - assumed 'add_job' D:\wamp\www\aoshi\aoshi\Application\Runtime\Cache\Enterprise\882cb4b14780d2ce9e99c462683ac6cf.php 第 26 行.
NOTIC: [8] Use of undefined constant job_list - assumed 'job_list' D:\wamp\www\aoshi\aoshi\Application\Runtime\Cache\Enterprise\882cb4b14780d2ce9e99c462683ac6cf.php 第 27 行.
NOTIC: [8] Use of undefined constant add_job - assumed 'add_job' D:\wamp\www\aoshi\aoshi\Application\Runtime\Cache\Enterprise\882cb4b14780d2ce9e99c462683ac6cf.php 第 34 行.
NOTIC: [8] Use of undefined constant job_list - assumed 'job_list' D:\wamp\www\aoshi\aoshi\Application\Runtime\Cache\Enterprise\882cb4b14780d2ce9e99c462683ac6cf.php 第 35 行.
NOTIC: [8] Use of undefined constant add_job - assumed 'add_job' D:\wamp\www\aoshi\aoshi\Application\Runtime\Cache\Enterprise\882cb4b14780d2ce9e99c462683ac6cf.php 第 38 行.
NOTIC: [8] Use of undefined constant job_list - assumed 'job_list' D:\wamp\www\aoshi\aoshi\Application\Runtime\Cache\Enterprise\882cb4b14780d2ce9e99c462683ac6cf.php 第 41 行.
NOTIC: [8] Use of undefined constant visit - assumed 'visit' D:\wamp\www\aoshi\aoshi\Application\Runtime\Cache\Enterprise\882cb4b14780d2ce9e99c462683ac6cf.php 第 47 行.
NOTIC: [8] Use of undefined constant resume - assumed 'resume' D:\wamp\www\aoshi\aoshi\Application\Runtime\Cache\Enterprise\882cb4b14780d2ce9e99c462683ac6cf.php 第 48 行.
NOTIC: [8] Use of undefined constant visit - assumed 'visit' D:\wamp\www\aoshi\aoshi\Application\Runtime\Cache\Enterprise\882cb4b14780d2ce9e99c462683ac6cf.php 第 55 行.
NOTIC: [8] Use of undefined constant resume - assumed 'resume' D:\wamp\www\aoshi\aoshi\Application\Runtime\Cache\Enterprise\882cb4b14780d2ce9e99c462683ac6cf.php 第 56 行.
NOTIC: [8] Use of undefined constant visit - assumed 'visit' D:\wamp\www\aoshi\aoshi\Application\Runtime\Cache\Enterprise\882cb4b14780d2ce9e99c462683ac6cf.php 第 59 行.
NOTIC: [8] Use of undefined constant resume - assumed 'resume' D:\wamp\www\aoshi\aoshi\Application\Runtime\Cache\Enterprise\882cb4b14780d2ce9e99c462683ac6cf.php 第 62 行.
NOTIC: [8] Use of undefined constant index - assumed 'index' D:\wamp\www\aoshi\aoshi\Application\Runtime\Cache\Enterprise\882cb4b14780d2ce9e99c462683ac6cf.php 第 78 行.
INFO: Run Behavior\ParseTemplateBehavior [ RunTime:0.192339s ]
INFO: [ view_parse ] --END-- [ RunTime:0.192608s ]
INFO: [ view_filter ] --START--
INFO: Run Behavior\WriteHtmlCacheBehavior [ RunTime:0.002844s ]
INFO: [ view_filter ] --END-- [ RunTime:0.003039s ]
INFO: [ app_end ] --START--
INFO: Run Behavior\ShowPageTraceBehavior [ RunTime:0.013049s ]
INFO: [ app_end ] --END-- [ RunTime:0.013236s ]

