[ 2017-01-05T14:03:55+08:00 ] ::1 /aoshi/index.php/enterprise
INFO: [ app_init ] --START--
INFO: Run Behavior\BuildLiteBehavior [ RunTime:0.000039s ]
INFO: [ app_init ] --END-- [ RunTime:0.000762s ]
INFO: [ app_begin ] --START--
INFO: Run Behavior\ReadHtmlCacheBehavior [ RunTime:0.001066s ]
INFO: [ app_begin ] --END-- [ RunTime:0.001353s ]
SQL: SHOW COLUMNS FROM `article` [ RunTime:0.0055s ]
SQL: SELECT * FROM `article` ORDER BY id desc  [ RunTime:0.0008s ]
INFO: [ view_parse ] --START--
INFO: [ template_filter ] --START--
INFO: Run Behavior\ContentReplaceBehavior [ RunTime:0.000100s ]
INFO: [ template_filter ] --END-- [ RunTime:0.000293s ]
INFO: Run Behavior\ParseTemplateBehavior [ RunTime:0.013232s ]
INFO: [ view_parse ] --END-- [ RunTime:0.013589s ]
INFO: [ view_filter ] --START--
INFO: Run Behavior\WriteHtmlCacheBehavior [ RunTime:0.001271s ]
INFO: [ view_filter ] --END-- [ RunTime:0.001597s ]
INFO: [ app_end ] --START--
INFO: Run Behavior\ShowPageTraceBehavior [ RunTime:0.001773s ]
INFO: [ app_end ] --END-- [ RunTime:0.002112s ]

[ 2017-01-05T14:03:56+08:00 ] ::1 /aoshi/index.php/Enterprise/Seeker/resume.html
INFO: [ app_init ] --START--
INFO: Run Behavior\BuildLiteBehavior [ RunTime:0.000068s ]
INFO: [ app_init ] --END-- [ RunTime:0.001001s ]
INFO: [ app_begin ] --START--
INFO: Run Behavior\ReadHtmlCacheBehavior [ RunTime:0.001685s ]
INFO: [ app_begin ] --END-- [ RunTime:0.002043s ]
INFO: [ view_parse ] --START--
INFO: [ template_filter ] --START--
INFO: Run Behavior\ContentReplaceBehavior [ RunTime:0.000257s ]
INFO: [ template_filter ] --END-- [ RunTime:0.000569s ]
NOTIC: [8] Use of undefined constant add_job - assumed 'add_job' D:\wamp\Demo\aoshi\Application\Runtime\Cache\Enterprise\822e88c21d2a5f0fc5f2fb5102a19147.php 第 34 行.
NOTIC: [8] Use of undefined constant job_list - assumed 'job_list' D:\wamp\Demo\aoshi\Application\Runtime\Cache\Enterprise\822e88c21d2a5f0fc5f2fb5102a19147.php 第 35 行.
NOTIC: [8] Use of undefined constant add_job - assumed 'add_job' D:\wamp\Demo\aoshi\Application\Runtime\Cache\Enterprise\822e88c21d2a5f0fc5f2fb5102a19147.php 第 40 行.
NOTIC: [8] Use of undefined constant job_list - assumed 'job_list' D:\wamp\Demo\aoshi\Application\Runtime\Cache\Enterprise\822e88c21d2a5f0fc5f2fb5102a19147.php 第 41 行.
NOTIC: [8] Use of undefined constant add_job - assumed 'add_job' D:\wamp\Demo\aoshi\Application\Runtime\Cache\Enterprise\822e88c21d2a5f0fc5f2fb5102a19147.php 第 45 行.
NOTIC: [8] Use of undefined constant job_list - assumed 'job_list' D:\wamp\Demo\aoshi\Application\Runtime\Cache\Enterprise\822e88c21d2a5f0fc5f2fb5102a19147.php 第 46 行.
NOTIC: [8] Use of undefined constant add_job - assumed 'add_job' D:\wamp\Demo\aoshi\Application\Runtime\Cache\Enterprise\822e88c21d2a5f0fc5f2fb5102a19147.php 第 49 行.
NOTIC: [8] Use of undefined constant job_list - assumed 'job_list' D:\wamp\Demo\aoshi\Application\Runtime\Cache\Enterprise\822e88c21d2a5f0fc5f2fb5102a19147.php 第 52 行.
NOTIC: [8] Use of undefined constant resume - assumed 'resume' D:\wamp\Demo\aoshi\Application\Runtime\Cache\Enterprise\822e88c21d2a5f0fc5f2fb5102a19147.php 第 58 行.
NOTIC: [8] Use of undefined constant index - assumed 'index' D:\wamp\Demo\aoshi\Application\Runtime\Cache\Enterprise\822e88c21d2a5f0fc5f2fb5102a19147.php 第 74 行.
INFO: Run Behavior\ParseTemplateBehavior [ RunTime:0.031453s ]
INFO: [ view_parse ] --END-- [ RunTime:0.031783s ]
INFO: [ view_filter ] --START--
INFO: Run Behavior\WriteHtmlCacheBehavior [ RunTime:0.001437s ]
INFO: [ view_filter ] --END-- [ RunTime:0.001966s ]
INFO: [ app_end ] --START--
INFO: Run Behavior\ShowPageTraceBehavior [ RunTime:0.001666s ]
INFO: [ app_end ] --END-- [ RunTime:0.001995s ]

[ 2017-01-05T14:04:03+08:00 ] ::1 /aoshi/index.php/Enterprise/login/
INFO: [ app_init ] --START--
INFO: Run Behavior\BuildLiteBehavior [ RunTime:0.000071s ]
INFO: [ app_init ] --END-- [ RunTime:0.001012s ]
INFO: [ app_begin ] --START--
INFO: Run Behavior\ReadHtmlCacheBehavior [ RunTime:0.001098s ]
INFO: [ app_begin ] --END-- [ RunTime:0.001418s ]
ERR: 非法操作:index

[ 2017-01-05T14:04:07+08:00 ] ::1 /aoshi/index.php/Enterprise/login/index
INFO: [ app_init ] --START--
INFO: Run Behavior\BuildLiteBehavior [ RunTime:0.000066s ]
INFO: [ app_init ] --END-- [ RunTime:0.000938s ]
INFO: [ app_begin ] --START--
INFO: Run Behavior\ReadHtmlCacheBehavior [ RunTime:0.001036s ]
INFO: [ app_begin ] --END-- [ RunTime:0.001369s ]
ERR: 非法操作:index

[ 2017-01-05T14:04:12+08:00 ] ::1 /aoshi/index.php/Enterprise/login/login
INFO: [ app_init ] --START--
INFO: Run Behavior\BuildLiteBehavior [ RunTime:0.000038s ]
INFO: [ app_init ] --END-- [ RunTime:0.000671s ]
INFO: [ app_begin ] --START--
INFO: Run Behavior\ReadHtmlCacheBehavior [ RunTime:0.000816s ]
INFO: [ app_begin ] --END-- [ RunTime:0.001057s ]
INFO: [ view_parse ] --START--
INFO: [ template_filter ] --START--
INFO: Run Behavior\ContentReplaceBehavior [ RunTime:0.000167s ]
INFO: [ template_filter ] --END-- [ RunTime:0.000496s ]
INFO: Run Behavior\ParseTemplateBehavior [ RunTime:0.014719s ]
INFO: [ view_parse ] --END-- [ RunTime:0.014966s ]
INFO: [ view_filter ] --START--
INFO: Run Behavior\WriteHtmlCacheBehavior [ RunTime:0.000476s ]
INFO: [ view_filter ] --END-- [ RunTime:0.000633s ]
INFO: [ app_end ] --START--
INFO: Run Behavior\ShowPageTraceBehavior [ RunTime:0.000707s ]
INFO: [ app_end ] --END-- [ RunTime:0.000935s ]

[ 2017-01-05T14:04:12+08:00 ] ::1 /aoshi/index.php/Enterprise/Login/get_verify.html
INFO: [ app_init ] --START--
INFO: Run Behavior\BuildLiteBehavior [ RunTime:0.000070s ]
INFO: [ app_init ] --END-- [ RunTime:0.000964s ]
INFO: [ app_begin ] --START--
INFO: Run Behavior\ReadHtmlCacheBehavior [ RunTime:0.000965s ]
INFO: [ app_begin ] --END-- [ RunTime:0.001322s ]
INFO: [ app_end ] --START--
INFO: Run Behavior\ShowPageTraceBehavior [ RunTime:0.001025s ]
INFO: [ app_end ] --END-- [ RunTime:0.001390s ]

[ 2017-01-05T14:08:04+08:00 ] ::1 /aoshi/index.php/Enterprise/login/login
INFO: [ app_init ] --START--
INFO: Run Behavior\BuildLiteBehavior [ RunTime:0.000039s ]
INFO: [ app_init ] --END-- [ RunTime:0.000662s ]
INFO: [ app_begin ] --START--
INFO: Run Behavior\ReadHtmlCacheBehavior [ RunTime:0.001127s ]
INFO: [ app_begin ] --END-- [ RunTime:0.001464s ]
INFO: [ view_parse ] --START--
INFO: [ template_filter ] --START--
INFO: Run Behavior\ContentReplaceBehavior [ RunTime:0.000102s ]
INFO: [ template_filter ] --END-- [ RunTime:0.000281s ]
INFO: Run Behavior\ParseTemplateBehavior [ RunTime:0.009897s ]
INFO: [ view_parse ] --END-- [ RunTime:0.010075s ]
INFO: [ view_filter ] --START--
INFO: Run Behavior\WriteHtmlCacheBehavior [ RunTime:0.000436s ]
INFO: [ view_filter ] --END-- [ RunTime:0.000590s ]
INFO: [ app_end ] --START--
INFO: Run Behavior\ShowPageTraceBehavior [ RunTime:0.001149s ]
INFO: [ app_end ] --END-- [ RunTime:0.001380s ]

[ 2017-01-05T14:08:04+08:00 ] ::1 /aoshi/index.php/Enterprise/Login/get_verify.html
INFO: [ app_init ] --START--
INFO: Run Behavior\BuildLiteBehavior [ RunTime:0.000069s ]
INFO: [ app_init ] --END-- [ RunTime:0.000957s ]
INFO: [ app_begin ] --START--
INFO: Run Behavior\ReadHtmlCacheBehavior [ RunTime:0.000916s ]
INFO: [ app_begin ] --END-- [ RunTime:0.001253s ]
INFO: [ app_end ] --START--
INFO: Run Behavior\ShowPageTraceBehavior [ RunTime:0.000706s ]
INFO: [ app_end ] --END-- [ RunTime:0.000914s ]

[ 2017-01-05T14:08:06+08:00 ] ::1 /aoshi/index.php/Enterprise/Login/get_verify.html?
INFO: [ app_init ] --START--
INFO: Run Behavior\BuildLiteBehavior [ RunTime:0.000071s ]
INFO: [ app_init ] --END-- [ RunTime:0.000860s ]
INFO: [ app_begin ] --START--
INFO: Run Behavior\ReadHtmlCacheBehavior [ RunTime:0.000642s ]
INFO: [ app_begin ] --END-- [ RunTime:0.000826s ]
INFO: [ app_end ] --START--
INFO: Run Behavior\ShowPageTraceBehavior [ RunTime:0.001019s ]
INFO: [ app_end ] --END-- [ RunTime:0.001350s ]

[ 2017-01-05T14:08:07+08:00 ] ::1 /aoshi/index.php/Enterprise/Login/get_verify.html??
INFO: [ app_init ] --START--
INFO: Run Behavior\BuildLiteBehavior [ RunTime:0.000068s ]
INFO: [ app_init ] --END-- [ RunTime:0.000769s ]
INFO: [ app_begin ] --START--
INFO: Run Behavior\ReadHtmlCacheBehavior [ RunTime:0.001005s ]
INFO: [ app_begin ] --END-- [ RunTime:0.001272s ]
INFO: [ app_end ] --START--
INFO: Run Behavior\ShowPageTraceBehavior [ RunTime:0.000617s ]
INFO: [ app_end ] --END-- [ RunTime:0.000810s ]

[ 2017-01-05T14:08:10+08:00 ] ::1 /aoshi/index.php/Enterprise/Login/register.html
INFO: [ app_init ] --START--
INFO: Run Behavior\BuildLiteBehavior [ RunTime:0.000056s ]
INFO: [ app_init ] --END-- [ RunTime:0.000789s ]
INFO: [ app_begin ] --START--
INFO: Run Behavior\ReadHtmlCacheBehavior [ RunTime:0.000723s ]
INFO: [ app_begin ] --END-- [ RunTime:0.000976s ]
INFO: [ view_parse ] --START--
INFO: [ template_filter ] --START--
INFO: Run Behavior\ContentReplaceBehavior [ RunTime:0.000110s ]
INFO: [ template_filter ] --END-- [ RunTime:0.000280s ]
INFO: Run Behavior\ParseTemplateBehavior [ RunTime:0.009904s ]
INFO: [ view_parse ] --END-- [ RunTime:0.010171s ]
INFO: [ view_filter ] --START--
INFO: Run Behavior\WriteHtmlCacheBehavior [ RunTime:0.000606s ]
INFO: [ view_filter ] --END-- [ RunTime:0.000918s ]
INFO: [ app_end ] --START--
INFO: Run Behavior\ShowPageTraceBehavior [ RunTime:0.001015s ]
INFO: [ app_end ] --END-- [ RunTime:0.001347s ]

[ 2017-01-05T14:09:46+08:00 ] ::1 /aoshi/index.php/Enterprise/Login/register.html
INFO: [ app_init ] --START--
INFO: Run Behavior\BuildLiteBehavior [ RunTime:0.000060s ]
INFO: [ app_init ] --END-- [ RunTime:0.000951s ]
INFO: [ app_begin ] --START--
INFO: Run Behavior\ReadHtmlCacheBehavior [ RunTime:0.000959s ]
INFO: [ app_begin ] --END-- [ RunTime:0.001135s ]
INFO: [ view_parse ] --START--
INFO: [ template_filter ] --START--
INFO: Run Behavior\ContentReplaceBehavior [ RunTime:0.000172s ]
INFO: [ template_filter ] --END-- [ RunTime:0.000484s ]
INFO: Run Behavior\ParseTemplateBehavior [ RunTime:0.012853s ]
INFO: [ view_parse ] --END-- [ RunTime:0.013036s ]
INFO: [ view_filter ] --START--
INFO: Run Behavior\WriteHtmlCacheBehavior [ RunTime:0.000692s ]
INFO: [ view_filter ] --END-- [ RunTime:0.000848s ]
INFO: [ app_end ] --START--
INFO: Run Behavior\ShowPageTraceBehavior [ RunTime:0.000906s ]
INFO: [ app_end ] --END-- [ RunTime:0.001070s ]

[ 2017-01-05T14:10:01+08:00 ] ::1 /aoshi/index.php/Enterprise/Login/register.html
INFO: [ app_init ] --START--
INFO: Run Behavior\BuildLiteBehavior [ RunTime:0.000059s ]
INFO: [ app_init ] --END-- [ RunTime:0.000952s ]
INFO: [ app_begin ] --START--
INFO: Run Behavior\ReadHtmlCacheBehavior [ RunTime:0.000800s ]
INFO: [ app_begin ] --END-- [ RunTime:0.001084s ]
SQL: SHOW COLUMNS FROM `enterprise` [ RunTime:0.0069s ]
NOTIC: [8] Undefined index: validate D:\wamp\Demo\aoshi\ThinkPHP\Library\Think\Model.class.php 第 1185 行.
SQL: SELECT * FROM `enterprise` WHERE `user_name` = 'admin' LIMIT 1   [ RunTime:0.0005s ]
INFO: [ app_end ] --START--
INFO: Run Behavior\ShowPageTraceBehavior [ RunTime:0.001133s ]
INFO: [ app_end ] --END-- [ RunTime:0.001427s ]

[ 2017-01-05T14:10:26+08:00 ] ::1 /aoshi/index.php/Enterprise/Login/login.html
INFO: [ app_init ] --START--
INFO: Run Behavior\BuildLiteBehavior [ RunTime:0.000062s ]
INFO: [ app_init ] --END-- [ RunTime:0.000913s ]
INFO: [ app_begin ] --START--
INFO: Run Behavior\ReadHtmlCacheBehavior [ RunTime:0.001362s ]
INFO: [ app_begin ] --END-- [ RunTime:0.001623s ]
INFO: [ view_parse ] --START--
INFO: [ template_filter ] --START--
INFO: Run Behavior\ContentReplaceBehavior [ RunTime:0.000164s ]
INFO: [ template_filter ] --END-- [ RunTime:0.000462s ]
INFO: Run Behavior\ParseTemplateBehavior [ RunTime:0.014875s ]
INFO: [ view_parse ] --END-- [ RunTime:0.015118s ]
INFO: [ view_filter ] --START--
INFO: Run Behavior\WriteHtmlCacheBehavior [ RunTime:0.001061s ]
INFO: [ view_filter ] --END-- [ RunTime:0.001296s ]
INFO: [ app_end ] --START--
INFO: Run Behavior\ShowPageTraceBehavior [ RunTime:0.001142s ]
INFO: [ app_end ] --END-- [ RunTime:0.001386s ]

[ 2017-01-05T14:10:26+08:00 ] ::1 /aoshi/index.php/Enterprise/Login/get_verify.html
INFO: [ app_init ] --START--
INFO: Run Behavior\BuildLiteBehavior [ RunTime:0.000074s ]
INFO: [ app_init ] --END-- [ RunTime:0.001034s ]
INFO: [ app_begin ] --START--
INFO: Run Behavior\ReadHtmlCacheBehavior [ RunTime:0.001405s ]
INFO: [ app_begin ] --END-- [ RunTime:0.001770s ]
INFO: [ app_end ] --START--
INFO: Run Behavior\ShowPageTraceBehavior [ RunTime:0.001865s ]
INFO: [ app_end ] --END-- [ RunTime:0.002271s ]

[ 2017-01-05T14:10:39+08:00 ] ::1 /aoshi/index.php/Enterprise/Login/login.html
INFO: [ app_init ] --START--
INFO: Run Behavior\BuildLiteBehavior [ RunTime:0.000050s ]
INFO: [ app_init ] --END-- [ RunTime:0.000649s ]
INFO: [ app_begin ] --START--
INFO: Run Behavior\ReadHtmlCacheBehavior [ RunTime:0.001083s ]
INFO: [ app_begin ] --END-- [ RunTime:0.001335s ]
SQL: SHOW COLUMNS FROM `enterprise` [ RunTime:0.0075s ]
SQL: SELECT * FROM `enterprise` WHERE ( user_name='admin' and  user_pwd='e10adc3949ba59abbe56e057f20f883e'  ) LIMIT 1   [ RunTime:0.0005s ]
SQL: SELECT `id` FROM `enterprise` WHERE ( user_name='admin' and  user_pwd='e10adc3949ba59abbe56e057f20f883e'  ) LIMIT 1   [ RunTime:0.0004s ]
INFO: [ view_parse ] --START--
INFO: [ template_filter ] --START--
INFO: Run Behavior\ContentReplaceBehavior [ RunTime:0.000099s ]
INFO: [ template_filter ] --END-- [ RunTime:0.000280s ]
INFO: Run Behavior\ParseTemplateBehavior [ RunTime:0.010843s ]
INFO: [ view_parse ] --END-- [ RunTime:0.011200s ]
INFO: [ view_filter ] --START--
INFO: Run Behavior\WriteHtmlCacheBehavior [ RunTime:0.001171s ]
INFO: [ view_filter ] --END-- [ RunTime:0.001401s ]
INFO: [ app_end ] --START--
INFO: Run Behavior\ShowPageTraceBehavior [ RunTime:0.000944s ]
INFO: [ app_end ] --END-- [ RunTime:0.001109s ]

[ 2017-01-05T14:10:40+08:00 ] ::1 /aoshi/index.php/Enterprise/Index/index.html
INFO: [ app_init ] --START--
INFO: Run Behavior\BuildLiteBehavior [ RunTime:0.000071s ]
INFO: [ app_init ] --END-- [ RunTime:0.001002s ]
INFO: [ app_begin ] --START--
INFO: Run Behavior\ReadHtmlCacheBehavior [ RunTime:0.001334s ]
INFO: [ app_begin ] --END-- [ RunTime:0.001585s ]
SQL: SHOW COLUMNS FROM `article` [ RunTime:0.0077s ]
SQL: SELECT * FROM `article` ORDER BY id desc  [ RunTime:0.0006s ]
INFO: [ view_parse ] --START--
INFO: [ template_filter ] --START--
INFO: Run Behavior\ContentReplaceBehavior [ RunTime:0.000171s ]
INFO: [ template_filter ] --END-- [ RunTime:0.000482s ]
INFO: Run Behavior\ParseTemplateBehavior [ RunTime:0.013846s ]
INFO: [ view_parse ] --END-- [ RunTime:0.014100s ]
INFO: [ view_filter ] --START--
INFO: Run Behavior\WriteHtmlCacheBehavior [ RunTime:0.000808s ]
INFO: [ view_filter ] --END-- [ RunTime:0.001055s ]
INFO: [ app_end ] --START--
INFO: Run Behavior\ShowPageTraceBehavior [ RunTime:0.001355s ]
INFO: [ app_end ] --END-- [ RunTime:0.001679s ]

[ 2017-01-05T14:10:41+08:00 ] ::1 /aoshi/index.php/Enterprise/Seeker/resume.html
INFO: [ app_init ] --START--
INFO: Run Behavior\BuildLiteBehavior [ RunTime:0.000071s ]
INFO: [ app_init ] --END-- [ RunTime:0.001109s ]
INFO: [ app_begin ] --START--
INFO: Run Behavior\ReadHtmlCacheBehavior [ RunTime:0.001450s ]
INFO: [ app_begin ] --END-- [ RunTime:0.001781s ]
INFO: [ view_parse ] --START--
INFO: [ template_filter ] --START--
INFO: Run Behavior\ContentReplaceBehavior [ RunTime:0.000293s ]
INFO: [ template_filter ] --END-- [ RunTime:0.000653s ]
NOTIC: [8] Use of undefined constant add_job - assumed 'add_job' D:\wamp\Demo\aoshi\Application\Runtime\Cache\Enterprise\822e88c21d2a5f0fc5f2fb5102a19147.php 第 34 行.
NOTIC: [8] Use of undefined constant job_list - assumed 'job_list' D:\wamp\Demo\aoshi\Application\Runtime\Cache\Enterprise\822e88c21d2a5f0fc5f2fb5102a19147.php 第 35 行.
NOTIC: [8] Use of undefined constant add_job - assumed 'add_job' D:\wamp\Demo\aoshi\Application\Runtime\Cache\Enterprise\822e88c21d2a5f0fc5f2fb5102a19147.php 第 40 行.
NOTIC: [8] Use of undefined constant job_list - assumed 'job_list' D:\wamp\Demo\aoshi\Application\Runtime\Cache\Enterprise\822e88c21d2a5f0fc5f2fb5102a19147.php 第 41 行.
NOTIC: [8] Use of undefined constant add_job - assumed 'add_job' D:\wamp\Demo\aoshi\Application\Runtime\Cache\Enterprise\822e88c21d2a5f0fc5f2fb5102a19147.php 第 45 行.
NOTIC: [8] Use of undefined constant job_list - assumed 'job_list' D:\wamp\Demo\aoshi\Application\Runtime\Cache\Enterprise\822e88c21d2a5f0fc5f2fb5102a19147.php 第 46 行.
NOTIC: [8] Use of undefined constant add_job - assumed 'add_job' D:\wamp\Demo\aoshi\Application\Runtime\Cache\Enterprise\822e88c21d2a5f0fc5f2fb5102a19147.php 第 49 行.
NOTIC: [8] Use of undefined constant job_list - assumed 'job_list' D:\wamp\Demo\aoshi\Application\Runtime\Cache\Enterprise\822e88c21d2a5f0fc5f2fb5102a19147.php 第 52 行.
NOTIC: [8] Use of undefined constant resume - assumed 'resume' D:\wamp\Demo\aoshi\Application\Runtime\Cache\Enterprise\822e88c21d2a5f0fc5f2fb5102a19147.php 第 58 行.
NOTIC: [8] Use of undefined constant index - assumed 'index' D:\wamp\Demo\aoshi\Application\Runtime\Cache\Enterprise\822e88c21d2a5f0fc5f2fb5102a19147.php 第 74 行.
INFO: Run Behavior\ParseTemplateBehavior [ RunTime:0.028393s ]
INFO: [ view_parse ] --END-- [ RunTime:0.028642s ]
INFO: [ view_filter ] --START--
INFO: Run Behavior\WriteHtmlCacheBehavior [ RunTime:0.000878s ]
INFO: [ view_filter ] --END-- [ RunTime:0.001086s ]
INFO: [ app_end ] --START--
INFO: Run Behavior\ShowPageTraceBehavior [ RunTime:0.001112s ]
INFO: [ app_end ] --END-- [ RunTime:0.001290s ]

[ 2017-01-05T14:44:01+08:00 ] ::1 /aoshi/index.php/enterprise
INFO: [ app_init ] --START--
INFO: Run Behavior\BuildLiteBehavior [ RunTime:0.000039s ]
INFO: [ app_init ] --END-- [ RunTime:0.000584s ]
INFO: [ app_begin ] --START--
INFO: Run Behavior\ReadHtmlCacheBehavior [ RunTime:0.000913s ]
INFO: [ app_begin ] --END-- [ RunTime:0.001186s ]
SQL: SHOW COLUMNS FROM `article` [ RunTime:0.0073s ]
SQL: SELECT * FROM `article` ORDER BY id desc  [ RunTime:0.0007s ]
INFO: [ view_parse ] --START--
INFO: [ template_filter ] --START--
INFO: Run Behavior\ContentReplaceBehavior [ RunTime:0.000099s ]
INFO: [ template_filter ] --END-- [ RunTime:0.000274s ]
INFO: Run Behavior\ParseTemplateBehavior [ RunTime:0.010191s ]
INFO: [ view_parse ] --END-- [ RunTime:0.010540s ]
INFO: [ view_filter ] --START--
INFO: Run Behavior\WriteHtmlCacheBehavior [ RunTime:0.000571s ]
INFO: [ view_filter ] --END-- [ RunTime:0.000858s ]
INFO: [ app_end ] --START--
INFO: Run Behavior\ShowPageTraceBehavior [ RunTime:0.000893s ]
INFO: [ app_end ] --END-- [ RunTime:0.001177s ]

[ 2017-01-05T14:44:02+08:00 ] ::1 /aoshi/index.php/Enterprise/Seeker/resume.html
INFO: [ app_init ] --START--
INFO: Run Behavior\BuildLiteBehavior [ RunTime:0.000064s ]
INFO: [ app_init ] --END-- [ RunTime:0.000863s ]
INFO: [ app_begin ] --START--
INFO: Run Behavior\ReadHtmlCacheBehavior [ RunTime:0.001159s ]
INFO: [ app_begin ] --END-- [ RunTime:0.001504s ]
SQL: SHOW COLUMNS FROM `enterprise` [ RunTime:0.0083s ]
SQL: SELECT * FROM `enterprise` WHERE ( id =10 )  [ RunTime:0.0010s ]
INFO: [ view_parse ] --START--
INFO: [ template_filter ] --START--
INFO: Run Behavior\ContentReplaceBehavior [ RunTime:0.000259s ]
INFO: [ template_filter ] --END-- [ RunTime:0.000565s ]
NOTIC: [8] Use of undefined constant add_job - assumed 'add_job' D:\wamp\Demo\aoshi\Application\Runtime\Cache\Enterprise\822e88c21d2a5f0fc5f2fb5102a19147.php 第 34 行.
NOTIC: [8] Use of undefined constant job_list - assumed 'job_list' D:\wamp\Demo\aoshi\Application\Runtime\Cache\Enterprise\822e88c21d2a5f0fc5f2fb5102a19147.php 第 35 行.
NOTIC: [8] Use of undefined constant add_job - assumed 'add_job' D:\wamp\Demo\aoshi\Application\Runtime\Cache\Enterprise\822e88c21d2a5f0fc5f2fb5102a19147.php 第 40 行.
NOTIC: [8] Use of undefined constant job_list - assumed 'job_list' D:\wamp\Demo\aoshi\Application\Runtime\Cache\Enterprise\822e88c21d2a5f0fc5f2fb5102a19147.php 第 41 行.
NOTIC: [8] Use of undefined constant add_job - assumed 'add_job' D:\wamp\Demo\aoshi\Application\Runtime\Cache\Enterprise\822e88c21d2a5f0fc5f2fb5102a19147.php 第 45 行.
NOTIC: [8] Use of undefined constant job_list - assumed 'job_list' D:\wamp\Demo\aoshi\Application\Runtime\Cache\Enterprise\822e88c21d2a5f0fc5f2fb5102a19147.php 第 46 行.
NOTIC: [8] Use of undefined constant add_job - assumed 'add_job' D:\wamp\Demo\aoshi\Application\Runtime\Cache\Enterprise\822e88c21d2a5f0fc5f2fb5102a19147.php 第 49 行.
NOTIC: [8] Use of undefined constant job_list - assumed 'job_list' D:\wamp\Demo\aoshi\Application\Runtime\Cache\Enterprise\822e88c21d2a5f0fc5f2fb5102a19147.php 第 52 行.
NOTIC: [8] Use of undefined constant resume - assumed 'resume' D:\wamp\Demo\aoshi\Application\Runtime\Cache\Enterprise\822e88c21d2a5f0fc5f2fb5102a19147.php 第 58 行.
NOTIC: [8] Use of undefined constant index - assumed 'index' D:\wamp\Demo\aoshi\Application\Runtime\Cache\Enterprise\822e88c21d2a5f0fc5f2fb5102a19147.php 第 74 行.
INFO: Run Behavior\ParseTemplateBehavior [ RunTime:0.024937s ]
INFO: [ view_parse ] --END-- [ RunTime:0.025303s ]
INFO: [ view_filter ] --START--
INFO: Run Behavior\WriteHtmlCacheBehavior [ RunTime:0.000523s ]
INFO: [ view_filter ] --END-- [ RunTime:0.000810s ]
INFO: [ app_end ] --START--
INFO: Run Behavior\ShowPageTraceBehavior [ RunTime:0.000796s ]
INFO: [ app_end ] --END-- [ RunTime:0.001094s ]

[ 2017-01-05T14:44:07+08:00 ] ::1 /aoshi/index.php/Enterprise/login/
INFO: [ app_init ] --START--
INFO: Run Behavior\BuildLiteBehavior [ RunTime:0.000065s ]
INFO: [ app_init ] --END-- [ RunTime:0.000659s ]
INFO: [ app_begin ] --START--
INFO: Run Behavior\ReadHtmlCacheBehavior [ RunTime:0.001016s ]
INFO: [ app_begin ] --END-- [ RunTime:0.001300s ]
ERR: 非法操作:index

[ 2017-01-05T14:44:11+08:00 ] ::1 /aoshi/index.php/Enterprise/login/login
INFO: [ app_init ] --START--
INFO: Run Behavior\BuildLiteBehavior [ RunTime:0.000039s ]
INFO: [ app_init ] --END-- [ RunTime:0.000784s ]
INFO: [ app_begin ] --START--
INFO: Run Behavior\ReadHtmlCacheBehavior [ RunTime:0.001114s ]
INFO: [ app_begin ] --END-- [ RunTime:0.001424s ]
INFO: [ view_parse ] --START--
INFO: [ template_filter ] --START--
INFO: Run Behavior\ContentReplaceBehavior [ RunTime:0.000106s ]
INFO: [ template_filter ] --END-- [ RunTime:0.000300s ]
INFO: Run Behavior\ParseTemplateBehavior [ RunTime:0.012056s ]
INFO: [ view_parse ] --END-- [ RunTime:0.012320s ]
INFO: [ view_filter ] --START--
INFO: Run Behavior\WriteHtmlCacheBehavior [ RunTime:0.000600s ]
INFO: [ view_filter ] --END-- [ RunTime:0.000905s ]
INFO: [ app_end ] --START--
INFO: Run Behavior\ShowPageTraceBehavior [ RunTime:0.000918s ]
INFO: [ app_end ] --END-- [ RunTime:0.001220s ]

[ 2017-01-05T14:44:11+08:00 ] ::1 /aoshi/index.php/Enterprise/Login/get_verify.html
INFO: [ app_init ] --START--
INFO: Run Behavior\BuildLiteBehavior [ RunTime:0.000065s ]
INFO: [ app_init ] --END-- [ RunTime:0.000899s ]
INFO: [ app_begin ] --START--
INFO: Run Behavior\ReadHtmlCacheBehavior [ RunTime:0.001029s ]
INFO: [ app_begin ] --END-- [ RunTime:0.001290s ]
INFO: [ app_end ] --START--
INFO: Run Behavior\ShowPageTraceBehavior [ RunTime:0.000882s ]
INFO: [ app_end ] --END-- [ RunTime:0.001208s ]

[ 2017-01-05T14:46:31+08:00 ] ::1 /aoshi/index.php/Enterprise/Login/login.html
INFO: [ app_init ] --START--
INFO: Run Behavior\BuildLiteBehavior [ RunTime:0.000072s ]
INFO: [ app_init ] --END-- [ RunTime:0.001448s ]
INFO: [ app_begin ] --START--
INFO: Run Behavior\ReadHtmlCacheBehavior [ RunTime:0.000742s ]
INFO: [ app_begin ] --END-- [ RunTime:0.000924s ]
SQL: SHOW COLUMNS FROM `enterprise` [ RunTime:0.0072s ]
SQL: SELECT * FROM `enterprise` WHERE ( user_name='hwl' and  user_pwd='e10adc3949ba59abbe56e057f20f883e'  ) LIMIT 1   [ RunTime:0.0004s ]
SQL: SELECT `id` FROM `enterprise` WHERE ( user_name='hwl' and  user_pwd='e10adc3949ba59abbe56e057f20f883e'  ) LIMIT 1   [ RunTime:0.0003s ]
INFO: [ view_parse ] --START--
INFO: [ template_filter ] --START--
INFO: Run Behavior\ContentReplaceBehavior [ RunTime:0.000098s ]
INFO: [ template_filter ] --END-- [ RunTime:0.000275s ]
INFO: Run Behavior\ParseTemplateBehavior [ RunTime:0.010279s ]
INFO: [ view_parse ] --END-- [ RunTime:0.010533s ]
INFO: [ view_filter ] --START--
INFO: Run Behavior\WriteHtmlCacheBehavior [ RunTime:0.000430s ]
INFO: [ view_filter ] --END-- [ RunTime:0.000589s ]
INFO: [ app_end ] --START--
INFO: Run Behavior\ShowPageTraceBehavior [ RunTime:0.000652s ]
INFO: [ app_end ] --END-- [ RunTime:0.000815s ]

[ 2017-01-05T14:46:32+08:00 ] ::1 /aoshi/index.php/Enterprise/Index/index.html
INFO: [ app_init ] --START--
INFO: Run Behavior\BuildLiteBehavior [ RunTime:0.000038s ]
INFO: [ app_init ] --END-- [ RunTime:0.000618s ]
INFO: [ app_begin ] --START--
INFO: Run Behavior\ReadHtmlCacheBehavior [ RunTime:0.000558s ]
INFO: [ app_begin ] --END-- [ RunTime:0.000732s ]
SQL: SHOW COLUMNS FROM `article` [ RunTime:0.0082s ]
SQL: SELECT * FROM `article` ORDER BY id desc  [ RunTime:0.0009s ]
INFO: [ view_parse ] --START--
INFO: [ template_filter ] --START--
INFO: Run Behavior\ContentReplaceBehavior [ RunTime:0.000169s ]
INFO: [ template_filter ] --END-- [ RunTime:0.000483s ]
INFO: Run Behavior\ParseTemplateBehavior [ RunTime:0.013109s ]
INFO: [ view_parse ] --END-- [ RunTime:0.013466s ]
INFO: [ view_filter ] --START--
INFO: Run Behavior\WriteHtmlCacheBehavior [ RunTime:0.000565s ]
INFO: [ view_filter ] --END-- [ RunTime:0.000875s ]
INFO: [ app_end ] --START--
INFO: Run Behavior\ShowPageTraceBehavior [ RunTime:0.000860s ]
INFO: [ app_end ] --END-- [ RunTime:0.001147s ]

[ 2017-01-05T14:46:34+08:00 ] ::1 /aoshi/index.php/Enterprise/Seeker/resume.html
INFO: [ app_init ] --START--
INFO: Run Behavior\BuildLiteBehavior [ RunTime:0.000064s ]
INFO: [ app_init ] --END-- [ RunTime:0.000879s ]
INFO: [ app_begin ] --START--
INFO: Run Behavior\ReadHtmlCacheBehavior [ RunTime:0.000775s ]
INFO: [ app_begin ] --END-- [ RunTime:0.001061s ]
SQL: SHOW COLUMNS FROM `enterprise` [ RunTime:0.0111s ]
SQL: SELECT * FROM `enterprise` WHERE ( id =11 )  [ RunTime:0.0005s ]
INFO: [ view_parse ] --START--
INFO: [ template_filter ] --START--
INFO: Run Behavior\ContentReplaceBehavior [ RunTime:0.000289s ]
INFO: [ template_filter ] --END-- [ RunTime:0.000635s ]
NOTIC: [8] Use of undefined constant add_job - assumed 'add_job' D:\wamp\Demo\aoshi\Application\Runtime\Cache\Enterprise\822e88c21d2a5f0fc5f2fb5102a19147.php 第 34 行.
NOTIC: [8] Use of undefined constant job_list - assumed 'job_list' D:\wamp\Demo\aoshi\Application\Runtime\Cache\Enterprise\822e88c21d2a5f0fc5f2fb5102a19147.php 第 35 行.
NOTIC: [8] Use of undefined constant add_job - assumed 'add_job' D:\wamp\Demo\aoshi\Application\Runtime\Cache\Enterprise\822e88c21d2a5f0fc5f2fb5102a19147.php 第 40 行.
NOTIC: [8] Use of undefined constant job_list - assumed 'job_list' D:\wamp\Demo\aoshi\Application\Runtime\Cache\Enterprise\822e88c21d2a5f0fc5f2fb5102a19147.php 第 41 行.
NOTIC: [8] Use of undefined constant add_job - assumed 'add_job' D:\wamp\Demo\aoshi\Application\Runtime\Cache\Enterprise\822e88c21d2a5f0fc5f2fb5102a19147.php 第 45 行.
NOTIC: [8] Use of undefined constant job_list - assumed 'job_list' D:\wamp\Demo\aoshi\Application\Runtime\Cache\Enterprise\822e88c21d2a5f0fc5f2fb5102a19147.php 第 46 行.
NOTIC: [8] Use of undefined constant add_job - assumed 'add_job' D:\wamp\Demo\aoshi\Application\Runtime\Cache\Enterprise\822e88c21d2a5f0fc5f2fb5102a19147.php 第 49 行.
NOTIC: [8] Use of undefined constant job_list - assumed 'job_list' D:\wamp\Demo\aoshi\Application\Runtime\Cache\Enterprise\822e88c21d2a5f0fc5f2fb5102a19147.php 第 52 行.
NOTIC: [8] Use of undefined constant resume - assumed 'resume' D:\wamp\Demo\aoshi\Application\Runtime\Cache\Enterprise\822e88c21d2a5f0fc5f2fb5102a19147.php 第 58 行.
NOTIC: [8] Use of undefined constant index - assumed 'index' D:\wamp\Demo\aoshi\Application\Runtime\Cache\Enterprise\822e88c21d2a5f0fc5f2fb5102a19147.php 第 74 行.
INFO: Run Behavior\ParseTemplateBehavior [ RunTime:0.024965s ]
INFO: [ view_parse ] --END-- [ RunTime:0.025225s ]
INFO: [ view_filter ] --START--
INFO: Run Behavior\WriteHtmlCacheBehavior [ RunTime:0.000641s ]
INFO: [ view_filter ] --END-- [ RunTime:0.000899s ]
INFO: [ app_end ] --START--
INFO: Run Behavior\ShowPageTraceBehavior [ RunTime:0.000964s ]
INFO: [ app_end ] --END-- [ RunTime:0.001292s ]

[ 2017-01-05T14:58:39+08:00 ] ::1 /aoshi/index.php/Enterprise/Seeker/resume.html
INFO: [ app_init ] --START--
INFO: Run Behavior\BuildLiteBehavior [ RunTime:0.000056s ]
INFO: [ app_init ] --END-- [ RunTime:0.000938s ]
INFO: [ app_begin ] --START--
INFO: Run Behavior\ReadHtmlCacheBehavior [ RunTime:0.001036s ]
INFO: [ app_begin ] --END-- [ RunTime:0.001231s ]
SQL: SHOW COLUMNS FROM `enterprise` [ RunTime:0.0058s ]
SQL: SELECT * FROM `enterprise` WHERE ( id =11 )  [ RunTime:0.0003s ]
INFO: [ view_parse ] --START--
INFO: [ template_filter ] --START--
INFO: Run Behavior\ContentReplaceBehavior [ RunTime:0.000189s ]
INFO: [ template_filter ] --END-- [ RunTime:0.000365s ]
NOTIC: [8] Use of undefined constant add_job - assumed 'add_job' D:\wamp\Demo\aoshi\Application\Runtime\Cache\Enterprise\822e88c21d2a5f0fc5f2fb5102a19147.php 第 46 行.
NOTIC: [8] Use of undefined constant job_list - assumed 'job_list' D:\wamp\Demo\aoshi\Application\Runtime\Cache\Enterprise\822e88c21d2a5f0fc5f2fb5102a19147.php 第 47 行.
NOTIC: [8] Use of undefined constant add_job - assumed 'add_job' D:\wamp\Demo\aoshi\Application\Runtime\Cache\Enterprise\822e88c21d2a5f0fc5f2fb5102a19147.php 第 52 行.
NOTIC: [8] Use of undefined constant job_list - assumed 'job_list' D:\wamp\Demo\aoshi\Application\Runtime\Cache\Enterprise\822e88c21d2a5f0fc5f2fb5102a19147.php 第 53 行.
NOTIC: [8] Use of undefined constant add_job - assumed 'add_job' D:\wamp\Demo\aoshi\Application\Runtime\Cache\Enterprise\822e88c21d2a5f0fc5f2fb5102a19147.php 第 57 行.
NOTIC: [8] Use of undefined constant job_list - assumed 'job_list' D:\wamp\Demo\aoshi\Application\Runtime\Cache\Enterprise\822e88c21d2a5f0fc5f2fb5102a19147.php 第 58 行.
NOTIC: [8] Use of undefined constant add_job - assumed 'add_job' D:\wamp\Demo\aoshi\Application\Runtime\Cache\Enterprise\822e88c21d2a5f0fc5f2fb5102a19147.php 第 61 行.
NOTIC: [8] Use of undefined constant job_list - assumed 'job_list' D:\wamp\Demo\aoshi\Application\Runtime\Cache\Enterprise\822e88c21d2a5f0fc5f2fb5102a19147.php 第 64 行.
NOTIC: [8] Use of undefined constant resume - assumed 'resume' D:\wamp\Demo\aoshi\Application\Runtime\Cache\Enterprise\822e88c21d2a5f0fc5f2fb5102a19147.php 第 70 行.
NOTIC: [8] Use of undefined constant index - assumed 'index' D:\wamp\Demo\aoshi\Application\Runtime\Cache\Enterprise\822e88c21d2a5f0fc5f2fb5102a19147.php 第 86 行.
INFO: Run Behavior\ParseTemplateBehavior [ RunTime:0.024384s ]
INFO: [ view_parse ] --END-- [ RunTime:0.024657s ]
INFO: [ view_filter ] --START--
INFO: Run Behavior\WriteHtmlCacheBehavior [ RunTime:0.001183s ]
INFO: [ view_filter ] --END-- [ RunTime:0.001479s ]
INFO: [ app_end ] --START--
INFO: Run Behavior\ShowPageTraceBehavior [ RunTime:0.001445s ]
INFO: [ app_end ] --END-- [ RunTime:0.001749s ]

[ 2017-01-05T14:58:57+08:00 ] ::1 /aoshi/index.php/Enterprise/Seeker/resume.html
INFO: [ app_init ] --START--
INFO: Run Behavior\BuildLiteBehavior [ RunTime:0.000038s ]
INFO: [ app_init ] --END-- [ RunTime:0.000666s ]
INFO: [ app_begin ] --START--
INFO: Run Behavior\ReadHtmlCacheBehavior [ RunTime:0.000965s ]
INFO: [ app_begin ] --END-- [ RunTime:0.001183s ]
SQL: SHOW COLUMNS FROM `enterprise` [ RunTime:0.0073s ]
SQL: SELECT * FROM `enterprise` WHERE ( id =11 )  [ RunTime:0.0003s ]
INFO: [ view_parse ] --START--
INFO: [ template_filter ] --START--
INFO: Run Behavior\ContentReplaceBehavior [ RunTime:0.000221s ]
INFO: [ template_filter ] --END-- [ RunTime:0.000402s ]
NOTIC: [8] Use of undefined constant add_job - assumed 'add_job' D:\wamp\Demo\aoshi\Application\Runtime\Cache\Enterprise\822e88c21d2a5f0fc5f2fb5102a19147.php 第 46 行.
NOTIC: [8] Use of undefined constant job_list - assumed 'job_list' D:\wamp\Demo\aoshi\Application\Runtime\Cache\Enterprise\822e88c21d2a5f0fc5f2fb5102a19147.php 第 47 行.
NOTIC: [8] Use of undefined constant add_job - assumed 'add_job' D:\wamp\Demo\aoshi\Application\Runtime\Cache\Enterprise\822e88c21d2a5f0fc5f2fb5102a19147.php 第 52 行.
NOTIC: [8] Use of undefined constant job_list - assumed 'job_list' D:\wamp\Demo\aoshi\Application\Runtime\Cache\Enterprise\822e88c21d2a5f0fc5f2fb5102a19147.php 第 53 行.
NOTIC: [8] Use of undefined constant add_job - assumed 'add_job' D:\wamp\Demo\aoshi\Application\Runtime\Cache\Enterprise\822e88c21d2a5f0fc5f2fb5102a19147.php 第 57 行.
NOTIC: [8] Use of undefined constant job_list - assumed 'job_list' D:\wamp\Demo\aoshi\Application\Runtime\Cache\Enterprise\822e88c21d2a5f0fc5f2fb5102a19147.php 第 58 行.
NOTIC: [8] Use of undefined constant add_job - assumed 'add_job' D:\wamp\Demo\aoshi\Application\Runtime\Cache\Enterprise\822e88c21d2a5f0fc5f2fb5102a19147.php 第 61 行.
NOTIC: [8] Use of undefined constant job_list - assumed 'job_list' D:\wamp\Demo\aoshi\Application\Runtime\Cache\Enterprise\822e88c21d2a5f0fc5f2fb5102a19147.php 第 64 行.
NOTIC: [8] Use of undefined constant resume - assumed 'resume' D:\wamp\Demo\aoshi\Application\Runtime\Cache\Enterprise\822e88c21d2a5f0fc5f2fb5102a19147.php 第 70 行.
NOTIC: [8] Use of undefined constant index - assumed 'index' D:\wamp\Demo\aoshi\Application\Runtime\Cache\Enterprise\822e88c21d2a5f0fc5f2fb5102a19147.php 第 86 行.
INFO: Run Behavior\ParseTemplateBehavior [ RunTime:0.026638s ]
INFO: [ view_parse ] --END-- [ RunTime:0.026905s ]
INFO: [ view_filter ] --START--
INFO: Run Behavior\WriteHtmlCacheBehavior [ RunTime:0.001621s ]
INFO: [ view_filter ] --END-- [ RunTime:0.001839s ]
INFO: [ app_end ] --START--
INFO: Run Behavior\ShowPageTraceBehavior [ RunTime:0.001539s ]
INFO: [ app_end ] --END-- [ RunTime:0.001788s ]

[ 2017-01-05T14:59:38+08:00 ] ::1 /aoshi/index.php/Enterprise/Seeker/resume.html
INFO: [ app_init ] --START--
INFO: Run Behavior\BuildLiteBehavior [ RunTime:0.000070s ]
INFO: [ app_init ] --END-- [ RunTime:0.001041s ]
INFO: [ app_begin ] --START--
INFO: Run Behavior\ReadHtmlCacheBehavior [ RunTime:0.001866s ]
INFO: [ app_begin ] --END-- [ RunTime:0.002235s ]
SQL: SHOW COLUMNS FROM `enterprise` [ RunTime:0.0090s ]
SQL: SELECT * FROM `enterprise` WHERE ( id =11 )  [ RunTime:0.0005s ]
INFO: [ view_parse ] --START--
INFO: [ template_filter ] --START--
INFO: Run Behavior\ContentReplaceBehavior [ RunTime:0.000355s ]
INFO: [ template_filter ] --END-- [ RunTime:0.000719s ]
NOTIC: [8] Use of undefined constant add_job - assumed 'add_job' D:\wamp\Demo\aoshi\Application\Runtime\Cache\Enterprise\822e88c21d2a5f0fc5f2fb5102a19147.php 第 46 行.
NOTIC: [8] Use of undefined constant job_list - assumed 'job_list' D:\wamp\Demo\aoshi\Application\Runtime\Cache\Enterprise\822e88c21d2a5f0fc5f2fb5102a19147.php 第 47 行.
NOTIC: [8] Use of undefined constant add_job - assumed 'add_job' D:\wamp\Demo\aoshi\Application\Runtime\Cache\Enterprise\822e88c21d2a5f0fc5f2fb5102a19147.php 第 52 行.
NOTIC: [8] Use of undefined constant job_list - assumed 'job_list' D:\wamp\Demo\aoshi\Application\Runtime\Cache\Enterprise\822e88c21d2a5f0fc5f2fb5102a19147.php 第 53 行.
NOTIC: [8] Use of undefined constant add_job - assumed 'add_job' D:\wamp\Demo\aoshi\Application\Runtime\Cache\Enterprise\822e88c21d2a5f0fc5f2fb5102a19147.php 第 57 行.
NOTIC: [8] Use of undefined constant job_list - assumed 'job_list' D:\wamp\Demo\aoshi\Application\Runtime\Cache\Enterprise\822e88c21d2a5f0fc5f2fb5102a19147.php 第 58 行.
NOTIC: [8] Use of undefined constant add_job - assumed 'add_job' D:\wamp\Demo\aoshi\Application\Runtime\Cache\Enterprise\822e88c21d2a5f0fc5f2fb5102a19147.php 第 61 行.
NOTIC: [8] Use of undefined constant job_list - assumed 'job_list' D:\wamp\Demo\aoshi\Application\Runtime\Cache\Enterprise\822e88c21d2a5f0fc5f2fb5102a19147.php 第 64 行.
NOTIC: [8] Use of undefined constant resume - assumed 'resume' D:\wamp\Demo\aoshi\Application\Runtime\Cache\Enterprise\822e88c21d2a5f0fc5f2fb5102a19147.php 第 70 行.
NOTIC: [8] Use of undefined constant index - assumed 'index' D:\wamp\Demo\aoshi\Application\Runtime\Cache\Enterprise\822e88c21d2a5f0fc5f2fb5102a19147.php 第 86 行.
INFO: Run Behavior\ParseTemplateBehavior [ RunTime:0.033987s ]
INFO: [ view_parse ] --END-- [ RunTime:0.034352s ]
INFO: [ view_filter ] --START--
INFO: Run Behavior\WriteHtmlCacheBehavior [ RunTime:0.001359s ]
INFO: [ view_filter ] --END-- [ RunTime:0.001711s ]
INFO: [ app_end ] --START--
INFO: Run Behavior\ShowPageTraceBehavior [ RunTime:0.001622s ]
INFO: [ app_end ] --END-- [ RunTime:0.002013s ]

[ 2017-01-05T14:59:52+08:00 ] ::1 /aoshi/index.php/Enterprise/Seeker/resume.html
INFO: [ app_init ] --START--
INFO: Run Behavior\BuildLiteBehavior [ RunTime:0.000067s ]
INFO: [ app_init ] --END-- [ RunTime:0.001037s ]
INFO: [ app_begin ] --START--
INFO: Run Behavior\ReadHtmlCacheBehavior [ RunTime:0.001463s ]
INFO: [ app_begin ] --END-- [ RunTime:0.001768s ]
SQL: SHOW COLUMNS FROM `enterprise` [ RunTime:0.0080s ]
SQL: SELECT * FROM `enterprise` WHERE ( id =11 )  [ RunTime:0.0005s ]
INFO: [ view_parse ] --START--
INFO: [ template_filter ] --START--
INFO: Run Behavior\ContentReplaceBehavior [ RunTime:0.000261s ]
INFO: [ template_filter ] --END-- [ RunTime:0.000560s ]
NOTIC: [8] Use of undefined constant add_job - assumed 'add_job' D:\wamp\Demo\aoshi\Application\Runtime\Cache\Enterprise\822e88c21d2a5f0fc5f2fb5102a19147.php 第 46 行.
NOTIC: [8] Use of undefined constant job_list - assumed 'job_list' D:\wamp\Demo\aoshi\Application\Runtime\Cache\Enterprise\822e88c21d2a5f0fc5f2fb5102a19147.php 第 47 行.
NOTIC: [8] Use of undefined constant add_job - assumed 'add_job' D:\wamp\Demo\aoshi\Application\Runtime\Cache\Enterprise\822e88c21d2a5f0fc5f2fb5102a19147.php 第 52 行.
NOTIC: [8] Use of undefined constant job_list - assumed 'job_list' D:\wamp\Demo\aoshi\Application\Runtime\Cache\Enterprise\822e88c21d2a5f0fc5f2fb5102a19147.php 第 53 行.
NOTIC: [8] Use of undefined constant add_job - assumed 'add_job' D:\wamp\Demo\aoshi\Application\Runtime\Cache\Enterprise\822e88c21d2a5f0fc5f2fb5102a19147.php 第 57 行.
NOTIC: [8] Use of undefined constant job_list - assumed 'job_list' D:\wamp\Demo\aoshi\Application\Runtime\Cache\Enterprise\822e88c21d2a5f0fc5f2fb5102a19147.php 第 58 行.
NOTIC: [8] Use of undefined constant add_job - assumed 'add_job' D:\wamp\Demo\aoshi\Application\Runtime\Cache\Enterprise\822e88c21d2a5f0fc5f2fb5102a19147.php 第 61 行.
NOTIC: [8] Use of undefined constant job_list - assumed 'job_list' D:\wamp\Demo\aoshi\Application\Runtime\Cache\Enterprise\822e88c21d2a5f0fc5f2fb5102a19147.php 第 64 行.
NOTIC: [8] Use of undefined constant resume - assumed 'resume' D:\wamp\Demo\aoshi\Application\Runtime\Cache\Enterprise\822e88c21d2a5f0fc5f2fb5102a19147.php 第 70 行.
NOTIC: [8] Use of undefined constant index - assumed 'index' D:\wamp\Demo\aoshi\Application\Runtime\Cache\Enterprise\822e88c21d2a5f0fc5f2fb5102a19147.php 第 86 行.
INFO: Run Behavior\ParseTemplateBehavior [ RunTime:0.029370s ]
INFO: [ view_parse ] --END-- [ RunTime:0.029681s ]
INFO: [ view_filter ] --START--
INFO: Run Behavior\WriteHtmlCacheBehavior [ RunTime:0.001186s ]
INFO: [ view_filter ] --END-- [ RunTime:0.001511s ]
INFO: [ app_end ] --START--
INFO: Run Behavior\ShowPageTraceBehavior [ RunTime:0.001464s ]
INFO: [ app_end ] --END-- [ RunTime:0.001808s ]

[ 2017-01-05T15:00:46+08:00 ] ::1 /aoshi/index.php/Enterprise/Seeker/resume.html
INFO: [ app_init ] --START--
INFO: Run Behavior\BuildLiteBehavior [ RunTime:0.000057s ]
INFO: [ app_init ] --END-- [ RunTime:0.000894s ]
INFO: [ app_begin ] --START--
INFO: Run Behavior\ReadHtmlCacheBehavior [ RunTime:0.001315s ]
INFO: [ app_begin ] --END-- [ RunTime:0.009585s ]
SQL: SHOW COLUMNS FROM `enterprise` [ RunTime:0.0143s ]
SQL: SELECT * FROM `enterprise` WHERE ( id =11 )  [ RunTime:0.0005s ]
INFO: [ view_parse ] --START--
INFO: [ template_filter ] --START--
INFO: Run Behavior\ContentReplaceBehavior [ RunTime:0.000249s ]
INFO: [ template_filter ] --END-- [ RunTime:0.000522s ]
NOTIC: [8] Use of undefined constant add_job - assumed 'add_job' D:\wamp\Demo\aoshi\Application\Runtime\Cache\Enterprise\822e88c21d2a5f0fc5f2fb5102a19147.php 第 49 行.
NOTIC: [8] Use of undefined constant job_list - assumed 'job_list' D:\wamp\Demo\aoshi\Application\Runtime\Cache\Enterprise\822e88c21d2a5f0fc5f2fb5102a19147.php 第 50 行.
NOTIC: [8] Use of undefined constant add_job - assumed 'add_job' D:\wamp\Demo\aoshi\Application\Runtime\Cache\Enterprise\822e88c21d2a5f0fc5f2fb5102a19147.php 第 55 行.
NOTIC: [8] Use of undefined constant job_list - assumed 'job_list' D:\wamp\Demo\aoshi\Application\Runtime\Cache\Enterprise\822e88c21d2a5f0fc5f2fb5102a19147.php 第 56 行.
NOTIC: [8] Use of undefined constant add_job - assumed 'add_job' D:\wamp\Demo\aoshi\Application\Runtime\Cache\Enterprise\822e88c21d2a5f0fc5f2fb5102a19147.php 第 60 行.
NOTIC: [8] Use of undefined constant job_list - assumed 'job_list' D:\wamp\Demo\aoshi\Application\Runtime\Cache\Enterprise\822e88c21d2a5f0fc5f2fb5102a19147.php 第 61 行.
NOTIC: [8] Use of undefined constant add_job - assumed 'add_job' D:\wamp\Demo\aoshi\Application\Runtime\Cache\Enterprise\822e88c21d2a5f0fc5f2fb5102a19147.php 第 64 行.
NOTIC: [8] Use of undefined constant job_list - assumed 'job_list' D:\wamp\Demo\aoshi\Application\Runtime\Cache\Enterprise\822e88c21d2a5f0fc5f2fb5102a19147.php 第 67 行.
NOTIC: [8] Use of undefined constant resume - assumed 'resume' D:\wamp\Demo\aoshi\Application\Runtime\Cache\Enterprise\822e88c21d2a5f0fc5f2fb5102a19147.php 第 73 行.
NOTIC: [8] Use of undefined constant index - assumed 'index' D:\wamp\Demo\aoshi\Application\Runtime\Cache\Enterprise\822e88c21d2a5f0fc5f2fb5102a19147.php 第 89 行.
INFO: Run Behavior\ParseTemplateBehavior [ RunTime:0.029264s ]
INFO: [ view_parse ] --END-- [ RunTime:0.029586s ]
INFO: [ view_filter ] --START--
INFO: Run Behavior\WriteHtmlCacheBehavior [ RunTime:0.000995s ]
INFO: [ view_filter ] --END-- [ RunTime:0.001277s ]
INFO: [ app_end ] --START--
INFO: Run Behavior\ShowPageTraceBehavior [ RunTime:0.001294s ]
INFO: [ app_end ] --END-- [ RunTime:0.001633s ]

[ 2017-01-05T15:02:15+08:00 ] ::1 /aoshi/index.php/Enterprise/Seeker/resume.html
INFO: [ app_init ] --START--
INFO: Run Behavior\BuildLiteBehavior [ RunTime:0.000064s ]
INFO: [ app_init ] --END-- [ RunTime:0.000959s ]
INFO: [ app_begin ] --START--
INFO: Run Behavior\ReadHtmlCacheBehavior [ RunTime:0.001113s ]
INFO: [ app_begin ] --END-- [ RunTime:0.001480s ]
SQL: SHOW COLUMNS FROM `enterprise` [ RunTime:0.0079s ]
SQL: SELECT * FROM `enterprise` WHERE ( id =11 )  [ RunTime:0.0005s ]
INFO: [ view_parse ] --START--
INFO: [ template_filter ] --START--
INFO: Run Behavior\ContentReplaceBehavior [ RunTime:0.000273s ]
INFO: [ template_filter ] --END-- [ RunTime:0.000650s ]
NOTIC: [8] Use of undefined constant add_job - assumed 'add_job' D:\wamp\Demo\aoshi\Application\Runtime\Cache\Enterprise\822e88c21d2a5f0fc5f2fb5102a19147.php 第 49 行.
NOTIC: [8] Use of undefined constant job_list - assumed 'job_list' D:\wamp\Demo\aoshi\Application\Runtime\Cache\Enterprise\822e88c21d2a5f0fc5f2fb5102a19147.php 第 50 行.
NOTIC: [8] Use of undefined constant add_job - assumed 'add_job' D:\wamp\Demo\aoshi\Application\Runtime\Cache\Enterprise\822e88c21d2a5f0fc5f2fb5102a19147.php 第 55 行.
NOTIC: [8] Use of undefined constant job_list - assumed 'job_list' D:\wamp\Demo\aoshi\Application\Runtime\Cache\Enterprise\822e88c21d2a5f0fc5f2fb5102a19147.php 第 56 行.
NOTIC: [8] Use of undefined constant add_job - assumed 'add_job' D:\wamp\Demo\aoshi\Application\Runtime\Cache\Enterprise\822e88c21d2a5f0fc5f2fb5102a19147.php 第 60 行.
NOTIC: [8] Use of undefined constant job_list - assumed 'job_list' D:\wamp\Demo\aoshi\Application\Runtime\Cache\Enterprise\822e88c21d2a5f0fc5f2fb5102a19147.php 第 61 行.
NOTIC: [8] Use of undefined constant add_job - assumed 'add_job' D:\wamp\Demo\aoshi\Application\Runtime\Cache\Enterprise\822e88c21d2a5f0fc5f2fb5102a19147.php 第 64 行.
NOTIC: [8] Use of undefined constant job_list - assumed 'job_list' D:\wamp\Demo\aoshi\Application\Runtime\Cache\Enterprise\822e88c21d2a5f0fc5f2fb5102a19147.php 第 67 行.
NOTIC: [8] Use of undefined constant resume - assumed 'resume' D:\wamp\Demo\aoshi\Application\Runtime\Cache\Enterprise\822e88c21d2a5f0fc5f2fb5102a19147.php 第 73 行.
NOTIC: [8] Use of undefined constant index - assumed 'index' D:\wamp\Demo\aoshi\Application\Runtime\Cache\Enterprise\822e88c21d2a5f0fc5f2fb5102a19147.php 第 89 行.
INFO: Run Behavior\ParseTemplateBehavior [ RunTime:0.027017s ]
INFO: [ view_parse ] --END-- [ RunTime:0.027323s ]
INFO: [ view_filter ] --START--
INFO: Run Behavior\WriteHtmlCacheBehavior [ RunTime:0.000682s ]
INFO: [ view_filter ] --END-- [ RunTime:0.000958s ]
INFO: [ app_end ] --START--
INFO: Run Behavior\ShowPageTraceBehavior [ RunTime:0.001208s ]
INFO: [ app_end ] --END-- [ RunTime:0.001565s ]

[ 2017-01-05T15:03:50+08:00 ] ::1 /aoshi/index.php/Enterprise/Seeker/resume.html
INFO: [ app_init ] --START--
INFO: Run Behavior\BuildLiteBehavior [ RunTime:0.000071s ]
INFO: [ app_init ] --END-- [ RunTime:0.001215s ]
INFO: [ app_begin ] --START--
INFO: Run Behavior\ReadHtmlCacheBehavior [ RunTime:0.001391s ]
INFO: [ app_begin ] --END-- [ RunTime:0.001713s ]
SQL: SHOW COLUMNS FROM `enterprise` [ RunTime:0.0081s ]
SQL: SELECT * FROM `enterprise` WHERE ( id =11 )  [ RunTime:0.0008s ]
INFO: [ view_parse ] --START--
INFO: [ template_filter ] --START--
INFO: Run Behavior\ContentReplaceBehavior [ RunTime:0.000271s ]
INFO: [ template_filter ] --END-- [ RunTime:0.000576s ]
NOTIC: [8] Use of undefined constant add_job - assumed 'add_job' D:\wamp\Demo\aoshi\Application\Runtime\Cache\Enterprise\822e88c21d2a5f0fc5f2fb5102a19147.php 第 49 行.
NOTIC: [8] Use of undefined constant job_list - assumed 'job_list' D:\wamp\Demo\aoshi\Application\Runtime\Cache\Enterprise\822e88c21d2a5f0fc5f2fb5102a19147.php 第 50 行.
NOTIC: [8] Use of undefined constant add_job - assumed 'add_job' D:\wamp\Demo\aoshi\Application\Runtime\Cache\Enterprise\822e88c21d2a5f0fc5f2fb5102a19147.php 第 55 行.
NOTIC: [8] Use of undefined constant job_list - assumed 'job_list' D:\wamp\Demo\aoshi\Application\Runtime\Cache\Enterprise\822e88c21d2a5f0fc5f2fb5102a19147.php 第 56 行.
NOTIC: [8] Use of undefined constant add_job - assumed 'add_job' D:\wamp\Demo\aoshi\Application\Runtime\Cache\Enterprise\822e88c21d2a5f0fc5f2fb5102a19147.php 第 60 行.
NOTIC: [8] Use of undefined constant job_list - assumed 'job_list' D:\wamp\Demo\aoshi\Application\Runtime\Cache\Enterprise\822e88c21d2a5f0fc5f2fb5102a19147.php 第 61 行.
NOTIC: [8] Use of undefined constant add_job - assumed 'add_job' D:\wamp\Demo\aoshi\Application\Runtime\Cache\Enterprise\822e88c21d2a5f0fc5f2fb5102a19147.php 第 64 行.
NOTIC: [8] Use of undefined constant job_list - assumed 'job_list' D:\wamp\Demo\aoshi\Application\Runtime\Cache\Enterprise\822e88c21d2a5f0fc5f2fb5102a19147.php 第 67 行.
NOTIC: [8] Use of undefined constant resume - assumed 'resume' D:\wamp\Demo\aoshi\Application\Runtime\Cache\Enterprise\822e88c21d2a5f0fc5f2fb5102a19147.php 第 73 行.
NOTIC: [8] Use of undefined constant index - assumed 'index' D:\wamp\Demo\aoshi\Application\Runtime\Cache\Enterprise\822e88c21d2a5f0fc5f2fb5102a19147.php 第 89 行.
INFO: Run Behavior\ParseTemplateBehavior [ RunTime:0.029245s ]
INFO: [ view_parse ] --END-- [ RunTime:0.029588s ]
INFO: [ view_filter ] --START--
INFO: Run Behavior\WriteHtmlCacheBehavior [ RunTime:0.001407s ]
INFO: [ view_filter ] --END-- [ RunTime:0.001811s ]
INFO: [ app_end ] --START--
INFO: Run Behavior\ShowPageTraceBehavior [ RunTime:0.001735s ]
INFO: [ app_end ] --END-- [ RunTime:0.002128s ]

[ 2017-01-05T15:04:01+08:00 ] ::1 /aoshi/index.php/Enterprise/Seeker/resume.html
INFO: [ app_init ] --START--
INFO: Run Behavior\BuildLiteBehavior [ RunTime:0.000066s ]
INFO: [ app_init ] --END-- [ RunTime:0.000906s ]
INFO: [ app_begin ] --START--
INFO: Run Behavior\ReadHtmlCacheBehavior [ RunTime:0.001603s ]
INFO: [ app_begin ] --END-- [ RunTime:0.001969s ]
SQL: SHOW COLUMNS FROM `enterprise` [ RunTime:0.0083s ]
SQL: SELECT * FROM `enterprise` WHERE ( id =11 )  [ RunTime:0.0005s ]
INFO: [ view_parse ] --START--
INFO: [ template_filter ] --START--
INFO: Run Behavior\ContentReplaceBehavior [ RunTime:0.000282s ]
INFO: [ template_filter ] --END-- [ RunTime:0.000636s ]
NOTIC: [8] Use of undefined constant add_job - assumed 'add_job' D:\wamp\Demo\aoshi\Application\Runtime\Cache\Enterprise\822e88c21d2a5f0fc5f2fb5102a19147.php 第 49 行.
NOTIC: [8] Use of undefined constant job_list - assumed 'job_list' D:\wamp\Demo\aoshi\Application\Runtime\Cache\Enterprise\822e88c21d2a5f0fc5f2fb5102a19147.php 第 50 行.
NOTIC: [8] Use of undefined constant add_job - assumed 'add_job' D:\wamp\Demo\aoshi\Application\Runtime\Cache\Enterprise\822e88c21d2a5f0fc5f2fb5102a19147.php 第 55 行.
NOTIC: [8] Use of undefined constant job_list - assumed 'job_list' D:\wamp\Demo\aoshi\Application\Runtime\Cache\Enterprise\822e88c21d2a5f0fc5f2fb5102a19147.php 第 56 行.
NOTIC: [8] Use of undefined constant add_job - assumed 'add_job' D:\wamp\Demo\aoshi\Application\Runtime\Cache\Enterprise\822e88c21d2a5f0fc5f2fb5102a19147.php 第 60 行.
NOTIC: [8] Use of undefined constant job_list - assumed 'job_list' D:\wamp\Demo\aoshi\Application\Runtime\Cache\Enterprise\822e88c21d2a5f0fc5f2fb5102a19147.php 第 61 行.
NOTIC: [8] Use of undefined constant add_job - assumed 'add_job' D:\wamp\Demo\aoshi\Application\Runtime\Cache\Enterprise\822e88c21d2a5f0fc5f2fb5102a19147.php 第 64 行.
NOTIC: [8] Use of undefined constant job_list - assumed 'job_list' D:\wamp\Demo\aoshi\Application\Runtime\Cache\Enterprise\822e88c21d2a5f0fc5f2fb5102a19147.php 第 67 行.
NOTIC: [8] Use of undefined constant resume - assumed 'resume' D:\wamp\Demo\aoshi\Application\Runtime\Cache\Enterprise\822e88c21d2a5f0fc5f2fb5102a19147.php 第 73 行.
NOTIC: [8] Use of undefined constant index - assumed 'index' D:\wamp\Demo\aoshi\Application\Runtime\Cache\Enterprise\822e88c21d2a5f0fc5f2fb5102a19147.php 第 89 行.
INFO: Run Behavior\ParseTemplateBehavior [ RunTime:0.031243s ]
INFO: [ view_parse ] --END-- [ RunTime:0.031563s ]
INFO: [ view_filter ] --START--
INFO: Run Behavior\WriteHtmlCacheBehavior [ RunTime:0.001240s ]
INFO: [ view_filter ] --END-- [ RunTime:0.001558s ]
INFO: [ app_end ] --START--
INFO: Run Behavior\ShowPageTraceBehavior [ RunTime:0.001540s ]
INFO: [ app_end ] --END-- [ RunTime:0.001951s ]

[ 2017-01-05T15:05:10+08:00 ] ::1 /aoshi/index.php/Enterprise/Seeker/resume.html
INFO: [ app_init ] --START--
INFO: Run Behavior\BuildLiteBehavior [ RunTime:0.000070s ]
INFO: [ app_init ] --END-- [ RunTime:0.000968s ]
INFO: [ app_begin ] --START--
INFO: Run Behavior\ReadHtmlCacheBehavior [ RunTime:0.001391s ]
INFO: [ app_begin ] --END-- [ RunTime:0.001718s ]
SQL: SHOW COLUMNS FROM `enterprise` [ RunTime:0.0077s ]
SQL: SELECT * FROM `enterprise` WHERE ( id =11 )  [ RunTime:0.0005s ]
INFO: [ view_parse ] --START--
INFO: [ template_filter ] --START--
INFO: Run Behavior\ContentReplaceBehavior [ RunTime:0.000218s ]
INFO: [ template_filter ] --END-- [ RunTime:0.000703s ]
NOTIC: [8] Use of undefined constant add_job - assumed 'add_job' D:\wamp\Demo\aoshi\Application\Runtime\Cache\Enterprise\822e88c21d2a5f0fc5f2fb5102a19147.php 第 49 行.
NOTIC: [8] Use of undefined constant job_list - assumed 'job_list' D:\wamp\Demo\aoshi\Application\Runtime\Cache\Enterprise\822e88c21d2a5f0fc5f2fb5102a19147.php 第 50 行.
NOTIC: [8] Use of undefined constant add_job - assumed 'add_job' D:\wamp\Demo\aoshi\Application\Runtime\Cache\Enterprise\822e88c21d2a5f0fc5f2fb5102a19147.php 第 55 行.
NOTIC: [8] Use of undefined constant job_list - assumed 'job_list' D:\wamp\Demo\aoshi\Application\Runtime\Cache\Enterprise\822e88c21d2a5f0fc5f2fb5102a19147.php 第 56 行.
NOTIC: [8] Use of undefined constant add_job - assumed 'add_job' D:\wamp\Demo\aoshi\Application\Runtime\Cache\Enterprise\822e88c21d2a5f0fc5f2fb5102a19147.php 第 60 行.
NOTIC: [8] Use of undefined constant job_list - assumed 'job_list' D:\wamp\Demo\aoshi\Application\Runtime\Cache\Enterprise\822e88c21d2a5f0fc5f2fb5102a19147.php 第 61 行.
NOTIC: [8] Use of undefined constant add_job - assumed 'add_job' D:\wamp\Demo\aoshi\Application\Runtime\Cache\Enterprise\822e88c21d2a5f0fc5f2fb5102a19147.php 第 64 行.
NOTIC: [8] Use of undefined constant job_list - assumed 'job_list' D:\wamp\Demo\aoshi\Application\Runtime\Cache\Enterprise\822e88c21d2a5f0fc5f2fb5102a19147.php 第 67 行.
NOTIC: [8] Use of undefined constant resume - assumed 'resume' D:\wamp\Demo\aoshi\Application\Runtime\Cache\Enterprise\822e88c21d2a5f0fc5f2fb5102a19147.php 第 73 行.
NOTIC: [8] Use of undefined constant index - assumed 'index' D:\wamp\Demo\aoshi\Application\Runtime\Cache\Enterprise\822e88c21d2a5f0fc5f2fb5102a19147.php 第 89 行.
INFO: Run Behavior\ParseTemplateBehavior [ RunTime:0.028429s ]
INFO: [ view_parse ] --END-- [ RunTime:0.028771s ]
INFO: [ view_filter ] --START--
INFO: Run Behavior\WriteHtmlCacheBehavior [ RunTime:0.001585s ]
INFO: [ view_filter ] --END-- [ RunTime:0.001878s ]
INFO: [ app_end ] --START--
INFO: Run Behavior\ShowPageTraceBehavior [ RunTime:0.001597s ]
INFO: [ app_end ] --END-- [ RunTime:0.001924s ]

[ 2017-01-05T15:06:59+08:00 ] ::1 /aoshi/index.php/Enterprise/Seeker/resume.html
INFO: [ app_init ] --START--
INFO: Run Behavior\BuildLiteBehavior [ RunTime:0.000067s ]
INFO: [ app_init ] --END-- [ RunTime:0.001101s ]
INFO: [ app_begin ] --START--
INFO: Run Behavior\ReadHtmlCacheBehavior [ RunTime:0.001609s ]
INFO: [ app_begin ] --END-- [ RunTime:0.002001s ]
SQL: SHOW COLUMNS FROM `enterprise` [ RunTime:0.0093s ]
SQL: SELECT * FROM `enterprise` WHERE ( id =11 )  [ RunTime:0.0006s ]
INFO: [ view_parse ] --START--
INFO: [ template_filter ] --START--
INFO: Run Behavior\ContentReplaceBehavior [ RunTime:0.000286s ]
INFO: [ template_filter ] --END-- [ RunTime:0.000617s ]
NOTIC: [8] Use of undefined constant add_job - assumed 'add_job' D:\wamp\Demo\aoshi\Application\Runtime\Cache\Enterprise\822e88c21d2a5f0fc5f2fb5102a19147.php 第 52 行.
NOTIC: [8] Use of undefined constant job_list - assumed 'job_list' D:\wamp\Demo\aoshi\Application\Runtime\Cache\Enterprise\822e88c21d2a5f0fc5f2fb5102a19147.php 第 53 行.
NOTIC: [8] Use of undefined constant add_job - assumed 'add_job' D:\wamp\Demo\aoshi\Application\Runtime\Cache\Enterprise\822e88c21d2a5f0fc5f2fb5102a19147.php 第 58 行.
NOTIC: [8] Use of undefined constant job_list - assumed 'job_list' D:\wamp\Demo\aoshi\Application\Runtime\Cache\Enterprise\822e88c21d2a5f0fc5f2fb5102a19147.php 第 59 行.
NOTIC: [8] Use of undefined constant add_job - assumed 'add_job' D:\wamp\Demo\aoshi\Application\Runtime\Cache\Enterprise\822e88c21d2a5f0fc5f2fb5102a19147.php 第 63 行.
NOTIC: [8] Use of undefined constant job_list - assumed 'job_list' D:\wamp\Demo\aoshi\Application\Runtime\Cache\Enterprise\822e88c21d2a5f0fc5f2fb5102a19147.php 第 64 行.
NOTIC: [8] Use of undefined constant add_job - assumed 'add_job' D:\wamp\Demo\aoshi\Application\Runtime\Cache\Enterprise\822e88c21d2a5f0fc5f2fb5102a19147.php 第 67 行.
NOTIC: [8] Use of undefined constant job_list - assumed 'job_list' D:\wamp\Demo\aoshi\Application\Runtime\Cache\Enterprise\822e88c21d2a5f0fc5f2fb5102a19147.php 第 70 行.
NOTIC: [8] Use of undefined constant resume - assumed 'resume' D:\wamp\Demo\aoshi\Application\Runtime\Cache\Enterprise\822e88c21d2a5f0fc5f2fb5102a19147.php 第 76 行.
NOTIC: [8] Use of undefined constant index - assumed 'index' D:\wamp\Demo\aoshi\Application\Runtime\Cache\Enterprise\822e88c21d2a5f0fc5f2fb5102a19147.php 第 92 行.
INFO: Run Behavior\ParseTemplateBehavior [ RunTime:0.028186s ]
INFO: [ view_parse ] --END-- [ RunTime:0.028514s ]
INFO: [ view_filter ] --START--
INFO: Run Behavior\WriteHtmlCacheBehavior [ RunTime:0.001088s ]
INFO: [ view_filter ] --END-- [ RunTime:0.001380s ]
INFO: [ app_end ] --START--
INFO: Run Behavior\ShowPageTraceBehavior [ RunTime:0.001388s ]
INFO: [ app_end ] --END-- [ RunTime:0.001694s ]

[ 2017-01-05T15:07:41+08:00 ] ::1 /aoshi/index.php/Enterprise/Seeker/resume.html
INFO: [ app_init ] --START--
INFO: Run Behavior\BuildLiteBehavior [ RunTime:0.000071s ]
INFO: [ app_init ] --END-- [ RunTime:0.000897s ]
INFO: [ app_begin ] --START--
INFO: Run Behavior\ReadHtmlCacheBehavior [ RunTime:0.001604s ]
INFO: [ app_begin ] --END-- [ RunTime:0.001969s ]
SQL: SHOW COLUMNS FROM `enterprise` [ RunTime:0.0087s ]
SQL: SELECT * FROM `enterprise` WHERE ( id =11 )  [ RunTime:0.0005s ]
INFO: [ view_parse ] --START--
INFO: [ template_filter ] --START--
INFO: Run Behavior\ContentReplaceBehavior [ RunTime:0.000300s ]
INFO: [ template_filter ] --END-- [ RunTime:0.000702s ]
NOTIC: [8] Use of undefined constant add_job - assumed 'add_job' D:\wamp\Demo\aoshi\Application\Runtime\Cache\Enterprise\822e88c21d2a5f0fc5f2fb5102a19147.php 第 52 行.
NOTIC: [8] Use of undefined constant job_list - assumed 'job_list' D:\wamp\Demo\aoshi\Application\Runtime\Cache\Enterprise\822e88c21d2a5f0fc5f2fb5102a19147.php 第 53 行.
NOTIC: [8] Use of undefined constant add_job - assumed 'add_job' D:\wamp\Demo\aoshi\Application\Runtime\Cache\Enterprise\822e88c21d2a5f0fc5f2fb5102a19147.php 第 58 行.
NOTIC: [8] Use of undefined constant job_list - assumed 'job_list' D:\wamp\Demo\aoshi\Application\Runtime\Cache\Enterprise\822e88c21d2a5f0fc5f2fb5102a19147.php 第 59 行.
NOTIC: [8] Use of undefined constant add_job - assumed 'add_job' D:\wamp\Demo\aoshi\Application\Runtime\Cache\Enterprise\822e88c21d2a5f0fc5f2fb5102a19147.php 第 63 行.
NOTIC: [8] Use of undefined constant job_list - assumed 'job_list' D:\wamp\Demo\aoshi\Application\Runtime\Cache\Enterprise\822e88c21d2a5f0fc5f2fb5102a19147.php 第 64 行.
NOTIC: [8] Use of undefined constant add_job - assumed 'add_job' D:\wamp\Demo\aoshi\Application\Runtime\Cache\Enterprise\822e88c21d2a5f0fc5f2fb5102a19147.php 第 67 行.
NOTIC: [8] Use of undefined constant job_list - assumed 'job_list' D:\wamp\Demo\aoshi\Application\Runtime\Cache\Enterprise\822e88c21d2a5f0fc5f2fb5102a19147.php 第 70 行.
NOTIC: [8] Use of undefined constant resume - assumed 'resume' D:\wamp\Demo\aoshi\Application\Runtime\Cache\Enterprise\822e88c21d2a5f0fc5f2fb5102a19147.php 第 76 行.
NOTIC: [8] Use of undefined constant index - assumed 'index' D:\wamp\Demo\aoshi\Application\Runtime\Cache\Enterprise\822e88c21d2a5f0fc5f2fb5102a19147.php 第 92 行.
INFO: Run Behavior\ParseTemplateBehavior [ RunTime:0.030803s ]
INFO: [ view_parse ] --END-- [ RunTime:0.031123s ]
INFO: [ view_filter ] --START--
INFO: Run Behavior\WriteHtmlCacheBehavior [ RunTime:0.001102s ]
INFO: [ view_filter ] --END-- [ RunTime:0.001361s ]
INFO: [ app_end ] --START--
INFO: Run Behavior\ShowPageTraceBehavior [ RunTime:0.001464s ]
INFO: [ app_end ] --END-- [ RunTime:0.001740s ]

[ 2017-01-05T15:13:01+08:00 ] ::1 /aoshi/index.php/Enterprise/Seeker/resume.html
INFO: [ app_init ] --START--
INFO: Run Behavior\BuildLiteBehavior [ RunTime:0.000071s ]
INFO: [ app_init ] --END-- [ RunTime:0.001081s ]
INFO: [ app_begin ] --START--
INFO: Run Behavior\ReadHtmlCacheBehavior [ RunTime:0.001580s ]
INFO: [ app_begin ] --END-- [ RunTime:0.001958s ]
SQL: SHOW COLUMNS FROM `enterprise` [ RunTime:0.0148s ]
SQL: SELECT * FROM `enterprise` WHERE ( id =11 )  [ RunTime:0.0006s ]
INFO: [ view_parse ] --START--
INFO: [ template_filter ] --START--
INFO: Run Behavior\ContentReplaceBehavior [ RunTime:0.000289s ]
INFO: [ template_filter ] --END-- [ RunTime:0.000635s ]
NOTIC: [8] Use of undefined constant add_job - assumed 'add_job' D:\wamp\Demo\aoshi\Application\Runtime\Cache\Enterprise\822e88c21d2a5f0fc5f2fb5102a19147.php 第 125 行.
NOTIC: [8] Use of undefined constant job_list - assumed 'job_list' D:\wamp\Demo\aoshi\Application\Runtime\Cache\Enterprise\822e88c21d2a5f0fc5f2fb5102a19147.php 第 126 行.
NOTIC: [8] Use of undefined constant add_job - assumed 'add_job' D:\wamp\Demo\aoshi\Application\Runtime\Cache\Enterprise\822e88c21d2a5f0fc5f2fb5102a19147.php 第 131 行.
NOTIC: [8] Use of undefined constant job_list - assumed 'job_list' D:\wamp\Demo\aoshi\Application\Runtime\Cache\Enterprise\822e88c21d2a5f0fc5f2fb5102a19147.php 第 132 行.
NOTIC: [8] Use of undefined constant add_job - assumed 'add_job' D:\wamp\Demo\aoshi\Application\Runtime\Cache\Enterprise\822e88c21d2a5f0fc5f2fb5102a19147.php 第 136 行.
NOTIC: [8] Use of undefined constant job_list - assumed 'job_list' D:\wamp\Demo\aoshi\Application\Runtime\Cache\Enterprise\822e88c21d2a5f0fc5f2fb5102a19147.php 第 137 行.
NOTIC: [8] Use of undefined constant add_job - assumed 'add_job' D:\wamp\Demo\aoshi\Application\Runtime\Cache\Enterprise\822e88c21d2a5f0fc5f2fb5102a19147.php 第 140 行.
NOTIC: [8] Use of undefined constant job_list - assumed 'job_list' D:\wamp\Demo\aoshi\Application\Runtime\Cache\Enterprise\822e88c21d2a5f0fc5f2fb5102a19147.php 第 143 行.
NOTIC: [8] Use of undefined constant resume - assumed 'resume' D:\wamp\Demo\aoshi\Application\Runtime\Cache\Enterprise\822e88c21d2a5f0fc5f2fb5102a19147.php 第 149 行.
NOTIC: [8] Use of undefined constant index - assumed 'index' D:\wamp\Demo\aoshi\Application\Runtime\Cache\Enterprise\822e88c21d2a5f0fc5f2fb5102a19147.php 第 165 行.
INFO: Run Behavior\ParseTemplateBehavior [ RunTime:0.031859s ]
INFO: [ view_parse ] --END-- [ RunTime:0.032100s ]
INFO: [ view_filter ] --START--
INFO: Run Behavior\WriteHtmlCacheBehavior [ RunTime:0.001156s ]
INFO: [ view_filter ] --END-- [ RunTime:0.001451s ]
INFO: [ app_end ] --START--
INFO: Run Behavior\ShowPageTraceBehavior [ RunTime:0.001467s ]
INFO: [ app_end ] --END-- [ RunTime:0.001758s ]

[ 2017-01-05T15:13:03+08:00 ] ::1 /aoshi/index.php/Enterprise/Seeker/resume.html
INFO: [ app_init ] --START--
INFO: Run Behavior\BuildLiteBehavior [ RunTime:0.000058s ]
INFO: [ app_init ] --END-- [ RunTime:0.000873s ]
INFO: [ app_begin ] --START--
INFO: Run Behavior\ReadHtmlCacheBehavior [ RunTime:0.001504s ]
INFO: [ app_begin ] --END-- [ RunTime:0.001840s ]
SQL: SHOW COLUMNS FROM `enterprise` [ RunTime:0.0113s ]
SQL: SELECT * FROM `enterprise` WHERE ( id =11 )  [ RunTime:0.0006s ]
INFO: [ view_parse ] --START--
INFO: [ template_filter ] --START--
INFO: Run Behavior\ContentReplaceBehavior [ RunTime:0.000335s ]
INFO: [ template_filter ] --END-- [ RunTime:0.000633s ]
NOTIC: [8] Use of undefined constant add_job - assumed 'add_job' D:\wamp\Demo\aoshi\Application\Runtime\Cache\Enterprise\822e88c21d2a5f0fc5f2fb5102a19147.php 第 125 行.
NOTIC: [8] Use of undefined constant job_list - assumed 'job_list' D:\wamp\Demo\aoshi\Application\Runtime\Cache\Enterprise\822e88c21d2a5f0fc5f2fb5102a19147.php 第 126 行.
NOTIC: [8] Use of undefined constant add_job - assumed 'add_job' D:\wamp\Demo\aoshi\Application\Runtime\Cache\Enterprise\822e88c21d2a5f0fc5f2fb5102a19147.php 第 131 行.
NOTIC: [8] Use of undefined constant job_list - assumed 'job_list' D:\wamp\Demo\aoshi\Application\Runtime\Cache\Enterprise\822e88c21d2a5f0fc5f2fb5102a19147.php 第 132 行.
NOTIC: [8] Use of undefined constant add_job - assumed 'add_job' D:\wamp\Demo\aoshi\Application\Runtime\Cache\Enterprise\822e88c21d2a5f0fc5f2fb5102a19147.php 第 136 行.
NOTIC: [8] Use of undefined constant job_list - assumed 'job_list' D:\wamp\Demo\aoshi\Application\Runtime\Cache\Enterprise\822e88c21d2a5f0fc5f2fb5102a19147.php 第 137 行.
NOTIC: [8] Use of undefined constant add_job - assumed 'add_job' D:\wamp\Demo\aoshi\Application\Runtime\Cache\Enterprise\822e88c21d2a5f0fc5f2fb5102a19147.php 第 140 行.
NOTIC: [8] Use of undefined constant job_list - assumed 'job_list' D:\wamp\Demo\aoshi\Application\Runtime\Cache\Enterprise\822e88c21d2a5f0fc5f2fb5102a19147.php 第 143 行.
NOTIC: [8] Use of undefined constant resume - assumed 'resume' D:\wamp\Demo\aoshi\Application\Runtime\Cache\Enterprise\822e88c21d2a5f0fc5f2fb5102a19147.php 第 149 行.
NOTIC: [8] Use of undefined constant index - assumed 'index' D:\wamp\Demo\aoshi\Application\Runtime\Cache\Enterprise\822e88c21d2a5f0fc5f2fb5102a19147.php 第 165 行.
INFO: Run Behavior\ParseTemplateBehavior [ RunTime:0.032240s ]
INFO: [ view_parse ] --END-- [ RunTime:0.032535s ]
INFO: [ view_filter ] --START--
INFO: Run Behavior\WriteHtmlCacheBehavior [ RunTime:0.001086s ]
INFO: [ view_filter ] --END-- [ RunTime:0.001368s ]
INFO: [ app_end ] --START--
INFO: Run Behavior\ShowPageTraceBehavior [ RunTime:0.001476s ]
INFO: [ app_end ] --END-- [ RunTime:0.001779s ]

[ 2017-01-05T15:13:53+08:00 ] ::1 /aoshi/index.php/Enterprise/Seeker/resume.html
INFO: [ app_init ] --START--
INFO: Run Behavior\BuildLiteBehavior [ RunTime:0.000057s ]
INFO: [ app_init ] --END-- [ RunTime:0.000902s ]
INFO: [ app_begin ] --START--
INFO: Run Behavior\ReadHtmlCacheBehavior [ RunTime:0.001733s ]
INFO: [ app_begin ] --END-- [ RunTime:0.002104s ]
SQL: SHOW COLUMNS FROM `enterprise` [ RunTime:0.0116s ]
SQL: SELECT * FROM `enterprise` WHERE ( id =11 )  [ RunTime:0.0005s ]
INFO: [ view_parse ] --START--
INFO: [ template_filter ] --START--
INFO: Run Behavior\ContentReplaceBehavior [ RunTime:0.000422s ]
INFO: [ template_filter ] --END-- [ RunTime:0.000755s ]
NOTIC: [8] Use of undefined constant add_job - assumed 'add_job' D:\wamp\Demo\aoshi\Application\Runtime\Cache\Enterprise\822e88c21d2a5f0fc5f2fb5102a19147.php 第 125 行.
NOTIC: [8] Use of undefined constant job_list - assumed 'job_list' D:\wamp\Demo\aoshi\Application\Runtime\Cache\Enterprise\822e88c21d2a5f0fc5f2fb5102a19147.php 第 126 行.
NOTIC: [8] Use of undefined constant add_job - assumed 'add_job' D:\wamp\Demo\aoshi\Application\Runtime\Cache\Enterprise\822e88c21d2a5f0fc5f2fb5102a19147.php 第 131 行.
NOTIC: [8] Use of undefined constant job_list - assumed 'job_list' D:\wamp\Demo\aoshi\Application\Runtime\Cache\Enterprise\822e88c21d2a5f0fc5f2fb5102a19147.php 第 132 行.
NOTIC: [8] Use of undefined constant add_job - assumed 'add_job' D:\wamp\Demo\aoshi\Application\Runtime\Cache\Enterprise\822e88c21d2a5f0fc5f2fb5102a19147.php 第 136 行.
NOTIC: [8] Use of undefined constant job_list - assumed 'job_list' D:\wamp\Demo\aoshi\Application\Runtime\Cache\Enterprise\822e88c21d2a5f0fc5f2fb5102a19147.php 第 137 行.
NOTIC: [8] Use of undefined constant add_job - assumed 'add_job' D:\wamp\Demo\aoshi\Application\Runtime\Cache\Enterprise\822e88c21d2a5f0fc5f2fb5102a19147.php 第 140 行.
NOTIC: [8] Use of undefined constant job_list - assumed 'job_list' D:\wamp\Demo\aoshi\Application\Runtime\Cache\Enterprise\822e88c21d2a5f0fc5f2fb5102a19147.php 第 143 行.
NOTIC: [8] Use of undefined constant resume - assumed 'resume' D:\wamp\Demo\aoshi\Application\Runtime\Cache\Enterprise\822e88c21d2a5f0fc5f2fb5102a19147.php 第 149 行.
NOTIC: [8] Use of undefined constant index - assumed 'index' D:\wamp\Demo\aoshi\Application\Runtime\Cache\Enterprise\822e88c21d2a5f0fc5f2fb5102a19147.php 第 165 行.
INFO: Run Behavior\ParseTemplateBehavior [ RunTime:0.034853s ]
INFO: [ view_parse ] --END-- [ RunTime:0.035183s ]
INFO: [ view_filter ] --START--
INFO: Run Behavior\WriteHtmlCacheBehavior [ RunTime:0.001828s ]
INFO: [ view_filter ] --END-- [ RunTime:0.002161s ]
INFO: [ app_end ] --START--
INFO: Run Behavior\ShowPageTraceBehavior [ RunTime:0.001718s ]
INFO: [ app_end ] --END-- [ RunTime:0.002076s ]

[ 2017-01-05T15:15:00+08:00 ] ::1 /aoshi/index.php/Enterprise/Seeker/resume.html
INFO: [ app_init ] --START--
INFO: Run Behavior\BuildLiteBehavior [ RunTime:0.000068s ]
INFO: [ app_init ] --END-- [ RunTime:0.001063s ]
INFO: [ app_begin ] --START--
INFO: Run Behavior\ReadHtmlCacheBehavior [ RunTime:0.001610s ]
INFO: [ app_begin ] --END-- [ RunTime:0.001975s ]
SQL: SHOW COLUMNS FROM `enterprise` [ RunTime:0.0096s ]
SQL: SELECT * FROM `enterprise` WHERE ( id =11 )  [ RunTime:0.0005s ]
INFO: [ view_parse ] --START--
INFO: [ template_filter ] --START--
INFO: Run Behavior\ContentReplaceBehavior [ RunTime:0.000348s ]
INFO: [ template_filter ] --END-- [ RunTime:0.000735s ]
NOTIC: [8] Use of undefined constant add_job - assumed 'add_job' D:\wamp\Demo\aoshi\Application\Runtime\Cache\Enterprise\822e88c21d2a5f0fc5f2fb5102a19147.php 第 125 行.
NOTIC: [8] Use of undefined constant job_list - assumed 'job_list' D:\wamp\Demo\aoshi\Application\Runtime\Cache\Enterprise\822e88c21d2a5f0fc5f2fb5102a19147.php 第 126 行.
NOTIC: [8] Use of undefined constant add_job - assumed 'add_job' D:\wamp\Demo\aoshi\Application\Runtime\Cache\Enterprise\822e88c21d2a5f0fc5f2fb5102a19147.php 第 131 行.
NOTIC: [8] Use of undefined constant job_list - assumed 'job_list' D:\wamp\Demo\aoshi\Application\Runtime\Cache\Enterprise\822e88c21d2a5f0fc5f2fb5102a19147.php 第 132 行.
NOTIC: [8] Use of undefined constant add_job - assumed 'add_job' D:\wamp\Demo\aoshi\Application\Runtime\Cache\Enterprise\822e88c21d2a5f0fc5f2fb5102a19147.php 第 136 行.
NOTIC: [8] Use of undefined constant job_list - assumed 'job_list' D:\wamp\Demo\aoshi\Application\Runtime\Cache\Enterprise\822e88c21d2a5f0fc5f2fb5102a19147.php 第 137 行.
NOTIC: [8] Use of undefined constant add_job - assumed 'add_job' D:\wamp\Demo\aoshi\Application\Runtime\Cache\Enterprise\822e88c21d2a5f0fc5f2fb5102a19147.php 第 140 行.
NOTIC: [8] Use of undefined constant job_list - assumed 'job_list' D:\wamp\Demo\aoshi\Application\Runtime\Cache\Enterprise\822e88c21d2a5f0fc5f2fb5102a19147.php 第 143 行.
NOTIC: [8] Use of undefined constant resume - assumed 'resume' D:\wamp\Demo\aoshi\Application\Runtime\Cache\Enterprise\822e88c21d2a5f0fc5f2fb5102a19147.php 第 149 行.
NOTIC: [8] Use of undefined constant index - assumed 'index' D:\wamp\Demo\aoshi\Application\Runtime\Cache\Enterprise\822e88c21d2a5f0fc5f2fb5102a19147.php 第 165 行.
INFO: Run Behavior\ParseTemplateBehavior [ RunTime:0.035613s ]
INFO: [ view_parse ] --END-- [ RunTime:0.035956s ]
INFO: [ view_filter ] --START--
INFO: Run Behavior\WriteHtmlCacheBehavior [ RunTime:0.001180s ]
INFO: [ view_filter ] --END-- [ RunTime:0.001608s ]
INFO: [ app_end ] --START--
INFO: Run Behavior\ShowPageTraceBehavior [ RunTime:0.001620s ]
INFO: [ app_end ] --END-- [ RunTime:0.001996s ]

