[ 2017-01-09T19:43:24+08:00 ] ::1 /project/aoshi/enterprise/login
INFO: [ app_init ] --START--
INFO: Run Behavior\BuildLiteBehavior [ RunTime:0.000125s ]
INFO: [ app_init ] --END-- [ RunTime:0.001617s ]
INFO: [ app_begin ] --START--
INFO: Run Behavior\ReadHtmlCacheBehavior [ RunTime:0.003405s ]
INFO: [ app_begin ] --END-- [ RunTime:0.004406s ]
ERR: 非法操作:index

[ 2017-01-09T19:44:37+08:00 ] ::1 /project/aoshi/Enterprise/Login/login.html
INFO: [ app_init ] --START--
INFO: Run Behavior\BuildLiteBehavior [ RunTime:0.000211s ]
INFO: [ app_init ] --END-- [ RunTime:0.002362s ]
INFO: [ app_begin ] --START--
INFO: Run Behavior\ReadHtmlCacheBehavior [ RunTime:0.001374s ]
INFO: [ app_begin ] --END-- [ RunTime:0.001786s ]
INFO: [ view_parse ] --START--
INFO: [ template_filter ] --START--
INFO: Run Behavior\ContentReplaceBehavior [ RunTime:0.000315s ]
INFO: [ template_filter ] --END-- [ RunTime:0.000912s ]
INFO: Run Behavior\ParseTemplateBehavior [ RunTime:0.031646s ]
INFO: [ view_parse ] --END-- [ RunTime:0.032128s ]
INFO: [ view_filter ] --START--
INFO: Run Behavior\WriteHtmlCacheBehavior [ RunTime:0.000937s ]
INFO: [ view_filter ] --END-- [ RunTime:0.001377s ]
INFO: [ app_end ] --START--
INFO: Run Behavior\ShowPageTraceBehavior [ RunTime:0.001550s ]
INFO: [ app_end ] --END-- [ RunTime:0.001999s ]

[ 2017-01-09T19:44:37+08:00 ] ::1 /project/aoshi/index.php/Enterprise/Login/get_verify.html
INFO: [ app_init ] --START--
INFO: Run Behavior\BuildLiteBehavior [ RunTime:0.000159s ]
INFO: [ app_init ] --END-- [ RunTime:0.001810s ]
INFO: [ app_begin ] --START--
INFO: Run Behavior\ReadHtmlCacheBehavior [ RunTime:0.001913s ]
INFO: [ app_begin ] --END-- [ RunTime:0.002535s ]
INFO: [ app_end ] --START--
INFO: Run Behavior\ShowPageTraceBehavior [ RunTime:0.001896s ]
INFO: [ app_end ] --END-- [ RunTime:0.002560s ]

[ 2017-01-09T19:44:44+08:00 ] ::1 /project/aoshi/Enterprise/Login
INFO: [ app_init ] --START--
INFO: Run Behavior\BuildLiteBehavior [ RunTime:0.000118s ]
INFO: [ app_init ] --END-- [ RunTime:0.001604s ]
INFO: [ app_begin ] --START--
INFO: Run Behavior\ReadHtmlCacheBehavior [ RunTime:0.001553s ]
INFO: [ app_begin ] --END-- [ RunTime:0.002117s ]
ERR: 非法操作:index

[ 2017-01-09T19:44:54+08:00 ] ::1 /project/aoshi/Enterprise/Login/login.html
INFO: [ app_init ] --START--
INFO: Run Behavior\BuildLiteBehavior [ RunTime:0.000121s ]
INFO: [ app_init ] --END-- [ RunTime:0.001618s ]
INFO: [ app_begin ] --START--
INFO: Run Behavior\ReadHtmlCacheBehavior [ RunTime:0.001336s ]
INFO: [ app_begin ] --END-- [ RunTime:0.001692s ]
INFO: [ view_parse ] --START--
INFO: [ template_filter ] --START--
INFO: Run Behavior\ContentReplaceBehavior [ RunTime:0.001495s ]
INFO: [ template_filter ] --END-- [ RunTime:0.004289s ]
INFO: Run Behavior\ParseTemplateBehavior [ RunTime:0.029602s ]
INFO: [ view_parse ] --END-- [ RunTime:0.030112s ]
INFO: [ view_filter ] --START--
INFO: Run Behavior\WriteHtmlCacheBehavior [ RunTime:0.001416s ]
INFO: [ view_filter ] --END-- [ RunTime:0.002010s ]
INFO: [ app_end ] --START--
INFO: Run Behavior\ShowPageTraceBehavior [ RunTime:0.001513s ]
INFO: [ app_end ] --END-- [ RunTime:0.002095s ]

[ 2017-01-09T19:44:54+08:00 ] ::1 /project/aoshi/index.php/Enterprise/Login/get_verify.html
INFO: [ app_init ] --START--
INFO: Run Behavior\BuildLiteBehavior [ RunTime:0.000071s ]
INFO: [ app_init ] --END-- [ RunTime:0.001351s ]
INFO: [ app_begin ] --START--
INFO: Run Behavior\ReadHtmlCacheBehavior [ RunTime:0.001662s ]
INFO: [ app_begin ] --END-- [ RunTime:0.002269s ]
INFO: [ app_end ] --START--
INFO: Run Behavior\ShowPageTraceBehavior [ RunTime:0.001596s ]
INFO: [ app_end ] --END-- [ RunTime:0.002201s ]

[ 2017-01-09T19:45:30+08:00 ] ::1 /project/aoshi/index.php/Enterprise/Login/login.html
INFO: [ app_init ] --START--
INFO: Run Behavior\BuildLiteBehavior [ RunTime:0.000112s ]
INFO: [ app_init ] --END-- [ RunTime:0.001544s ]
INFO: [ app_begin ] --START--
INFO: Run Behavior\ReadHtmlCacheBehavior [ RunTime:0.001819s ]
INFO: [ app_begin ] --END-- [ RunTime:0.002825s ]
SQL: SHOW COLUMNS FROM `enterprise` [ RunTime:0.0103s ]
SQL: SELECT * FROM `enterprise` WHERE ( user_name='admin' and  user_pwd='e10adc3949ba59abbe56e057f20f883e'  ) LIMIT 1   [ RunTime:0.0008s ]
SQL: SELECT `id` FROM `enterprise` WHERE ( user_name='admin' and  user_pwd='e10adc3949ba59abbe56e057f20f883e'  ) LIMIT 1   [ RunTime:0.0006s ]
INFO: [ view_parse ] --START--
INFO: [ template_filter ] --START--
INFO: Run Behavior\ContentReplaceBehavior [ RunTime:0.000296s ]
INFO: [ template_filter ] --END-- [ RunTime:0.001043s ]
INFO: Run Behavior\ParseTemplateBehavior [ RunTime:0.054793s ]
INFO: [ view_parse ] --END-- [ RunTime:0.055412s ]
INFO: [ view_filter ] --START--
INFO: Run Behavior\WriteHtmlCacheBehavior [ RunTime:0.000824s ]
INFO: [ view_filter ] --END-- [ RunTime:0.001119s ]
INFO: [ app_end ] --START--
INFO: Run Behavior\ShowPageTraceBehavior [ RunTime:0.000950s ]
INFO: [ app_end ] --END-- [ RunTime:0.001252s ]

[ 2017-01-09T19:45:32+08:00 ] ::1 /project/aoshi/index.php/Enterprise/Index/index.html
INFO: [ app_init ] --START--
INFO: Run Behavior\BuildLiteBehavior [ RunTime:0.000112s ]
INFO: [ app_init ] --END-- [ RunTime:0.001471s ]
INFO: [ app_begin ] --START--
INFO: Run Behavior\ReadHtmlCacheBehavior [ RunTime:0.001608s ]
INFO: [ app_begin ] --END-- [ RunTime:0.002234s ]
SQL: SHOW COLUMNS FROM `article` [ RunTime:0.0089s ]
SQL: SELECT * FROM `article` ORDER BY id desc  [ RunTime:0.0013s ]
INFO: [ view_parse ] --START--
INFO: [ template_filter ] --START--
INFO: Run Behavior\ContentReplaceBehavior [ RunTime:0.000186s ]
INFO: [ template_filter ] --END-- [ RunTime:0.000512s ]
INFO: Run Behavior\ParseTemplateBehavior [ RunTime:0.018773s ]
INFO: [ view_parse ] --END-- [ RunTime:0.019235s ]
INFO: [ view_filter ] --START--
INFO: Run Behavior\WriteHtmlCacheBehavior [ RunTime:0.000813s ]
INFO: [ view_filter ] --END-- [ RunTime:0.001107s ]
INFO: [ app_end ] --START--
INFO: Run Behavior\ShowPageTraceBehavior [ RunTime:0.000951s ]
INFO: [ app_end ] --END-- [ RunTime:0.001253s ]

[ 2017-01-09T19:45:33+08:00 ] ::1 /project/aoshi/index.php/Enterprise/Seeker/resume.html
INFO: [ app_init ] --START--
INFO: Run Behavior\BuildLiteBehavior [ RunTime:0.000127s ]
INFO: [ app_init ] --END-- [ RunTime:0.001531s ]
INFO: [ app_begin ] --START--
INFO: Run Behavior\ReadHtmlCacheBehavior [ RunTime:0.001970s ]
INFO: [ app_begin ] --END-- [ RunTime:0.002843s ]
SQL: SHOW COLUMNS FROM `enterprise` [ RunTime:0.0122s ]
SQL: SELECT * FROM `enterprise` WHERE ( id =10 )  [ RunTime:0.0010s ]
INFO: [ view_parse ] --START--
INFO: [ template_filter ] --START--
INFO: Run Behavior\ContentReplaceBehavior [ RunTime:0.000642s ]
INFO: [ template_filter ] --END-- [ RunTime:0.001233s ]
NOTIC: [8] Undefined index: photo D:\wamp\www\project\aoshi\Application\Runtime\Cache\Enterprise\822e88c21d2a5f0fc5f2fb5102a19147.php 第 39 行.
NOTIC: [8] Use of undefined constant add_job - assumed 'add_job' D:\wamp\www\project\aoshi\Application\Runtime\Cache\Enterprise\822e88c21d2a5f0fc5f2fb5102a19147.php 第 112 行.
NOTIC: [8] Use of undefined constant job_list - assumed 'job_list' D:\wamp\www\project\aoshi\Application\Runtime\Cache\Enterprise\822e88c21d2a5f0fc5f2fb5102a19147.php 第 113 行.
NOTIC: [8] Use of undefined constant add_job - assumed 'add_job' D:\wamp\www\project\aoshi\Application\Runtime\Cache\Enterprise\822e88c21d2a5f0fc5f2fb5102a19147.php 第 118 行.
NOTIC: [8] Use of undefined constant job_list - assumed 'job_list' D:\wamp\www\project\aoshi\Application\Runtime\Cache\Enterprise\822e88c21d2a5f0fc5f2fb5102a19147.php 第 119 行.
NOTIC: [8] Use of undefined constant add_job - assumed 'add_job' D:\wamp\www\project\aoshi\Application\Runtime\Cache\Enterprise\822e88c21d2a5f0fc5f2fb5102a19147.php 第 123 行.
NOTIC: [8] Use of undefined constant job_list - assumed 'job_list' D:\wamp\www\project\aoshi\Application\Runtime\Cache\Enterprise\822e88c21d2a5f0fc5f2fb5102a19147.php 第 124 行.
NOTIC: [8] Use of undefined constant add_job - assumed 'add_job' D:\wamp\www\project\aoshi\Application\Runtime\Cache\Enterprise\822e88c21d2a5f0fc5f2fb5102a19147.php 第 127 行.
NOTIC: [8] Use of undefined constant job_list - assumed 'job_list' D:\wamp\www\project\aoshi\Application\Runtime\Cache\Enterprise\822e88c21d2a5f0fc5f2fb5102a19147.php 第 130 行.
NOTIC: [8] Use of undefined constant resume - assumed 'resume' D:\wamp\www\project\aoshi\Application\Runtime\Cache\Enterprise\822e88c21d2a5f0fc5f2fb5102a19147.php 第 136 行.
NOTIC: [8] Use of undefined constant index - assumed 'index' D:\wamp\www\project\aoshi\Application\Runtime\Cache\Enterprise\822e88c21d2a5f0fc5f2fb5102a19147.php 第 152 行.
INFO: Run Behavior\ParseTemplateBehavior [ RunTime:0.164410s ]
INFO: [ view_parse ] --END-- [ RunTime:0.164886s ]
INFO: [ view_filter ] --START--
INFO: Run Behavior\WriteHtmlCacheBehavior [ RunTime:0.001598s ]
INFO: [ view_filter ] --END-- [ RunTime:0.001949s ]
INFO: [ app_end ] --START--
INFO: Run Behavior\ShowPageTraceBehavior [ RunTime:0.001614s ]
INFO: [ app_end ] --END-- [ RunTime:0.002215s ]

[ 2017-01-09T19:45:49+08:00 ] ::1 /project/aoshi/index.php/Enterprise/login/logout.html
INFO: [ app_init ] --START--
INFO: Run Behavior\BuildLiteBehavior [ RunTime:0.000065s ]
INFO: [ app_init ] --END-- [ RunTime:0.000930s ]
INFO: [ app_begin ] --START--
INFO: Run Behavior\ReadHtmlCacheBehavior [ RunTime:0.001722s ]
INFO: [ app_begin ] --END-- [ RunTime:0.002333s ]
INFO: [ view_parse ] --START--
INFO: [ template_filter ] --START--
INFO: Run Behavior\ContentReplaceBehavior [ RunTime:0.000183s ]
INFO: [ template_filter ] --END-- [ RunTime:0.000508s ]
INFO: Run Behavior\ParseTemplateBehavior [ RunTime:0.019349s ]
INFO: [ view_parse ] --END-- [ RunTime:0.019808s ]
INFO: [ view_filter ] --START--
INFO: Run Behavior\WriteHtmlCacheBehavior [ RunTime:0.000812s ]
INFO: [ view_filter ] --END-- [ RunTime:0.001204s ]
INFO: [ app_end ] --START--
INFO: Run Behavior\ShowPageTraceBehavior [ RunTime:0.001261s ]
INFO: [ app_end ] --END-- [ RunTime:0.001708s ]

[ 2017-01-09T19:45:50+08:00 ] ::1 /project/aoshi/index.php/Enterprise/Login/login.html
INFO: [ app_init ] --START--
INFO: Run Behavior\BuildLiteBehavior [ RunTime:0.000158s ]
INFO: [ app_init ] --END-- [ RunTime:0.002024s ]
INFO: [ app_begin ] --START--
INFO: Run Behavior\ReadHtmlCacheBehavior [ RunTime:0.001590s ]
INFO: [ app_begin ] --END-- [ RunTime:0.002208s ]
INFO: [ view_parse ] --START--
INFO: [ template_filter ] --START--
INFO: Run Behavior\ContentReplaceBehavior [ RunTime:0.000315s ]
INFO: [ template_filter ] --END-- [ RunTime:0.000925s ]
INFO: Run Behavior\ParseTemplateBehavior [ RunTime:0.032177s ]
INFO: [ view_parse ] --END-- [ RunTime:0.032802s ]
INFO: [ view_filter ] --START--
INFO: Run Behavior\WriteHtmlCacheBehavior [ RunTime:0.001497s ]
INFO: [ view_filter ] --END-- [ RunTime:0.002193s ]
INFO: [ app_end ] --START--
INFO: Run Behavior\ShowPageTraceBehavior [ RunTime:0.001473s ]
INFO: [ app_end ] --END-- [ RunTime:0.002046s ]

[ 2017-01-09T19:45:51+08:00 ] ::1 /project/aoshi/index.php/Enterprise/Login/get_verify.html
INFO: [ app_init ] --START--
INFO: Run Behavior\BuildLiteBehavior [ RunTime:0.000126s ]
INFO: [ app_init ] --END-- [ RunTime:0.001560s ]
INFO: [ app_begin ] --START--
INFO: Run Behavior\ReadHtmlCacheBehavior [ RunTime:0.001564s ]
INFO: [ app_begin ] --END-- [ RunTime:0.002176s ]
INFO: [ app_end ] --START--
INFO: Run Behavior\ShowPageTraceBehavior [ RunTime:0.001725s ]
INFO: [ app_end ] --END-- [ RunTime:0.002322s ]

[ 2017-01-09T19:53:47+08:00 ] ::1 /project/aoshi/index.php/Enterprise/Login/login.html
INFO: [ app_init ] --START--
INFO: Run Behavior\BuildLiteBehavior [ RunTime:0.000130s ]
INFO: [ app_init ] --END-- [ RunTime:0.001752s ]
INFO: [ app_begin ] --START--
INFO: Run Behavior\ReadHtmlCacheBehavior [ RunTime:0.001829s ]
INFO: [ app_begin ] --END-- [ RunTime:0.002459s ]
SQL: SHOW COLUMNS FROM `enterprise` [ RunTime:0.0088s ]
SQL: SELECT * FROM `enterprise` WHERE ( user_name='admin' and  user_pwd='e10adc3949ba59abbe56e057f20f883e'  ) LIMIT 1   [ RunTime:0.0009s ]
SQL: SELECT `id` FROM `enterprise` WHERE ( user_name='admin' and  user_pwd='e10adc3949ba59abbe56e057f20f883e'  ) LIMIT 1   [ RunTime:0.0008s ]
INFO: [ view_parse ] --START--
INFO: [ template_filter ] --START--
INFO: Run Behavior\ContentReplaceBehavior [ RunTime:0.000181s ]
INFO: [ template_filter ] --END-- [ RunTime:0.000506s ]
INFO: Run Behavior\ParseTemplateBehavior [ RunTime:0.019177s ]
INFO: [ view_parse ] --END-- [ RunTime:0.019806s ]
INFO: [ view_filter ] --START--
INFO: Run Behavior\WriteHtmlCacheBehavior [ RunTime:0.001581s ]
INFO: [ view_filter ] --END-- [ RunTime:0.002143s ]
INFO: [ app_end ] --START--
INFO: Run Behavior\ShowPageTraceBehavior [ RunTime:0.002754s ]
INFO: [ app_end ] --END-- [ RunTime:0.003380s ]

[ 2017-01-09T19:53:49+08:00 ] ::1 /project/aoshi/index.php/Enterprise/Index/index.html
INFO: [ app_init ] --START--
INFO: Run Behavior\BuildLiteBehavior [ RunTime:0.000124s ]
INFO: [ app_init ] --END-- [ RunTime:0.001639s ]
INFO: [ app_begin ] --START--
INFO: Run Behavior\ReadHtmlCacheBehavior [ RunTime:0.002198s ]
INFO: [ app_begin ] --END-- [ RunTime:0.002886s ]
SQL: SHOW COLUMNS FROM `article` [ RunTime:0.0636s ]
SQL: SELECT * FROM `article` ORDER BY id desc  [ RunTime:0.0008s ]
INFO: [ view_parse ] --START--
INFO: [ template_filter ] --START--
INFO: Run Behavior\ContentReplaceBehavior [ RunTime:0.000319s ]
INFO: [ template_filter ] --END-- [ RunTime:0.000934s ]
INFO: Run Behavior\ParseTemplateBehavior [ RunTime:0.019913s ]
INFO: [ view_parse ] --END-- [ RunTime:0.020503s ]
INFO: [ view_filter ] --START--
INFO: Run Behavior\WriteHtmlCacheBehavior [ RunTime:0.001356s ]
INFO: [ view_filter ] --END-- [ RunTime:0.001973s ]
INFO: [ app_end ] --START--
INFO: Run Behavior\ShowPageTraceBehavior [ RunTime:0.001516s ]
INFO: [ app_end ] --END-- [ RunTime:0.002103s ]

[ 2017-01-09T19:53:50+08:00 ] ::1 /project/aoshi/index.php/Enterprise/Seeker/resume.html
INFO: [ app_init ] --START--
INFO: Run Behavior\BuildLiteBehavior [ RunTime:0.000122s ]
INFO: [ app_init ] --END-- [ RunTime:0.001707s ]
INFO: [ app_begin ] --START--
INFO: Run Behavior\ReadHtmlCacheBehavior [ RunTime:0.001615s ]
INFO: [ app_begin ] --END-- [ RunTime:0.002232s ]
SQL: SHOW COLUMNS FROM `enterprise` [ RunTime:0.0108s ]
SQL: SELECT * FROM `enterprise` WHERE ( id =10 )  [ RunTime:0.0010s ]
INFO: [ view_parse ] --START--
INFO: [ template_filter ] --START--
INFO: Run Behavior\ContentReplaceBehavior [ RunTime:0.000629s ]
INFO: [ template_filter ] --END-- [ RunTime:0.001239s ]
NOTIC: [8] Undefined index: photo D:\wamp\www\project\aoshi\Application\Runtime\Cache\Enterprise\822e88c21d2a5f0fc5f2fb5102a19147.php 第 39 行.
NOTIC: [8] Use of undefined constant add_job - assumed 'add_job' D:\wamp\www\project\aoshi\Application\Runtime\Cache\Enterprise\822e88c21d2a5f0fc5f2fb5102a19147.php 第 112 行.
NOTIC: [8] Use of undefined constant job_list - assumed 'job_list' D:\wamp\www\project\aoshi\Application\Runtime\Cache\Enterprise\822e88c21d2a5f0fc5f2fb5102a19147.php 第 113 行.
NOTIC: [8] Use of undefined constant add_job - assumed 'add_job' D:\wamp\www\project\aoshi\Application\Runtime\Cache\Enterprise\822e88c21d2a5f0fc5f2fb5102a19147.php 第 118 行.
NOTIC: [8] Use of undefined constant job_list - assumed 'job_list' D:\wamp\www\project\aoshi\Application\Runtime\Cache\Enterprise\822e88c21d2a5f0fc5f2fb5102a19147.php 第 119 行.
NOTIC: [8] Use of undefined constant add_job - assumed 'add_job' D:\wamp\www\project\aoshi\Application\Runtime\Cache\Enterprise\822e88c21d2a5f0fc5f2fb5102a19147.php 第 123 行.
NOTIC: [8] Use of undefined constant job_list - assumed 'job_list' D:\wamp\www\project\aoshi\Application\Runtime\Cache\Enterprise\822e88c21d2a5f0fc5f2fb5102a19147.php 第 124 行.
NOTIC: [8] Use of undefined constant add_job - assumed 'add_job' D:\wamp\www\project\aoshi\Application\Runtime\Cache\Enterprise\822e88c21d2a5f0fc5f2fb5102a19147.php 第 127 行.
NOTIC: [8] Use of undefined constant job_list - assumed 'job_list' D:\wamp\www\project\aoshi\Application\Runtime\Cache\Enterprise\822e88c21d2a5f0fc5f2fb5102a19147.php 第 130 行.
NOTIC: [8] Use of undefined constant resume - assumed 'resume' D:\wamp\www\project\aoshi\Application\Runtime\Cache\Enterprise\822e88c21d2a5f0fc5f2fb5102a19147.php 第 136 行.
NOTIC: [8] Use of undefined constant index - assumed 'index' D:\wamp\www\project\aoshi\Application\Runtime\Cache\Enterprise\822e88c21d2a5f0fc5f2fb5102a19147.php 第 152 行.
INFO: Run Behavior\ParseTemplateBehavior [ RunTime:0.054275s ]
INFO: [ view_parse ] --END-- [ RunTime:0.054845s ]
INFO: [ view_filter ] --START--
INFO: Run Behavior\WriteHtmlCacheBehavior [ RunTime:0.001101s ]
INFO: [ view_filter ] --END-- [ RunTime:0.001606s ]
INFO: [ app_end ] --START--
INFO: Run Behavior\ShowPageTraceBehavior [ RunTime:0.001460s ]
INFO: [ app_end ] --END-- [ RunTime:0.002103s ]

[ 2017-01-09T19:54:49+08:00 ] ::1 /project/aoshi/index.php/Enterprise/login/logout.html
INFO: [ app_init ] --START--
INFO: Run Behavior\BuildLiteBehavior [ RunTime:0.000105s ]
INFO: [ app_init ] --END-- [ RunTime:0.001837s ]
INFO: [ app_begin ] --START--
INFO: Run Behavior\ReadHtmlCacheBehavior [ RunTime:0.001293s ]
INFO: [ app_begin ] --END-- [ RunTime:0.001705s ]
INFO: [ view_parse ] --START--
INFO: [ template_filter ] --START--
INFO: Run Behavior\ContentReplaceBehavior [ RunTime:0.000218s ]
INFO: [ template_filter ] --END-- [ RunTime:0.000555s ]
INFO: Run Behavior\ParseTemplateBehavior [ RunTime:0.022196s ]
INFO: [ view_parse ] --END-- [ RunTime:0.022712s ]
INFO: [ view_filter ] --START--
INFO: Run Behavior\WriteHtmlCacheBehavior [ RunTime:0.001135s ]
INFO: [ view_filter ] --END-- [ RunTime:0.001712s ]
INFO: [ app_end ] --START--
INFO: Run Behavior\ShowPageTraceBehavior [ RunTime:0.001787s ]
INFO: [ app_end ] --END-- [ RunTime:0.002343s ]

[ 2017-01-09T19:54:50+08:00 ] ::1 /project/aoshi/index.php/Enterprise/Login/login.html
INFO: [ app_init ] --START--
INFO: Run Behavior\BuildLiteBehavior [ RunTime:0.000083s ]
INFO: [ app_init ] --END-- [ RunTime:0.001230s ]
INFO: [ app_begin ] --START--
INFO: Run Behavior\ReadHtmlCacheBehavior [ RunTime:0.001841s ]
INFO: [ app_begin ] --END-- [ RunTime:0.002448s ]
INFO: [ view_parse ] --START--
INFO: [ template_filter ] --START--
INFO: Run Behavior\ContentReplaceBehavior [ RunTime:0.000312s ]
INFO: [ template_filter ] --END-- [ RunTime:0.000928s ]
INFO: Run Behavior\ParseTemplateBehavior [ RunTime:0.023703s ]
INFO: [ view_parse ] --END-- [ RunTime:0.024197s ]
INFO: [ view_filter ] --START--
INFO: Run Behavior\WriteHtmlCacheBehavior [ RunTime:0.000802s ]
INFO: [ view_filter ] --END-- [ RunTime:0.001608s ]
INFO: [ app_end ] --START--
INFO: Run Behavior\ShowPageTraceBehavior [ RunTime:0.001555s ]
INFO: [ app_end ] --END-- [ RunTime:0.002139s ]

[ 2017-01-09T19:54:50+08:00 ] ::1 /project/aoshi/index.php/Enterprise/Login/get_verify.html
INFO: [ app_init ] --START--
INFO: Run Behavior\BuildLiteBehavior [ RunTime:0.000125s ]
INFO: [ app_init ] --END-- [ RunTime:0.001618s ]
INFO: [ app_begin ] --START--
INFO: Run Behavior\ReadHtmlCacheBehavior [ RunTime:0.001601s ]
INFO: [ app_begin ] --END-- [ RunTime:0.002220s ]
INFO: [ app_end ] --START--
INFO: Run Behavior\ShowPageTraceBehavior [ RunTime:0.001713s ]
INFO: [ app_end ] --END-- [ RunTime:0.002493s ]

[ 2017-01-09T19:57:46+08:00 ] ::1 /project/aoshi/index.php/Enterprise/Login/register.html
INFO: [ app_init ] --START--
INFO: Run Behavior\BuildLiteBehavior [ RunTime:0.000123s ]
INFO: [ app_init ] --END-- [ RunTime:0.002741s ]
INFO: [ app_begin ] --START--
INFO: Run Behavior\ReadHtmlCacheBehavior [ RunTime:0.001729s ]
INFO: [ app_begin ] --END-- [ RunTime:0.002208s ]
INFO: [ view_parse ] --START--
INFO: [ template_filter ] --START--
INFO: Run Behavior\ContentReplaceBehavior [ RunTime:0.000208s ]
INFO: [ template_filter ] --END-- [ RunTime:0.000535s ]
INFO: Run Behavior\ParseTemplateBehavior [ RunTime:0.033131s ]
INFO: [ view_parse ] --END-- [ RunTime:0.033465s ]
INFO: [ view_filter ] --START--
INFO: Run Behavior\WriteHtmlCacheBehavior [ RunTime:0.000777s ]
INFO: [ view_filter ] --END-- [ RunTime:0.001075s ]
INFO: [ app_end ] --START--
INFO: Run Behavior\ShowPageTraceBehavior [ RunTime:0.001560s ]
INFO: [ app_end ] --END-- [ RunTime:0.002008s ]

[ 2017-01-09T19:59:10+08:00 ] ::1 /project/aoshi/index.php/Enterprise/Login/register.html
INFO: [ app_init ] --START--
INFO: Run Behavior\BuildLiteBehavior [ RunTime:0.000127s ]
INFO: [ app_init ] --END-- [ RunTime:0.002231s ]
INFO: [ app_begin ] --START--
INFO: Run Behavior\ReadHtmlCacheBehavior [ RunTime:0.001444s ]
INFO: [ app_begin ] --END-- [ RunTime:0.001946s ]
SQL: SHOW COLUMNS FROM `enterprise` [ RunTime:0.0090s ]
NOTIC: [8] Undefined index: validate D:\wamp\www\project\aoshi\ThinkPHP\Library\Think\Model.class.php 第 1185 行.
SQL: SELECT * FROM `enterprise` WHERE `user_name` = '123' LIMIT 1   [ RunTime:0.0007s ]
INFO: [ app_end ] --START--
INFO: Run Behavior\ShowPageTraceBehavior [ RunTime:0.001300s ]
INFO: [ app_end ] --END-- [ RunTime:0.001613s ]

[ 2017-01-09T19:59:22+08:00 ] ::1 /project/aoshi/index.php/Enterprise/Login/register.html
INFO: [ app_init ] --START--
INFO: Run Behavior\BuildLiteBehavior [ RunTime:0.000068s ]
INFO: [ app_init ] --END-- [ RunTime:0.001073s ]
INFO: [ app_begin ] --START--
INFO: Run Behavior\ReadHtmlCacheBehavior [ RunTime:0.002015s ]
INFO: [ app_begin ] --END-- [ RunTime:0.002660s ]
INFO: [ view_parse ] --START--
INFO: [ template_filter ] --START--
INFO: Run Behavior\ContentReplaceBehavior [ RunTime:0.000332s ]
INFO: [ template_filter ] --END-- [ RunTime:0.000926s ]
INFO: Run Behavior\ParseTemplateBehavior [ RunTime:0.026732s ]
INFO: [ view_parse ] --END-- [ RunTime:0.028231s ]
INFO: [ view_filter ] --START--
INFO: Run Behavior\WriteHtmlCacheBehavior [ RunTime:0.001260s ]
INFO: [ view_filter ] --END-- [ RunTime:0.001836s ]
INFO: [ app_end ] --START--
INFO: Run Behavior\ShowPageTraceBehavior [ RunTime:0.002524s ]
INFO: [ app_end ] --END-- [ RunTime:0.003146s ]

[ 2017-01-09T19:59:32+08:00 ] ::1 /project/aoshi/index.php/Enterprise/Login/register.html
INFO: [ app_init ] --START--
INFO: Run Behavior\BuildLiteBehavior [ RunTime:0.000067s ]
INFO: [ app_init ] --END-- [ RunTime:0.001006s ]
INFO: [ app_begin ] --START--
INFO: Run Behavior\ReadHtmlCacheBehavior [ RunTime:0.001815s ]
INFO: [ app_begin ] --END-- [ RunTime:0.002297s ]
SQL: SHOW COLUMNS FROM `enterprise` [ RunTime:0.0089s ]
NOTIC: [8] Undefined index: validate D:\wamp\www\project\aoshi\ThinkPHP\Library\Think\Model.class.php 第 1185 行.
SQL: SELECT * FROM `enterprise` WHERE `user_name` = '123' LIMIT 1   [ RunTime:0.0011s ]
NOTIC: [8] Undefined index: auto D:\wamp\www\project\aoshi\ThinkPHP\Library\Think\Model.class.php 第 1128 行.
SQL: INSERT INTO `enterprise` (`user_name`,`user_pwd`) VALUES ('123','e10adc3949ba59abbe56e057f20f883e') [ RunTime:0.0606s ]
INFO: [ view_parse ] --START--
INFO: [ template_filter ] --START--
INFO: Run Behavior\ContentReplaceBehavior [ RunTime:0.000312s ]
INFO: [ template_filter ] --END-- [ RunTime:0.000918s ]
INFO: Run Behavior\ParseTemplateBehavior [ RunTime:0.019373s ]
INFO: [ view_parse ] --END-- [ RunTime:0.019978s ]
INFO: [ view_filter ] --START--
INFO: Run Behavior\WriteHtmlCacheBehavior [ RunTime:0.000921s ]
INFO: [ view_filter ] --END-- [ RunTime:0.001509s ]
INFO: [ app_end ] --START--
INFO: Run Behavior\ShowPageTraceBehavior [ RunTime:0.001608s ]
INFO: [ app_end ] --END-- [ RunTime:0.002194s ]

[ 2017-01-09T19:59:34+08:00 ] ::1 /project/aoshi/index.php/Enterprise/login/login.html
INFO: [ app_init ] --START--
INFO: Run Behavior\BuildLiteBehavior [ RunTime:0.000164s ]
INFO: [ app_init ] --END-- [ RunTime:0.001679s ]
INFO: [ app_begin ] --START--
INFO: Run Behavior\ReadHtmlCacheBehavior [ RunTime:0.001504s ]
INFO: [ app_begin ] --END-- [ RunTime:0.002028s ]
INFO: [ view_parse ] --START--
INFO: [ template_filter ] --START--
INFO: Run Behavior\ContentReplaceBehavior [ RunTime:0.000309s ]
INFO: [ template_filter ] --END-- [ RunTime:0.000947s ]
INFO: Run Behavior\ParseTemplateBehavior [ RunTime:0.022806s ]
INFO: [ view_parse ] --END-- [ RunTime:0.023453s ]
INFO: [ view_filter ] --START--
INFO: Run Behavior\WriteHtmlCacheBehavior [ RunTime:0.000912s ]
INFO: [ view_filter ] --END-- [ RunTime:0.001491s ]
INFO: [ app_end ] --START--
INFO: Run Behavior\ShowPageTraceBehavior [ RunTime:0.001480s ]
INFO: [ app_end ] --END-- [ RunTime:0.002083s ]

[ 2017-01-09T19:59:34+08:00 ] ::1 /project/aoshi/index.php/Enterprise/Login/get_verify.html
INFO: [ app_init ] --START--
INFO: Run Behavior\BuildLiteBehavior [ RunTime:0.000126s ]
INFO: [ app_init ] --END-- [ RunTime:0.001586s ]
INFO: [ app_begin ] --START--
INFO: Run Behavior\ReadHtmlCacheBehavior [ RunTime:0.001626s ]
INFO: [ app_begin ] --END-- [ RunTime:0.002270s ]
INFO: [ app_end ] --START--
INFO: Run Behavior\ShowPageTraceBehavior [ RunTime:0.001619s ]
INFO: [ app_end ] --END-- [ RunTime:0.002258s ]

[ 2017-01-09T20:10:04+08:00 ] ::1 /project/aoshi/index.php/Enterprise/Login/login.html
INFO: [ app_init ] --START--
INFO: Run Behavior\BuildLiteBehavior [ RunTime:0.000261s ]
INFO: [ app_init ] --END-- [ RunTime:0.001815s ]
INFO: [ app_begin ] --START--
INFO: Run Behavior\ReadHtmlCacheBehavior [ RunTime:0.002182s ]
INFO: [ app_begin ] --END-- [ RunTime:0.002855s ]
SQL: SHOW COLUMNS FROM `enterprise` [ RunTime:0.0089s ]
SQL: SELECT * FROM `enterprise` WHERE ( user_name='admin' and  user_pwd='e10adc3949ba59abbe56e057f20f883e'  ) LIMIT 1   [ RunTime:0.0007s ]
SQL: SELECT `id` FROM `enterprise` WHERE ( user_name='admin' and  user_pwd='e10adc3949ba59abbe56e057f20f883e'  ) LIMIT 1   [ RunTime:0.0006s ]
INFO: [ view_parse ] --START--
INFO: [ template_filter ] --START--
INFO: Run Behavior\ContentReplaceBehavior [ RunTime:0.000344s ]
INFO: [ template_filter ] --END-- [ RunTime:0.000962s ]
INFO: Run Behavior\ParseTemplateBehavior [ RunTime:0.022109s ]
INFO: [ view_parse ] --END-- [ RunTime:0.022680s ]
INFO: [ view_filter ] --START--
INFO: Run Behavior\WriteHtmlCacheBehavior [ RunTime:0.001510s ]
INFO: [ view_filter ] --END-- [ RunTime:0.002953s ]
INFO: [ app_end ] --START--
INFO: Run Behavior\ShowPageTraceBehavior [ RunTime:0.002337s ]
INFO: [ app_end ] --END-- [ RunTime:0.002996s ]

[ 2017-01-09T20:10:06+08:00 ] ::1 /project/aoshi/index.php/Enterprise/Index/index.html
INFO: [ app_init ] --START--
INFO: Run Behavior\BuildLiteBehavior [ RunTime:0.000130s ]
INFO: [ app_init ] --END-- [ RunTime:0.002252s ]
INFO: [ app_begin ] --START--
INFO: Run Behavior\ReadHtmlCacheBehavior [ RunTime:0.002145s ]
INFO: [ app_begin ] --END-- [ RunTime:0.002766s ]
SQL: SHOW COLUMNS FROM `article` [ RunTime:0.0120s ]
SQL: SELECT * FROM `article` ORDER BY id desc  [ RunTime:0.0009s ]
INFO: [ view_parse ] --START--
INFO: [ template_filter ] --START--
INFO: Run Behavior\ContentReplaceBehavior [ RunTime:0.000309s ]
INFO: [ template_filter ] --END-- [ RunTime:0.000928s ]
INFO: Run Behavior\ParseTemplateBehavior [ RunTime:0.022629s ]
INFO: [ view_parse ] --END-- [ RunTime:0.023137s ]
INFO: [ view_filter ] --START--
INFO: Run Behavior\WriteHtmlCacheBehavior [ RunTime:0.001337s ]
INFO: [ view_filter ] --END-- [ RunTime:0.001910s ]
INFO: [ app_end ] --START--
INFO: Run Behavior\ShowPageTraceBehavior [ RunTime:0.002027s ]
INFO: [ app_end ] --END-- [ RunTime:0.002623s ]

[ 2017-01-09T20:10:07+08:00 ] ::1 /project/aoshi/index.php/Enterprise/Seeker/resume.html
INFO: [ app_init ] --START--
INFO: Run Behavior\BuildLiteBehavior [ RunTime:0.000131s ]
INFO: [ app_init ] --END-- [ RunTime:0.002629s ]
INFO: [ app_begin ] --START--
INFO: Run Behavior\ReadHtmlCacheBehavior [ RunTime:0.002183s ]
INFO: [ app_begin ] --END-- [ RunTime:0.002798s ]
SQL: SHOW COLUMNS FROM `enterprise` [ RunTime:0.0344s ]
SQL: SELECT * FROM `enterprise` WHERE ( id =10 )  [ RunTime:0.0008s ]
INFO: [ view_parse ] --START--
INFO: [ template_filter ] --START--
INFO: Run Behavior\ContentReplaceBehavior [ RunTime:0.000659s ]
INFO: [ template_filter ] --END-- [ RunTime:0.001287s ]
NOTIC: [8] Undefined index: photo D:\wamp\www\project\aoshi\Application\Runtime\Cache\Enterprise\822e88c21d2a5f0fc5f2fb5102a19147.php 第 39 行.
NOTIC: [8] Use of undefined constant add_job - assumed 'add_job' D:\wamp\www\project\aoshi\Application\Runtime\Cache\Enterprise\822e88c21d2a5f0fc5f2fb5102a19147.php 第 112 行.
NOTIC: [8] Use of undefined constant job_list - assumed 'job_list' D:\wamp\www\project\aoshi\Application\Runtime\Cache\Enterprise\822e88c21d2a5f0fc5f2fb5102a19147.php 第 113 行.
NOTIC: [8] Use of undefined constant add_job - assumed 'add_job' D:\wamp\www\project\aoshi\Application\Runtime\Cache\Enterprise\822e88c21d2a5f0fc5f2fb5102a19147.php 第 118 行.
NOTIC: [8] Use of undefined constant job_list - assumed 'job_list' D:\wamp\www\project\aoshi\Application\Runtime\Cache\Enterprise\822e88c21d2a5f0fc5f2fb5102a19147.php 第 119 行.
NOTIC: [8] Use of undefined constant add_job - assumed 'add_job' D:\wamp\www\project\aoshi\Application\Runtime\Cache\Enterprise\822e88c21d2a5f0fc5f2fb5102a19147.php 第 123 行.
NOTIC: [8] Use of undefined constant job_list - assumed 'job_list' D:\wamp\www\project\aoshi\Application\Runtime\Cache\Enterprise\822e88c21d2a5f0fc5f2fb5102a19147.php 第 124 行.
NOTIC: [8] Use of undefined constant add_job - assumed 'add_job' D:\wamp\www\project\aoshi\Application\Runtime\Cache\Enterprise\822e88c21d2a5f0fc5f2fb5102a19147.php 第 127 行.
NOTIC: [8] Use of undefined constant job_list - assumed 'job_list' D:\wamp\www\project\aoshi\Application\Runtime\Cache\Enterprise\822e88c21d2a5f0fc5f2fb5102a19147.php 第 130 行.
NOTIC: [8] Use of undefined constant resume - assumed 'resume' D:\wamp\www\project\aoshi\Application\Runtime\Cache\Enterprise\822e88c21d2a5f0fc5f2fb5102a19147.php 第 136 行.
NOTIC: [8] Use of undefined constant index - assumed 'index' D:\wamp\www\project\aoshi\Application\Runtime\Cache\Enterprise\822e88c21d2a5f0fc5f2fb5102a19147.php 第 152 行.
INFO: Run Behavior\ParseTemplateBehavior [ RunTime:0.061783s ]
INFO: [ view_parse ] --END-- [ RunTime:0.062374s ]
INFO: [ view_filter ] --START--
INFO: Run Behavior\WriteHtmlCacheBehavior [ RunTime:0.001303s ]
INFO: [ view_filter ] --END-- [ RunTime:0.001871s ]
INFO: [ app_end ] --START--
INFO: Run Behavior\ShowPageTraceBehavior [ RunTime:0.006784s ]
INFO: [ app_end ] --END-- [ RunTime:0.007812s ]

[ 2017-01-09T20:26:05+08:00 ] ::1 /project/aoshi/index.php/Enterprise/login/logout.html
INFO: [ app_init ] --START--
INFO: Run Behavior\BuildLiteBehavior [ RunTime:0.000065s ]
INFO: [ app_init ] --END-- [ RunTime:0.001018s ]
INFO: [ app_begin ] --START--
INFO: Run Behavior\ReadHtmlCacheBehavior [ RunTime:0.002096s ]
INFO: [ app_begin ] --END-- [ RunTime:0.002565s ]
INFO: [ view_parse ] --START--
INFO: [ template_filter ] --START--
INFO: Run Behavior\ContentReplaceBehavior [ RunTime:0.000208s ]
INFO: [ template_filter ] --END-- [ RunTime:0.000572s ]
INFO: Run Behavior\ParseTemplateBehavior [ RunTime:0.023816s ]
INFO: [ view_parse ] --END-- [ RunTime:0.024284s ]
INFO: [ view_filter ] --START--
INFO: Run Behavior\WriteHtmlCacheBehavior [ RunTime:0.000938s ]
INFO: [ view_filter ] --END-- [ RunTime:0.001251s ]
INFO: [ app_end ] --START--
INFO: Run Behavior\ShowPageTraceBehavior [ RunTime:0.001796s ]
INFO: [ app_end ] --END-- [ RunTime:0.002209s ]

[ 2017-01-09T20:26:06+08:00 ] ::1 /project/aoshi/index.php/Enterprise/Login/login.html
INFO: [ app_init ] --START--
INFO: Run Behavior\BuildLiteBehavior [ RunTime:0.000122s ]
INFO: [ app_init ] --END-- [ RunTime:0.001717s ]
INFO: [ app_begin ] --START--
INFO: Run Behavior\ReadHtmlCacheBehavior [ RunTime:0.002402s ]
INFO: [ app_begin ] --END-- [ RunTime:0.003009s ]
INFO: [ view_parse ] --START--
INFO: [ template_filter ] --START--
INFO: Run Behavior\ContentReplaceBehavior [ RunTime:0.000811s ]
INFO: [ template_filter ] --END-- [ RunTime:0.001546s ]
INFO: Run Behavior\ParseTemplateBehavior [ RunTime:0.031590s ]
INFO: [ view_parse ] --END-- [ RunTime:0.032228s ]
INFO: [ view_filter ] --START--
INFO: Run Behavior\WriteHtmlCacheBehavior [ RunTime:0.001481s ]
INFO: [ view_filter ] --END-- [ RunTime:0.002063s ]
INFO: [ app_end ] --START--
INFO: Run Behavior\ShowPageTraceBehavior [ RunTime:0.002096s ]
INFO: [ app_end ] --END-- [ RunTime:0.002705s ]

[ 2017-01-09T20:26:06+08:00 ] ::1 /project/aoshi/index.php/Enterprise/Login/get_verify.html
INFO: [ app_init ] --START--
INFO: Run Behavior\BuildLiteBehavior [ RunTime:0.000172s ]
INFO: [ app_init ] --END-- [ RunTime:0.001825s ]
INFO: [ app_begin ] --START--
INFO: Run Behavior\ReadHtmlCacheBehavior [ RunTime:0.002019s ]
INFO: [ app_begin ] --END-- [ RunTime:0.002600s ]
INFO: [ app_end ] --START--
INFO: Run Behavior\ShowPageTraceBehavior [ RunTime:0.003114s ]
INFO: [ app_end ] --END-- [ RunTime:0.003863s ]

