[ 2017-01-04T14:29:17+08:00 ] ::1 /project/aoshi/Admin/
INFO: [ app_init ] --START--
INFO: Run Behavior\BuildLiteBehavior [ RunTime:0.000065s ]
INFO: [ app_init ] --END-- [ RunTime:0.001102s ]
INFO: [ app_begin ] --START--
INFO: Run Behavior\ReadHtmlCacheBehavior [ RunTime:0.002087s ]
INFO: [ app_begin ] --END-- [ RunTime:0.002696s ]
INFO: [ view_parse ] --START--
INFO: [ template_filter ] --START--
INFO: Run Behavior\ContentReplaceBehavior [ RunTime:0.000276s ]
INFO: [ template_filter ] --END-- [ RunTime:0.000731s ]
INFO: Run Behavior\ParseTemplateBehavior [ RunTime:0.035996s ]
INFO: [ view_parse ] --END-- [ RunTime:0.036617s ]
INFO: [ view_filter ] --START--
INFO: Run Behavior\WriteHtmlCacheBehavior [ RunTime:0.001131s ]
INFO: [ view_filter ] --END-- [ RunTime:0.001639s ]

[ 2017-01-04T14:29:20+08:00 ] ::1 /project/aoshi/index.php/Admin/Login/index.html
INFO: [ app_init ] --START--
INFO: Run Behavior\BuildLiteBehavior [ RunTime:0.000109s ]
INFO: [ app_init ] --END-- [ RunTime:0.001524s ]
INFO: [ app_begin ] --START--
INFO: Run Behavior\ReadHtmlCacheBehavior [ RunTime:0.001511s ]
INFO: [ app_begin ] --END-- [ RunTime:0.002093s ]
INFO: [ view_parse ] --START--
INFO: [ template_filter ] --START--
INFO: Run Behavior\ContentReplaceBehavior [ RunTime:0.000344s ]
INFO: [ template_filter ] --END-- [ RunTime:0.000978s ]
INFO: Run Behavior\ParseTemplateBehavior [ RunTime:0.024542s ]
INFO: [ view_parse ] --END-- [ RunTime:0.025160s ]
INFO: [ view_filter ] --START--
INFO: Run Behavior\WriteHtmlCacheBehavior [ RunTime:0.000969s ]
INFO: [ view_filter ] --END-- [ RunTime:0.001542s ]
INFO: [ app_end ] --START--
INFO: Run Behavior\ShowPageTraceBehavior [ RunTime:0.001931s ]
INFO: [ app_end ] --END-- [ RunTime:0.002535s ]

[ 2017-01-04T14:29:20+08:00 ] ::1 /project/aoshi/index.php/Admin/Login/get_verify.html
INFO: [ app_init ] --START--
INFO: Run Behavior\BuildLiteBehavior [ RunTime:0.000113s ]
INFO: [ app_init ] --END-- [ RunTime:0.001705s ]
INFO: [ app_begin ] --START--
INFO: Run Behavior\ReadHtmlCacheBehavior [ RunTime:0.002787s ]
INFO: [ app_begin ] --END-- [ RunTime:0.003588s ]
INFO: [ app_end ] --START--
INFO: Run Behavior\ShowPageTraceBehavior [ RunTime:0.001968s ]
INFO: [ app_end ] --END-- [ RunTime:0.002634s ]

[ 2017-01-04T14:30:17+08:00 ] ::1 /project/aoshi/index.php/Admin/
INFO: [ app_init ] --START--
INFO: Run Behavior\BuildLiteBehavior [ RunTime:0.000126s ]
INFO: [ app_init ] --END-- [ RunTime:0.001266s ]
INFO: [ app_begin ] --START--
INFO: Run Behavior\ReadHtmlCacheBehavior [ RunTime:0.001313s ]
INFO: [ app_begin ] --END-- [ RunTime:0.001756s ]
INFO: [ view_parse ] --START--
INFO: [ template_filter ] --START--
INFO: Run Behavior\ContentReplaceBehavior [ RunTime:0.000369s ]
INFO: [ template_filter ] --END-- [ RunTime:0.000987s ]
INFO: Run Behavior\ParseTemplateBehavior [ RunTime:0.025079s ]
INFO: [ view_parse ] --END-- [ RunTime:0.025548s ]
INFO: [ view_filter ] --START--
INFO: Run Behavior\WriteHtmlCacheBehavior [ RunTime:0.000835s ]
INFO: [ view_filter ] --END-- [ RunTime:0.001123s ]

[ 2017-01-04T14:30:20+08:00 ] ::1 /project/aoshi/index.php/Admin/Login/index.html
INFO: [ app_init ] --START--
INFO: Run Behavior\BuildLiteBehavior [ RunTime:0.000112s ]
INFO: [ app_init ] --END-- [ RunTime:0.001520s ]
INFO: [ app_begin ] --START--
INFO: Run Behavior\ReadHtmlCacheBehavior [ RunTime:0.001523s ]
INFO: [ app_begin ] --END-- [ RunTime:0.002150s ]
INFO: [ view_parse ] --START--
INFO: [ template_filter ] --START--
INFO: Run Behavior\ContentReplaceBehavior [ RunTime:0.000309s ]
INFO: [ template_filter ] --END-- [ RunTime:0.000863s ]
INFO: Run Behavior\ParseTemplateBehavior [ RunTime:0.024603s ]
INFO: [ view_parse ] --END-- [ RunTime:0.025188s ]
INFO: [ view_filter ] --START--
INFO: Run Behavior\WriteHtmlCacheBehavior [ RunTime:0.001273s ]
INFO: [ view_filter ] --END-- [ RunTime:0.001828s ]
INFO: [ app_end ] --START--
INFO: Run Behavior\ShowPageTraceBehavior [ RunTime:0.001463s ]
INFO: [ app_end ] --END-- [ RunTime:0.002022s ]

[ 2017-01-04T14:30:21+08:00 ] ::1 /project/aoshi/index.php/Admin/Login/get_verify.html
INFO: [ app_init ] --START--
INFO: Run Behavior\BuildLiteBehavior [ RunTime:0.000123s ]
INFO: [ app_init ] --END-- [ RunTime:0.001610s ]
INFO: [ app_begin ] --START--
INFO: Run Behavior\ReadHtmlCacheBehavior [ RunTime:0.001657s ]
INFO: [ app_begin ] --END-- [ RunTime:0.002274s ]
INFO: [ app_end ] --START--
INFO: Run Behavior\ShowPageTraceBehavior [ RunTime:0.001786s ]
INFO: [ app_end ] --END-- [ RunTime:0.002459s ]

[ 2017-01-04T14:31:02+08:00 ] ::1 /project/aoshi/index.php/Admin/View/Rsum
INFO: [ app_init ] --START--
INFO: Run Behavior\BuildLiteBehavior [ RunTime:0.000119s ]
INFO: [ app_init ] --END-- [ RunTime:0.001574s ]
INFO: [ app_begin ] --START--
INFO: Run Behavior\ReadHtmlCacheBehavior [ RunTime:0.001502s ]
INFO: [ app_begin ] --END-- [ RunTime:0.002079s ]
ERR: 无法加载控制器:View

[ 2017-01-04T14:31:48+08:00 ] ::1 /project/aoshi/index.php/Admin/View/Rsum/index.html
INFO: [ app_init ] --START--
INFO: Run Behavior\BuildLiteBehavior [ RunTime:0.000122s ]
INFO: [ app_init ] --END-- [ RunTime:0.002094s ]
INFO: [ app_begin ] --START--
INFO: Run Behavior\ReadHtmlCacheBehavior [ RunTime:0.001807s ]
INFO: [ app_begin ] --END-- [ RunTime:0.002308s ]
ERR: 无法加载控制器:View

[ 2017-01-04T14:32:00+08:00 ] ::1 /project/aoshi/index.php/Admin/Rsum/index.html
INFO: [ app_init ] --START--
INFO: Run Behavior\BuildLiteBehavior [ RunTime:0.000125s ]
INFO: [ app_init ] --END-- [ RunTime:0.001574s ]
INFO: [ app_begin ] --START--
INFO: Run Behavior\ReadHtmlCacheBehavior [ RunTime:0.001655s ]
INFO: [ app_begin ] --END-- [ RunTime:0.002376s ]
INFO: [ view_parse ] --START--
INFO: [ template_filter ] --START--
INFO: Run Behavior\ContentReplaceBehavior [ RunTime:0.000566s ]
INFO: [ template_filter ] --END-- [ RunTime:0.001139s ]
NOTIC: [8] Undefined variable: resumes_basic D:\wamp\www\project\aoshi\Application\Runtime\Cache\Admin\cd6ec44a11afa77a5f0a1c8ebcee6c3b.php 第 37 行.
NOTIC: [8] Undefined variable: resumes_eduexp D:\wamp\www\project\aoshi\Application\Runtime\Cache\Admin\cd6ec44a11afa77a5f0a1c8ebcee6c3b.php 第 170 行.
NOTIC: [8] Use of undefined constant des - assumed 'des' D:\wamp\www\project\aoshi\Application\Runtime\Cache\Admin\cd6ec44a11afa77a5f0a1c8ebcee6c3b.php 第 234 行.
NOTIC: [8] Undefined variable: resumes_basic D:\wamp\www\project\aoshi\Application\Runtime\Cache\Admin\cd6ec44a11afa77a5f0a1c8ebcee6c3b.php 第 234 行.
NOTIC: [8] Undefined variable: resumes_career D:\wamp\www\project\aoshi\Application\Runtime\Cache\Admin\cd6ec44a11afa77a5f0a1c8ebcee6c3b.php 第 251 行.
NOTIC: [8] Use of undefined constant state - assumed 'state' D:\wamp\www\project\aoshi\Application\Runtime\Cache\Admin\cd6ec44a11afa77a5f0a1c8ebcee6c3b.php 第 305 行.
NOTIC: [8] Undefined variable: resumes_basic D:\wamp\www\project\aoshi\Application\Runtime\Cache\Admin\cd6ec44a11afa77a5f0a1c8ebcee6c3b.php 第 305 行.
INFO: Run Behavior\ParseTemplateBehavior [ RunTime:0.067986s ]
INFO: [ view_parse ] --END-- [ RunTime:0.068546s ]
INFO: [ view_filter ] --START--
INFO: Run Behavior\WriteHtmlCacheBehavior [ RunTime:0.001377s ]
INFO: [ view_filter ] --END-- [ RunTime:0.001922s ]
INFO: [ app_end ] --START--
INFO: Run Behavior\ShowPageTraceBehavior [ RunTime:0.001670s ]
INFO: [ app_end ] --END-- [ RunTime:0.002270s ]

[ 2017-01-04T14:32:01+08:00 ] ::1 /project/aoshi/index.php/Admin/Rsum/ajaxGet?type=jobexp
INFO: [ app_init ] --START--
INFO: Run Behavior\BuildLiteBehavior [ RunTime:0.000115s ]
INFO: [ app_init ] --END-- [ RunTime:0.001589s ]
INFO: [ app_begin ] --START--
INFO: Run Behavior\ReadHtmlCacheBehavior [ RunTime:0.001533s ]
INFO: [ app_begin ] --END-- [ RunTime:0.002000s ]
ERR: 1146:Table 'yuanku_job.resumes_jobexp' doesn't exist
 [ SQL语句 ] : SHOW COLUMNS FROM `resumes_jobexp`
ERR: 1146:Table 'yuanku_job.resumes_jobexp' doesn't exist
 [ SQL语句 ] : SHOW COLUMNS FROM `resumes_jobexp`

[ 2017-01-04T14:32:49+08:00 ] ::1 /project/aoshi/index.php/Admin/Rsum/Jobseekers/preview
INFO: [ app_init ] --START--
INFO: Run Behavior\BuildLiteBehavior [ RunTime:0.000116s ]
INFO: [ app_init ] --END-- [ RunTime:0.001685s ]
INFO: [ app_begin ] --START--
INFO: Run Behavior\ReadHtmlCacheBehavior [ RunTime:0.001913s ]
INFO: [ app_begin ] --END-- [ RunTime:0.002628s ]
ERR: 非法操作:Jobseekers

[ 2017-01-04T14:32:59+08:00 ] ::1 /project/aoshi/index.php/Admin/Rsum
INFO: [ app_init ] --START--
INFO: Run Behavior\BuildLiteBehavior [ RunTime:0.000115s ]
INFO: [ app_init ] --END-- [ RunTime:0.001503s ]
INFO: [ app_begin ] --START--
INFO: Run Behavior\ReadHtmlCacheBehavior [ RunTime:0.001886s ]
INFO: [ app_begin ] --END-- [ RunTime:0.002530s ]
INFO: [ view_parse ] --START--
INFO: [ template_filter ] --START--
INFO: Run Behavior\ContentReplaceBehavior [ RunTime:0.000503s ]
INFO: [ template_filter ] --END-- [ RunTime:0.001115s ]
NOTIC: [8] Undefined variable: resumes_basic D:\wamp\www\project\aoshi\Application\Runtime\Cache\Admin\cd6ec44a11afa77a5f0a1c8ebcee6c3b.php 第 37 行.
NOTIC: [8] Undefined variable: resumes_eduexp D:\wamp\www\project\aoshi\Application\Runtime\Cache\Admin\cd6ec44a11afa77a5f0a1c8ebcee6c3b.php 第 170 行.
NOTIC: [8] Use of undefined constant des - assumed 'des' D:\wamp\www\project\aoshi\Application\Runtime\Cache\Admin\cd6ec44a11afa77a5f0a1c8ebcee6c3b.php 第 234 行.
NOTIC: [8] Undefined variable: resumes_basic D:\wamp\www\project\aoshi\Application\Runtime\Cache\Admin\cd6ec44a11afa77a5f0a1c8ebcee6c3b.php 第 234 行.
NOTIC: [8] Undefined variable: resumes_career D:\wamp\www\project\aoshi\Application\Runtime\Cache\Admin\cd6ec44a11afa77a5f0a1c8ebcee6c3b.php 第 251 行.
NOTIC: [8] Use of undefined constant state - assumed 'state' D:\wamp\www\project\aoshi\Application\Runtime\Cache\Admin\cd6ec44a11afa77a5f0a1c8ebcee6c3b.php 第 305 行.
NOTIC: [8] Undefined variable: resumes_basic D:\wamp\www\project\aoshi\Application\Runtime\Cache\Admin\cd6ec44a11afa77a5f0a1c8ebcee6c3b.php 第 305 行.
INFO: Run Behavior\ParseTemplateBehavior [ RunTime:0.050640s ]
INFO: [ view_parse ] --END-- [ RunTime:0.051103s ]
INFO: [ view_filter ] --START--
INFO: Run Behavior\WriteHtmlCacheBehavior [ RunTime:0.000755s ]
INFO: [ view_filter ] --END-- [ RunTime:0.001044s ]
INFO: [ app_end ] --START--
INFO: Run Behavior\ShowPageTraceBehavior [ RunTime:0.001134s ]
INFO: [ app_end ] --END-- [ RunTime:0.001443s ]

[ 2017-01-04T14:33:00+08:00 ] ::1 /project/aoshi/index.php/Admin/Rsum/ajaxGet?type=jobexp
INFO: [ app_init ] --START--
INFO: Run Behavior\BuildLiteBehavior [ RunTime:0.000120s ]
INFO: [ app_init ] --END-- [ RunTime:0.001635s ]
INFO: [ app_begin ] --START--
INFO: Run Behavior\ReadHtmlCacheBehavior [ RunTime:0.001588s ]
INFO: [ app_begin ] --END-- [ RunTime:0.002072s ]
ERR: 1146:Table 'yuanku_job.resumes_jobexp' doesn't exist
 [ SQL语句 ] : SHOW COLUMNS FROM `resumes_jobexp`
ERR: 1146:Table 'yuanku_job.resumes_jobexp' doesn't exist
 [ SQL语句 ] : SHOW COLUMNS FROM `resumes_jobexp`

[ 2017-01-04T14:39:55+08:00 ] ::1 /project/aoshi/index.php/Admin/Rsum/update?index=jobexp&
INFO: [ app_init ] --START--
INFO: Run Behavior\BuildLiteBehavior [ RunTime:0.000066s ]
INFO: [ app_init ] --END-- [ RunTime:0.001331s ]
INFO: [ app_begin ] --START--
INFO: Run Behavior\ReadHtmlCacheBehavior [ RunTime:0.001964s ]
INFO: [ app_begin ] --END-- [ RunTime:0.002486s ]
ERR: 1146:Table 'yuanku_job.resumes_jobexp' doesn't exist
 [ SQL语句 ] : SHOW COLUMNS FROM `resumes_jobexp`
ERR: 1146:Table 'yuanku_job.resumes_jobexp' doesn't exist
 [ SQL语句 ] : SHOW COLUMNS FROM `resumes_jobexp`

[ 2017-01-04T14:40:00+08:00 ] ::1 /project/aoshi/index.php/Admin/Rsum/update?index=jobexp&
INFO: [ app_init ] --START--
INFO: Run Behavior\BuildLiteBehavior [ RunTime:0.000067s ]
INFO: [ app_init ] --END-- [ RunTime:0.001049s ]
INFO: [ app_begin ] --START--
INFO: Run Behavior\ReadHtmlCacheBehavior [ RunTime:0.001533s ]
INFO: [ app_begin ] --END-- [ RunTime:0.001917s ]
ERR: 1146:Table 'yuanku_job.resumes_jobexp' doesn't exist
 [ SQL语句 ] : SHOW COLUMNS FROM `resumes_jobexp`
ERR: 1146:Table 'yuanku_job.resumes_jobexp' doesn't exist
 [ SQL语句 ] : SHOW COLUMNS FROM `resumes_jobexp`

[ 2017-01-04T14:40:08+08:00 ] ::1 /project/aoshi/index.php/Admin/Rsum/update?index=jobexp&
INFO: [ app_init ] --START--
INFO: Run Behavior\BuildLiteBehavior [ RunTime:0.000113s ]
INFO: [ app_init ] --END-- [ RunTime:0.001516s ]
INFO: [ app_begin ] --START--
INFO: Run Behavior\ReadHtmlCacheBehavior [ RunTime:0.000993s ]
INFO: [ app_begin ] --END-- [ RunTime:0.001255s ]
ERR: 1146:Table 'yuanku_job.resumes_jobexp' doesn't exist
 [ SQL语句 ] : SHOW COLUMNS FROM `resumes_jobexp`
ERR: 1146:Table 'yuanku_job.resumes_jobexp' doesn't exist
 [ SQL语句 ] : SHOW COLUMNS FROM `resumes_jobexp`

[ 2017-01-04T14:40:10+08:00 ] ::1 /project/aoshi/index.php/Admin/Rsum/update?index=jobexp&
INFO: [ app_init ] --START--
INFO: Run Behavior\BuildLiteBehavior [ RunTime:0.000111s ]
INFO: [ app_init ] --END-- [ RunTime:0.001502s ]
INFO: [ app_begin ] --START--
INFO: Run Behavior\ReadHtmlCacheBehavior [ RunTime:0.000975s ]
INFO: [ app_begin ] --END-- [ RunTime:0.001238s ]
ERR: 1146:Table 'yuanku_job.resumes_jobexp' doesn't exist
 [ SQL语句 ] : SHOW COLUMNS FROM `resumes_jobexp`
ERR: 1146:Table 'yuanku_job.resumes_jobexp' doesn't exist
 [ SQL语句 ] : SHOW COLUMNS FROM `resumes_jobexp`

[ 2017-01-04T14:40:11+08:00 ] ::1 /project/aoshi/index.php/Admin/Rsum/update?index=jobexp&
INFO: [ app_init ] --START--
INFO: Run Behavior\BuildLiteBehavior [ RunTime:0.000073s ]
INFO: [ app_init ] --END-- [ RunTime:0.001115s ]
INFO: [ app_begin ] --START--
INFO: Run Behavior\ReadHtmlCacheBehavior [ RunTime:0.001573s ]
INFO: [ app_begin ] --END-- [ RunTime:0.001965s ]
ERR: 1146:Table 'yuanku_job.resumes_jobexp' doesn't exist
 [ SQL语句 ] : SHOW COLUMNS FROM `resumes_jobexp`
ERR: 1146:Table 'yuanku_job.resumes_jobexp' doesn't exist
 [ SQL语句 ] : SHOW COLUMNS FROM `resumes_jobexp`

[ 2017-01-04T14:40:11+08:00 ] ::1 /project/aoshi/index.php/Admin/Rsum/update?index=jobexp&
INFO: [ app_init ] --START--
INFO: Run Behavior\BuildLiteBehavior [ RunTime:0.000076s ]
INFO: [ app_init ] --END-- [ RunTime:0.001210s ]
INFO: [ app_begin ] --START--
INFO: Run Behavior\ReadHtmlCacheBehavior [ RunTime:0.000950s ]
INFO: [ app_begin ] --END-- [ RunTime:0.001202s ]
ERR: 1146:Table 'yuanku_job.resumes_jobexp' doesn't exist
 [ SQL语句 ] : SHOW COLUMNS FROM `resumes_jobexp`
ERR: 1146:Table 'yuanku_job.resumes_jobexp' doesn't exist
 [ SQL语句 ] : SHOW COLUMNS FROM `resumes_jobexp`

[ 2017-01-04T14:40:12+08:00 ] ::1 /project/aoshi/index.php/Admin/Rsum/update?index=jobexp&
INFO: [ app_init ] --START--
INFO: Run Behavior\BuildLiteBehavior [ RunTime:0.000067s ]
INFO: [ app_init ] --END-- [ RunTime:0.001082s ]
INFO: [ app_begin ] --START--
INFO: Run Behavior\ReadHtmlCacheBehavior [ RunTime:0.001512s ]
INFO: [ app_begin ] --END-- [ RunTime:0.001938s ]
ERR: 1146:Table 'yuanku_job.resumes_jobexp' doesn't exist
 [ SQL语句 ] : SHOW COLUMNS FROM `resumes_jobexp`
ERR: 1146:Table 'yuanku_job.resumes_jobexp' doesn't exist
 [ SQL语句 ] : SHOW COLUMNS FROM `resumes_jobexp`

[ 2017-01-04T14:40:13+08:00 ] ::1 /project/aoshi/index.php/Admin/Rsum/update?index=jobexp&
INFO: [ app_init ] --START--
INFO: Run Behavior\BuildLiteBehavior [ RunTime:0.000107s ]
INFO: [ app_init ] --END-- [ RunTime:0.001454s ]
INFO: [ app_begin ] --START--
INFO: Run Behavior\ReadHtmlCacheBehavior [ RunTime:0.001477s ]
INFO: [ app_begin ] --END-- [ RunTime:0.001967s ]
ERR: 1146:Table 'yuanku_job.resumes_jobexp' doesn't exist
 [ SQL语句 ] : SHOW COLUMNS FROM `resumes_jobexp`
ERR: 1146:Table 'yuanku_job.resumes_jobexp' doesn't exist
 [ SQL语句 ] : SHOW COLUMNS FROM `resumes_jobexp`

[ 2017-01-04T14:40:14+08:00 ] ::1 /project/aoshi/index.php/Admin/Rsum/update?index=jobexp&
INFO: [ app_init ] --START--
INFO: Run Behavior\BuildLiteBehavior [ RunTime:0.000118s ]
INFO: [ app_init ] --END-- [ RunTime:0.001688s ]
INFO: [ app_begin ] --START--
INFO: Run Behavior\ReadHtmlCacheBehavior [ RunTime:0.001480s ]
INFO: [ app_begin ] --END-- [ RunTime:0.001963s ]
ERR: 1146:Table 'yuanku_job.resumes_jobexp' doesn't exist
 [ SQL语句 ] : SHOW COLUMNS FROM `resumes_jobexp`
ERR: 1146:Table 'yuanku_job.resumes_jobexp' doesn't exist
 [ SQL语句 ] : SHOW COLUMNS FROM `resumes_jobexp`

[ 2017-01-04T14:40:14+08:00 ] ::1 /project/aoshi/index.php/Admin/Rsum/update?index=jobexp&
INFO: [ app_init ] --START--
INFO: Run Behavior\BuildLiteBehavior [ RunTime:0.000127s ]
INFO: [ app_init ] --END-- [ RunTime:0.001590s ]
INFO: [ app_begin ] --START--
INFO: Run Behavior\ReadHtmlCacheBehavior [ RunTime:0.001055s ]
INFO: [ app_begin ] --END-- [ RunTime:0.001415s ]
ERR: 1146:Table 'yuanku_job.resumes_jobexp' doesn't exist
 [ SQL语句 ] : SHOW COLUMNS FROM `resumes_jobexp`
ERR: 1146:Table 'yuanku_job.resumes_jobexp' doesn't exist
 [ SQL语句 ] : SHOW COLUMNS FROM `resumes_jobexp`

[ 2017-01-04T14:40:14+08:00 ] ::1 /project/aoshi/index.php/Admin/Rsum/update?index=jobexp&
INFO: [ app_init ] --START--
INFO: Run Behavior\BuildLiteBehavior [ RunTime:0.000065s ]
INFO: [ app_init ] --END-- [ RunTime:0.000943s ]
INFO: [ app_begin ] --START--
INFO: Run Behavior\ReadHtmlCacheBehavior [ RunTime:0.000934s ]
INFO: [ app_begin ] --END-- [ RunTime:0.001185s ]
ERR: 1146:Table 'yuanku_job.resumes_jobexp' doesn't exist
 [ SQL语句 ] : SHOW COLUMNS FROM `resumes_jobexp`
ERR: 1146:Table 'yuanku_job.resumes_jobexp' doesn't exist
 [ SQL语句 ] : SHOW COLUMNS FROM `resumes_jobexp`

[ 2017-01-04T14:40:14+08:00 ] ::1 /project/aoshi/index.php/Admin/Rsum/update?index=jobexp&
INFO: [ app_init ] --START--
INFO: Run Behavior\BuildLiteBehavior [ RunTime:0.000114s ]
INFO: [ app_init ] --END-- [ RunTime:0.001547s ]
INFO: [ app_begin ] --START--
INFO: Run Behavior\ReadHtmlCacheBehavior [ RunTime:0.001605s ]
INFO: [ app_begin ] --END-- [ RunTime:0.002089s ]
ERR: 1146:Table 'yuanku_job.resumes_jobexp' doesn't exist
 [ SQL语句 ] : SHOW COLUMNS FROM `resumes_jobexp`
ERR: 1146:Table 'yuanku_job.resumes_jobexp' doesn't exist
 [ SQL语句 ] : SHOW COLUMNS FROM `resumes_jobexp`

[ 2017-01-04T14:40:15+08:00 ] ::1 /project/aoshi/index.php/Admin/Rsum/update?index=jobexp&
INFO: [ app_init ] --START--
INFO: Run Behavior\BuildLiteBehavior [ RunTime:0.000064s ]
INFO: [ app_init ] --END-- [ RunTime:0.001070s ]
INFO: [ app_begin ] --START--
INFO: Run Behavior\ReadHtmlCacheBehavior [ RunTime:0.001553s ]
INFO: [ app_begin ] --END-- [ RunTime:0.002044s ]
ERR: 1146:Table 'yuanku_job.resumes_jobexp' doesn't exist
 [ SQL语句 ] : SHOW COLUMNS FROM `resumes_jobexp`
ERR: 1146:Table 'yuanku_job.resumes_jobexp' doesn't exist
 [ SQL语句 ] : SHOW COLUMNS FROM `resumes_jobexp`

[ 2017-01-04T14:40:24+08:00 ] ::1 /project/aoshi/index.php/Admin/Rsum/update?index=jobexp&
INFO: [ app_init ] --START--
INFO: Run Behavior\BuildLiteBehavior [ RunTime:0.000065s ]
INFO: [ app_init ] --END-- [ RunTime:0.000928s ]
INFO: [ app_begin ] --START--
INFO: Run Behavior\ReadHtmlCacheBehavior [ RunTime:0.001000s ]
INFO: [ app_begin ] --END-- [ RunTime:0.001258s ]
ERR: 1146:Table 'yuanku_job.resumes_jobexp' doesn't exist
 [ SQL语句 ] : SHOW COLUMNS FROM `resumes_jobexp`
ERR: 1146:Table 'yuanku_job.resumes_jobexp' doesn't exist
 [ SQL语句 ] : SHOW COLUMNS FROM `resumes_jobexp`

[ 2017-01-04T14:50:33+08:00 ] ::1 /project/aoshi/index.php/Admin/Rsum/update?index=jobexp&
INFO: [ app_init ] --START--
INFO: Run Behavior\BuildLiteBehavior [ RunTime:0.000064s ]
INFO: [ app_init ] --END-- [ RunTime:0.001019s ]
INFO: [ app_begin ] --START--
INFO: Run Behavior\ReadHtmlCacheBehavior [ RunTime:0.001160s ]
INFO: [ app_begin ] --END-- [ RunTime:0.001413s ]
ERR: 1146:Table 'yuanku_job.resumes_jobexp' doesn't exist
 [ SQL语句 ] : SHOW COLUMNS FROM `resumes_jobexp`
ERR: 1146:Table 'yuanku_job.resumes_jobexp' doesn't exist
 [ SQL语句 ] : SHOW COLUMNS FROM `resumes_jobexp`

[ 2017-01-04T14:50:34+08:00 ] ::1 /project/aoshi/index.php/Admin/Rsum/update?index=jobexp&
INFO: [ app_init ] --START--
INFO: Run Behavior\BuildLiteBehavior [ RunTime:0.000115s ]
INFO: [ app_init ] --END-- [ RunTime:0.001588s ]
INFO: [ app_begin ] --START--
INFO: Run Behavior\ReadHtmlCacheBehavior [ RunTime:0.001541s ]
INFO: [ app_begin ] --END-- [ RunTime:0.002027s ]
ERR: 1146:Table 'yuanku_job.resumes_jobexp' doesn't exist
 [ SQL语句 ] : SHOW COLUMNS FROM `resumes_jobexp`
ERR: 1146:Table 'yuanku_job.resumes_jobexp' doesn't exist
 [ SQL语句 ] : SHOW COLUMNS FROM `resumes_jobexp`

[ 2017-01-04T14:50:35+08:00 ] ::1 /project/aoshi/index.php/Admin/Rsum/update?index=jobexp&
INFO: [ app_init ] --START--
INFO: Run Behavior\BuildLiteBehavior [ RunTime:0.000065s ]
INFO: [ app_init ] --END-- [ RunTime:0.001161s ]
INFO: [ app_begin ] --START--
INFO: Run Behavior\ReadHtmlCacheBehavior [ RunTime:0.000977s ]
INFO: [ app_begin ] --END-- [ RunTime:0.001225s ]
ERR: 1146:Table 'yuanku_job.resumes_jobexp' doesn't exist
 [ SQL语句 ] : SHOW COLUMNS FROM `resumes_jobexp`
ERR: 1146:Table 'yuanku_job.resumes_jobexp' doesn't exist
 [ SQL语句 ] : SHOW COLUMNS FROM `resumes_jobexp`

[ 2017-01-04T15:12:16+08:00 ] ::1 /project/aoshi/index.php/Admin/Rsum
INFO: [ app_init ] --START--
INFO: Run Behavior\BuildLiteBehavior [ RunTime:0.000126s ]
INFO: [ app_init ] --END-- [ RunTime:0.001703s ]
INFO: [ app_begin ] --START--
INFO: Run Behavior\ReadHtmlCacheBehavior [ RunTime:0.001896s ]
INFO: [ app_begin ] --END-- [ RunTime:0.002585s ]
INFO: [ view_parse ] --START--
INFO: [ template_filter ] --START--
INFO: Run Behavior\ContentReplaceBehavior [ RunTime:0.000590s ]
INFO: [ template_filter ] --END-- [ RunTime:0.002018s ]
NOTIC: [8] Undefined variable: resumes_basic D:\wamp\www\project\aoshi\Application\Runtime\Cache\Admin\cd6ec44a11afa77a5f0a1c8ebcee6c3b.php 第 37 行.
NOTIC: [8] Undefined variable: resumes_eduexp D:\wamp\www\project\aoshi\Application\Runtime\Cache\Admin\cd6ec44a11afa77a5f0a1c8ebcee6c3b.php 第 170 行.
NOTIC: [8] Use of undefined constant des - assumed 'des' D:\wamp\www\project\aoshi\Application\Runtime\Cache\Admin\cd6ec44a11afa77a5f0a1c8ebcee6c3b.php 第 235 行.
NOTIC: [8] Undefined variable: resumes_basic D:\wamp\www\project\aoshi\Application\Runtime\Cache\Admin\cd6ec44a11afa77a5f0a1c8ebcee6c3b.php 第 235 行.
NOTIC: [8] Undefined variable: resumes_career D:\wamp\www\project\aoshi\Application\Runtime\Cache\Admin\cd6ec44a11afa77a5f0a1c8ebcee6c3b.php 第 252 行.
NOTIC: [8] Use of undefined constant state - assumed 'state' D:\wamp\www\project\aoshi\Application\Runtime\Cache\Admin\cd6ec44a11afa77a5f0a1c8ebcee6c3b.php 第 306 行.
NOTIC: [8] Undefined variable: resumes_basic D:\wamp\www\project\aoshi\Application\Runtime\Cache\Admin\cd6ec44a11afa77a5f0a1c8ebcee6c3b.php 第 306 行.
INFO: Run Behavior\ParseTemplateBehavior [ RunTime:0.052902s ]
INFO: [ view_parse ] --END-- [ RunTime:0.053359s ]
INFO: [ view_filter ] --START--
INFO: Run Behavior\WriteHtmlCacheBehavior [ RunTime:0.000748s ]
INFO: [ view_filter ] --END-- [ RunTime:0.001040s ]
INFO: [ app_end ] --START--
INFO: Run Behavior\ShowPageTraceBehavior [ RunTime:0.001212s ]
INFO: [ app_end ] --END-- [ RunTime:0.001900s ]

[ 2017-01-04T15:12:18+08:00 ] ::1 /project/aoshi/index.php/Admin/Rsum/ajaxGet?type=jobexp
INFO: [ app_init ] --START--
INFO: Run Behavior\BuildLiteBehavior [ RunTime:0.000115s ]
INFO: [ app_init ] --END-- [ RunTime:0.001447s ]
INFO: [ app_begin ] --START--
INFO: Run Behavior\ReadHtmlCacheBehavior [ RunTime:0.001494s ]
INFO: [ app_begin ] --END-- [ RunTime:0.001983s ]
ERR: 1146:Table 'yuanku_job.resumes_jobexp' doesn't exist
 [ SQL语句 ] : SHOW COLUMNS FROM `resumes_jobexp`
ERR: 1146:Table 'yuanku_job.resumes_jobexp' doesn't exist
 [ SQL语句 ] : SHOW COLUMNS FROM `resumes_jobexp`

[ 2017-01-04T15:12:18+08:00 ] ::1 /project/aoshi/index.php/Admin/Rsum/ajaxGet?type=edu-exp
INFO: [ app_init ] --START--
INFO: Run Behavior\BuildLiteBehavior [ RunTime:0.000120s ]
INFO: [ app_init ] --END-- [ RunTime:0.001715s ]
INFO: [ app_begin ] --START--
INFO: Run Behavior\ReadHtmlCacheBehavior [ RunTime:0.001877s ]
INFO: [ app_begin ] --END-- [ RunTime:0.002379s ]
ERR: 1146:Table 'yuanku_job.resumes_eduexp' doesn't exist
 [ SQL语句 ] : SHOW COLUMNS FROM `resumes_eduexp`
ERR: 1146:Table 'yuanku_job.resumes_eduexp' doesn't exist
 [ SQL语句 ] : SHOW COLUMNS FROM `resumes_eduexp`

[ 2017-01-04T15:13:37+08:00 ] ::1 /project/aoshi/index.php/Admin/Rsum
INFO: [ app_init ] --START--
INFO: Run Behavior\BuildLiteBehavior [ RunTime:0.000167s ]
INFO: [ app_init ] --END-- [ RunTime:0.001779s ]
INFO: [ app_begin ] --START--
INFO: Run Behavior\ReadHtmlCacheBehavior [ RunTime:0.001553s ]
INFO: [ app_begin ] --END-- [ RunTime:0.002182s ]
INFO: [ view_parse ] --START--
INFO: [ template_filter ] --START--
INFO: Run Behavior\ContentReplaceBehavior [ RunTime:0.000603s ]
INFO: [ template_filter ] --END-- [ RunTime:0.001211s ]
NOTIC: [8] Undefined variable: resumes_basic D:\wamp\www\project\aoshi\Application\Runtime\Cache\Admin\cd6ec44a11afa77a5f0a1c8ebcee6c3b.php 第 37 行.
NOTIC: [8] Undefined variable: resumes_eduexp D:\wamp\www\project\aoshi\Application\Runtime\Cache\Admin\cd6ec44a11afa77a5f0a1c8ebcee6c3b.php 第 170 行.
NOTIC: [8] Use of undefined constant des - assumed 'des' D:\wamp\www\project\aoshi\Application\Runtime\Cache\Admin\cd6ec44a11afa77a5f0a1c8ebcee6c3b.php 第 235 行.
NOTIC: [8] Undefined variable: resumes_basic D:\wamp\www\project\aoshi\Application\Runtime\Cache\Admin\cd6ec44a11afa77a5f0a1c8ebcee6c3b.php 第 235 行.
NOTIC: [8] Undefined variable: resumes_career D:\wamp\www\project\aoshi\Application\Runtime\Cache\Admin\cd6ec44a11afa77a5f0a1c8ebcee6c3b.php 第 252 行.
NOTIC: [8] Use of undefined constant state - assumed 'state' D:\wamp\www\project\aoshi\Application\Runtime\Cache\Admin\cd6ec44a11afa77a5f0a1c8ebcee6c3b.php 第 306 行.
NOTIC: [8] Undefined variable: resumes_basic D:\wamp\www\project\aoshi\Application\Runtime\Cache\Admin\cd6ec44a11afa77a5f0a1c8ebcee6c3b.php 第 306 行.
INFO: Run Behavior\ParseTemplateBehavior [ RunTime:0.063613s ]
INFO: [ view_parse ] --END-- [ RunTime:0.064051s ]
INFO: [ view_filter ] --START--
INFO: Run Behavior\WriteHtmlCacheBehavior [ RunTime:0.001386s ]
INFO: [ view_filter ] --END-- [ RunTime:0.002092s ]
INFO: [ app_end ] --START--
INFO: Run Behavior\ShowPageTraceBehavior [ RunTime:0.002003s ]
INFO: [ app_end ] --END-- [ RunTime:0.002632s ]

[ 2017-01-04T15:13:38+08:00 ] ::1 /project/aoshi/index.php/Admin/Rsum/ajaxGet?type=edu-exp
INFO: [ app_init ] --START--
INFO: Run Behavior\BuildLiteBehavior [ RunTime:0.000109s ]
INFO: [ app_init ] --END-- [ RunTime:0.001467s ]
INFO: [ app_begin ] --START--
INFO: Run Behavior\ReadHtmlCacheBehavior [ RunTime:0.001638s ]
INFO: [ app_begin ] --END-- [ RunTime:0.002137s ]
ERR: 1146:Table 'yuanku_job.resumes_eduexp' doesn't exist
 [ SQL语句 ] : SHOW COLUMNS FROM `resumes_eduexp`
ERR: 1146:Table 'yuanku_job.resumes_eduexp' doesn't exist
 [ SQL语句 ] : SHOW COLUMNS FROM `resumes_eduexp`

[ 2017-01-04T15:13:38+08:00 ] ::1 /project/aoshi/index.php/Admin/Rsum/ajaxGet?type=jobexp
INFO: [ app_init ] --START--
INFO: Run Behavior\BuildLiteBehavior [ RunTime:0.000110s ]
INFO: [ app_init ] --END-- [ RunTime:0.001524s ]
INFO: [ app_begin ] --START--
INFO: Run Behavior\ReadHtmlCacheBehavior [ RunTime:0.001537s ]
INFO: [ app_begin ] --END-- [ RunTime:0.002056s ]
ERR: 1146:Table 'yuanku_job.resumes_jobexp' doesn't exist
 [ SQL语句 ] : SHOW COLUMNS FROM `resumes_jobexp`
ERR: 1146:Table 'yuanku_job.resumes_jobexp' doesn't exist
 [ SQL语句 ] : SHOW COLUMNS FROM `resumes_jobexp`

[ 2017-01-04T15:17:31+08:00 ] ::1 /project/aoshi/index.php/Admin/Rsum
INFO: [ app_init ] --START--
INFO: Run Behavior\BuildLiteBehavior [ RunTime:0.000123s ]
INFO: [ app_init ] --END-- [ RunTime:0.002537s ]
INFO: [ app_begin ] --START--
INFO: Run Behavior\ReadHtmlCacheBehavior [ RunTime:0.001835s ]
INFO: [ app_begin ] --END-- [ RunTime:0.002671s ]
INFO: [ view_parse ] --START--
INFO: [ template_filter ] --START--
INFO: Run Behavior\ContentReplaceBehavior [ RunTime:0.000852s ]
INFO: [ template_filter ] --END-- [ RunTime:0.001368s ]
NOTIC: [8] Undefined variable: resumes_basic D:\wamp\www\project\aoshi\Application\Runtime\Cache\Admin\cd6ec44a11afa77a5f0a1c8ebcee6c3b.php 第 37 行.
NOTIC: [8] Undefined variable: resumes_eduexp D:\wamp\www\project\aoshi\Application\Runtime\Cache\Admin\cd6ec44a11afa77a5f0a1c8ebcee6c3b.php 第 170 行.
NOTIC: [8] Use of undefined constant des - assumed 'des' D:\wamp\www\project\aoshi\Application\Runtime\Cache\Admin\cd6ec44a11afa77a5f0a1c8ebcee6c3b.php 第 235 行.
NOTIC: [8] Undefined variable: resumes_basic D:\wamp\www\project\aoshi\Application\Runtime\Cache\Admin\cd6ec44a11afa77a5f0a1c8ebcee6c3b.php 第 235 行.
NOTIC: [8] Undefined variable: resumes_career D:\wamp\www\project\aoshi\Application\Runtime\Cache\Admin\cd6ec44a11afa77a5f0a1c8ebcee6c3b.php 第 252 行.
NOTIC: [8] Use of undefined constant state - assumed 'state' D:\wamp\www\project\aoshi\Application\Runtime\Cache\Admin\cd6ec44a11afa77a5f0a1c8ebcee6c3b.php 第 306 行.
NOTIC: [8] Undefined variable: resumes_basic D:\wamp\www\project\aoshi\Application\Runtime\Cache\Admin\cd6ec44a11afa77a5f0a1c8ebcee6c3b.php 第 306 行.
INFO: Run Behavior\ParseTemplateBehavior [ RunTime:0.059386s ]
INFO: [ view_parse ] --END-- [ RunTime:0.059954s ]
INFO: [ view_filter ] --START--
INFO: Run Behavior\WriteHtmlCacheBehavior [ RunTime:0.001271s ]
INFO: [ view_filter ] --END-- [ RunTime:0.001813s ]
INFO: [ app_end ] --START--
INFO: Run Behavior\ShowPageTraceBehavior [ RunTime:0.001437s ]
INFO: [ app_end ] --END-- [ RunTime:0.001939s ]

[ 2017-01-04T15:25:59+08:00 ] ::1 /project/aoshi/index.php/Admin/Rsum
INFO: [ app_init ] --START--
INFO: Run Behavior\BuildLiteBehavior [ RunTime:0.000115s ]
INFO: [ app_init ] --END-- [ RunTime:0.001858s ]
INFO: [ app_begin ] --START--
INFO: Run Behavior\ReadHtmlCacheBehavior [ RunTime:0.002928s ]
INFO: [ app_begin ] --END-- [ RunTime:0.003527s ]
INFO: [ view_parse ] --START--
INFO: [ template_filter ] --START--
INFO: Run Behavior\ContentReplaceBehavior [ RunTime:0.000550s ]
INFO: [ template_filter ] --END-- [ RunTime:0.001277s ]
NOTIC: [8] Undefined variable: resumes_basic D:\wamp\www\project\aoshi\Application\Runtime\Cache\Admin\cd6ec44a11afa77a5f0a1c8ebcee6c3b.php 第 37 行.
NOTIC: [8] Undefined variable: resumes_eduexp D:\wamp\www\project\aoshi\Application\Runtime\Cache\Admin\cd6ec44a11afa77a5f0a1c8ebcee6c3b.php 第 170 行.
NOTIC: [8] Use of undefined constant des - assumed 'des' D:\wamp\www\project\aoshi\Application\Runtime\Cache\Admin\cd6ec44a11afa77a5f0a1c8ebcee6c3b.php 第 235 行.
NOTIC: [8] Undefined variable: resumes_basic D:\wamp\www\project\aoshi\Application\Runtime\Cache\Admin\cd6ec44a11afa77a5f0a1c8ebcee6c3b.php 第 235 行.
NOTIC: [8] Undefined variable: resumes_career D:\wamp\www\project\aoshi\Application\Runtime\Cache\Admin\cd6ec44a11afa77a5f0a1c8ebcee6c3b.php 第 252 行.
NOTIC: [8] Use of undefined constant state - assumed 'state' D:\wamp\www\project\aoshi\Application\Runtime\Cache\Admin\cd6ec44a11afa77a5f0a1c8ebcee6c3b.php 第 306 行.
NOTIC: [8] Undefined variable: resumes_basic D:\wamp\www\project\aoshi\Application\Runtime\Cache\Admin\cd6ec44a11afa77a5f0a1c8ebcee6c3b.php 第 306 行.
INFO: Run Behavior\ParseTemplateBehavior [ RunTime:0.064676s ]
INFO: [ view_parse ] --END-- [ RunTime:0.065267s ]
INFO: [ view_filter ] --START--
INFO: Run Behavior\WriteHtmlCacheBehavior [ RunTime:0.001742s ]
INFO: [ view_filter ] --END-- [ RunTime:0.002297s ]
INFO: [ app_end ] --START--
INFO: Run Behavior\ShowPageTraceBehavior [ RunTime:0.002559s ]
INFO: [ app_end ] --END-- [ RunTime:0.003194s ]

[ 2017-01-04T15:31:00+08:00 ] ::1 /project/aoshi/index.php/Admin/Rsum
INFO: [ app_init ] --START--
INFO: Run Behavior\BuildLiteBehavior [ RunTime:0.000130s ]
INFO: [ app_init ] --END-- [ RunTime:0.001985s ]
INFO: [ app_begin ] --START--
INFO: Run Behavior\ReadHtmlCacheBehavior [ RunTime:0.003057s ]
INFO: [ app_begin ] --END-- [ RunTime:0.003813s ]
INFO: [ view_parse ] --START--
INFO: [ template_filter ] --START--
INFO: Run Behavior\ContentReplaceBehavior [ RunTime:0.000376s ]
INFO: [ template_filter ] --END-- [ RunTime:0.000702s ]
NOTIC: [8] Undefined variable: resumes_basic D:\wamp\www\project\aoshi\Application\Runtime\Cache\Admin\cd6ec44a11afa77a5f0a1c8ebcee6c3b.php 第 37 行.
NOTIC: [8] Undefined variable: resumes_eduexp D:\wamp\www\project\aoshi\Application\Runtime\Cache\Admin\cd6ec44a11afa77a5f0a1c8ebcee6c3b.php 第 170 行.
NOTIC: [8] Use of undefined constant des - assumed 'des' D:\wamp\www\project\aoshi\Application\Runtime\Cache\Admin\cd6ec44a11afa77a5f0a1c8ebcee6c3b.php 第 235 行.
NOTIC: [8] Undefined variable: resumes_basic D:\wamp\www\project\aoshi\Application\Runtime\Cache\Admin\cd6ec44a11afa77a5f0a1c8ebcee6c3b.php 第 235 行.
NOTIC: [8] Undefined variable: resumes_career D:\wamp\www\project\aoshi\Application\Runtime\Cache\Admin\cd6ec44a11afa77a5f0a1c8ebcee6c3b.php 第 252 行.
NOTIC: [8] Use of undefined constant state - assumed 'state' D:\wamp\www\project\aoshi\Application\Runtime\Cache\Admin\cd6ec44a11afa77a5f0a1c8ebcee6c3b.php 第 306 行.
NOTIC: [8] Undefined variable: resumes_basic D:\wamp\www\project\aoshi\Application\Runtime\Cache\Admin\cd6ec44a11afa77a5f0a1c8ebcee6c3b.php 第 306 行.
INFO: Run Behavior\ParseTemplateBehavior [ RunTime:0.050875s ]
INFO: [ view_parse ] --END-- [ RunTime:0.051507s ]
INFO: [ view_filter ] --START--
INFO: Run Behavior\WriteHtmlCacheBehavior [ RunTime:0.001890s ]
INFO: [ view_filter ] --END-- [ RunTime:0.002479s ]
INFO: [ app_end ] --START--
INFO: Run Behavior\ShowPageTraceBehavior [ RunTime:0.002749s ]
INFO: [ app_end ] --END-- [ RunTime:0.003371s ]

[ 2017-01-04T15:32:56+08:00 ] ::1 /project/aoshi/index.php/Admin/Rsum
INFO: [ app_init ] --START--
INFO: Run Behavior\BuildLiteBehavior [ RunTime:0.000123s ]
INFO: [ app_init ] --END-- [ RunTime:0.001927s ]
INFO: [ app_begin ] --START--
INFO: Run Behavior\ReadHtmlCacheBehavior [ RunTime:0.002569s ]
INFO: [ app_begin ] --END-- [ RunTime:0.003219s ]
INFO: [ view_parse ] --START--
INFO: [ template_filter ] --START--
INFO: Run Behavior\ContentReplaceBehavior [ RunTime:0.000376s ]
INFO: [ template_filter ] --END-- [ RunTime:0.000696s ]
NOTIC: [8] Undefined variable: resumes_basic D:\wamp\www\project\aoshi\Application\Runtime\Cache\Admin\cd6ec44a11afa77a5f0a1c8ebcee6c3b.php 第 37 行.
NOTIC: [8] Undefined variable: resumes_eduexp D:\wamp\www\project\aoshi\Application\Runtime\Cache\Admin\cd6ec44a11afa77a5f0a1c8ebcee6c3b.php 第 170 行.
NOTIC: [8] Use of undefined constant des - assumed 'des' D:\wamp\www\project\aoshi\Application\Runtime\Cache\Admin\cd6ec44a11afa77a5f0a1c8ebcee6c3b.php 第 235 行.
NOTIC: [8] Undefined variable: resumes_basic D:\wamp\www\project\aoshi\Application\Runtime\Cache\Admin\cd6ec44a11afa77a5f0a1c8ebcee6c3b.php 第 235 行.
NOTIC: [8] Undefined variable: resumes_career D:\wamp\www\project\aoshi\Application\Runtime\Cache\Admin\cd6ec44a11afa77a5f0a1c8ebcee6c3b.php 第 252 行.
NOTIC: [8] Use of undefined constant state - assumed 'state' D:\wamp\www\project\aoshi\Application\Runtime\Cache\Admin\cd6ec44a11afa77a5f0a1c8ebcee6c3b.php 第 306 行.
NOTIC: [8] Undefined variable: resumes_basic D:\wamp\www\project\aoshi\Application\Runtime\Cache\Admin\cd6ec44a11afa77a5f0a1c8ebcee6c3b.php 第 306 行.
INFO: Run Behavior\ParseTemplateBehavior [ RunTime:0.045965s ]
INFO: [ view_parse ] --END-- [ RunTime:0.046518s ]
INFO: [ view_filter ] --START--
INFO: Run Behavior\WriteHtmlCacheBehavior [ RunTime:0.001861s ]
INFO: [ view_filter ] --END-- [ RunTime:0.002415s ]
INFO: [ app_end ] --START--
INFO: Run Behavior\ShowPageTraceBehavior [ RunTime:0.002416s ]
INFO: [ app_end ] --END-- [ RunTime:0.003003s ]

[ 2017-01-04T15:32:57+08:00 ] ::1 /project/aoshi/index.php/Admin/Rsum/ajaxGet?type=jobexp
INFO: [ app_init ] --START--
INFO: Run Behavior\BuildLiteBehavior [ RunTime:0.000112s ]
INFO: [ app_init ] --END-- [ RunTime:0.001622s ]
INFO: [ app_begin ] --START--
INFO: Run Behavior\ReadHtmlCacheBehavior [ RunTime:0.002728s ]
INFO: [ app_begin ] --END-- [ RunTime:0.003250s ]
ERR: 1146:Table 'yuanku_job.resumes_jobexp' doesn't exist
 [ SQL语句 ] : SHOW COLUMNS FROM `resumes_jobexp`
ERR: 1146:Table 'yuanku_job.resumes_jobexp' doesn't exist
 [ SQL语句 ] : SHOW COLUMNS FROM `resumes_jobexp`

[ 2017-01-04T15:32:57+08:00 ] ::1 /project/aoshi/index.php/Admin/Rsum/ajaxGet?type=edu-exp
INFO: [ app_init ] --START--
INFO: Run Behavior\BuildLiteBehavior [ RunTime:0.000130s ]
INFO: [ app_init ] --END-- [ RunTime:0.002195s ]
INFO: [ app_begin ] --START--
INFO: Run Behavior\ReadHtmlCacheBehavior [ RunTime:0.004331s ]
INFO: [ app_begin ] --END-- [ RunTime:0.004843s ]
ERR: 1146:Table 'yuanku_job.resumes_eduexp' doesn't exist
 [ SQL语句 ] : SHOW COLUMNS FROM `resumes_eduexp`
ERR: 1146:Table 'yuanku_job.resumes_eduexp' doesn't exist
 [ SQL语句 ] : SHOW COLUMNS FROM `resumes_eduexp`

[ 2017-01-04T15:33:47+08:00 ] ::1 /project/aoshi/index.php/Admin/Rsum
INFO: [ app_init ] --START--
INFO: Run Behavior\BuildLiteBehavior [ RunTime:0.000114s ]
INFO: [ app_init ] --END-- [ RunTime:0.001653s ]
INFO: [ app_begin ] --START--
INFO: Run Behavior\ReadHtmlCacheBehavior [ RunTime:0.001752s ]
INFO: [ app_begin ] --END-- [ RunTime:0.002079s ]
INFO: [ view_parse ] --START--
INFO: [ template_filter ] --START--
INFO: Run Behavior\ContentReplaceBehavior [ RunTime:0.000677s ]
INFO: [ template_filter ] --END-- [ RunTime:0.001361s ]
NOTIC: [8] Undefined variable: resumes_basic D:\wamp\www\project\aoshi\Application\Runtime\Cache\Admin\cd6ec44a11afa77a5f0a1c8ebcee6c3b.php 第 37 行.
NOTIC: [8] Undefined variable: resumes_eduexp D:\wamp\www\project\aoshi\Application\Runtime\Cache\Admin\cd6ec44a11afa77a5f0a1c8ebcee6c3b.php 第 170 行.
NOTIC: [8] Use of undefined constant des - assumed 'des' D:\wamp\www\project\aoshi\Application\Runtime\Cache\Admin\cd6ec44a11afa77a5f0a1c8ebcee6c3b.php 第 235 行.
NOTIC: [8] Undefined variable: resumes_basic D:\wamp\www\project\aoshi\Application\Runtime\Cache\Admin\cd6ec44a11afa77a5f0a1c8ebcee6c3b.php 第 235 行.
NOTIC: [8] Undefined variable: resumes_career D:\wamp\www\project\aoshi\Application\Runtime\Cache\Admin\cd6ec44a11afa77a5f0a1c8ebcee6c3b.php 第 252 行.
NOTIC: [8] Use of undefined constant state - assumed 'state' D:\wamp\www\project\aoshi\Application\Runtime\Cache\Admin\cd6ec44a11afa77a5f0a1c8ebcee6c3b.php 第 306 行.
NOTIC: [8] Undefined variable: resumes_basic D:\wamp\www\project\aoshi\Application\Runtime\Cache\Admin\cd6ec44a11afa77a5f0a1c8ebcee6c3b.php 第 306 行.
INFO: Run Behavior\ParseTemplateBehavior [ RunTime:0.054620s ]
INFO: [ view_parse ] --END-- [ RunTime:0.055230s ]
INFO: [ view_filter ] --START--
INFO: Run Behavior\WriteHtmlCacheBehavior [ RunTime:0.001680s ]
INFO: [ view_filter ] --END-- [ RunTime:0.002085s ]
INFO: [ app_end ] --START--
INFO: Run Behavior\ShowPageTraceBehavior [ RunTime:0.001612s ]
INFO: [ app_end ] --END-- [ RunTime:0.001980s ]

[ 2017-01-04T15:33:48+08:00 ] ::1 /project/aoshi/index.php/Admin/Rsum/ajaxGet?type=jobexp
INFO: [ app_init ] --START--
INFO: Run Behavior\BuildLiteBehavior [ RunTime:0.000119s ]
INFO: [ app_init ] --END-- [ RunTime:0.001741s ]
INFO: [ app_begin ] --START--
INFO: Run Behavior\ReadHtmlCacheBehavior [ RunTime:0.003086s ]
INFO: [ app_begin ] --END-- [ RunTime:0.003588s ]
ERR: 1146:Table 'yuanku_job.resumes_jobexp' doesn't exist
 [ SQL语句 ] : SHOW COLUMNS FROM `resumes_jobexp`
ERR: 1146:Table 'yuanku_job.resumes_jobexp' doesn't exist
 [ SQL语句 ] : SHOW COLUMNS FROM `resumes_jobexp`

[ 2017-01-04T15:33:48+08:00 ] ::1 /project/aoshi/index.php/Admin/Rsum/ajaxGet?type=edu-exp
INFO: [ app_init ] --START--
INFO: Run Behavior\BuildLiteBehavior [ RunTime:0.000112s ]
INFO: [ app_init ] --END-- [ RunTime:0.001632s ]
INFO: [ app_begin ] --START--
INFO: Run Behavior\ReadHtmlCacheBehavior [ RunTime:0.002358s ]
INFO: [ app_begin ] --END-- [ RunTime:0.002871s ]
ERR: 1146:Table 'yuanku_job.resumes_eduexp' doesn't exist
 [ SQL语句 ] : SHOW COLUMNS FROM `resumes_eduexp`
ERR: 1146:Table 'yuanku_job.resumes_eduexp' doesn't exist
 [ SQL语句 ] : SHOW COLUMNS FROM `resumes_eduexp`

[ 2017-01-04T15:37:46+08:00 ] ::1 /project/aoshi/index.php/Admin/Rsum
INFO: [ app_init ] --START--
INFO: Run Behavior\BuildLiteBehavior [ RunTime:0.000066s ]
INFO: [ app_init ] --END-- [ RunTime:0.001044s ]
INFO: [ app_begin ] --START--
INFO: Run Behavior\ReadHtmlCacheBehavior [ RunTime:0.002491s ]
INFO: [ app_begin ] --END-- [ RunTime:0.003131s ]
INFO: [ view_parse ] --START--
INFO: [ template_filter ] --START--
INFO: Run Behavior\ContentReplaceBehavior [ RunTime:0.000589s ]
INFO: [ template_filter ] --END-- [ RunTime:0.001413s ]
NOTIC: [8] Undefined variable: resumes_basic D:\wamp\www\project\aoshi\Application\Runtime\Cache\Admin\cd6ec44a11afa77a5f0a1c8ebcee6c3b.php 第 37 行.
NOTIC: [8] Undefined variable: resumes_eduexp D:\wamp\www\project\aoshi\Application\Runtime\Cache\Admin\cd6ec44a11afa77a5f0a1c8ebcee6c3b.php 第 170 行.
NOTIC: [8] Use of undefined constant des - assumed 'des' D:\wamp\www\project\aoshi\Application\Runtime\Cache\Admin\cd6ec44a11afa77a5f0a1c8ebcee6c3b.php 第 235 行.
NOTIC: [8] Undefined variable: resumes_basic D:\wamp\www\project\aoshi\Application\Runtime\Cache\Admin\cd6ec44a11afa77a5f0a1c8ebcee6c3b.php 第 235 行.
NOTIC: [8] Undefined variable: resumes_career D:\wamp\www\project\aoshi\Application\Runtime\Cache\Admin\cd6ec44a11afa77a5f0a1c8ebcee6c3b.php 第 252 行.
NOTIC: [8] Use of undefined constant state - assumed 'state' D:\wamp\www\project\aoshi\Application\Runtime\Cache\Admin\cd6ec44a11afa77a5f0a1c8ebcee6c3b.php 第 306 行.
NOTIC: [8] Undefined variable: resumes_basic D:\wamp\www\project\aoshi\Application\Runtime\Cache\Admin\cd6ec44a11afa77a5f0a1c8ebcee6c3b.php 第 306 行.
INFO: Run Behavior\ParseTemplateBehavior [ RunTime:0.057023s ]
INFO: [ view_parse ] --END-- [ RunTime:0.057476s ]
INFO: [ view_filter ] --START--
INFO: Run Behavior\WriteHtmlCacheBehavior [ RunTime:0.001305s ]
INFO: [ view_filter ] --END-- [ RunTime:0.001671s ]
INFO: [ app_end ] --START--
INFO: Run Behavior\ShowPageTraceBehavior [ RunTime:0.002155s ]
INFO: [ app_end ] --END-- [ RunTime:0.002722s ]

[ 2017-01-04T15:37:47+08:00 ] ::1 /project/aoshi/index.php/Admin/Rsum/ajaxGet?type=jobexp
INFO: [ app_init ] --START--
INFO: Run Behavior\BuildLiteBehavior [ RunTime:0.000108s ]
INFO: [ app_init ] --END-- [ RunTime:0.001633s ]
INFO: [ app_begin ] --START--
INFO: Run Behavior\ReadHtmlCacheBehavior [ RunTime:0.002533s ]
INFO: [ app_begin ] --END-- [ RunTime:0.003040s ]
ERR: 1146:Table 'yuanku_job.resumes_jobexp' doesn't exist
 [ SQL语句 ] : SHOW COLUMNS FROM `resumes_jobexp`
ERR: 1146:Table 'yuanku_job.resumes_jobexp' doesn't exist
 [ SQL语句 ] : SHOW COLUMNS FROM `resumes_jobexp`

[ 2017-01-04T15:41:01+08:00 ] ::1 /project/aoshi/index.php/Admin/Rsum
INFO: [ app_init ] --START--
INFO: Run Behavior\BuildLiteBehavior [ RunTime:0.000063s ]
INFO: [ app_init ] --END-- [ RunTime:0.001025s ]
INFO: [ app_begin ] --START--
INFO: Run Behavior\ReadHtmlCacheBehavior [ RunTime:0.002434s ]
INFO: [ app_begin ] --END-- [ RunTime:0.003055s ]
INFO: [ view_parse ] --START--
INFO: [ template_filter ] --START--
INFO: Run Behavior\ContentReplaceBehavior [ RunTime:0.000666s ]
INFO: [ template_filter ] --END-- [ RunTime:0.001291s ]
NOTIC: [8] Undefined variable: resumes_basic D:\wamp\www\project\aoshi\Application\Runtime\Cache\Admin\cd6ec44a11afa77a5f0a1c8ebcee6c3b.php 第 37 行.
NOTIC: [8] Undefined variable: resumes_eduexp D:\wamp\www\project\aoshi\Application\Runtime\Cache\Admin\cd6ec44a11afa77a5f0a1c8ebcee6c3b.php 第 170 行.
NOTIC: [8] Use of undefined constant des - assumed 'des' D:\wamp\www\project\aoshi\Application\Runtime\Cache\Admin\cd6ec44a11afa77a5f0a1c8ebcee6c3b.php 第 235 行.
NOTIC: [8] Undefined variable: resumes_basic D:\wamp\www\project\aoshi\Application\Runtime\Cache\Admin\cd6ec44a11afa77a5f0a1c8ebcee6c3b.php 第 235 行.
NOTIC: [8] Undefined variable: resumes_career D:\wamp\www\project\aoshi\Application\Runtime\Cache\Admin\cd6ec44a11afa77a5f0a1c8ebcee6c3b.php 第 252 行.
NOTIC: [8] Use of undefined constant state - assumed 'state' D:\wamp\www\project\aoshi\Application\Runtime\Cache\Admin\cd6ec44a11afa77a5f0a1c8ebcee6c3b.php 第 306 行.
NOTIC: [8] Undefined variable: resumes_basic D:\wamp\www\project\aoshi\Application\Runtime\Cache\Admin\cd6ec44a11afa77a5f0a1c8ebcee6c3b.php 第 306 行.
INFO: Run Behavior\ParseTemplateBehavior [ RunTime:0.048887s ]
INFO: [ view_parse ] --END-- [ RunTime:0.049489s ]
INFO: [ view_filter ] --START--
INFO: Run Behavior\WriteHtmlCacheBehavior [ RunTime:0.001744s ]
INFO: [ view_filter ] --END-- [ RunTime:0.002312s ]
INFO: [ app_end ] --START--
INFO: Run Behavior\ShowPageTraceBehavior [ RunTime:0.002538s ]
INFO: [ app_end ] --END-- [ RunTime:0.003158s ]

[ 2017-01-04T15:41:02+08:00 ] ::1 /project/aoshi/index.php/Admin/Rsum/ajaxGet?type=jobexp
INFO: [ app_init ] --START--
INFO: Run Behavior\BuildLiteBehavior [ RunTime:0.000117s ]
INFO: [ app_init ] --END-- [ RunTime:0.001667s ]
INFO: [ app_begin ] --START--
INFO: Run Behavior\ReadHtmlCacheBehavior [ RunTime:0.002409s ]
INFO: [ app_begin ] --END-- [ RunTime:0.002889s ]
ERR: 1146:Table 'yuanku_job.resumes_jobexp' doesn't exist
 [ SQL语句 ] : SHOW COLUMNS FROM `resumes_jobexp`
ERR: 1146:Table 'yuanku_job.resumes_jobexp' doesn't exist
 [ SQL语句 ] : SHOW COLUMNS FROM `resumes_jobexp`

[ 2017-01-04T15:44:20+08:00 ] ::1 /project/aoshi/index.php/Admin/Rsum
INFO: [ app_init ] --START--
INFO: Run Behavior\BuildLiteBehavior [ RunTime:0.000116s ]
INFO: [ app_init ] --END-- [ RunTime:0.001713s ]
INFO: [ app_begin ] --START--
INFO: Run Behavior\ReadHtmlCacheBehavior [ RunTime:0.002467s ]
INFO: [ app_begin ] --END-- [ RunTime:0.003245s ]
INFO: [ view_parse ] --START--
INFO: [ template_filter ] --START--
INFO: Run Behavior\ContentReplaceBehavior [ RunTime:0.000378s ]
INFO: [ template_filter ] --END-- [ RunTime:0.000695s ]
NOTIC: [8] Undefined variable: resumes_basic D:\wamp\www\project\aoshi\Application\Runtime\Cache\Admin\cd6ec44a11afa77a5f0a1c8ebcee6c3b.php 第 37 行.
NOTIC: [8] Undefined variable: resumes_eduexp D:\wamp\www\project\aoshi\Application\Runtime\Cache\Admin\cd6ec44a11afa77a5f0a1c8ebcee6c3b.php 第 170 行.
NOTIC: [8] Use of undefined constant des - assumed 'des' D:\wamp\www\project\aoshi\Application\Runtime\Cache\Admin\cd6ec44a11afa77a5f0a1c8ebcee6c3b.php 第 235 行.
NOTIC: [8] Undefined variable: resumes_basic D:\wamp\www\project\aoshi\Application\Runtime\Cache\Admin\cd6ec44a11afa77a5f0a1c8ebcee6c3b.php 第 235 行.
NOTIC: [8] Undefined variable: resumes_career D:\wamp\www\project\aoshi\Application\Runtime\Cache\Admin\cd6ec44a11afa77a5f0a1c8ebcee6c3b.php 第 252 行.
NOTIC: [8] Use of undefined constant state - assumed 'state' D:\wamp\www\project\aoshi\Application\Runtime\Cache\Admin\cd6ec44a11afa77a5f0a1c8ebcee6c3b.php 第 306 行.
NOTIC: [8] Undefined variable: resumes_basic D:\wamp\www\project\aoshi\Application\Runtime\Cache\Admin\cd6ec44a11afa77a5f0a1c8ebcee6c3b.php 第 306 行.
INFO: Run Behavior\ParseTemplateBehavior [ RunTime:0.055116s ]
INFO: [ view_parse ] --END-- [ RunTime:0.055696s ]
INFO: [ view_filter ] --START--
INFO: Run Behavior\WriteHtmlCacheBehavior [ RunTime:0.001752s ]
INFO: [ view_filter ] --END-- [ RunTime:0.002304s ]
INFO: [ app_end ] --START--
INFO: Run Behavior\ShowPageTraceBehavior [ RunTime:0.002394s ]
INFO: [ app_end ] --END-- [ RunTime:0.003065s ]

[ 2017-01-04T15:44:22+08:00 ] ::1 /project/aoshi/index.php/Admin/Rsum/ajaxGet?type=jobexp
INFO: [ app_init ] --START--
INFO: Run Behavior\BuildLiteBehavior [ RunTime:0.000066s ]
INFO: [ app_init ] --END-- [ RunTime:0.001024s ]
INFO: [ app_begin ] --START--
INFO: Run Behavior\ReadHtmlCacheBehavior [ RunTime:0.002539s ]
INFO: [ app_begin ] --END-- [ RunTime:0.003035s ]
ERR: 1146:Table 'yuanku_job.resumes_jobexp' doesn't exist
 [ SQL语句 ] : SHOW COLUMNS FROM `resumes_jobexp`
ERR: 1146:Table 'yuanku_job.resumes_jobexp' doesn't exist
 [ SQL语句 ] : SHOW COLUMNS FROM `resumes_jobexp`

[ 2017-01-04T15:44:22+08:00 ] ::1 /project/aoshi/index.php/Admin/Rsum/ajaxGet?type=eduexp
INFO: [ app_init ] --START--
INFO: Run Behavior\BuildLiteBehavior [ RunTime:0.000121s ]
INFO: [ app_init ] --END-- [ RunTime:0.003002s ]
INFO: [ app_begin ] --START--
INFO: Run Behavior\ReadHtmlCacheBehavior [ RunTime:0.002994s ]
INFO: [ app_begin ] --END-- [ RunTime:0.003508s ]
ERR: 1146:Table 'yuanku_job.resumes_eduexp' doesn't exist
 [ SQL语句 ] : SHOW COLUMNS FROM `resumes_eduexp`
ERR: 1146:Table 'yuanku_job.resumes_eduexp' doesn't exist
 [ SQL语句 ] : SHOW COLUMNS FROM `resumes_eduexp`

[ 2017-01-04T15:46:56+08:00 ] ::1 /project/aoshi/index.php/Admin/Rsum/update?index=jobexp&
INFO: [ app_init ] --START--
INFO: Run Behavior\BuildLiteBehavior [ RunTime:0.000064s ]
INFO: [ app_init ] --END-- [ RunTime:0.001021s ]
INFO: [ app_begin ] --START--
INFO: Run Behavior\ReadHtmlCacheBehavior [ RunTime:0.001682s ]
INFO: [ app_begin ] --END-- [ RunTime:0.002050s ]
ERR: 1146:Table 'yuanku_job.resumes_jobexp' doesn't exist
 [ SQL语句 ] : SHOW COLUMNS FROM `resumes_jobexp`
ERR: 1146:Table 'yuanku_job.resumes_jobexp' doesn't exist
 [ SQL语句 ] : SHOW COLUMNS FROM `resumes_jobexp`

[ 2017-01-04T15:54:14+08:00 ] ::1 /project/aoshi/index.php/Admin/Rsum
INFO: [ app_init ] --START--
INFO: Run Behavior\BuildLiteBehavior [ RunTime:0.000121s ]
INFO: [ app_init ] --END-- [ RunTime:0.001745s ]
INFO: [ app_begin ] --START--
INFO: Run Behavior\ReadHtmlCacheBehavior [ RunTime:0.002500s ]
INFO: [ app_begin ] --END-- [ RunTime:0.003223s ]
INFO: [ view_parse ] --START--
INFO: [ template_filter ] --START--
INFO: Run Behavior\ContentReplaceBehavior [ RunTime:0.000381s ]
INFO: [ template_filter ] --END-- [ RunTime:0.000702s ]
NOTIC: [8] Undefined variable: resumes_basic D:\wamp\www\project\aoshi\Application\Runtime\Cache\Admin\cd6ec44a11afa77a5f0a1c8ebcee6c3b.php 第 37 行.
NOTIC: [8] Undefined variable: resumes_eduexp D:\wamp\www\project\aoshi\Application\Runtime\Cache\Admin\cd6ec44a11afa77a5f0a1c8ebcee6c3b.php 第 170 行.
NOTIC: [8] Use of undefined constant des - assumed 'des' D:\wamp\www\project\aoshi\Application\Runtime\Cache\Admin\cd6ec44a11afa77a5f0a1c8ebcee6c3b.php 第 235 行.
NOTIC: [8] Undefined variable: resumes_basic D:\wamp\www\project\aoshi\Application\Runtime\Cache\Admin\cd6ec44a11afa77a5f0a1c8ebcee6c3b.php 第 235 行.
NOTIC: [8] Undefined variable: resumes_career D:\wamp\www\project\aoshi\Application\Runtime\Cache\Admin\cd6ec44a11afa77a5f0a1c8ebcee6c3b.php 第 252 行.
NOTIC: [8] Use of undefined constant state - assumed 'state' D:\wamp\www\project\aoshi\Application\Runtime\Cache\Admin\cd6ec44a11afa77a5f0a1c8ebcee6c3b.php 第 306 行.
NOTIC: [8] Undefined variable: resumes_basic D:\wamp\www\project\aoshi\Application\Runtime\Cache\Admin\cd6ec44a11afa77a5f0a1c8ebcee6c3b.php 第 306 行.
INFO: Run Behavior\ParseTemplateBehavior [ RunTime:0.055917s ]
INFO: [ view_parse ] --END-- [ RunTime:0.056515s ]
INFO: [ view_filter ] --START--
INFO: Run Behavior\WriteHtmlCacheBehavior [ RunTime:0.001903s ]
INFO: [ view_filter ] --END-- [ RunTime:0.002664s ]
INFO: [ app_end ] --START--
INFO: Run Behavior\ShowPageTraceBehavior [ RunTime:0.002532s ]
INFO: [ app_end ] --END-- [ RunTime:0.003120s ]

[ 2017-01-04T15:54:15+08:00 ] ::1 /project/aoshi/index.php/Admin/Rsum/ajaxGet?type=eduexp
INFO: [ app_init ] --START--
INFO: Run Behavior\BuildLiteBehavior [ RunTime:0.000135s ]
INFO: [ app_init ] --END-- [ RunTime:0.001876s ]
INFO: [ app_begin ] --START--
INFO: Run Behavior\ReadHtmlCacheBehavior [ RunTime:0.002448s ]
INFO: [ app_begin ] --END-- [ RunTime:0.002949s ]
ERR: 1146:Table 'yuanku_job.resumes_eduexp' doesn't exist
 [ SQL语句 ] : SHOW COLUMNS FROM `resumes_eduexp`
ERR: 1146:Table 'yuanku_job.resumes_eduexp' doesn't exist
 [ SQL语句 ] : SHOW COLUMNS FROM `resumes_eduexp`

[ 2017-01-04T15:56:23+08:00 ] ::1 /project/aoshi/index.php/Admin/Rsum
INFO: [ app_init ] --START--
INFO: Run Behavior\BuildLiteBehavior [ RunTime:0.000067s ]
INFO: [ app_init ] --END-- [ RunTime:0.001316s ]
INFO: [ app_begin ] --START--
INFO: Run Behavior\ReadHtmlCacheBehavior [ RunTime:0.002454s ]
INFO: [ app_begin ] --END-- [ RunTime:0.003159s ]
INFO: [ view_parse ] --START--
INFO: [ template_filter ] --START--
INFO: Run Behavior\ContentReplaceBehavior [ RunTime:0.000560s ]
INFO: [ template_filter ] --END-- [ RunTime:0.001124s ]
NOTIC: [8] Undefined variable: resumes_basic D:\wamp\www\project\aoshi\Application\Runtime\Cache\Admin\cd6ec44a11afa77a5f0a1c8ebcee6c3b.php 第 37 行.
NOTIC: [8] Undefined variable: resumes_eduexp D:\wamp\www\project\aoshi\Application\Runtime\Cache\Admin\cd6ec44a11afa77a5f0a1c8ebcee6c3b.php 第 170 行.
NOTIC: [8] Use of undefined constant des - assumed 'des' D:\wamp\www\project\aoshi\Application\Runtime\Cache\Admin\cd6ec44a11afa77a5f0a1c8ebcee6c3b.php 第 235 行.
NOTIC: [8] Undefined variable: resumes_basic D:\wamp\www\project\aoshi\Application\Runtime\Cache\Admin\cd6ec44a11afa77a5f0a1c8ebcee6c3b.php 第 235 行.
NOTIC: [8] Undefined variable: resumes_career D:\wamp\www\project\aoshi\Application\Runtime\Cache\Admin\cd6ec44a11afa77a5f0a1c8ebcee6c3b.php 第 252 行.
NOTIC: [8] Use of undefined constant state - assumed 'state' D:\wamp\www\project\aoshi\Application\Runtime\Cache\Admin\cd6ec44a11afa77a5f0a1c8ebcee6c3b.php 第 306 行.
NOTIC: [8] Undefined variable: resumes_basic D:\wamp\www\project\aoshi\Application\Runtime\Cache\Admin\cd6ec44a11afa77a5f0a1c8ebcee6c3b.php 第 306 行.
INFO: Run Behavior\ParseTemplateBehavior [ RunTime:0.052508s ]
INFO: [ view_parse ] --END-- [ RunTime:0.053056s ]
INFO: [ view_filter ] --START--
INFO: Run Behavior\WriteHtmlCacheBehavior [ RunTime:0.001622s ]
INFO: [ view_filter ] --END-- [ RunTime:0.002070s ]
INFO: [ app_end ] --START--
INFO: Run Behavior\ShowPageTraceBehavior [ RunTime:0.002205s ]
INFO: [ app_end ] --END-- [ RunTime:0.002800s ]

[ 2017-01-04T15:56:25+08:00 ] ::1 /project/aoshi/index.php/Admin/Rsum/ajaxGet?type=jobexp
INFO: [ app_init ] --START--
INFO: Run Behavior\BuildLiteBehavior [ RunTime:0.000065s ]
INFO: [ app_init ] --END-- [ RunTime:0.001083s ]
INFO: [ app_begin ] --START--
INFO: Run Behavior\ReadHtmlCacheBehavior [ RunTime:0.002634s ]
INFO: [ app_begin ] --END-- [ RunTime:0.003167s ]
ERR: 1146:Table 'yuanku_job.resumes_jobexp' doesn't exist
 [ SQL语句 ] : SHOW COLUMNS FROM `resumes_jobexp`
ERR: 1146:Table 'yuanku_job.resumes_jobexp' doesn't exist
 [ SQL语句 ] : SHOW COLUMNS FROM `resumes_jobexp`

[ 2017-01-04T16:00:55+08:00 ] ::1 /project/aoshi/index.php/Admin/Rsum
INFO: [ app_init ] --START--
INFO: Run Behavior\BuildLiteBehavior [ RunTime:0.000147s ]
INFO: [ app_init ] --END-- [ RunTime:0.006293s ]
INFO: [ app_begin ] --START--
INFO: Run Behavior\ReadHtmlCacheBehavior [ RunTime:0.002488s ]
INFO: [ app_begin ] --END-- [ RunTime:0.003050s ]
INFO: [ view_parse ] --START--
INFO: [ template_filter ] --START--
INFO: Run Behavior\ContentReplaceBehavior [ RunTime:0.000549s ]
INFO: [ template_filter ] --END-- [ RunTime:0.001127s ]
NOTIC: [8] Undefined variable: resumes_basic D:\wamp\www\project\aoshi\Application\Runtime\Cache\Admin\cd6ec44a11afa77a5f0a1c8ebcee6c3b.php 第 37 行.
NOTIC: [8] Undefined variable: resumes_eduexp D:\wamp\www\project\aoshi\Application\Runtime\Cache\Admin\cd6ec44a11afa77a5f0a1c8ebcee6c3b.php 第 170 行.
NOTIC: [8] Use of undefined constant des - assumed 'des' D:\wamp\www\project\aoshi\Application\Runtime\Cache\Admin\cd6ec44a11afa77a5f0a1c8ebcee6c3b.php 第 235 行.
NOTIC: [8] Undefined variable: resumes_basic D:\wamp\www\project\aoshi\Application\Runtime\Cache\Admin\cd6ec44a11afa77a5f0a1c8ebcee6c3b.php 第 235 行.
NOTIC: [8] Undefined variable: resumes_career D:\wamp\www\project\aoshi\Application\Runtime\Cache\Admin\cd6ec44a11afa77a5f0a1c8ebcee6c3b.php 第 252 行.
NOTIC: [8] Use of undefined constant state - assumed 'state' D:\wamp\www\project\aoshi\Application\Runtime\Cache\Admin\cd6ec44a11afa77a5f0a1c8ebcee6c3b.php 第 306 行.
NOTIC: [8] Undefined variable: resumes_basic D:\wamp\www\project\aoshi\Application\Runtime\Cache\Admin\cd6ec44a11afa77a5f0a1c8ebcee6c3b.php 第 306 行.
INFO: Run Behavior\ParseTemplateBehavior [ RunTime:0.067407s ]
INFO: [ view_parse ] --END-- [ RunTime:0.067907s ]
INFO: [ view_filter ] --START--
INFO: Run Behavior\WriteHtmlCacheBehavior [ RunTime:0.001831s ]
INFO: [ view_filter ] --END-- [ RunTime:0.002420s ]
INFO: [ app_end ] --START--
INFO: Run Behavior\ShowPageTraceBehavior [ RunTime:0.002438s ]
INFO: [ app_end ] --END-- [ RunTime:0.003080s ]

[ 2017-01-04T16:00:56+08:00 ] ::1 /project/aoshi/index.php/Admin/Rsum/ajaxGet?type=jobexp
INFO: [ app_init ] --START--
INFO: Run Behavior\BuildLiteBehavior [ RunTime:0.000122s ]
INFO: [ app_init ] --END-- [ RunTime:0.001709s ]
INFO: [ app_begin ] --START--
INFO: Run Behavior\ReadHtmlCacheBehavior [ RunTime:0.002383s ]
INFO: [ app_begin ] --END-- [ RunTime:0.003076s ]
ERR: 1146:Table 'yuanku_job.resumes_jobexp' doesn't exist
 [ SQL语句 ] : SHOW COLUMNS FROM `resumes_jobexp`
ERR: 1146:Table 'yuanku_job.resumes_jobexp' doesn't exist
 [ SQL语句 ] : SHOW COLUMNS FROM `resumes_jobexp`

[ 2017-01-04T16:06:26+08:00 ] ::1 /project/aoshi/index.php/Admin/Rsum
INFO: [ app_init ] --START--
INFO: Run Behavior\BuildLiteBehavior [ RunTime:0.000066s ]
INFO: [ app_init ] --END-- [ RunTime:0.001134s ]
INFO: [ app_begin ] --START--
INFO: Run Behavior\ReadHtmlCacheBehavior [ RunTime:0.002325s ]
INFO: [ app_begin ] --END-- [ RunTime:0.002921s ]
INFO: [ view_parse ] --START--
INFO: [ template_filter ] --START--
INFO: Run Behavior\ContentReplaceBehavior [ RunTime:0.000378s ]
INFO: [ template_filter ] --END-- [ RunTime:0.000696s ]
NOTIC: [8] Undefined variable: resumes_basic D:\wamp\www\project\aoshi\Application\Runtime\Cache\Admin\cd6ec44a11afa77a5f0a1c8ebcee6c3b.php 第 37 行.
NOTIC: [8] Undefined variable: resumes_eduexp D:\wamp\www\project\aoshi\Application\Runtime\Cache\Admin\cd6ec44a11afa77a5f0a1c8ebcee6c3b.php 第 170 行.
NOTIC: [8] Use of undefined constant des - assumed 'des' D:\wamp\www\project\aoshi\Application\Runtime\Cache\Admin\cd6ec44a11afa77a5f0a1c8ebcee6c3b.php 第 235 行.
NOTIC: [8] Undefined variable: resumes_basic D:\wamp\www\project\aoshi\Application\Runtime\Cache\Admin\cd6ec44a11afa77a5f0a1c8ebcee6c3b.php 第 235 行.
NOTIC: [8] Undefined variable: resumes_career D:\wamp\www\project\aoshi\Application\Runtime\Cache\Admin\cd6ec44a11afa77a5f0a1c8ebcee6c3b.php 第 252 行.
NOTIC: [8] Use of undefined constant state - assumed 'state' D:\wamp\www\project\aoshi\Application\Runtime\Cache\Admin\cd6ec44a11afa77a5f0a1c8ebcee6c3b.php 第 306 行.
NOTIC: [8] Undefined variable: resumes_basic D:\wamp\www\project\aoshi\Application\Runtime\Cache\Admin\cd6ec44a11afa77a5f0a1c8ebcee6c3b.php 第 306 行.
INFO: Run Behavior\ParseTemplateBehavior [ RunTime:0.060010s ]
INFO: [ view_parse ] --END-- [ RunTime:0.060587s ]
INFO: [ view_filter ] --START--
INFO: Run Behavior\WriteHtmlCacheBehavior [ RunTime:0.001828s ]
INFO: [ view_filter ] --END-- [ RunTime:0.002386s ]
INFO: [ app_end ] --START--
INFO: Run Behavior\ShowPageTraceBehavior [ RunTime:0.002594s ]
INFO: [ app_end ] --END-- [ RunTime:0.003224s ]

[ 2017-01-04T16:06:27+08:00 ] ::1 /project/aoshi/index.php/Admin/Rsum/ajaxGet?type=jobexp
INFO: [ app_init ] --START--
INFO: Run Behavior\BuildLiteBehavior [ RunTime:0.000120s ]
INFO: [ app_init ] --END-- [ RunTime:0.002039s ]
INFO: [ app_begin ] --START--
INFO: Run Behavior\ReadHtmlCacheBehavior [ RunTime:0.002634s ]
INFO: [ app_begin ] --END-- [ RunTime:0.003292s ]
ERR: 1146:Table 'yuanku_job.resumes_jobexp' doesn't exist
 [ SQL语句 ] : SHOW COLUMNS FROM `resumes_jobexp`
ERR: 1146:Table 'yuanku_job.resumes_jobexp' doesn't exist
 [ SQL语句 ] : SHOW COLUMNS FROM `resumes_jobexp`

[ 2017-01-04T16:06:27+08:00 ] ::1 /project/aoshi/index.php/Admin/Rsum/ajaxGet?type=eduexp
INFO: [ app_init ] --START--
INFO: Run Behavior\BuildLiteBehavior [ RunTime:0.000118s ]
INFO: [ app_init ] --END-- [ RunTime:0.001777s ]
INFO: [ app_begin ] --START--
INFO: Run Behavior\ReadHtmlCacheBehavior [ RunTime:0.003020s ]
INFO: [ app_begin ] --END-- [ RunTime:0.003735s ]
ERR: 1146:Table 'yuanku_job.resumes_eduexp' doesn't exist
 [ SQL语句 ] : SHOW COLUMNS FROM `resumes_eduexp`
ERR: 1146:Table 'yuanku_job.resumes_eduexp' doesn't exist
 [ SQL语句 ] : SHOW COLUMNS FROM `resumes_eduexp`

[ 2017-01-04T16:08:42+08:00 ] ::1 /project/aoshi/index.php/Admin/Rsum
INFO: [ app_init ] --START--
INFO: Run Behavior\BuildLiteBehavior [ RunTime:0.000109s ]
INFO: [ app_init ] --END-- [ RunTime:0.003362s ]
INFO: [ app_begin ] --START--
INFO: Run Behavior\ReadHtmlCacheBehavior [ RunTime:0.002518s ]
INFO: [ app_begin ] --END-- [ RunTime:0.003134s ]
INFO: [ view_parse ] --START--
INFO: [ template_filter ] --START--
INFO: Run Behavior\ContentReplaceBehavior [ RunTime:0.000565s ]
INFO: [ template_filter ] --END-- [ RunTime:0.001255s ]
NOTIC: [8] Undefined variable: resumes_basic D:\wamp\www\project\aoshi\Application\Runtime\Cache\Admin\cd6ec44a11afa77a5f0a1c8ebcee6c3b.php 第 37 行.
NOTIC: [8] Undefined variable: resumes_eduexp D:\wamp\www\project\aoshi\Application\Runtime\Cache\Admin\cd6ec44a11afa77a5f0a1c8ebcee6c3b.php 第 170 行.
NOTIC: [8] Use of undefined constant des - assumed 'des' D:\wamp\www\project\aoshi\Application\Runtime\Cache\Admin\cd6ec44a11afa77a5f0a1c8ebcee6c3b.php 第 235 行.
NOTIC: [8] Undefined variable: resumes_basic D:\wamp\www\project\aoshi\Application\Runtime\Cache\Admin\cd6ec44a11afa77a5f0a1c8ebcee6c3b.php 第 235 行.
NOTIC: [8] Undefined variable: resumes_career D:\wamp\www\project\aoshi\Application\Runtime\Cache\Admin\cd6ec44a11afa77a5f0a1c8ebcee6c3b.php 第 252 行.
NOTIC: [8] Use of undefined constant state - assumed 'state' D:\wamp\www\project\aoshi\Application\Runtime\Cache\Admin\cd6ec44a11afa77a5f0a1c8ebcee6c3b.php 第 306 行.
NOTIC: [8] Undefined variable: resumes_basic D:\wamp\www\project\aoshi\Application\Runtime\Cache\Admin\cd6ec44a11afa77a5f0a1c8ebcee6c3b.php 第 306 行.
INFO: Run Behavior\ParseTemplateBehavior [ RunTime:0.062578s ]
INFO: [ view_parse ] --END-- [ RunTime:0.063185s ]
INFO: [ view_filter ] --START--
INFO: Run Behavior\WriteHtmlCacheBehavior [ RunTime:0.001547s ]
INFO: [ view_filter ] --END-- [ RunTime:0.002123s ]
INFO: [ app_end ] --START--
INFO: Run Behavior\ShowPageTraceBehavior [ RunTime:0.001837s ]
INFO: [ app_end ] --END-- [ RunTime:0.002398s ]

[ 2017-01-04T16:08:43+08:00 ] ::1 /project/aoshi/index.php/Admin/Rsum/ajaxGet?type=jobexp
INFO: [ app_init ] --START--
INFO: Run Behavior\BuildLiteBehavior [ RunTime:0.000121s ]
INFO: [ app_init ] --END-- [ RunTime:0.001875s ]
INFO: [ app_begin ] --START--
INFO: Run Behavior\ReadHtmlCacheBehavior [ RunTime:0.002183s ]
INFO: [ app_begin ] --END-- [ RunTime:0.002683s ]
ERR: 1146:Table 'yuanku_job.resumes_jobexp' doesn't exist
 [ SQL语句 ] : SHOW COLUMNS FROM `resumes_jobexp`
ERR: 1146:Table 'yuanku_job.resumes_jobexp' doesn't exist
 [ SQL语句 ] : SHOW COLUMNS FROM `resumes_jobexp`

[ 2017-01-04T16:08:43+08:00 ] ::1 /project/aoshi/index.php/Admin/Rsum/ajaxGet?type=eduexp
INFO: [ app_init ] --START--
INFO: Run Behavior\BuildLiteBehavior [ RunTime:0.000119s ]
INFO: [ app_init ] --END-- [ RunTime:0.001946s ]
INFO: [ app_begin ] --START--
INFO: Run Behavior\ReadHtmlCacheBehavior [ RunTime:0.002436s ]
INFO: [ app_begin ] --END-- [ RunTime:0.002928s ]
ERR: 1146:Table 'yuanku_job.resumes_eduexp' doesn't exist
 [ SQL语句 ] : SHOW COLUMNS FROM `resumes_eduexp`
ERR: 1146:Table 'yuanku_job.resumes_eduexp' doesn't exist
 [ SQL语句 ] : SHOW COLUMNS FROM `resumes_eduexp`

[ 2017-01-04T16:20:44+08:00 ] ::1 /project/aoshi/index.php/Admin/Rsum
INFO: [ app_init ] --START--
INFO: Run Behavior\BuildLiteBehavior [ RunTime:0.000069s ]
INFO: [ app_init ] --END-- [ RunTime:0.001805s ]
INFO: [ app_begin ] --START--
INFO: Run Behavior\ReadHtmlCacheBehavior [ RunTime:0.002437s ]
INFO: [ app_begin ] --END-- [ RunTime:0.003064s ]
INFO: [ view_parse ] --START--
INFO: [ template_filter ] --START--
INFO: Run Behavior\ContentReplaceBehavior [ RunTime:0.000621s ]
INFO: [ template_filter ] --END-- [ RunTime:0.001299s ]
NOTIC: [8] Undefined variable: resumes_basic D:\wamp\www\project\aoshi\Application\Runtime\Cache\Admin\cd6ec44a11afa77a5f0a1c8ebcee6c3b.php 第 37 行.
NOTIC: [8] Undefined variable: resumes_eduexp D:\wamp\www\project\aoshi\Application\Runtime\Cache\Admin\cd6ec44a11afa77a5f0a1c8ebcee6c3b.php 第 170 行.
NOTIC: [8] Use of undefined constant des - assumed 'des' D:\wamp\www\project\aoshi\Application\Runtime\Cache\Admin\cd6ec44a11afa77a5f0a1c8ebcee6c3b.php 第 235 行.
NOTIC: [8] Undefined variable: resumes_basic D:\wamp\www\project\aoshi\Application\Runtime\Cache\Admin\cd6ec44a11afa77a5f0a1c8ebcee6c3b.php 第 235 行.
NOTIC: [8] Undefined variable: resumes_career D:\wamp\www\project\aoshi\Application\Runtime\Cache\Admin\cd6ec44a11afa77a5f0a1c8ebcee6c3b.php 第 252 行.
NOTIC: [8] Use of undefined constant state - assumed 'state' D:\wamp\www\project\aoshi\Application\Runtime\Cache\Admin\cd6ec44a11afa77a5f0a1c8ebcee6c3b.php 第 306 行.
NOTIC: [8] Undefined variable: resumes_basic D:\wamp\www\project\aoshi\Application\Runtime\Cache\Admin\cd6ec44a11afa77a5f0a1c8ebcee6c3b.php 第 306 行.
INFO: Run Behavior\ParseTemplateBehavior [ RunTime:0.063100s ]
INFO: [ view_parse ] --END-- [ RunTime:0.063569s ]
INFO: [ view_filter ] --START--
INFO: Run Behavior\WriteHtmlCacheBehavior [ RunTime:0.001165s ]
INFO: [ view_filter ] --END-- [ RunTime:0.001455s ]
INFO: [ app_end ] --START--
INFO: Run Behavior\ShowPageTraceBehavior [ RunTime:0.001898s ]
INFO: [ app_end ] --END-- [ RunTime:0.002333s ]

[ 2017-01-04T16:20:45+08:00 ] ::1 /project/aoshi/index.php/Admin/Rsum/ajaxGet?type=jobexp
INFO: [ app_init ] --START--
INFO: Run Behavior\BuildLiteBehavior [ RunTime:0.000099s ]
INFO: [ app_init ] --END-- [ RunTime:0.001551s ]
INFO: [ app_begin ] --START--
INFO: Run Behavior\ReadHtmlCacheBehavior [ RunTime:0.002418s ]
INFO: [ app_begin ] --END-- [ RunTime:0.002906s ]
ERR: 1146:Table 'yuanku_job.resumes_jobexp' doesn't exist
 [ SQL语句 ] : SHOW COLUMNS FROM `resumes_jobexp`
ERR: 1146:Table 'yuanku_job.resumes_jobexp' doesn't exist
 [ SQL语句 ] : SHOW COLUMNS FROM `resumes_jobexp`

[ 2017-01-04T16:20:45+08:00 ] ::1 /project/aoshi/index.php/Admin/Rsum/ajaxGet?type=userinfo
INFO: [ app_init ] --START--
INFO: Run Behavior\BuildLiteBehavior [ RunTime:0.000121s ]
INFO: [ app_init ] --END-- [ RunTime:0.001936s ]
INFO: [ app_begin ] --START--
INFO: Run Behavior\ReadHtmlCacheBehavior [ RunTime:0.002552s ]
INFO: [ app_begin ] --END-- [ RunTime:0.003087s ]
ERR: 1146:Table 'yuanku_job.resumes_eduexp' doesn't exist
 [ SQL语句 ] : SHOW COLUMNS FROM `resumes_eduexp`
ERR: 1146:Table 'yuanku_job.resumes_eduexp' doesn't exist
 [ SQL语句 ] : SHOW COLUMNS FROM `resumes_eduexp`

[ 2017-01-04T16:20:45+08:00 ] ::1 /project/aoshi/index.php/Admin/Rsum/ajaxGet?type=eduexp
INFO: [ app_init ] --START--
INFO: Run Behavior\BuildLiteBehavior [ RunTime:0.000128s ]
INFO: [ app_init ] --END-- [ RunTime:0.002012s ]
INFO: [ app_begin ] --START--
INFO: Run Behavior\ReadHtmlCacheBehavior [ RunTime:0.002469s ]
INFO: [ app_begin ] --END-- [ RunTime:0.002999s ]
ERR: 1146:Table 'yuanku_job.resumes_eduexp' doesn't exist
 [ SQL语句 ] : SHOW COLUMNS FROM `resumes_eduexp`
ERR: 1146:Table 'yuanku_job.resumes_eduexp' doesn't exist
 [ SQL语句 ] : SHOW COLUMNS FROM `resumes_eduexp`

[ 2017-01-04T16:21:51+08:00 ] ::1 /project/aoshi/index.php/Admin/Rsum
INFO: [ app_init ] --START--
INFO: Run Behavior\BuildLiteBehavior [ RunTime:0.000115s ]
INFO: [ app_init ] --END-- [ RunTime:0.001569s ]
INFO: [ app_begin ] --START--
INFO: Run Behavior\ReadHtmlCacheBehavior [ RunTime:0.001666s ]
INFO: [ app_begin ] --END-- [ RunTime:0.001998s ]
INFO: [ view_parse ] --START--
INFO: [ template_filter ] --START--
INFO: Run Behavior\ContentReplaceBehavior [ RunTime:0.000621s ]
INFO: [ template_filter ] --END-- [ RunTime:0.001328s ]
NOTIC: [8] Undefined variable: resumes_basic D:\wamp\www\project\aoshi\Application\Runtime\Cache\Admin\cd6ec44a11afa77a5f0a1c8ebcee6c3b.php 第 37 行.
NOTIC: [8] Undefined variable: resumes_eduexp D:\wamp\www\project\aoshi\Application\Runtime\Cache\Admin\cd6ec44a11afa77a5f0a1c8ebcee6c3b.php 第 170 行.
NOTIC: [8] Use of undefined constant des - assumed 'des' D:\wamp\www\project\aoshi\Application\Runtime\Cache\Admin\cd6ec44a11afa77a5f0a1c8ebcee6c3b.php 第 235 行.
NOTIC: [8] Undefined variable: resumes_basic D:\wamp\www\project\aoshi\Application\Runtime\Cache\Admin\cd6ec44a11afa77a5f0a1c8ebcee6c3b.php 第 235 行.
NOTIC: [8] Undefined variable: resumes_career D:\wamp\www\project\aoshi\Application\Runtime\Cache\Admin\cd6ec44a11afa77a5f0a1c8ebcee6c3b.php 第 252 行.
NOTIC: [8] Use of undefined constant state - assumed 'state' D:\wamp\www\project\aoshi\Application\Runtime\Cache\Admin\cd6ec44a11afa77a5f0a1c8ebcee6c3b.php 第 306 行.
NOTIC: [8] Undefined variable: resumes_basic D:\wamp\www\project\aoshi\Application\Runtime\Cache\Admin\cd6ec44a11afa77a5f0a1c8ebcee6c3b.php 第 306 行.
INFO: Run Behavior\ParseTemplateBehavior [ RunTime:0.058266s ]
INFO: [ view_parse ] --END-- [ RunTime:0.058863s ]
INFO: [ view_filter ] --START--
INFO: Run Behavior\WriteHtmlCacheBehavior [ RunTime:0.001499s ]
INFO: [ view_filter ] --END-- [ RunTime:0.002025s ]
INFO: [ app_end ] --START--
INFO: Run Behavior\ShowPageTraceBehavior [ RunTime:0.002336s ]
INFO: [ app_end ] --END-- [ RunTime:0.002763s ]

[ 2017-01-04T16:21:52+08:00 ] ::1 /project/aoshi/index.php/Admin/Rsum/ajaxGet?type=jobexp
INFO: [ app_init ] --START--
INFO: Run Behavior\BuildLiteBehavior [ RunTime:0.000132s ]
INFO: [ app_init ] --END-- [ RunTime:0.001712s ]
INFO: [ app_begin ] --START--
INFO: Run Behavior\ReadHtmlCacheBehavior [ RunTime:0.002314s ]
INFO: [ app_begin ] --END-- [ RunTime:0.002796s ]
ERR: 1146:Table 'yuanku_job.resumes_jobexp' doesn't exist
 [ SQL语句 ] : SHOW COLUMNS FROM `resumes_jobexp`
ERR: 1146:Table 'yuanku_job.resumes_jobexp' doesn't exist
 [ SQL语句 ] : SHOW COLUMNS FROM `resumes_jobexp`

[ 2017-01-04T16:21:52+08:00 ] ::1 /project/aoshi/index.php/Admin/Rsum/ajaxGet?type=userinfo
INFO: [ app_init ] --START--
INFO: Run Behavior\BuildLiteBehavior [ RunTime:0.000124s ]
INFO: [ app_init ] --END-- [ RunTime:0.001834s ]
INFO: [ app_begin ] --START--
INFO: Run Behavior\ReadHtmlCacheBehavior [ RunTime:0.002521s ]
INFO: [ app_begin ] --END-- [ RunTime:0.003028s ]
ERR: 1146:Table 'yuanku_job.resumes_eduexp' doesn't exist
 [ SQL语句 ] : SHOW COLUMNS FROM `resumes_eduexp`
ERR: 1146:Table 'yuanku_job.resumes_eduexp' doesn't exist
 [ SQL语句 ] : SHOW COLUMNS FROM `resumes_eduexp`

[ 2017-01-04T16:21:52+08:00 ] ::1 /project/aoshi/index.php/Admin/Rsum/ajaxGet?type=eduexp
INFO: [ app_init ] --START--
INFO: Run Behavior\BuildLiteBehavior [ RunTime:0.000129s ]
INFO: [ app_init ] --END-- [ RunTime:0.001947s ]
INFO: [ app_begin ] --START--
INFO: Run Behavior\ReadHtmlCacheBehavior [ RunTime:0.002877s ]
INFO: [ app_begin ] --END-- [ RunTime:0.003383s ]
ERR: 1146:Table 'yuanku_job.resumes_eduexp' doesn't exist
 [ SQL语句 ] : SHOW COLUMNS FROM `resumes_eduexp`
ERR: 1146:Table 'yuanku_job.resumes_eduexp' doesn't exist
 [ SQL语句 ] : SHOW COLUMNS FROM `resumes_eduexp`

[ 2017-01-04T16:38:07+08:00 ] ::1 /project/aoshi/index.php/Admin/Rsum
INFO: [ app_init ] --START--
INFO: Run Behavior\BuildLiteBehavior [ RunTime:0.000129s ]
INFO: [ app_init ] --END-- [ RunTime:0.001988s ]
INFO: [ app_begin ] --START--
INFO: Run Behavior\ReadHtmlCacheBehavior [ RunTime:0.002475s ]
INFO: [ app_begin ] --END-- [ RunTime:0.003098s ]
INFO: [ view_parse ] --START--
INFO: [ template_filter ] --START--
INFO: Run Behavior\ContentReplaceBehavior [ RunTime:0.000623s ]
INFO: [ template_filter ] --END-- [ RunTime:0.001249s ]
NOTIC: [8] Undefined variable: resumes_basic D:\wamp\www\project\aoshi\Application\Runtime\Cache\Admin\cd6ec44a11afa77a5f0a1c8ebcee6c3b.php 第 37 行.
NOTIC: [8] Undefined variable: resumes_eduexp D:\wamp\www\project\aoshi\Application\Runtime\Cache\Admin\cd6ec44a11afa77a5f0a1c8ebcee6c3b.php 第 172 行.
NOTIC: [8] Use of undefined constant des - assumed 'des' D:\wamp\www\project\aoshi\Application\Runtime\Cache\Admin\cd6ec44a11afa77a5f0a1c8ebcee6c3b.php 第 237 行.
NOTIC: [8] Undefined variable: resumes_basic D:\wamp\www\project\aoshi\Application\Runtime\Cache\Admin\cd6ec44a11afa77a5f0a1c8ebcee6c3b.php 第 237 行.
NOTIC: [8] Undefined variable: resumes_career D:\wamp\www\project\aoshi\Application\Runtime\Cache\Admin\cd6ec44a11afa77a5f0a1c8ebcee6c3b.php 第 254 行.
NOTIC: [8] Use of undefined constant state - assumed 'state' D:\wamp\www\project\aoshi\Application\Runtime\Cache\Admin\cd6ec44a11afa77a5f0a1c8ebcee6c3b.php 第 308 行.
NOTIC: [8] Undefined variable: resumes_basic D:\wamp\www\project\aoshi\Application\Runtime\Cache\Admin\cd6ec44a11afa77a5f0a1c8ebcee6c3b.php 第 308 行.
INFO: Run Behavior\ParseTemplateBehavior [ RunTime:0.050138s ]
INFO: [ view_parse ] --END-- [ RunTime:0.050736s ]
INFO: [ view_filter ] --START--
INFO: Run Behavior\WriteHtmlCacheBehavior [ RunTime:0.001741s ]
INFO: [ view_filter ] --END-- [ RunTime:0.002350s ]
INFO: [ app_end ] --START--
INFO: Run Behavior\ShowPageTraceBehavior [ RunTime:0.002582s ]
INFO: [ app_end ] --END-- [ RunTime:0.003166s ]

[ 2017-01-04T16:38:08+08:00 ] ::1 /project/aoshi/index.php/Admin/Rsum/ajaxGet?type=userinfo
INFO: [ app_init ] --START--
INFO: Run Behavior\BuildLiteBehavior [ RunTime:0.000126s ]
INFO: [ app_init ] --END-- [ RunTime:0.001713s ]
INFO: [ app_begin ] --START--
INFO: Run Behavior\ReadHtmlCacheBehavior [ RunTime:0.002393s ]
INFO: [ app_begin ] --END-- [ RunTime:0.002881s ]
ERR: 1146:Table 'yuanku_job.resumes_eduexp' doesn't exist
 [ SQL语句 ] : SHOW COLUMNS FROM `resumes_eduexp`
ERR: 1146:Table 'yuanku_job.resumes_eduexp' doesn't exist
 [ SQL语句 ] : SHOW COLUMNS FROM `resumes_eduexp`

[ 2017-01-04T16:38:08+08:00 ] ::1 /project/aoshi/index.php/Admin/Rsum/ajaxGet?type=jobexp
INFO: [ app_init ] --START--
INFO: Run Behavior\BuildLiteBehavior [ RunTime:0.000124s ]
INFO: [ app_init ] --END-- [ RunTime:0.001731s ]
INFO: [ app_begin ] --START--
INFO: Run Behavior\ReadHtmlCacheBehavior [ RunTime:0.002275s ]
INFO: [ app_begin ] --END-- [ RunTime:0.002787s ]
ERR: 1146:Table 'yuanku_job.resumes_jobexp' doesn't exist
 [ SQL语句 ] : SHOW COLUMNS FROM `resumes_jobexp`
ERR: 1146:Table 'yuanku_job.resumes_jobexp' doesn't exist
 [ SQL语句 ] : SHOW COLUMNS FROM `resumes_jobexp`

[ 2017-01-04T16:38:08+08:00 ] ::1 /project/aoshi/index.php/Admin/Rsum/ajaxGet?type=eduexp
INFO: [ app_init ] --START--
INFO: Run Behavior\BuildLiteBehavior [ RunTime:0.000674s ]
INFO: [ app_init ] --END-- [ RunTime:0.023840s ]
INFO: [ app_begin ] --START--
INFO: Run Behavior\ReadHtmlCacheBehavior [ RunTime:0.002316s ]
INFO: [ app_begin ] --END-- [ RunTime:0.002811s ]
ERR: 1146:Table 'yuanku_job.resumes_eduexp' doesn't exist
 [ SQL语句 ] : SHOW COLUMNS FROM `resumes_eduexp`
ERR: 1146:Table 'yuanku_job.resumes_eduexp' doesn't exist
 [ SQL语句 ] : SHOW COLUMNS FROM `resumes_eduexp`

[ 2017-01-04T16:38:08+08:00 ] ::1 /project/aoshi/index.php/Admin/Rsum/ajaxGet?type=selfdes
INFO: [ app_init ] --START--
INFO: Run Behavior\BuildLiteBehavior [ RunTime:0.000120s ]
INFO: [ app_init ] --END-- [ RunTime:0.001720s ]
INFO: [ app_begin ] --START--
INFO: Run Behavior\ReadHtmlCacheBehavior [ RunTime:0.002283s ]
INFO: [ app_begin ] --END-- [ RunTime:0.002785s ]
ERR: 1146:Table 'yuanku_job.resumes_eduexp' doesn't exist
 [ SQL语句 ] : SHOW COLUMNS FROM `resumes_eduexp`
ERR: 1146:Table 'yuanku_job.resumes_eduexp' doesn't exist
 [ SQL语句 ] : SHOW COLUMNS FROM `resumes_eduexp`

[ 2017-01-04T16:38:56+08:00 ] ::1 /project/aoshi/index.php/Admin/Rsum
INFO: [ app_init ] --START--
INFO: Run Behavior\BuildLiteBehavior [ RunTime:0.000133s ]
INFO: [ app_init ] --END-- [ RunTime:0.002390s ]
INFO: [ app_begin ] --START--
INFO: Run Behavior\ReadHtmlCacheBehavior [ RunTime:0.002549s ]
INFO: [ app_begin ] --END-- [ RunTime:0.003204s ]
INFO: [ view_parse ] --START--
INFO: [ template_filter ] --START--
INFO: Run Behavior\ContentReplaceBehavior [ RunTime:0.000616s ]
INFO: [ template_filter ] --END-- [ RunTime:0.001237s ]
NOTIC: [8] Undefined variable: resumes_basic D:\wamp\www\project\aoshi\Application\Runtime\Cache\Admin\cd6ec44a11afa77a5f0a1c8ebcee6c3b.php 第 37 行.
NOTIC: [8] Undefined variable: resumes_eduexp D:\wamp\www\project\aoshi\Application\Runtime\Cache\Admin\cd6ec44a11afa77a5f0a1c8ebcee6c3b.php 第 172 行.
NOTIC: [8] Use of undefined constant des - assumed 'des' D:\wamp\www\project\aoshi\Application\Runtime\Cache\Admin\cd6ec44a11afa77a5f0a1c8ebcee6c3b.php 第 237 行.
NOTIC: [8] Undefined variable: resumes_basic D:\wamp\www\project\aoshi\Application\Runtime\Cache\Admin\cd6ec44a11afa77a5f0a1c8ebcee6c3b.php 第 237 行.
NOTIC: [8] Undefined variable: resumes_career D:\wamp\www\project\aoshi\Application\Runtime\Cache\Admin\cd6ec44a11afa77a5f0a1c8ebcee6c3b.php 第 254 行.
NOTIC: [8] Use of undefined constant state - assumed 'state' D:\wamp\www\project\aoshi\Application\Runtime\Cache\Admin\cd6ec44a11afa77a5f0a1c8ebcee6c3b.php 第 308 行.
NOTIC: [8] Undefined variable: resumes_basic D:\wamp\www\project\aoshi\Application\Runtime\Cache\Admin\cd6ec44a11afa77a5f0a1c8ebcee6c3b.php 第 308 行.
INFO: Run Behavior\ParseTemplateBehavior [ RunTime:0.049701s ]
INFO: [ view_parse ] --END-- [ RunTime:0.050157s ]
INFO: [ view_filter ] --START--
INFO: Run Behavior\WriteHtmlCacheBehavior [ RunTime:0.001870s ]
INFO: [ view_filter ] --END-- [ RunTime:0.002447s ]
INFO: [ app_end ] --START--
INFO: Run Behavior\ShowPageTraceBehavior [ RunTime:0.002509s ]
INFO: [ app_end ] --END-- [ RunTime:0.003107s ]

[ 2017-01-04T16:38:57+08:00 ] ::1 /project/aoshi/index.php/Admin/Rsum/ajaxGet?type=jobexp
INFO: [ app_init ] --START--
INFO: Run Behavior\BuildLiteBehavior [ RunTime:0.000127s ]
INFO: [ app_init ] --END-- [ RunTime:0.002023s ]
INFO: [ app_begin ] --START--
INFO: Run Behavior\ReadHtmlCacheBehavior [ RunTime:0.003505s ]
INFO: [ app_begin ] --END-- [ RunTime:0.004076s ]
ERR: 1146:Table 'yuanku_job.resumes_jobexp' doesn't exist
 [ SQL语句 ] : SHOW COLUMNS FROM `resumes_jobexp`
ERR: 1146:Table 'yuanku_job.resumes_jobexp' doesn't exist
 [ SQL语句 ] : SHOW COLUMNS FROM `resumes_jobexp`

[ 2017-01-04T16:38:57+08:00 ] ::1 /project/aoshi/index.php/Admin/Rsum/ajaxGet?type=userinfo
INFO: [ app_init ] --START--
INFO: Run Behavior\BuildLiteBehavior [ RunTime:0.000122s ]
INFO: [ app_init ] --END-- [ RunTime:0.001626s ]
INFO: [ app_begin ] --START--
INFO: Run Behavior\ReadHtmlCacheBehavior [ RunTime:0.002588s ]
INFO: [ app_begin ] --END-- [ RunTime:0.003094s ]
ERR: 1146:Table 'yuanku_job.resumes_eduexp' doesn't exist
 [ SQL语句 ] : SHOW COLUMNS FROM `resumes_eduexp`
ERR: 1146:Table 'yuanku_job.resumes_eduexp' doesn't exist
 [ SQL语句 ] : SHOW COLUMNS FROM `resumes_eduexp`

[ 2017-01-04T16:38:57+08:00 ] ::1 /project/aoshi/index.php/Admin/Rsum/ajaxGet?type=selfdes
INFO: [ app_init ] --START--
INFO: Run Behavior\BuildLiteBehavior [ RunTime:0.000140s ]
INFO: [ app_init ] --END-- [ RunTime:0.001862s ]
INFO: [ app_begin ] --START--
INFO: Run Behavior\ReadHtmlCacheBehavior [ RunTime:0.002579s ]
INFO: [ app_begin ] --END-- [ RunTime:0.003115s ]
ERR: 1146:Table 'yuanku_job.resumes_eduexp' doesn't exist
 [ SQL语句 ] : SHOW COLUMNS FROM `resumes_eduexp`
ERR: 1146:Table 'yuanku_job.resumes_eduexp' doesn't exist
 [ SQL语句 ] : SHOW COLUMNS FROM `resumes_eduexp`

[ 2017-01-04T16:38:57+08:00 ] ::1 /project/aoshi/index.php/Admin/Rsum/ajaxGet?type=eduexp
INFO: [ app_init ] --START--
INFO: Run Behavior\BuildLiteBehavior [ RunTime:0.000117s ]
INFO: [ app_init ] --END-- [ RunTime:0.002038s ]
INFO: [ app_begin ] --START--
INFO: Run Behavior\ReadHtmlCacheBehavior [ RunTime:0.002764s ]
INFO: [ app_begin ] --END-- [ RunTime:0.003282s ]
ERR: 1146:Table 'yuanku_job.resumes_eduexp' doesn't exist
 [ SQL语句 ] : SHOW COLUMNS FROM `resumes_eduexp`
ERR: 1146:Table 'yuanku_job.resumes_eduexp' doesn't exist
 [ SQL语句 ] : SHOW COLUMNS FROM `resumes_eduexp`

